<?xml version="1.0" encoding="UTF-8"?>
<!-- Generated by org.testng.reporters.JUnitReportReporter -->
<testsuite hostname="myntra-MacBookPro" name="com.myntra.apiTests.portalservices.atsService.TestATSAPISV2" tests="63" failures="0" timestamp="17 May 2018 10:33:29 GMT" time="18.604" errors="0">
  <testcase name="testSetandGetATSUserDetailsVerification" time="0.332" classname="com.myntra.apiTests.portalservices.atsService.TestATSAPISV2"/>
  <testcase name="testSetandGetATSUserDetailsVerification" time="0.205" classname="com.myntra.apiTests.portalservices.atsService.TestATSAPISV2"/>
  <testcase name="testSetandGetATSUserDetailsVerification" time="0.259" classname="com.myntra.apiTests.portalservices.atsService.TestATSAPISV2"/>
  <testcase name="testSetandGetATSUserDetailsVerification" time="0.262" classname="com.myntra.apiTests.portalservices.atsService.TestATSAPISV2"/>
  <testcase name="testSetandGetATSUserDetailsVerification" time="1.317" classname="com.myntra.apiTests.portalservices.atsService.TestATSAPISV2"/>
  <testcase name="testSetandGetATSUserDetailsVerification" time="0.380" classname="com.myntra.apiTests.portalservices.atsService.TestATSAPISV2"/>
  <testcase name="testSetandGetATSUserDetailsVerification" time="0.264" classname="com.myntra.apiTests.portalservices.atsService.TestATSAPISV2"/>
  <testcase name="testSetandGetATSUserDetailsVerification" time="0.212" classname="com.myntra.apiTests.portalservices.atsService.TestATSAPISV2"/>
  <testcase name="testSetandGetATSUserDetailsVerification" time="0.281" classname="com.myntra.apiTests.portalservices.atsService.TestATSAPISV2"/>
  <testcase name="testSetandGetATSUserDetailsVerification" time="0.294" classname="com.myntra.apiTests.portalservices.atsService.TestATSAPISV2"/>
  <testcase name="testSetandGetATSUserDetailsVerification" time="0.234" classname="com.myntra.apiTests.portalservices.atsService.TestATSAPISV2"/>
  <testcase name="testSetandGetATSUserDetailsVerification" time="0.292" classname="com.myntra.apiTests.portalservices.atsService.TestATSAPISV2"/>
  <testcase name="testSetandGetATSUserDetailsVerification" time="0.228" classname="com.myntra.apiTests.portalservices.atsService.TestATSAPISV2"/>
  <testcase name="testSetandGetATSUserDetailsVerification" time="0.248" classname="com.myntra.apiTests.portalservices.atsService.TestATSAPISV2"/>
  <testcase name="testSetandGetATSUserDetailsVerification" time="0.253" classname="com.myntra.apiTests.portalservices.atsService.TestATSAPISV2"/>
  <testcase name="testSetandGetATSUserDetailsVerification" time="0.225" classname="com.myntra.apiTests.portalservices.atsService.TestATSAPISV2"/>
  <testcase name="testSetandGetATSUserDetailsVerification" time="0.262" classname="com.myntra.apiTests.portalservices.atsService.TestATSAPISV2"/>
  <testcase name="testSetandGetATSUserDetailsVerification" time="0.232" classname="com.myntra.apiTests.portalservices.atsService.TestATSAPISV2"/>
  <testcase name="testSetandGetATSUserDetailsVerification" time="0.256" classname="com.myntra.apiTests.portalservices.atsService.TestATSAPISV2"/>
  <testcase name="testSetandGetATSUserDetailsVerification" time="0.228" classname="com.myntra.apiTests.portalservices.atsService.TestATSAPISV2"/>
  <testcase name="testSetandGetATSUserDetailsVerification" time="0.244" classname="com.myntra.apiTests.portalservices.atsService.TestATSAPISV2"/>
  <testcase name="testSetandGetATSUserDetailsVerification" time="0.277" classname="com.myntra.apiTests.portalservices.atsService.TestATSAPISV2"/>
  <testcase name="testSetandGetATSUserDetailsVerification" time="0.258" classname="com.myntra.apiTests.portalservices.atsService.TestATSAPISV2"/>
  <testcase name="testSetandGetATSUserDetailsVerification" time="0.391" classname="com.myntra.apiTests.portalservices.atsService.TestATSAPISV2"/>
  <testcase name="testSetandGetATSUserDetailsVerification" time="0.315" classname="com.myntra.apiTests.portalservices.atsService.TestATSAPISV2"/>
  <testcase name="testSetandGetATSUserDetailsVerification" time="0.293" classname="com.myntra.apiTests.portalservices.atsService.TestATSAPISV2"/>
  <testcase name="testSetandGetATSUserDetailsVerification" time="0.417" classname="com.myntra.apiTests.portalservices.atsService.TestATSAPISV2"/>
  <testcase name="testSetandGetATSUserDetailsVerification" time="0.311" classname="com.myntra.apiTests.portalservices.atsService.TestATSAPISV2"/>
  <testcase name="testSetandGetATSUserDetailsVerification" time="0.224" classname="com.myntra.apiTests.portalservices.atsService.TestATSAPISV2"/>
  <testcase name="testSetandGetATSUserDetailsVerification" time="0.322" classname="com.myntra.apiTests.portalservices.atsService.TestATSAPISV2"/>
  <testcase name="testSetandGetATSUserDetailsVerification" time="0.263" classname="com.myntra.apiTests.portalservices.atsService.TestATSAPISV2"/>
  <testcase name="testSetandGetATSUserDetailsVerification" time="0.290" classname="com.myntra.apiTests.portalservices.atsService.TestATSAPISV2"/>
  <testcase name="testSetandGetATSUserDetailsVerification" time="0.205" classname="com.myntra.apiTests.portalservices.atsService.TestATSAPISV2"/>
  <testcase name="testSetandGetATSUserDetailsVerification" time="0.227" classname="com.myntra.apiTests.portalservices.atsService.TestATSAPISV2"/>
  <testcase name="testSetandGetATSUserDetailsVerification" time="0.293" classname="com.myntra.apiTests.portalservices.atsService.TestATSAPISV2"/>
  <testcase name="testSetandGetATSUserDetailsVerification" time="0.250" classname="com.myntra.apiTests.portalservices.atsService.TestATSAPISV2"/>
  <testcase name="testSetandGetATSUserDetailsVerification" time="0.206" classname="com.myntra.apiTests.portalservices.atsService.TestATSAPISV2"/>
  <testcase name="testSetandGetATSUserDetailsVerification" time="0.272" classname="com.myntra.apiTests.portalservices.atsService.TestATSAPISV2"/>
  <testcase name="testSetandGetATSUserDetailsVerification" time="0.211" classname="com.myntra.apiTests.portalservices.atsService.TestATSAPISV2"/>
  <testcase name="testSetandGetATSUserDetailsVerification" time="0.221" classname="com.myntra.apiTests.portalservices.atsService.TestATSAPISV2"/>
  <testcase name="testSetandGetATSUserDetailsVerification" time="0.223" classname="com.myntra.apiTests.portalservices.atsService.TestATSAPISV2"/>
  <testcase name="testSetandGetATSUserDetailsVerification" time="0.256" classname="com.myntra.apiTests.portalservices.atsService.TestATSAPISV2"/>
  <testcase name="testSetandGetATSUserDetailsVerification" time="0.217" classname="com.myntra.apiTests.portalservices.atsService.TestATSAPISV2"/>
  <testcase name="testSetandGetATSUserDetailsVerification" time="0.195" classname="com.myntra.apiTests.portalservices.atsService.TestATSAPISV2"/>
  <testcase name="testSetandGetATSUserDetailsVerification" time="0.210" classname="com.myntra.apiTests.portalservices.atsService.TestATSAPISV2"/>
  <testcase name="testSetandGetATSUserDetailsVerification" time="0.291" classname="com.myntra.apiTests.portalservices.atsService.TestATSAPISV2"/>
  <testcase name="testSetandGetATSUserDetailsVerification" time="0.231" classname="com.myntra.apiTests.portalservices.atsService.TestATSAPISV2"/>
  <testcase name="testSetandGetATSUserDetailsVerification" time="1.629" classname="com.myntra.apiTests.portalservices.atsService.TestATSAPISV2"/>
  <testcase name="testSetandGetATSUserDetailsVerification" time="0.297" classname="com.myntra.apiTests.portalservices.atsService.TestATSAPISV2"/>
  <testcase name="testSetandGetATSUserDetailsVerification" time="0.251" classname="com.myntra.apiTests.portalservices.atsService.TestATSAPISV2"/>
  <testcase name="testSetandGetATSUserDetailsVerification" time="0.238" classname="com.myntra.apiTests.portalservices.atsService.TestATSAPISV2"/>
  <testcase name="testSetandGetATSUserDetailsVerification" time="0.244" classname="com.myntra.apiTests.portalservices.atsService.TestATSAPISV2"/>
  <testcase name="testSetandGetATSUserDetailsVerification" time="0.234" classname="com.myntra.apiTests.portalservices.atsService.TestATSAPISV2"/>
  <testcase name="testSetandGetATSUserDetailsVerification" time="0.211" classname="com.myntra.apiTests.portalservices.atsService.TestATSAPISV2"/>
  <testcase name="testSetandGetATSUserDetailsVerification" time="0.229" classname="com.myntra.apiTests.portalservices.atsService.TestATSAPISV2"/>
  <testcase name="testSetandGetATSUserDetailsVerification" time="0.235" classname="com.myntra.apiTests.portalservices.atsService.TestATSAPISV2"/>
  <testcase name="testSetandGetATSUserDetailsVerification" time="0.275" classname="com.myntra.apiTests.portalservices.atsService.TestATSAPISV2"/>
  <testcase name="testSetandGetATSUserDetailsVerification" time="0.244" classname="com.myntra.apiTests.portalservices.atsService.TestATSAPISV2"/>
  <testcase name="testSetandGetATSUserDetailsVerification" time="0.296" classname="com.myntra.apiTests.portalservices.atsService.TestATSAPISV2"/>
  <testcase name="testSetandGetATSUserDetailsVerification" time="0.220" classname="com.myntra.apiTests.portalservices.atsService.TestATSAPISV2"/>
  <testcase name="testSetandGetATSUserDetailsVerification" time="0.226" classname="com.myntra.apiTests.portalservices.atsService.TestATSAPISV2"/>
  <testcase name="testSetandGetATSUserDetailsVerification" time="0.197" classname="com.myntra.apiTests.portalservices.atsService.TestATSAPISV2"/>
  <testcase name="testSetandGetATSUserDetailsVerification" time="0.201" classname="com.myntra.apiTests.portalservices.atsService.TestATSAPISV2"/>
</testsuite> <!-- com.myntra.apiTests.portalservices.atsService.TestATSAPISV2 -->
