<?xml version="1.0" encoding="UTF-8"?>
<!-- Generated by org.testng.reporters.JUnitReportReporter -->
<testsuite hostname="myntra-MacBookPro" name="com.myntra.apiTests.portalservices.atsService.TestATSAPISV2" tests="10" failures="0" timestamp="17 May 2018 10:31:39 GMT" time="1.210" errors="0">
  <testcase name="testAddressScoreAPIValidatation" time="0.056" classname="com.myntra.apiTests.portalservices.atsService.TestATSAPISV2"/>
  <testcase name="testAddressScoreAPIValidatation" time="0.048" classname="com.myntra.apiTests.portalservices.atsService.TestATSAPISV2"/>
  <testcase name="testAddressScoreAPIValidatation" time="0.555" classname="com.myntra.apiTests.portalservices.atsService.TestATSAPISV2"/>
  <testcase name="testAddressScoreAPIValidatation" time="0.053" classname="com.myntra.apiTests.portalservices.atsService.TestATSAPISV2"/>
  <testcase name="testAddressScoreAPIValidatation" time="0.121" classname="com.myntra.apiTests.portalservices.atsService.TestATSAPISV2"/>
  <testcase name="testAddressScoreAPIValidatation" time="0.043" classname="com.myntra.apiTests.portalservices.atsService.TestATSAPISV2"/>
  <testcase name="testAddressScoreAPIValidatation" time="0.044" classname="com.myntra.apiTests.portalservices.atsService.TestATSAPISV2"/>
  <testcase name="testAddressScoreAPIValidatation" time="0.114" classname="com.myntra.apiTests.portalservices.atsService.TestATSAPISV2"/>
  <testcase name="testAddressScoreAPIValidatation" time="0.114" classname="com.myntra.apiTests.portalservices.atsService.TestATSAPISV2"/>
  <testcase name="testAddressScoreAPIValidatation" time="0.062" classname="com.myntra.apiTests.portalservices.atsService.TestATSAPISV2"/>
</testsuite> <!-- com.myntra.apiTests.portalservices.atsService.TestATSAPISV2 -->
