<?xml version="1.0" encoding="UTF-8"?>
<!-- Generated by org.testng.reporters.JUnitReportReporter -->
<testsuite hostname="myntra-MacBookPro" name="com.myntra.apiTests.portalservices.atsService.TestATSAPISV2" tests="2" failures="0" timestamp="23 May 2018 04:47:54 GMT" time="1.933" errors="0">
  <testcase name="testSetandGetATSUserOpenOrdersValue" time="1.655" classname="com.myntra.apiTests.portalservices.atsService.TestATSAPISV2"/>
  <testcase name="testSetandGetATSUserOpenOrdersValue" time="0.278" classname="com.myntra.apiTests.portalservices.atsService.TestATSAPISV2"/>
</testsuite> <!-- com.myntra.apiTests.portalservices.atsService.TestATSAPISV2 -->
