<?xml version="1.0" encoding="UTF-8"?>
<!-- Generated by org.testng.reporters.JUnitReportReporter -->
<testsuite hostname="myntra-MacBookPro" name="com.myntra.apiTests.portalservices.atsService.TestATSAPISV2" tests="63" failures="0" timestamp="17 May 2018 10:09:23 GMT" time="5.936" errors="63">
  <testcase name="testSetandGetATSUserDetailsVerification" time="0.102" classname="com.myntra.apiTests.portalservices.atsService.TestATSAPISV2">
    <error type="javax.ws.rs.ProcessingException" message="Already connected">
      <![CDATA[javax.ws.rs.ProcessingException: Already connected
	at org.glassfish.jersey.client.ClientRuntime.invoke(ClientRuntime.java:263)
	at org.glassfish.jersey.client.JerseyInvocation$1.call(JerseyInvocation.java:671)
	at org.glassfish.jersey.client.JerseyInvocation$1.call(JerseyInvocation.java:668)
	at org.glassfish.jersey.internal.Errors.process(Errors.java:315)
	at org.glassfish.jersey.internal.Errors.process(Errors.java:297)
	at org.glassfish.jersey.internal.Errors.process(Errors.java:228)
	at org.glassfish.jersey.process.internal.RequestScope.runInScope(RequestScope.java:444)
	at org.glassfish.jersey.client.JerseyInvocation.invoke(JerseyInvocation.java:668)
	at org.glassfish.jersey.client.JerseyInvocation$Builder.method(JerseyInvocation.java:428)
	at org.glassfish.jersey.client.JerseyInvocation$Builder.post(JerseyInvocation.java:334)
	at com.myntra.lordoftherings.gandalf.RequestGenerator.CollectResponse(RequestGenerator.java:290)
	at com.myntra.lordoftherings.gandalf.RequestGenerator.PostResponse(RequestGenerator.java:194)
	at com.myntra.lordoftherings.gandalf.RequestGenerator.<init>(RequestGenerator.java:136)
	at com.myntra.apiTests.portalservices.idpservice.IDPServiceHelper.performSignUpOperation(IDPServiceHelper.java:67)
	at com.myntra.apiTests.portalservices.atsService.ATSHelper.performSignup(ATSHelper.java:156)
	at com.myntra.apiTests.portalservices.atsService.TestATSAPISV2.testSetandGetATSUserDetailsVerification(TestATSAPISV2.java:52)
	at sun.reflect.GeneratedMethodAccessor11.invoke(Unknown Source)
	at sun.reflect.DelegatingMethodAccessorImpl.invoke(DelegatingMethodAccessorImpl.java:43)
	at java.lang.reflect.Method.invoke(Method.java:498)
	at org.testng.internal.MethodInvocationHelper.invokeMethod(MethodInvocationHelper.java:86)
	at org.testng.internal.Invoker.invokeMethod(Invoker.java:643)
	at org.testng.internal.Invoker.invokeTestMethod(Invoker.java:820)
	at org.testng.internal.Invoker.invokeTestMethods(Invoker.java:1128)
	at org.testng.internal.TestMethodWorker.invokeTestMethods(TestMethodWorker.java:129)
	at org.testng.internal.TestMethodWorker.run(TestMethodWorker.java:112)
	at org.testng.TestRunner.privateRun(TestRunner.java:782)
	at org.testng.TestRunner.run(TestRunner.java:632)
	at org.testng.SuiteRunner.runTest(SuiteRunner.java:366)
	at org.testng.SuiteRunner.runSequentially(SuiteRunner.java:361)
	at org.testng.SuiteRunner.privateRun(SuiteRunner.java:319)
	at org.testng.SuiteRunner.run(SuiteRunner.java:268)
	at org.testng.SuiteRunnerWorker.runSuite(SuiteRunnerWorker.java:52)
	at org.testng.SuiteRunnerWorker.run(SuiteRunnerWorker.java:86)
	at org.testng.TestNG.runSuitesSequentially(TestNG.java:1244)
	at org.testng.TestNG.runSuitesLocally(TestNG.java:1169)
	at org.testng.TestNG.run(TestNG.java:1064)
	at org.apache.maven.surefire.testng.TestNGExecutor.run(TestNGExecutor.java:217)
	at org.apache.maven.surefire.testng.TestNGXmlTestSuite.execute(TestNGXmlTestSuite.java:84)
	at org.apache.maven.surefire.testng.TestNGProvider.invoke(TestNGProvider.java:92)
	at org.apache.maven.surefire.booter.ForkedBooter.invokeProviderInSameClassLoader(ForkedBooter.java:200)
	at org.apache.maven.surefire.booter.ForkedBooter.runSuitesInProcess(ForkedBooter.java:153)
	at org.apache.maven.surefire.booter.ForkedBooter.main(ForkedBooter.java:103)
Caused by: java.lang.IllegalStateException: Already connected
	at sun.net.www.protocol.http.HttpURLConnection.setRequestProperty(HttpURLConnection.java:3071)
	at org.glassfish.jersey.client.HttpUrlConnector.setOutboundHeaders(HttpUrlConnector.java:374)
	at org.glassfish.jersey.client.HttpUrlConnector.access$100(HttpUrlConnector.java:91)
	at org.glassfish.jersey.client.HttpUrlConnector$4.getOutputStream(HttpUrlConnector.java:325)
	at org.glassfish.jersey.message.internal.CommittingOutputStream.commitStream(CommittingOutputStream.java:200)
	at org.glassfish.jersey.message.internal.CommittingOutputStream.commitStream(CommittingOutputStream.java:194)
	at org.glassfish.jersey.message.internal.CommittingOutputStream.commit(CommittingOutputStream.java:262)
	at org.glassfish.jersey.message.internal.OutboundMessageContext.commitStream(OutboundMessageContext.java:816)
	at org.glassfish.jersey.client.ClientRequest.writeEntity(ClientRequest.java:545)
	at org.glassfish.jersey.client.HttpUrlConnector._apply(HttpUrlConnector.java:329)
	at org.glassfish.jersey.client.HttpUrlConnector.apply(HttpUrlConnector.java:242)
	at org.glassfish.jersey.client.ClientRuntime.invoke(ClientRuntime.java:254)
	... 41 more
]]>
    </error>
  </testcase> <!-- testSetandGetATSUserDetailsVerification -->
  <testcase name="testSetandGetATSUserDetailsVerification" time="0.071" classname="com.myntra.apiTests.portalservices.atsService.TestATSAPISV2">
    <error type="javax.ws.rs.ProcessingException" message="Already connected">
      <![CDATA[javax.ws.rs.ProcessingException: Already connected
	at org.glassfish.jersey.client.ClientRuntime.invoke(ClientRuntime.java:263)
	at org.glassfish.jersey.client.JerseyInvocation$1.call(JerseyInvocation.java:671)
	at org.glassfish.jersey.client.JerseyInvocation$1.call(JerseyInvocation.java:668)
	at org.glassfish.jersey.internal.Errors.process(Errors.java:315)
	at org.glassfish.jersey.internal.Errors.process(Errors.java:297)
	at org.glassfish.jersey.internal.Errors.process(Errors.java:228)
	at org.glassfish.jersey.process.internal.RequestScope.runInScope(RequestScope.java:444)
	at org.glassfish.jersey.client.JerseyInvocation.invoke(JerseyInvocation.java:668)
	at org.glassfish.jersey.client.JerseyInvocation$Builder.method(JerseyInvocation.java:428)
	at org.glassfish.jersey.client.JerseyInvocation$Builder.post(JerseyInvocation.java:334)
	at com.myntra.lordoftherings.gandalf.RequestGenerator.CollectResponse(RequestGenerator.java:290)
	at com.myntra.lordoftherings.gandalf.RequestGenerator.PostResponse(RequestGenerator.java:194)
	at com.myntra.lordoftherings.gandalf.RequestGenerator.<init>(RequestGenerator.java:136)
	at com.myntra.apiTests.portalservices.idpservice.IDPServiceHelper.performSignUpOperation(IDPServiceHelper.java:67)
	at com.myntra.apiTests.portalservices.atsService.ATSHelper.performSignup(ATSHelper.java:156)
	at com.myntra.apiTests.portalservices.atsService.TestATSAPISV2.testSetandGetATSUserDetailsVerification(TestATSAPISV2.java:52)
	at sun.reflect.GeneratedMethodAccessor11.invoke(Unknown Source)
	at sun.reflect.DelegatingMethodAccessorImpl.invoke(DelegatingMethodAccessorImpl.java:43)
	at java.lang.reflect.Method.invoke(Method.java:498)
	at org.testng.internal.MethodInvocationHelper.invokeMethod(MethodInvocationHelper.java:86)
	at org.testng.internal.Invoker.invokeMethod(Invoker.java:643)
	at org.testng.internal.Invoker.invokeTestMethod(Invoker.java:820)
	at org.testng.internal.Invoker.invokeTestMethods(Invoker.java:1128)
	at org.testng.internal.TestMethodWorker.invokeTestMethods(TestMethodWorker.java:129)
	at org.testng.internal.TestMethodWorker.run(TestMethodWorker.java:112)
	at org.testng.TestRunner.privateRun(TestRunner.java:782)
	at org.testng.TestRunner.run(TestRunner.java:632)
	at org.testng.SuiteRunner.runTest(SuiteRunner.java:366)
	at org.testng.SuiteRunner.runSequentially(SuiteRunner.java:361)
	at org.testng.SuiteRunner.privateRun(SuiteRunner.java:319)
	at org.testng.SuiteRunner.run(SuiteRunner.java:268)
	at org.testng.SuiteRunnerWorker.runSuite(SuiteRunnerWorker.java:52)
	at org.testng.SuiteRunnerWorker.run(SuiteRunnerWorker.java:86)
	at org.testng.TestNG.runSuitesSequentially(TestNG.java:1244)
	at org.testng.TestNG.runSuitesLocally(TestNG.java:1169)
	at org.testng.TestNG.run(TestNG.java:1064)
	at org.apache.maven.surefire.testng.TestNGExecutor.run(TestNGExecutor.java:217)
	at org.apache.maven.surefire.testng.TestNGXmlTestSuite.execute(TestNGXmlTestSuite.java:84)
	at org.apache.maven.surefire.testng.TestNGProvider.invoke(TestNGProvider.java:92)
	at org.apache.maven.surefire.booter.ForkedBooter.invokeProviderInSameClassLoader(ForkedBooter.java:200)
	at org.apache.maven.surefire.booter.ForkedBooter.runSuitesInProcess(ForkedBooter.java:153)
	at org.apache.maven.surefire.booter.ForkedBooter.main(ForkedBooter.java:103)
Caused by: java.lang.IllegalStateException: Already connected
	at sun.net.www.protocol.http.HttpURLConnection.setRequestProperty(HttpURLConnection.java:3071)
	at org.glassfish.jersey.client.HttpUrlConnector.setOutboundHeaders(HttpUrlConnector.java:374)
	at org.glassfish.jersey.client.HttpUrlConnector.access$100(HttpUrlConnector.java:91)
	at org.glassfish.jersey.client.HttpUrlConnector$4.getOutputStream(HttpUrlConnector.java:325)
	at org.glassfish.jersey.message.internal.CommittingOutputStream.commitStream(CommittingOutputStream.java:200)
	at org.glassfish.jersey.message.internal.CommittingOutputStream.commitStream(CommittingOutputStream.java:194)
	at org.glassfish.jersey.message.internal.CommittingOutputStream.commit(CommittingOutputStream.java:262)
	at org.glassfish.jersey.message.internal.OutboundMessageContext.commitStream(OutboundMessageContext.java:816)
	at org.glassfish.jersey.client.ClientRequest.writeEntity(ClientRequest.java:545)
	at org.glassfish.jersey.client.HttpUrlConnector._apply(HttpUrlConnector.java:329)
	at org.glassfish.jersey.client.HttpUrlConnector.apply(HttpUrlConnector.java:242)
	at org.glassfish.jersey.client.ClientRuntime.invoke(ClientRuntime.java:254)
	... 41 more
]]>
    </error>
  </testcase> <!-- testSetandGetATSUserDetailsVerification -->
  <testcase name="testSetandGetATSUserDetailsVerification" time="0.079" classname="com.myntra.apiTests.portalservices.atsService.TestATSAPISV2">
    <error type="javax.ws.rs.ProcessingException" message="Already connected">
      <![CDATA[javax.ws.rs.ProcessingException: Already connected
	at org.glassfish.jersey.client.ClientRuntime.invoke(ClientRuntime.java:263)
	at org.glassfish.jersey.client.JerseyInvocation$1.call(JerseyInvocation.java:671)
	at org.glassfish.jersey.client.JerseyInvocation$1.call(JerseyInvocation.java:668)
	at org.glassfish.jersey.internal.Errors.process(Errors.java:315)
	at org.glassfish.jersey.internal.Errors.process(Errors.java:297)
	at org.glassfish.jersey.internal.Errors.process(Errors.java:228)
	at org.glassfish.jersey.process.internal.RequestScope.runInScope(RequestScope.java:444)
	at org.glassfish.jersey.client.JerseyInvocation.invoke(JerseyInvocation.java:668)
	at org.glassfish.jersey.client.JerseyInvocation$Builder.method(JerseyInvocation.java:428)
	at org.glassfish.jersey.client.JerseyInvocation$Builder.post(JerseyInvocation.java:334)
	at com.myntra.lordoftherings.gandalf.RequestGenerator.CollectResponse(RequestGenerator.java:290)
	at com.myntra.lordoftherings.gandalf.RequestGenerator.PostResponse(RequestGenerator.java:194)
	at com.myntra.lordoftherings.gandalf.RequestGenerator.<init>(RequestGenerator.java:136)
	at com.myntra.apiTests.portalservices.idpservice.IDPServiceHelper.performSignUpOperation(IDPServiceHelper.java:67)
	at com.myntra.apiTests.portalservices.atsService.ATSHelper.performSignup(ATSHelper.java:156)
	at com.myntra.apiTests.portalservices.atsService.TestATSAPISV2.testSetandGetATSUserDetailsVerification(TestATSAPISV2.java:52)
	at sun.reflect.GeneratedMethodAccessor11.invoke(Unknown Source)
	at sun.reflect.DelegatingMethodAccessorImpl.invoke(DelegatingMethodAccessorImpl.java:43)
	at java.lang.reflect.Method.invoke(Method.java:498)
	at org.testng.internal.MethodInvocationHelper.invokeMethod(MethodInvocationHelper.java:86)
	at org.testng.internal.Invoker.invokeMethod(Invoker.java:643)
	at org.testng.internal.Invoker.invokeTestMethod(Invoker.java:820)
	at org.testng.internal.Invoker.invokeTestMethods(Invoker.java:1128)
	at org.testng.internal.TestMethodWorker.invokeTestMethods(TestMethodWorker.java:129)
	at org.testng.internal.TestMethodWorker.run(TestMethodWorker.java:112)
	at org.testng.TestRunner.privateRun(TestRunner.java:782)
	at org.testng.TestRunner.run(TestRunner.java:632)
	at org.testng.SuiteRunner.runTest(SuiteRunner.java:366)
	at org.testng.SuiteRunner.runSequentially(SuiteRunner.java:361)
	at org.testng.SuiteRunner.privateRun(SuiteRunner.java:319)
	at org.testng.SuiteRunner.run(SuiteRunner.java:268)
	at org.testng.SuiteRunnerWorker.runSuite(SuiteRunnerWorker.java:52)
	at org.testng.SuiteRunnerWorker.run(SuiteRunnerWorker.java:86)
	at org.testng.TestNG.runSuitesSequentially(TestNG.java:1244)
	at org.testng.TestNG.runSuitesLocally(TestNG.java:1169)
	at org.testng.TestNG.run(TestNG.java:1064)
	at org.apache.maven.surefire.testng.TestNGExecutor.run(TestNGExecutor.java:217)
	at org.apache.maven.surefire.testng.TestNGXmlTestSuite.execute(TestNGXmlTestSuite.java:84)
	at org.apache.maven.surefire.testng.TestNGProvider.invoke(TestNGProvider.java:92)
	at org.apache.maven.surefire.booter.ForkedBooter.invokeProviderInSameClassLoader(ForkedBooter.java:200)
	at org.apache.maven.surefire.booter.ForkedBooter.runSuitesInProcess(ForkedBooter.java:153)
	at org.apache.maven.surefire.booter.ForkedBooter.main(ForkedBooter.java:103)
Caused by: java.lang.IllegalStateException: Already connected
	at sun.net.www.protocol.http.HttpURLConnection.setRequestProperty(HttpURLConnection.java:3071)
	at org.glassfish.jersey.client.HttpUrlConnector.setOutboundHeaders(HttpUrlConnector.java:374)
	at org.glassfish.jersey.client.HttpUrlConnector.access$100(HttpUrlConnector.java:91)
	at org.glassfish.jersey.client.HttpUrlConnector$4.getOutputStream(HttpUrlConnector.java:325)
	at org.glassfish.jersey.message.internal.CommittingOutputStream.commitStream(CommittingOutputStream.java:200)
	at org.glassfish.jersey.message.internal.CommittingOutputStream.commitStream(CommittingOutputStream.java:194)
	at org.glassfish.jersey.message.internal.CommittingOutputStream.commit(CommittingOutputStream.java:262)
	at org.glassfish.jersey.message.internal.OutboundMessageContext.commitStream(OutboundMessageContext.java:816)
	at org.glassfish.jersey.client.ClientRequest.writeEntity(ClientRequest.java:545)
	at org.glassfish.jersey.client.HttpUrlConnector._apply(HttpUrlConnector.java:329)
	at org.glassfish.jersey.client.HttpUrlConnector.apply(HttpUrlConnector.java:242)
	at org.glassfish.jersey.client.ClientRuntime.invoke(ClientRuntime.java:254)
	... 41 more
]]>
    </error>
  </testcase> <!-- testSetandGetATSUserDetailsVerification -->
  <testcase name="testSetandGetATSUserDetailsVerification" time="0.093" classname="com.myntra.apiTests.portalservices.atsService.TestATSAPISV2">
    <error type="javax.ws.rs.ProcessingException" message="Already connected">
      <![CDATA[javax.ws.rs.ProcessingException: Already connected
	at org.glassfish.jersey.client.ClientRuntime.invoke(ClientRuntime.java:263)
	at org.glassfish.jersey.client.JerseyInvocation$1.call(JerseyInvocation.java:671)
	at org.glassfish.jersey.client.JerseyInvocation$1.call(JerseyInvocation.java:668)
	at org.glassfish.jersey.internal.Errors.process(Errors.java:315)
	at org.glassfish.jersey.internal.Errors.process(Errors.java:297)
	at org.glassfish.jersey.internal.Errors.process(Errors.java:228)
	at org.glassfish.jersey.process.internal.RequestScope.runInScope(RequestScope.java:444)
	at org.glassfish.jersey.client.JerseyInvocation.invoke(JerseyInvocation.java:668)
	at org.glassfish.jersey.client.JerseyInvocation$Builder.method(JerseyInvocation.java:428)
	at org.glassfish.jersey.client.JerseyInvocation$Builder.post(JerseyInvocation.java:334)
	at com.myntra.lordoftherings.gandalf.RequestGenerator.CollectResponse(RequestGenerator.java:290)
	at com.myntra.lordoftherings.gandalf.RequestGenerator.PostResponse(RequestGenerator.java:194)
	at com.myntra.lordoftherings.gandalf.RequestGenerator.<init>(RequestGenerator.java:136)
	at com.myntra.apiTests.portalservices.idpservice.IDPServiceHelper.performSignUpOperation(IDPServiceHelper.java:67)
	at com.myntra.apiTests.portalservices.atsService.ATSHelper.performSignup(ATSHelper.java:156)
	at com.myntra.apiTests.portalservices.atsService.TestATSAPISV2.testSetandGetATSUserDetailsVerification(TestATSAPISV2.java:52)
	at sun.reflect.GeneratedMethodAccessor11.invoke(Unknown Source)
	at sun.reflect.DelegatingMethodAccessorImpl.invoke(DelegatingMethodAccessorImpl.java:43)
	at java.lang.reflect.Method.invoke(Method.java:498)
	at org.testng.internal.MethodInvocationHelper.invokeMethod(MethodInvocationHelper.java:86)
	at org.testng.internal.Invoker.invokeMethod(Invoker.java:643)
	at org.testng.internal.Invoker.invokeTestMethod(Invoker.java:820)
	at org.testng.internal.Invoker.invokeTestMethods(Invoker.java:1128)
	at org.testng.internal.TestMethodWorker.invokeTestMethods(TestMethodWorker.java:129)
	at org.testng.internal.TestMethodWorker.run(TestMethodWorker.java:112)
	at org.testng.TestRunner.privateRun(TestRunner.java:782)
	at org.testng.TestRunner.run(TestRunner.java:632)
	at org.testng.SuiteRunner.runTest(SuiteRunner.java:366)
	at org.testng.SuiteRunner.runSequentially(SuiteRunner.java:361)
	at org.testng.SuiteRunner.privateRun(SuiteRunner.java:319)
	at org.testng.SuiteRunner.run(SuiteRunner.java:268)
	at org.testng.SuiteRunnerWorker.runSuite(SuiteRunnerWorker.java:52)
	at org.testng.SuiteRunnerWorker.run(SuiteRunnerWorker.java:86)
	at org.testng.TestNG.runSuitesSequentially(TestNG.java:1244)
	at org.testng.TestNG.runSuitesLocally(TestNG.java:1169)
	at org.testng.TestNG.run(TestNG.java:1064)
	at org.apache.maven.surefire.testng.TestNGExecutor.run(TestNGExecutor.java:217)
	at org.apache.maven.surefire.testng.TestNGXmlTestSuite.execute(TestNGXmlTestSuite.java:84)
	at org.apache.maven.surefire.testng.TestNGProvider.invoke(TestNGProvider.java:92)
	at org.apache.maven.surefire.booter.ForkedBooter.invokeProviderInSameClassLoader(ForkedBooter.java:200)
	at org.apache.maven.surefire.booter.ForkedBooter.runSuitesInProcess(ForkedBooter.java:153)
	at org.apache.maven.surefire.booter.ForkedBooter.main(ForkedBooter.java:103)
Caused by: java.lang.IllegalStateException: Already connected
	at sun.net.www.protocol.http.HttpURLConnection.setRequestProperty(HttpURLConnection.java:3071)
	at org.glassfish.jersey.client.HttpUrlConnector.setOutboundHeaders(HttpUrlConnector.java:374)
	at org.glassfish.jersey.client.HttpUrlConnector.access$100(HttpUrlConnector.java:91)
	at org.glassfish.jersey.client.HttpUrlConnector$4.getOutputStream(HttpUrlConnector.java:325)
	at org.glassfish.jersey.message.internal.CommittingOutputStream.commitStream(CommittingOutputStream.java:200)
	at org.glassfish.jersey.message.internal.CommittingOutputStream.commitStream(CommittingOutputStream.java:194)
	at org.glassfish.jersey.message.internal.CommittingOutputStream.commit(CommittingOutputStream.java:262)
	at org.glassfish.jersey.message.internal.OutboundMessageContext.commitStream(OutboundMessageContext.java:816)
	at org.glassfish.jersey.client.ClientRequest.writeEntity(ClientRequest.java:545)
	at org.glassfish.jersey.client.HttpUrlConnector._apply(HttpUrlConnector.java:329)
	at org.glassfish.jersey.client.HttpUrlConnector.apply(HttpUrlConnector.java:242)
	at org.glassfish.jersey.client.ClientRuntime.invoke(ClientRuntime.java:254)
	... 41 more
]]>
    </error>
  </testcase> <!-- testSetandGetATSUserDetailsVerification -->
  <testcase name="testSetandGetATSUserDetailsVerification" time="0.077" classname="com.myntra.apiTests.portalservices.atsService.TestATSAPISV2">
    <error type="javax.ws.rs.ProcessingException" message="Already connected">
      <![CDATA[javax.ws.rs.ProcessingException: Already connected
	at org.glassfish.jersey.client.ClientRuntime.invoke(ClientRuntime.java:263)
	at org.glassfish.jersey.client.JerseyInvocation$1.call(JerseyInvocation.java:671)
	at org.glassfish.jersey.client.JerseyInvocation$1.call(JerseyInvocation.java:668)
	at org.glassfish.jersey.internal.Errors.process(Errors.java:315)
	at org.glassfish.jersey.internal.Errors.process(Errors.java:297)
	at org.glassfish.jersey.internal.Errors.process(Errors.java:228)
	at org.glassfish.jersey.process.internal.RequestScope.runInScope(RequestScope.java:444)
	at org.glassfish.jersey.client.JerseyInvocation.invoke(JerseyInvocation.java:668)
	at org.glassfish.jersey.client.JerseyInvocation$Builder.method(JerseyInvocation.java:428)
	at org.glassfish.jersey.client.JerseyInvocation$Builder.post(JerseyInvocation.java:334)
	at com.myntra.lordoftherings.gandalf.RequestGenerator.CollectResponse(RequestGenerator.java:290)
	at com.myntra.lordoftherings.gandalf.RequestGenerator.PostResponse(RequestGenerator.java:194)
	at com.myntra.lordoftherings.gandalf.RequestGenerator.<init>(RequestGenerator.java:136)
	at com.myntra.apiTests.portalservices.idpservice.IDPServiceHelper.performSignUpOperation(IDPServiceHelper.java:67)
	at com.myntra.apiTests.portalservices.atsService.ATSHelper.performSignup(ATSHelper.java:156)
	at com.myntra.apiTests.portalservices.atsService.TestATSAPISV2.testSetandGetATSUserDetailsVerification(TestATSAPISV2.java:52)
	at sun.reflect.GeneratedMethodAccessor11.invoke(Unknown Source)
	at sun.reflect.DelegatingMethodAccessorImpl.invoke(DelegatingMethodAccessorImpl.java:43)
	at java.lang.reflect.Method.invoke(Method.java:498)
	at org.testng.internal.MethodInvocationHelper.invokeMethod(MethodInvocationHelper.java:86)
	at org.testng.internal.Invoker.invokeMethod(Invoker.java:643)
	at org.testng.internal.Invoker.invokeTestMethod(Invoker.java:820)
	at org.testng.internal.Invoker.invokeTestMethods(Invoker.java:1128)
	at org.testng.internal.TestMethodWorker.invokeTestMethods(TestMethodWorker.java:129)
	at org.testng.internal.TestMethodWorker.run(TestMethodWorker.java:112)
	at org.testng.TestRunner.privateRun(TestRunner.java:782)
	at org.testng.TestRunner.run(TestRunner.java:632)
	at org.testng.SuiteRunner.runTest(SuiteRunner.java:366)
	at org.testng.SuiteRunner.runSequentially(SuiteRunner.java:361)
	at org.testng.SuiteRunner.privateRun(SuiteRunner.java:319)
	at org.testng.SuiteRunner.run(SuiteRunner.java:268)
	at org.testng.SuiteRunnerWorker.runSuite(SuiteRunnerWorker.java:52)
	at org.testng.SuiteRunnerWorker.run(SuiteRunnerWorker.java:86)
	at org.testng.TestNG.runSuitesSequentially(TestNG.java:1244)
	at org.testng.TestNG.runSuitesLocally(TestNG.java:1169)
	at org.testng.TestNG.run(TestNG.java:1064)
	at org.apache.maven.surefire.testng.TestNGExecutor.run(TestNGExecutor.java:217)
	at org.apache.maven.surefire.testng.TestNGXmlTestSuite.execute(TestNGXmlTestSuite.java:84)
	at org.apache.maven.surefire.testng.TestNGProvider.invoke(TestNGProvider.java:92)
	at org.apache.maven.surefire.booter.ForkedBooter.invokeProviderInSameClassLoader(ForkedBooter.java:200)
	at org.apache.maven.surefire.booter.ForkedBooter.runSuitesInProcess(ForkedBooter.java:153)
	at org.apache.maven.surefire.booter.ForkedBooter.main(ForkedBooter.java:103)
Caused by: java.lang.IllegalStateException: Already connected
	at sun.net.www.protocol.http.HttpURLConnection.setRequestProperty(HttpURLConnection.java:3071)
	at org.glassfish.jersey.client.HttpUrlConnector.setOutboundHeaders(HttpUrlConnector.java:374)
	at org.glassfish.jersey.client.HttpUrlConnector.access$100(HttpUrlConnector.java:91)
	at org.glassfish.jersey.client.HttpUrlConnector$4.getOutputStream(HttpUrlConnector.java:325)
	at org.glassfish.jersey.message.internal.CommittingOutputStream.commitStream(CommittingOutputStream.java:200)
	at org.glassfish.jersey.message.internal.CommittingOutputStream.commitStream(CommittingOutputStream.java:194)
	at org.glassfish.jersey.message.internal.CommittingOutputStream.commit(CommittingOutputStream.java:262)
	at org.glassfish.jersey.message.internal.OutboundMessageContext.commitStream(OutboundMessageContext.java:816)
	at org.glassfish.jersey.client.ClientRequest.writeEntity(ClientRequest.java:545)
	at org.glassfish.jersey.client.HttpUrlConnector._apply(HttpUrlConnector.java:329)
	at org.glassfish.jersey.client.HttpUrlConnector.apply(HttpUrlConnector.java:242)
	at org.glassfish.jersey.client.ClientRuntime.invoke(ClientRuntime.java:254)
	... 41 more
]]>
    </error>
  </testcase> <!-- testSetandGetATSUserDetailsVerification -->
  <testcase name="testSetandGetATSUserDetailsVerification" time="0.071" classname="com.myntra.apiTests.portalservices.atsService.TestATSAPISV2">
    <error type="javax.ws.rs.ProcessingException" message="Already connected">
      <![CDATA[javax.ws.rs.ProcessingException: Already connected
	at org.glassfish.jersey.client.ClientRuntime.invoke(ClientRuntime.java:263)
	at org.glassfish.jersey.client.JerseyInvocation$1.call(JerseyInvocation.java:671)
	at org.glassfish.jersey.client.JerseyInvocation$1.call(JerseyInvocation.java:668)
	at org.glassfish.jersey.internal.Errors.process(Errors.java:315)
	at org.glassfish.jersey.internal.Errors.process(Errors.java:297)
	at org.glassfish.jersey.internal.Errors.process(Errors.java:228)
	at org.glassfish.jersey.process.internal.RequestScope.runInScope(RequestScope.java:444)
	at org.glassfish.jersey.client.JerseyInvocation.invoke(JerseyInvocation.java:668)
	at org.glassfish.jersey.client.JerseyInvocation$Builder.method(JerseyInvocation.java:428)
	at org.glassfish.jersey.client.JerseyInvocation$Builder.post(JerseyInvocation.java:334)
	at com.myntra.lordoftherings.gandalf.RequestGenerator.CollectResponse(RequestGenerator.java:290)
	at com.myntra.lordoftherings.gandalf.RequestGenerator.PostResponse(RequestGenerator.java:194)
	at com.myntra.lordoftherings.gandalf.RequestGenerator.<init>(RequestGenerator.java:136)
	at com.myntra.apiTests.portalservices.idpservice.IDPServiceHelper.performSignUpOperation(IDPServiceHelper.java:67)
	at com.myntra.apiTests.portalservices.atsService.ATSHelper.performSignup(ATSHelper.java:156)
	at com.myntra.apiTests.portalservices.atsService.TestATSAPISV2.testSetandGetATSUserDetailsVerification(TestATSAPISV2.java:52)
	at sun.reflect.NativeMethodAccessorImpl.invoke0(Native Method)
	at sun.reflect.NativeMethodAccessorImpl.invoke(NativeMethodAccessorImpl.java:62)
	at sun.reflect.DelegatingMethodAccessorImpl.invoke(DelegatingMethodAccessorImpl.java:43)
	at java.lang.reflect.Method.invoke(Method.java:498)
	at org.testng.internal.MethodInvocationHelper.invokeMethod(MethodInvocationHelper.java:86)
	at org.testng.internal.Invoker.invokeMethod(Invoker.java:643)
	at org.testng.internal.Invoker.invokeTestMethod(Invoker.java:820)
	at org.testng.internal.Invoker.invokeTestMethods(Invoker.java:1128)
	at org.testng.internal.TestMethodWorker.invokeTestMethods(TestMethodWorker.java:129)
	at org.testng.internal.TestMethodWorker.run(TestMethodWorker.java:112)
	at org.testng.TestRunner.privateRun(TestRunner.java:782)
	at org.testng.TestRunner.run(TestRunner.java:632)
	at org.testng.SuiteRunner.runTest(SuiteRunner.java:366)
	at org.testng.SuiteRunner.runSequentially(SuiteRunner.java:361)
	at org.testng.SuiteRunner.privateRun(SuiteRunner.java:319)
	at org.testng.SuiteRunner.run(SuiteRunner.java:268)
	at org.testng.SuiteRunnerWorker.runSuite(SuiteRunnerWorker.java:52)
	at org.testng.SuiteRunnerWorker.run(SuiteRunnerWorker.java:86)
	at org.testng.TestNG.runSuitesSequentially(TestNG.java:1244)
	at org.testng.TestNG.runSuitesLocally(TestNG.java:1169)
	at org.testng.TestNG.run(TestNG.java:1064)
	at org.apache.maven.surefire.testng.TestNGExecutor.run(TestNGExecutor.java:217)
	at org.apache.maven.surefire.testng.TestNGXmlTestSuite.execute(TestNGXmlTestSuite.java:84)
	at org.apache.maven.surefire.testng.TestNGProvider.invoke(TestNGProvider.java:92)
	at org.apache.maven.surefire.booter.ForkedBooter.invokeProviderInSameClassLoader(ForkedBooter.java:200)
	at org.apache.maven.surefire.booter.ForkedBooter.runSuitesInProcess(ForkedBooter.java:153)
	at org.apache.maven.surefire.booter.ForkedBooter.main(ForkedBooter.java:103)
Caused by: java.lang.IllegalStateException: Already connected
	at sun.net.www.protocol.http.HttpURLConnection.setRequestProperty(HttpURLConnection.java:3071)
	at org.glassfish.jersey.client.HttpUrlConnector.setOutboundHeaders(HttpUrlConnector.java:374)
	at org.glassfish.jersey.client.HttpUrlConnector.access$100(HttpUrlConnector.java:91)
	at org.glassfish.jersey.client.HttpUrlConnector$4.getOutputStream(HttpUrlConnector.java:325)
	at org.glassfish.jersey.message.internal.CommittingOutputStream.commitStream(CommittingOutputStream.java:200)
	at org.glassfish.jersey.message.internal.CommittingOutputStream.commitStream(CommittingOutputStream.java:194)
	at org.glassfish.jersey.message.internal.CommittingOutputStream.commit(CommittingOutputStream.java:262)
	at org.glassfish.jersey.message.internal.OutboundMessageContext.commitStream(OutboundMessageContext.java:816)
	at org.glassfish.jersey.client.ClientRequest.writeEntity(ClientRequest.java:545)
	at org.glassfish.jersey.client.HttpUrlConnector._apply(HttpUrlConnector.java:329)
	at org.glassfish.jersey.client.HttpUrlConnector.apply(HttpUrlConnector.java:242)
	at org.glassfish.jersey.client.ClientRuntime.invoke(ClientRuntime.java:254)
	... 42 more
]]>
    </error>
  </testcase> <!-- testSetandGetATSUserDetailsVerification -->
  <testcase name="testSetandGetATSUserDetailsVerification" time="0.087" classname="com.myntra.apiTests.portalservices.atsService.TestATSAPISV2">
    <error type="javax.ws.rs.ProcessingException" message="Already connected">
      <![CDATA[javax.ws.rs.ProcessingException: Already connected
	at org.glassfish.jersey.client.ClientRuntime.invoke(ClientRuntime.java:263)
	at org.glassfish.jersey.client.JerseyInvocation$1.call(JerseyInvocation.java:671)
	at org.glassfish.jersey.client.JerseyInvocation$1.call(JerseyInvocation.java:668)
	at org.glassfish.jersey.internal.Errors.process(Errors.java:315)
	at org.glassfish.jersey.internal.Errors.process(Errors.java:297)
	at org.glassfish.jersey.internal.Errors.process(Errors.java:228)
	at org.glassfish.jersey.process.internal.RequestScope.runInScope(RequestScope.java:444)
	at org.glassfish.jersey.client.JerseyInvocation.invoke(JerseyInvocation.java:668)
	at org.glassfish.jersey.client.JerseyInvocation$Builder.method(JerseyInvocation.java:428)
	at org.glassfish.jersey.client.JerseyInvocation$Builder.post(JerseyInvocation.java:334)
	at com.myntra.lordoftherings.gandalf.RequestGenerator.CollectResponse(RequestGenerator.java:290)
	at com.myntra.lordoftherings.gandalf.RequestGenerator.PostResponse(RequestGenerator.java:194)
	at com.myntra.lordoftherings.gandalf.RequestGenerator.<init>(RequestGenerator.java:136)
	at com.myntra.apiTests.portalservices.idpservice.IDPServiceHelper.performSignUpOperation(IDPServiceHelper.java:67)
	at com.myntra.apiTests.portalservices.atsService.ATSHelper.performSignup(ATSHelper.java:156)
	at com.myntra.apiTests.portalservices.atsService.TestATSAPISV2.testSetandGetATSUserDetailsVerification(TestATSAPISV2.java:52)
	at sun.reflect.GeneratedMethodAccessor11.invoke(Unknown Source)
	at sun.reflect.DelegatingMethodAccessorImpl.invoke(DelegatingMethodAccessorImpl.java:43)
	at java.lang.reflect.Method.invoke(Method.java:498)
	at org.testng.internal.MethodInvocationHelper.invokeMethod(MethodInvocationHelper.java:86)
	at org.testng.internal.Invoker.invokeMethod(Invoker.java:643)
	at org.testng.internal.Invoker.invokeTestMethod(Invoker.java:820)
	at org.testng.internal.Invoker.invokeTestMethods(Invoker.java:1128)
	at org.testng.internal.TestMethodWorker.invokeTestMethods(TestMethodWorker.java:129)
	at org.testng.internal.TestMethodWorker.run(TestMethodWorker.java:112)
	at org.testng.TestRunner.privateRun(TestRunner.java:782)
	at org.testng.TestRunner.run(TestRunner.java:632)
	at org.testng.SuiteRunner.runTest(SuiteRunner.java:366)
	at org.testng.SuiteRunner.runSequentially(SuiteRunner.java:361)
	at org.testng.SuiteRunner.privateRun(SuiteRunner.java:319)
	at org.testng.SuiteRunner.run(SuiteRunner.java:268)
	at org.testng.SuiteRunnerWorker.runSuite(SuiteRunnerWorker.java:52)
	at org.testng.SuiteRunnerWorker.run(SuiteRunnerWorker.java:86)
	at org.testng.TestNG.runSuitesSequentially(TestNG.java:1244)
	at org.testng.TestNG.runSuitesLocally(TestNG.java:1169)
	at org.testng.TestNG.run(TestNG.java:1064)
	at org.apache.maven.surefire.testng.TestNGExecutor.run(TestNGExecutor.java:217)
	at org.apache.maven.surefire.testng.TestNGXmlTestSuite.execute(TestNGXmlTestSuite.java:84)
	at org.apache.maven.surefire.testng.TestNGProvider.invoke(TestNGProvider.java:92)
	at org.apache.maven.surefire.booter.ForkedBooter.invokeProviderInSameClassLoader(ForkedBooter.java:200)
	at org.apache.maven.surefire.booter.ForkedBooter.runSuitesInProcess(ForkedBooter.java:153)
	at org.apache.maven.surefire.booter.ForkedBooter.main(ForkedBooter.java:103)
Caused by: java.lang.IllegalStateException: Already connected
	at sun.net.www.protocol.http.HttpURLConnection.setRequestProperty(HttpURLConnection.java:3071)
	at org.glassfish.jersey.client.HttpUrlConnector.setOutboundHeaders(HttpUrlConnector.java:374)
	at org.glassfish.jersey.client.HttpUrlConnector.access$100(HttpUrlConnector.java:91)
	at org.glassfish.jersey.client.HttpUrlConnector$4.getOutputStream(HttpUrlConnector.java:325)
	at org.glassfish.jersey.message.internal.CommittingOutputStream.commitStream(CommittingOutputStream.java:200)
	at org.glassfish.jersey.message.internal.CommittingOutputStream.commitStream(CommittingOutputStream.java:194)
	at org.glassfish.jersey.message.internal.CommittingOutputStream.commit(CommittingOutputStream.java:262)
	at org.glassfish.jersey.message.internal.OutboundMessageContext.commitStream(OutboundMessageContext.java:816)
	at org.glassfish.jersey.client.ClientRequest.writeEntity(ClientRequest.java:545)
	at org.glassfish.jersey.client.HttpUrlConnector._apply(HttpUrlConnector.java:329)
	at org.glassfish.jersey.client.HttpUrlConnector.apply(HttpUrlConnector.java:242)
	at org.glassfish.jersey.client.ClientRuntime.invoke(ClientRuntime.java:254)
	... 41 more
]]>
    </error>
  </testcase> <!-- testSetandGetATSUserDetailsVerification -->
  <testcase name="testSetandGetATSUserDetailsVerification" time="0.200" classname="com.myntra.apiTests.portalservices.atsService.TestATSAPISV2">
    <error type="javax.ws.rs.ProcessingException" message="Already connected">
      <![CDATA[javax.ws.rs.ProcessingException: Already connected
	at org.glassfish.jersey.client.ClientRuntime.invoke(ClientRuntime.java:263)
	at org.glassfish.jersey.client.JerseyInvocation$1.call(JerseyInvocation.java:671)
	at org.glassfish.jersey.client.JerseyInvocation$1.call(JerseyInvocation.java:668)
	at org.glassfish.jersey.internal.Errors.process(Errors.java:315)
	at org.glassfish.jersey.internal.Errors.process(Errors.java:297)
	at org.glassfish.jersey.internal.Errors.process(Errors.java:228)
	at org.glassfish.jersey.process.internal.RequestScope.runInScope(RequestScope.java:444)
	at org.glassfish.jersey.client.JerseyInvocation.invoke(JerseyInvocation.java:668)
	at org.glassfish.jersey.client.JerseyInvocation$Builder.method(JerseyInvocation.java:428)
	at org.glassfish.jersey.client.JerseyInvocation$Builder.post(JerseyInvocation.java:334)
	at com.myntra.lordoftherings.gandalf.RequestGenerator.CollectResponse(RequestGenerator.java:290)
	at com.myntra.lordoftherings.gandalf.RequestGenerator.PostResponse(RequestGenerator.java:194)
	at com.myntra.lordoftherings.gandalf.RequestGenerator.<init>(RequestGenerator.java:136)
	at com.myntra.apiTests.portalservices.idpservice.IDPServiceHelper.performSignUpOperation(IDPServiceHelper.java:67)
	at com.myntra.apiTests.portalservices.atsService.ATSHelper.performSignup(ATSHelper.java:156)
	at com.myntra.apiTests.portalservices.atsService.TestATSAPISV2.testSetandGetATSUserDetailsVerification(TestATSAPISV2.java:52)
	at sun.reflect.GeneratedMethodAccessor11.invoke(Unknown Source)
	at sun.reflect.DelegatingMethodAccessorImpl.invoke(DelegatingMethodAccessorImpl.java:43)
	at java.lang.reflect.Method.invoke(Method.java:498)
	at org.testng.internal.MethodInvocationHelper.invokeMethod(MethodInvocationHelper.java:86)
	at org.testng.internal.Invoker.invokeMethod(Invoker.java:643)
	at org.testng.internal.Invoker.invokeTestMethod(Invoker.java:820)
	at org.testng.internal.Invoker.invokeTestMethods(Invoker.java:1128)
	at org.testng.internal.TestMethodWorker.invokeTestMethods(TestMethodWorker.java:129)
	at org.testng.internal.TestMethodWorker.run(TestMethodWorker.java:112)
	at org.testng.TestRunner.privateRun(TestRunner.java:782)
	at org.testng.TestRunner.run(TestRunner.java:632)
	at org.testng.SuiteRunner.runTest(SuiteRunner.java:366)
	at org.testng.SuiteRunner.runSequentially(SuiteRunner.java:361)
	at org.testng.SuiteRunner.privateRun(SuiteRunner.java:319)
	at org.testng.SuiteRunner.run(SuiteRunner.java:268)
	at org.testng.SuiteRunnerWorker.runSuite(SuiteRunnerWorker.java:52)
	at org.testng.SuiteRunnerWorker.run(SuiteRunnerWorker.java:86)
	at org.testng.TestNG.runSuitesSequentially(TestNG.java:1244)
	at org.testng.TestNG.runSuitesLocally(TestNG.java:1169)
	at org.testng.TestNG.run(TestNG.java:1064)
	at org.apache.maven.surefire.testng.TestNGExecutor.run(TestNGExecutor.java:217)
	at org.apache.maven.surefire.testng.TestNGXmlTestSuite.execute(TestNGXmlTestSuite.java:84)
	at org.apache.maven.surefire.testng.TestNGProvider.invoke(TestNGProvider.java:92)
	at org.apache.maven.surefire.booter.ForkedBooter.invokeProviderInSameClassLoader(ForkedBooter.java:200)
	at org.apache.maven.surefire.booter.ForkedBooter.runSuitesInProcess(ForkedBooter.java:153)
	at org.apache.maven.surefire.booter.ForkedBooter.main(ForkedBooter.java:103)
Caused by: java.lang.IllegalStateException: Already connected
	at sun.net.www.protocol.http.HttpURLConnection.setRequestProperty(HttpURLConnection.java:3071)
	at org.glassfish.jersey.client.HttpUrlConnector.setOutboundHeaders(HttpUrlConnector.java:374)
	at org.glassfish.jersey.client.HttpUrlConnector.access$100(HttpUrlConnector.java:91)
	at org.glassfish.jersey.client.HttpUrlConnector$4.getOutputStream(HttpUrlConnector.java:325)
	at org.glassfish.jersey.message.internal.CommittingOutputStream.commitStream(CommittingOutputStream.java:200)
	at org.glassfish.jersey.message.internal.CommittingOutputStream.commitStream(CommittingOutputStream.java:194)
	at org.glassfish.jersey.message.internal.CommittingOutputStream.commit(CommittingOutputStream.java:262)
	at org.glassfish.jersey.message.internal.OutboundMessageContext.commitStream(OutboundMessageContext.java:816)
	at org.glassfish.jersey.client.ClientRequest.writeEntity(ClientRequest.java:545)
	at org.glassfish.jersey.client.HttpUrlConnector._apply(HttpUrlConnector.java:329)
	at org.glassfish.jersey.client.HttpUrlConnector.apply(HttpUrlConnector.java:242)
	at org.glassfish.jersey.client.ClientRuntime.invoke(ClientRuntime.java:254)
	... 41 more
]]>
    </error>
  </testcase> <!-- testSetandGetATSUserDetailsVerification -->
  <testcase name="testSetandGetATSUserDetailsVerification" time="0.056" classname="com.myntra.apiTests.portalservices.atsService.TestATSAPISV2">
    <error type="javax.ws.rs.ProcessingException" message="Already connected">
      <![CDATA[javax.ws.rs.ProcessingException: Already connected
	at org.glassfish.jersey.client.ClientRuntime.invoke(ClientRuntime.java:263)
	at org.glassfish.jersey.client.JerseyInvocation$1.call(JerseyInvocation.java:671)
	at org.glassfish.jersey.client.JerseyInvocation$1.call(JerseyInvocation.java:668)
	at org.glassfish.jersey.internal.Errors.process(Errors.java:315)
	at org.glassfish.jersey.internal.Errors.process(Errors.java:297)
	at org.glassfish.jersey.internal.Errors.process(Errors.java:228)
	at org.glassfish.jersey.process.internal.RequestScope.runInScope(RequestScope.java:444)
	at org.glassfish.jersey.client.JerseyInvocation.invoke(JerseyInvocation.java:668)
	at org.glassfish.jersey.client.JerseyInvocation$Builder.method(JerseyInvocation.java:428)
	at org.glassfish.jersey.client.JerseyInvocation$Builder.post(JerseyInvocation.java:334)
	at com.myntra.lordoftherings.gandalf.RequestGenerator.CollectResponse(RequestGenerator.java:290)
	at com.myntra.lordoftherings.gandalf.RequestGenerator.PostResponse(RequestGenerator.java:194)
	at com.myntra.lordoftherings.gandalf.RequestGenerator.<init>(RequestGenerator.java:136)
	at com.myntra.apiTests.portalservices.idpservice.IDPServiceHelper.performSignUpOperation(IDPServiceHelper.java:67)
	at com.myntra.apiTests.portalservices.atsService.ATSHelper.performSignup(ATSHelper.java:156)
	at com.myntra.apiTests.portalservices.atsService.TestATSAPISV2.testSetandGetATSUserDetailsVerification(TestATSAPISV2.java:52)
	at sun.reflect.NativeMethodAccessorImpl.invoke0(Native Method)
	at sun.reflect.NativeMethodAccessorImpl.invoke(NativeMethodAccessorImpl.java:62)
	at sun.reflect.DelegatingMethodAccessorImpl.invoke(DelegatingMethodAccessorImpl.java:43)
	at java.lang.reflect.Method.invoke(Method.java:498)
	at org.testng.internal.MethodInvocationHelper.invokeMethod(MethodInvocationHelper.java:86)
	at org.testng.internal.Invoker.invokeMethod(Invoker.java:643)
	at org.testng.internal.Invoker.invokeTestMethod(Invoker.java:820)
	at org.testng.internal.Invoker.invokeTestMethods(Invoker.java:1128)
	at org.testng.internal.TestMethodWorker.invokeTestMethods(TestMethodWorker.java:129)
	at org.testng.internal.TestMethodWorker.run(TestMethodWorker.java:112)
	at org.testng.TestRunner.privateRun(TestRunner.java:782)
	at org.testng.TestRunner.run(TestRunner.java:632)
	at org.testng.SuiteRunner.runTest(SuiteRunner.java:366)
	at org.testng.SuiteRunner.runSequentially(SuiteRunner.java:361)
	at org.testng.SuiteRunner.privateRun(SuiteRunner.java:319)
	at org.testng.SuiteRunner.run(SuiteRunner.java:268)
	at org.testng.SuiteRunnerWorker.runSuite(SuiteRunnerWorker.java:52)
	at org.testng.SuiteRunnerWorker.run(SuiteRunnerWorker.java:86)
	at org.testng.TestNG.runSuitesSequentially(TestNG.java:1244)
	at org.testng.TestNG.runSuitesLocally(TestNG.java:1169)
	at org.testng.TestNG.run(TestNG.java:1064)
	at org.apache.maven.surefire.testng.TestNGExecutor.run(TestNGExecutor.java:217)
	at org.apache.maven.surefire.testng.TestNGXmlTestSuite.execute(TestNGXmlTestSuite.java:84)
	at org.apache.maven.surefire.testng.TestNGProvider.invoke(TestNGProvider.java:92)
	at org.apache.maven.surefire.booter.ForkedBooter.invokeProviderInSameClassLoader(ForkedBooter.java:200)
	at org.apache.maven.surefire.booter.ForkedBooter.runSuitesInProcess(ForkedBooter.java:153)
	at org.apache.maven.surefire.booter.ForkedBooter.main(ForkedBooter.java:103)
Caused by: java.lang.IllegalStateException: Already connected
	at sun.net.www.protocol.http.HttpURLConnection.setRequestProperty(HttpURLConnection.java:3071)
	at org.glassfish.jersey.client.HttpUrlConnector.setOutboundHeaders(HttpUrlConnector.java:374)
	at org.glassfish.jersey.client.HttpUrlConnector.access$100(HttpUrlConnector.java:91)
	at org.glassfish.jersey.client.HttpUrlConnector$4.getOutputStream(HttpUrlConnector.java:325)
	at org.glassfish.jersey.message.internal.CommittingOutputStream.commitStream(CommittingOutputStream.java:200)
	at org.glassfish.jersey.message.internal.CommittingOutputStream.commitStream(CommittingOutputStream.java:194)
	at org.glassfish.jersey.message.internal.CommittingOutputStream.commit(CommittingOutputStream.java:262)
	at org.glassfish.jersey.message.internal.OutboundMessageContext.commitStream(OutboundMessageContext.java:816)
	at org.glassfish.jersey.client.ClientRequest.writeEntity(ClientRequest.java:545)
	at org.glassfish.jersey.client.HttpUrlConnector._apply(HttpUrlConnector.java:329)
	at org.glassfish.jersey.client.HttpUrlConnector.apply(HttpUrlConnector.java:242)
	at org.glassfish.jersey.client.ClientRuntime.invoke(ClientRuntime.java:254)
	... 42 more
]]>
    </error>
  </testcase> <!-- testSetandGetATSUserDetailsVerification -->
  <testcase name="testSetandGetATSUserDetailsVerification" time="0.035" classname="com.myntra.apiTests.portalservices.atsService.TestATSAPISV2">
    <error type="javax.ws.rs.ProcessingException" message="Already connected">
      <![CDATA[javax.ws.rs.ProcessingException: Already connected
	at org.glassfish.jersey.client.ClientRuntime.invoke(ClientRuntime.java:263)
	at org.glassfish.jersey.client.JerseyInvocation$1.call(JerseyInvocation.java:671)
	at org.glassfish.jersey.client.JerseyInvocation$1.call(JerseyInvocation.java:668)
	at org.glassfish.jersey.internal.Errors.process(Errors.java:315)
	at org.glassfish.jersey.internal.Errors.process(Errors.java:297)
	at org.glassfish.jersey.internal.Errors.process(Errors.java:228)
	at org.glassfish.jersey.process.internal.RequestScope.runInScope(RequestScope.java:444)
	at org.glassfish.jersey.client.JerseyInvocation.invoke(JerseyInvocation.java:668)
	at org.glassfish.jersey.client.JerseyInvocation$Builder.method(JerseyInvocation.java:428)
	at org.glassfish.jersey.client.JerseyInvocation$Builder.post(JerseyInvocation.java:334)
	at com.myntra.lordoftherings.gandalf.RequestGenerator.CollectResponse(RequestGenerator.java:290)
	at com.myntra.lordoftherings.gandalf.RequestGenerator.PostResponse(RequestGenerator.java:194)
	at com.myntra.lordoftherings.gandalf.RequestGenerator.<init>(RequestGenerator.java:136)
	at com.myntra.apiTests.portalservices.idpservice.IDPServiceHelper.performSignUpOperation(IDPServiceHelper.java:67)
	at com.myntra.apiTests.portalservices.atsService.ATSHelper.performSignup(ATSHelper.java:156)
	at com.myntra.apiTests.portalservices.atsService.TestATSAPISV2.testSetandGetATSUserDetailsVerification(TestATSAPISV2.java:52)
	at sun.reflect.NativeMethodAccessorImpl.invoke0(Native Method)
	at sun.reflect.NativeMethodAccessorImpl.invoke(NativeMethodAccessorImpl.java:62)
	at sun.reflect.DelegatingMethodAccessorImpl.invoke(DelegatingMethodAccessorImpl.java:43)
	at java.lang.reflect.Method.invoke(Method.java:498)
	at org.testng.internal.MethodInvocationHelper.invokeMethod(MethodInvocationHelper.java:86)
	at org.testng.internal.Invoker.invokeMethod(Invoker.java:643)
	at org.testng.internal.Invoker.invokeTestMethod(Invoker.java:820)
	at org.testng.internal.Invoker.invokeTestMethods(Invoker.java:1128)
	at org.testng.internal.TestMethodWorker.invokeTestMethods(TestMethodWorker.java:129)
	at org.testng.internal.TestMethodWorker.run(TestMethodWorker.java:112)
	at org.testng.TestRunner.privateRun(TestRunner.java:782)
	at org.testng.TestRunner.run(TestRunner.java:632)
	at org.testng.SuiteRunner.runTest(SuiteRunner.java:366)
	at org.testng.SuiteRunner.runSequentially(SuiteRunner.java:361)
	at org.testng.SuiteRunner.privateRun(SuiteRunner.java:319)
	at org.testng.SuiteRunner.run(SuiteRunner.java:268)
	at org.testng.SuiteRunnerWorker.runSuite(SuiteRunnerWorker.java:52)
	at org.testng.SuiteRunnerWorker.run(SuiteRunnerWorker.java:86)
	at org.testng.TestNG.runSuitesSequentially(TestNG.java:1244)
	at org.testng.TestNG.runSuitesLocally(TestNG.java:1169)
	at org.testng.TestNG.run(TestNG.java:1064)
	at org.apache.maven.surefire.testng.TestNGExecutor.run(TestNGExecutor.java:217)
	at org.apache.maven.surefire.testng.TestNGXmlTestSuite.execute(TestNGXmlTestSuite.java:84)
	at org.apache.maven.surefire.testng.TestNGProvider.invoke(TestNGProvider.java:92)
	at org.apache.maven.surefire.booter.ForkedBooter.invokeProviderInSameClassLoader(ForkedBooter.java:200)
	at org.apache.maven.surefire.booter.ForkedBooter.runSuitesInProcess(ForkedBooter.java:153)
	at org.apache.maven.surefire.booter.ForkedBooter.main(ForkedBooter.java:103)
Caused by: java.lang.IllegalStateException: Already connected
	at sun.net.www.protocol.http.HttpURLConnection.setRequestProperty(HttpURLConnection.java:3071)
	at org.glassfish.jersey.client.HttpUrlConnector.setOutboundHeaders(HttpUrlConnector.java:374)
	at org.glassfish.jersey.client.HttpUrlConnector.access$100(HttpUrlConnector.java:91)
	at org.glassfish.jersey.client.HttpUrlConnector$4.getOutputStream(HttpUrlConnector.java:325)
	at org.glassfish.jersey.message.internal.CommittingOutputStream.commitStream(CommittingOutputStream.java:200)
	at org.glassfish.jersey.message.internal.CommittingOutputStream.commitStream(CommittingOutputStream.java:194)
	at org.glassfish.jersey.message.internal.CommittingOutputStream.commit(CommittingOutputStream.java:262)
	at org.glassfish.jersey.message.internal.OutboundMessageContext.commitStream(OutboundMessageContext.java:816)
	at org.glassfish.jersey.client.ClientRequest.writeEntity(ClientRequest.java:545)
	at org.glassfish.jersey.client.HttpUrlConnector._apply(HttpUrlConnector.java:329)
	at org.glassfish.jersey.client.HttpUrlConnector.apply(HttpUrlConnector.java:242)
	at org.glassfish.jersey.client.ClientRuntime.invoke(ClientRuntime.java:254)
	... 42 more
]]>
    </error>
  </testcase> <!-- testSetandGetATSUserDetailsVerification -->
  <testcase name="testSetandGetATSUserDetailsVerification" time="0.065" classname="com.myntra.apiTests.portalservices.atsService.TestATSAPISV2">
    <error type="javax.ws.rs.ProcessingException" message="Already connected">
      <![CDATA[javax.ws.rs.ProcessingException: Already connected
	at org.glassfish.jersey.client.ClientRuntime.invoke(ClientRuntime.java:263)
	at org.glassfish.jersey.client.JerseyInvocation$1.call(JerseyInvocation.java:671)
	at org.glassfish.jersey.client.JerseyInvocation$1.call(JerseyInvocation.java:668)
	at org.glassfish.jersey.internal.Errors.process(Errors.java:315)
	at org.glassfish.jersey.internal.Errors.process(Errors.java:297)
	at org.glassfish.jersey.internal.Errors.process(Errors.java:228)
	at org.glassfish.jersey.process.internal.RequestScope.runInScope(RequestScope.java:444)
	at org.glassfish.jersey.client.JerseyInvocation.invoke(JerseyInvocation.java:668)
	at org.glassfish.jersey.client.JerseyInvocation$Builder.method(JerseyInvocation.java:428)
	at org.glassfish.jersey.client.JerseyInvocation$Builder.post(JerseyInvocation.java:334)
	at com.myntra.lordoftherings.gandalf.RequestGenerator.CollectResponse(RequestGenerator.java:290)
	at com.myntra.lordoftherings.gandalf.RequestGenerator.PostResponse(RequestGenerator.java:194)
	at com.myntra.lordoftherings.gandalf.RequestGenerator.<init>(RequestGenerator.java:136)
	at com.myntra.apiTests.portalservices.idpservice.IDPServiceHelper.performSignUpOperation(IDPServiceHelper.java:67)
	at com.myntra.apiTests.portalservices.atsService.ATSHelper.performSignup(ATSHelper.java:156)
	at com.myntra.apiTests.portalservices.atsService.TestATSAPISV2.testSetandGetATSUserDetailsVerification(TestATSAPISV2.java:52)
	at sun.reflect.NativeMethodAccessorImpl.invoke0(Native Method)
	at sun.reflect.NativeMethodAccessorImpl.invoke(NativeMethodAccessorImpl.java:62)
	at sun.reflect.DelegatingMethodAccessorImpl.invoke(DelegatingMethodAccessorImpl.java:43)
	at java.lang.reflect.Method.invoke(Method.java:498)
	at org.testng.internal.MethodInvocationHelper.invokeMethod(MethodInvocationHelper.java:86)
	at org.testng.internal.Invoker.invokeMethod(Invoker.java:643)
	at org.testng.internal.Invoker.invokeTestMethod(Invoker.java:820)
	at org.testng.internal.Invoker.invokeTestMethods(Invoker.java:1128)
	at org.testng.internal.TestMethodWorker.invokeTestMethods(TestMethodWorker.java:129)
	at org.testng.internal.TestMethodWorker.run(TestMethodWorker.java:112)
	at org.testng.TestRunner.privateRun(TestRunner.java:782)
	at org.testng.TestRunner.run(TestRunner.java:632)
	at org.testng.SuiteRunner.runTest(SuiteRunner.java:366)
	at org.testng.SuiteRunner.runSequentially(SuiteRunner.java:361)
	at org.testng.SuiteRunner.privateRun(SuiteRunner.java:319)
	at org.testng.SuiteRunner.run(SuiteRunner.java:268)
	at org.testng.SuiteRunnerWorker.runSuite(SuiteRunnerWorker.java:52)
	at org.testng.SuiteRunnerWorker.run(SuiteRunnerWorker.java:86)
	at org.testng.TestNG.runSuitesSequentially(TestNG.java:1244)
	at org.testng.TestNG.runSuitesLocally(TestNG.java:1169)
	at org.testng.TestNG.run(TestNG.java:1064)
	at org.apache.maven.surefire.testng.TestNGExecutor.run(TestNGExecutor.java:217)
	at org.apache.maven.surefire.testng.TestNGXmlTestSuite.execute(TestNGXmlTestSuite.java:84)
	at org.apache.maven.surefire.testng.TestNGProvider.invoke(TestNGProvider.java:92)
	at org.apache.maven.surefire.booter.ForkedBooter.invokeProviderInSameClassLoader(ForkedBooter.java:200)
	at org.apache.maven.surefire.booter.ForkedBooter.runSuitesInProcess(ForkedBooter.java:153)
	at org.apache.maven.surefire.booter.ForkedBooter.main(ForkedBooter.java:103)
Caused by: java.lang.IllegalStateException: Already connected
	at sun.net.www.protocol.http.HttpURLConnection.setRequestProperty(HttpURLConnection.java:3071)
	at org.glassfish.jersey.client.HttpUrlConnector.setOutboundHeaders(HttpUrlConnector.java:374)
	at org.glassfish.jersey.client.HttpUrlConnector.access$100(HttpUrlConnector.java:91)
	at org.glassfish.jersey.client.HttpUrlConnector$4.getOutputStream(HttpUrlConnector.java:325)
	at org.glassfish.jersey.message.internal.CommittingOutputStream.commitStream(CommittingOutputStream.java:200)
	at org.glassfish.jersey.message.internal.CommittingOutputStream.commitStream(CommittingOutputStream.java:194)
	at org.glassfish.jersey.message.internal.CommittingOutputStream.commit(CommittingOutputStream.java:262)
	at org.glassfish.jersey.message.internal.OutboundMessageContext.commitStream(OutboundMessageContext.java:816)
	at org.glassfish.jersey.client.ClientRequest.writeEntity(ClientRequest.java:545)
	at org.glassfish.jersey.client.HttpUrlConnector._apply(HttpUrlConnector.java:329)
	at org.glassfish.jersey.client.HttpUrlConnector.apply(HttpUrlConnector.java:242)
	at org.glassfish.jersey.client.ClientRuntime.invoke(ClientRuntime.java:254)
	... 42 more
]]>
    </error>
  </testcase> <!-- testSetandGetATSUserDetailsVerification -->
  <testcase name="testSetandGetATSUserDetailsVerification" time="1.400" classname="com.myntra.apiTests.portalservices.atsService.TestATSAPISV2">
    <error type="javax.ws.rs.ProcessingException" message="Already connected">
      <![CDATA[javax.ws.rs.ProcessingException: Already connected
	at org.glassfish.jersey.client.ClientRuntime.invoke(ClientRuntime.java:263)
	at org.glassfish.jersey.client.JerseyInvocation$1.call(JerseyInvocation.java:671)
	at org.glassfish.jersey.client.JerseyInvocation$1.call(JerseyInvocation.java:668)
	at org.glassfish.jersey.internal.Errors.process(Errors.java:315)
	at org.glassfish.jersey.internal.Errors.process(Errors.java:297)
	at org.glassfish.jersey.internal.Errors.process(Errors.java:228)
	at org.glassfish.jersey.process.internal.RequestScope.runInScope(RequestScope.java:444)
	at org.glassfish.jersey.client.JerseyInvocation.invoke(JerseyInvocation.java:668)
	at org.glassfish.jersey.client.JerseyInvocation$Builder.method(JerseyInvocation.java:428)
	at org.glassfish.jersey.client.JerseyInvocation$Builder.post(JerseyInvocation.java:334)
	at com.myntra.lordoftherings.gandalf.RequestGenerator.CollectResponse(RequestGenerator.java:290)
	at com.myntra.lordoftherings.gandalf.RequestGenerator.PostResponse(RequestGenerator.java:194)
	at com.myntra.lordoftherings.gandalf.RequestGenerator.<init>(RequestGenerator.java:136)
	at com.myntra.apiTests.portalservices.idpservice.IDPServiceHelper.performSignUpOperation(IDPServiceHelper.java:67)
	at com.myntra.apiTests.portalservices.atsService.ATSHelper.performSignup(ATSHelper.java:156)
	at com.myntra.apiTests.portalservices.atsService.TestATSAPISV2.testSetandGetATSUserDetailsVerification(TestATSAPISV2.java:52)
	at sun.reflect.NativeMethodAccessorImpl.invoke0(Native Method)
	at sun.reflect.NativeMethodAccessorImpl.invoke(NativeMethodAccessorImpl.java:62)
	at sun.reflect.DelegatingMethodAccessorImpl.invoke(DelegatingMethodAccessorImpl.java:43)
	at java.lang.reflect.Method.invoke(Method.java:498)
	at org.testng.internal.MethodInvocationHelper.invokeMethod(MethodInvocationHelper.java:86)
	at org.testng.internal.Invoker.invokeMethod(Invoker.java:643)
	at org.testng.internal.Invoker.invokeTestMethod(Invoker.java:820)
	at org.testng.internal.Invoker.invokeTestMethods(Invoker.java:1128)
	at org.testng.internal.TestMethodWorker.invokeTestMethods(TestMethodWorker.java:129)
	at org.testng.internal.TestMethodWorker.run(TestMethodWorker.java:112)
	at org.testng.TestRunner.privateRun(TestRunner.java:782)
	at org.testng.TestRunner.run(TestRunner.java:632)
	at org.testng.SuiteRunner.runTest(SuiteRunner.java:366)
	at org.testng.SuiteRunner.runSequentially(SuiteRunner.java:361)
	at org.testng.SuiteRunner.privateRun(SuiteRunner.java:319)
	at org.testng.SuiteRunner.run(SuiteRunner.java:268)
	at org.testng.SuiteRunnerWorker.runSuite(SuiteRunnerWorker.java:52)
	at org.testng.SuiteRunnerWorker.run(SuiteRunnerWorker.java:86)
	at org.testng.TestNG.runSuitesSequentially(TestNG.java:1244)
	at org.testng.TestNG.runSuitesLocally(TestNG.java:1169)
	at org.testng.TestNG.run(TestNG.java:1064)
	at org.apache.maven.surefire.testng.TestNGExecutor.run(TestNGExecutor.java:217)
	at org.apache.maven.surefire.testng.TestNGXmlTestSuite.execute(TestNGXmlTestSuite.java:84)
	at org.apache.maven.surefire.testng.TestNGProvider.invoke(TestNGProvider.java:92)
	at org.apache.maven.surefire.booter.ForkedBooter.invokeProviderInSameClassLoader(ForkedBooter.java:200)
	at org.apache.maven.surefire.booter.ForkedBooter.runSuitesInProcess(ForkedBooter.java:153)
	at org.apache.maven.surefire.booter.ForkedBooter.main(ForkedBooter.java:103)
Caused by: java.lang.IllegalStateException: Already connected
	at sun.net.www.protocol.http.HttpURLConnection.setRequestProperty(HttpURLConnection.java:3071)
	at org.glassfish.jersey.client.HttpUrlConnector.setOutboundHeaders(HttpUrlConnector.java:374)
	at org.glassfish.jersey.client.HttpUrlConnector.access$100(HttpUrlConnector.java:91)
	at org.glassfish.jersey.client.HttpUrlConnector$4.getOutputStream(HttpUrlConnector.java:325)
	at org.glassfish.jersey.message.internal.CommittingOutputStream.commitStream(CommittingOutputStream.java:200)
	at org.glassfish.jersey.message.internal.CommittingOutputStream.commitStream(CommittingOutputStream.java:194)
	at org.glassfish.jersey.message.internal.CommittingOutputStream.commit(CommittingOutputStream.java:262)
	at org.glassfish.jersey.message.internal.OutboundMessageContext.commitStream(OutboundMessageContext.java:816)
	at org.glassfish.jersey.client.ClientRequest.writeEntity(ClientRequest.java:545)
	at org.glassfish.jersey.client.HttpUrlConnector._apply(HttpUrlConnector.java:329)
	at org.glassfish.jersey.client.HttpUrlConnector.apply(HttpUrlConnector.java:242)
	at org.glassfish.jersey.client.ClientRuntime.invoke(ClientRuntime.java:254)
	... 42 more
]]>
    </error>
  </testcase> <!-- testSetandGetATSUserDetailsVerification -->
  <testcase name="testSetandGetATSUserDetailsVerification" time="0.101" classname="com.myntra.apiTests.portalservices.atsService.TestATSAPISV2">
    <error type="javax.ws.rs.ProcessingException" message="Already connected">
      <![CDATA[javax.ws.rs.ProcessingException: Already connected
	at org.glassfish.jersey.client.ClientRuntime.invoke(ClientRuntime.java:263)
	at org.glassfish.jersey.client.JerseyInvocation$1.call(JerseyInvocation.java:671)
	at org.glassfish.jersey.client.JerseyInvocation$1.call(JerseyInvocation.java:668)
	at org.glassfish.jersey.internal.Errors.process(Errors.java:315)
	at org.glassfish.jersey.internal.Errors.process(Errors.java:297)
	at org.glassfish.jersey.internal.Errors.process(Errors.java:228)
	at org.glassfish.jersey.process.internal.RequestScope.runInScope(RequestScope.java:444)
	at org.glassfish.jersey.client.JerseyInvocation.invoke(JerseyInvocation.java:668)
	at org.glassfish.jersey.client.JerseyInvocation$Builder.method(JerseyInvocation.java:428)
	at org.glassfish.jersey.client.JerseyInvocation$Builder.post(JerseyInvocation.java:334)
	at com.myntra.lordoftherings.gandalf.RequestGenerator.CollectResponse(RequestGenerator.java:290)
	at com.myntra.lordoftherings.gandalf.RequestGenerator.PostResponse(RequestGenerator.java:194)
	at com.myntra.lordoftherings.gandalf.RequestGenerator.<init>(RequestGenerator.java:136)
	at com.myntra.apiTests.portalservices.idpservice.IDPServiceHelper.performSignUpOperation(IDPServiceHelper.java:67)
	at com.myntra.apiTests.portalservices.atsService.ATSHelper.performSignup(ATSHelper.java:156)
	at com.myntra.apiTests.portalservices.atsService.TestATSAPISV2.testSetandGetATSUserDetailsVerification(TestATSAPISV2.java:52)
	at sun.reflect.GeneratedMethodAccessor11.invoke(Unknown Source)
	at sun.reflect.DelegatingMethodAccessorImpl.invoke(DelegatingMethodAccessorImpl.java:43)
	at java.lang.reflect.Method.invoke(Method.java:498)
	at org.testng.internal.MethodInvocationHelper.invokeMethod(MethodInvocationHelper.java:86)
	at org.testng.internal.Invoker.invokeMethod(Invoker.java:643)
	at org.testng.internal.Invoker.invokeTestMethod(Invoker.java:820)
	at org.testng.internal.Invoker.invokeTestMethods(Invoker.java:1128)
	at org.testng.internal.TestMethodWorker.invokeTestMethods(TestMethodWorker.java:129)
	at org.testng.internal.TestMethodWorker.run(TestMethodWorker.java:112)
	at org.testng.TestRunner.privateRun(TestRunner.java:782)
	at org.testng.TestRunner.run(TestRunner.java:632)
	at org.testng.SuiteRunner.runTest(SuiteRunner.java:366)
	at org.testng.SuiteRunner.runSequentially(SuiteRunner.java:361)
	at org.testng.SuiteRunner.privateRun(SuiteRunner.java:319)
	at org.testng.SuiteRunner.run(SuiteRunner.java:268)
	at org.testng.SuiteRunnerWorker.runSuite(SuiteRunnerWorker.java:52)
	at org.testng.SuiteRunnerWorker.run(SuiteRunnerWorker.java:86)
	at org.testng.TestNG.runSuitesSequentially(TestNG.java:1244)
	at org.testng.TestNG.runSuitesLocally(TestNG.java:1169)
	at org.testng.TestNG.run(TestNG.java:1064)
	at org.apache.maven.surefire.testng.TestNGExecutor.run(TestNGExecutor.java:217)
	at org.apache.maven.surefire.testng.TestNGXmlTestSuite.execute(TestNGXmlTestSuite.java:84)
	at org.apache.maven.surefire.testng.TestNGProvider.invoke(TestNGProvider.java:92)
	at org.apache.maven.surefire.booter.ForkedBooter.invokeProviderInSameClassLoader(ForkedBooter.java:200)
	at org.apache.maven.surefire.booter.ForkedBooter.runSuitesInProcess(ForkedBooter.java:153)
	at org.apache.maven.surefire.booter.ForkedBooter.main(ForkedBooter.java:103)
Caused by: java.lang.IllegalStateException: Already connected
	at sun.net.www.protocol.http.HttpURLConnection.setRequestProperty(HttpURLConnection.java:3071)
	at org.glassfish.jersey.client.HttpUrlConnector.setOutboundHeaders(HttpUrlConnector.java:374)
	at org.glassfish.jersey.client.HttpUrlConnector.access$100(HttpUrlConnector.java:91)
	at org.glassfish.jersey.client.HttpUrlConnector$4.getOutputStream(HttpUrlConnector.java:325)
	at org.glassfish.jersey.message.internal.CommittingOutputStream.commitStream(CommittingOutputStream.java:200)
	at org.glassfish.jersey.message.internal.CommittingOutputStream.commitStream(CommittingOutputStream.java:194)
	at org.glassfish.jersey.message.internal.CommittingOutputStream.commit(CommittingOutputStream.java:262)
	at org.glassfish.jersey.message.internal.OutboundMessageContext.commitStream(OutboundMessageContext.java:816)
	at org.glassfish.jersey.client.ClientRequest.writeEntity(ClientRequest.java:545)
	at org.glassfish.jersey.client.HttpUrlConnector._apply(HttpUrlConnector.java:329)
	at org.glassfish.jersey.client.HttpUrlConnector.apply(HttpUrlConnector.java:242)
	at org.glassfish.jersey.client.ClientRuntime.invoke(ClientRuntime.java:254)
	... 41 more
]]>
    </error>
  </testcase> <!-- testSetandGetATSUserDetailsVerification -->
  <testcase name="testSetandGetATSUserDetailsVerification" time="0.082" classname="com.myntra.apiTests.portalservices.atsService.TestATSAPISV2">
    <error type="javax.ws.rs.ProcessingException" message="Already connected">
      <![CDATA[javax.ws.rs.ProcessingException: Already connected
	at org.glassfish.jersey.client.ClientRuntime.invoke(ClientRuntime.java:263)
	at org.glassfish.jersey.client.JerseyInvocation$1.call(JerseyInvocation.java:671)
	at org.glassfish.jersey.client.JerseyInvocation$1.call(JerseyInvocation.java:668)
	at org.glassfish.jersey.internal.Errors.process(Errors.java:315)
	at org.glassfish.jersey.internal.Errors.process(Errors.java:297)
	at org.glassfish.jersey.internal.Errors.process(Errors.java:228)
	at org.glassfish.jersey.process.internal.RequestScope.runInScope(RequestScope.java:444)
	at org.glassfish.jersey.client.JerseyInvocation.invoke(JerseyInvocation.java:668)
	at org.glassfish.jersey.client.JerseyInvocation$Builder.method(JerseyInvocation.java:428)
	at org.glassfish.jersey.client.JerseyInvocation$Builder.post(JerseyInvocation.java:334)
	at com.myntra.lordoftherings.gandalf.RequestGenerator.CollectResponse(RequestGenerator.java:290)
	at com.myntra.lordoftherings.gandalf.RequestGenerator.PostResponse(RequestGenerator.java:194)
	at com.myntra.lordoftherings.gandalf.RequestGenerator.<init>(RequestGenerator.java:136)
	at com.myntra.apiTests.portalservices.idpservice.IDPServiceHelper.performSignUpOperation(IDPServiceHelper.java:67)
	at com.myntra.apiTests.portalservices.atsService.ATSHelper.performSignup(ATSHelper.java:156)
	at com.myntra.apiTests.portalservices.atsService.TestATSAPISV2.testSetandGetATSUserDetailsVerification(TestATSAPISV2.java:52)
	at sun.reflect.GeneratedMethodAccessor11.invoke(Unknown Source)
	at sun.reflect.DelegatingMethodAccessorImpl.invoke(DelegatingMethodAccessorImpl.java:43)
	at java.lang.reflect.Method.invoke(Method.java:498)
	at org.testng.internal.MethodInvocationHelper.invokeMethod(MethodInvocationHelper.java:86)
	at org.testng.internal.Invoker.invokeMethod(Invoker.java:643)
	at org.testng.internal.Invoker.invokeTestMethod(Invoker.java:820)
	at org.testng.internal.Invoker.invokeTestMethods(Invoker.java:1128)
	at org.testng.internal.TestMethodWorker.invokeTestMethods(TestMethodWorker.java:129)
	at org.testng.internal.TestMethodWorker.run(TestMethodWorker.java:112)
	at org.testng.TestRunner.privateRun(TestRunner.java:782)
	at org.testng.TestRunner.run(TestRunner.java:632)
	at org.testng.SuiteRunner.runTest(SuiteRunner.java:366)
	at org.testng.SuiteRunner.runSequentially(SuiteRunner.java:361)
	at org.testng.SuiteRunner.privateRun(SuiteRunner.java:319)
	at org.testng.SuiteRunner.run(SuiteRunner.java:268)
	at org.testng.SuiteRunnerWorker.runSuite(SuiteRunnerWorker.java:52)
	at org.testng.SuiteRunnerWorker.run(SuiteRunnerWorker.java:86)
	at org.testng.TestNG.runSuitesSequentially(TestNG.java:1244)
	at org.testng.TestNG.runSuitesLocally(TestNG.java:1169)
	at org.testng.TestNG.run(TestNG.java:1064)
	at org.apache.maven.surefire.testng.TestNGExecutor.run(TestNGExecutor.java:217)
	at org.apache.maven.surefire.testng.TestNGXmlTestSuite.execute(TestNGXmlTestSuite.java:84)
	at org.apache.maven.surefire.testng.TestNGProvider.invoke(TestNGProvider.java:92)
	at org.apache.maven.surefire.booter.ForkedBooter.invokeProviderInSameClassLoader(ForkedBooter.java:200)
	at org.apache.maven.surefire.booter.ForkedBooter.runSuitesInProcess(ForkedBooter.java:153)
	at org.apache.maven.surefire.booter.ForkedBooter.main(ForkedBooter.java:103)
Caused by: java.lang.IllegalStateException: Already connected
	at sun.net.www.protocol.http.HttpURLConnection.setRequestProperty(HttpURLConnection.java:3071)
	at org.glassfish.jersey.client.HttpUrlConnector.setOutboundHeaders(HttpUrlConnector.java:374)
	at org.glassfish.jersey.client.HttpUrlConnector.access$100(HttpUrlConnector.java:91)
	at org.glassfish.jersey.client.HttpUrlConnector$4.getOutputStream(HttpUrlConnector.java:325)
	at org.glassfish.jersey.message.internal.CommittingOutputStream.commitStream(CommittingOutputStream.java:200)
	at org.glassfish.jersey.message.internal.CommittingOutputStream.commitStream(CommittingOutputStream.java:194)
	at org.glassfish.jersey.message.internal.CommittingOutputStream.commit(CommittingOutputStream.java:262)
	at org.glassfish.jersey.message.internal.OutboundMessageContext.commitStream(OutboundMessageContext.java:816)
	at org.glassfish.jersey.client.ClientRequest.writeEntity(ClientRequest.java:545)
	at org.glassfish.jersey.client.HttpUrlConnector._apply(HttpUrlConnector.java:329)
	at org.glassfish.jersey.client.HttpUrlConnector.apply(HttpUrlConnector.java:242)
	at org.glassfish.jersey.client.ClientRuntime.invoke(ClientRuntime.java:254)
	... 41 more
]]>
    </error>
  </testcase> <!-- testSetandGetATSUserDetailsVerification -->
  <testcase name="testSetandGetATSUserDetailsVerification" time="0.040" classname="com.myntra.apiTests.portalservices.atsService.TestATSAPISV2">
    <error type="javax.ws.rs.ProcessingException" message="Already connected">
      <![CDATA[javax.ws.rs.ProcessingException: Already connected
	at org.glassfish.jersey.client.ClientRuntime.invoke(ClientRuntime.java:263)
	at org.glassfish.jersey.client.JerseyInvocation$1.call(JerseyInvocation.java:671)
	at org.glassfish.jersey.client.JerseyInvocation$1.call(JerseyInvocation.java:668)
	at org.glassfish.jersey.internal.Errors.process(Errors.java:315)
	at org.glassfish.jersey.internal.Errors.process(Errors.java:297)
	at org.glassfish.jersey.internal.Errors.process(Errors.java:228)
	at org.glassfish.jersey.process.internal.RequestScope.runInScope(RequestScope.java:444)
	at org.glassfish.jersey.client.JerseyInvocation.invoke(JerseyInvocation.java:668)
	at org.glassfish.jersey.client.JerseyInvocation$Builder.method(JerseyInvocation.java:428)
	at org.glassfish.jersey.client.JerseyInvocation$Builder.post(JerseyInvocation.java:334)
	at com.myntra.lordoftherings.gandalf.RequestGenerator.CollectResponse(RequestGenerator.java:290)
	at com.myntra.lordoftherings.gandalf.RequestGenerator.PostResponse(RequestGenerator.java:194)
	at com.myntra.lordoftherings.gandalf.RequestGenerator.<init>(RequestGenerator.java:136)
	at com.myntra.apiTests.portalservices.idpservice.IDPServiceHelper.performSignUpOperation(IDPServiceHelper.java:67)
	at com.myntra.apiTests.portalservices.atsService.ATSHelper.performSignup(ATSHelper.java:156)
	at com.myntra.apiTests.portalservices.atsService.TestATSAPISV2.testSetandGetATSUserDetailsVerification(TestATSAPISV2.java:52)
	at sun.reflect.NativeMethodAccessorImpl.invoke0(Native Method)
	at sun.reflect.NativeMethodAccessorImpl.invoke(NativeMethodAccessorImpl.java:62)
	at sun.reflect.DelegatingMethodAccessorImpl.invoke(DelegatingMethodAccessorImpl.java:43)
	at java.lang.reflect.Method.invoke(Method.java:498)
	at org.testng.internal.MethodInvocationHelper.invokeMethod(MethodInvocationHelper.java:86)
	at org.testng.internal.Invoker.invokeMethod(Invoker.java:643)
	at org.testng.internal.Invoker.invokeTestMethod(Invoker.java:820)
	at org.testng.internal.Invoker.invokeTestMethods(Invoker.java:1128)
	at org.testng.internal.TestMethodWorker.invokeTestMethods(TestMethodWorker.java:129)
	at org.testng.internal.TestMethodWorker.run(TestMethodWorker.java:112)
	at org.testng.TestRunner.privateRun(TestRunner.java:782)
	at org.testng.TestRunner.run(TestRunner.java:632)
	at org.testng.SuiteRunner.runTest(SuiteRunner.java:366)
	at org.testng.SuiteRunner.runSequentially(SuiteRunner.java:361)
	at org.testng.SuiteRunner.privateRun(SuiteRunner.java:319)
	at org.testng.SuiteRunner.run(SuiteRunner.java:268)
	at org.testng.SuiteRunnerWorker.runSuite(SuiteRunnerWorker.java:52)
	at org.testng.SuiteRunnerWorker.run(SuiteRunnerWorker.java:86)
	at org.testng.TestNG.runSuitesSequentially(TestNG.java:1244)
	at org.testng.TestNG.runSuitesLocally(TestNG.java:1169)
	at org.testng.TestNG.run(TestNG.java:1064)
	at org.apache.maven.surefire.testng.TestNGExecutor.run(TestNGExecutor.java:217)
	at org.apache.maven.surefire.testng.TestNGXmlTestSuite.execute(TestNGXmlTestSuite.java:84)
	at org.apache.maven.surefire.testng.TestNGProvider.invoke(TestNGProvider.java:92)
	at org.apache.maven.surefire.booter.ForkedBooter.invokeProviderInSameClassLoader(ForkedBooter.java:200)
	at org.apache.maven.surefire.booter.ForkedBooter.runSuitesInProcess(ForkedBooter.java:153)
	at org.apache.maven.surefire.booter.ForkedBooter.main(ForkedBooter.java:103)
Caused by: java.lang.IllegalStateException: Already connected
	at sun.net.www.protocol.http.HttpURLConnection.setRequestProperty(HttpURLConnection.java:3071)
	at org.glassfish.jersey.client.HttpUrlConnector.setOutboundHeaders(HttpUrlConnector.java:374)
	at org.glassfish.jersey.client.HttpUrlConnector.access$100(HttpUrlConnector.java:91)
	at org.glassfish.jersey.client.HttpUrlConnector$4.getOutputStream(HttpUrlConnector.java:325)
	at org.glassfish.jersey.message.internal.CommittingOutputStream.commitStream(CommittingOutputStream.java:200)
	at org.glassfish.jersey.message.internal.CommittingOutputStream.commitStream(CommittingOutputStream.java:194)
	at org.glassfish.jersey.message.internal.CommittingOutputStream.commit(CommittingOutputStream.java:262)
	at org.glassfish.jersey.message.internal.OutboundMessageContext.commitStream(OutboundMessageContext.java:816)
	at org.glassfish.jersey.client.ClientRequest.writeEntity(ClientRequest.java:545)
	at org.glassfish.jersey.client.HttpUrlConnector._apply(HttpUrlConnector.java:329)
	at org.glassfish.jersey.client.HttpUrlConnector.apply(HttpUrlConnector.java:242)
	at org.glassfish.jersey.client.ClientRuntime.invoke(ClientRuntime.java:254)
	... 42 more
]]>
    </error>
  </testcase> <!-- testSetandGetATSUserDetailsVerification -->
  <testcase name="testSetandGetATSUserDetailsVerification" time="0.067" classname="com.myntra.apiTests.portalservices.atsService.TestATSAPISV2">
    <error type="javax.ws.rs.ProcessingException" message="Already connected">
      <![CDATA[javax.ws.rs.ProcessingException: Already connected
	at org.glassfish.jersey.client.ClientRuntime.invoke(ClientRuntime.java:263)
	at org.glassfish.jersey.client.JerseyInvocation$1.call(JerseyInvocation.java:671)
	at org.glassfish.jersey.client.JerseyInvocation$1.call(JerseyInvocation.java:668)
	at org.glassfish.jersey.internal.Errors.process(Errors.java:315)
	at org.glassfish.jersey.internal.Errors.process(Errors.java:297)
	at org.glassfish.jersey.internal.Errors.process(Errors.java:228)
	at org.glassfish.jersey.process.internal.RequestScope.runInScope(RequestScope.java:444)
	at org.glassfish.jersey.client.JerseyInvocation.invoke(JerseyInvocation.java:668)
	at org.glassfish.jersey.client.JerseyInvocation$Builder.method(JerseyInvocation.java:428)
	at org.glassfish.jersey.client.JerseyInvocation$Builder.post(JerseyInvocation.java:334)
	at com.myntra.lordoftherings.gandalf.RequestGenerator.CollectResponse(RequestGenerator.java:290)
	at com.myntra.lordoftherings.gandalf.RequestGenerator.PostResponse(RequestGenerator.java:194)
	at com.myntra.lordoftherings.gandalf.RequestGenerator.<init>(RequestGenerator.java:136)
	at com.myntra.apiTests.portalservices.idpservice.IDPServiceHelper.performSignUpOperation(IDPServiceHelper.java:67)
	at com.myntra.apiTests.portalservices.atsService.ATSHelper.performSignup(ATSHelper.java:156)
	at com.myntra.apiTests.portalservices.atsService.TestATSAPISV2.testSetandGetATSUserDetailsVerification(TestATSAPISV2.java:52)
	at sun.reflect.GeneratedMethodAccessor11.invoke(Unknown Source)
	at sun.reflect.DelegatingMethodAccessorImpl.invoke(DelegatingMethodAccessorImpl.java:43)
	at java.lang.reflect.Method.invoke(Method.java:498)
	at org.testng.internal.MethodInvocationHelper.invokeMethod(MethodInvocationHelper.java:86)
	at org.testng.internal.Invoker.invokeMethod(Invoker.java:643)
	at org.testng.internal.Invoker.invokeTestMethod(Invoker.java:820)
	at org.testng.internal.Invoker.invokeTestMethods(Invoker.java:1128)
	at org.testng.internal.TestMethodWorker.invokeTestMethods(TestMethodWorker.java:129)
	at org.testng.internal.TestMethodWorker.run(TestMethodWorker.java:112)
	at org.testng.TestRunner.privateRun(TestRunner.java:782)
	at org.testng.TestRunner.run(TestRunner.java:632)
	at org.testng.SuiteRunner.runTest(SuiteRunner.java:366)
	at org.testng.SuiteRunner.runSequentially(SuiteRunner.java:361)
	at org.testng.SuiteRunner.privateRun(SuiteRunner.java:319)
	at org.testng.SuiteRunner.run(SuiteRunner.java:268)
	at org.testng.SuiteRunnerWorker.runSuite(SuiteRunnerWorker.java:52)
	at org.testng.SuiteRunnerWorker.run(SuiteRunnerWorker.java:86)
	at org.testng.TestNG.runSuitesSequentially(TestNG.java:1244)
	at org.testng.TestNG.runSuitesLocally(TestNG.java:1169)
	at org.testng.TestNG.run(TestNG.java:1064)
	at org.apache.maven.surefire.testng.TestNGExecutor.run(TestNGExecutor.java:217)
	at org.apache.maven.surefire.testng.TestNGXmlTestSuite.execute(TestNGXmlTestSuite.java:84)
	at org.apache.maven.surefire.testng.TestNGProvider.invoke(TestNGProvider.java:92)
	at org.apache.maven.surefire.booter.ForkedBooter.invokeProviderInSameClassLoader(ForkedBooter.java:200)
	at org.apache.maven.surefire.booter.ForkedBooter.runSuitesInProcess(ForkedBooter.java:153)
	at org.apache.maven.surefire.booter.ForkedBooter.main(ForkedBooter.java:103)
Caused by: java.lang.IllegalStateException: Already connected
	at sun.net.www.protocol.http.HttpURLConnection.setRequestProperty(HttpURLConnection.java:3071)
	at org.glassfish.jersey.client.HttpUrlConnector.setOutboundHeaders(HttpUrlConnector.java:374)
	at org.glassfish.jersey.client.HttpUrlConnector.access$100(HttpUrlConnector.java:91)
	at org.glassfish.jersey.client.HttpUrlConnector$4.getOutputStream(HttpUrlConnector.java:325)
	at org.glassfish.jersey.message.internal.CommittingOutputStream.commitStream(CommittingOutputStream.java:200)
	at org.glassfish.jersey.message.internal.CommittingOutputStream.commitStream(CommittingOutputStream.java:194)
	at org.glassfish.jersey.message.internal.CommittingOutputStream.commit(CommittingOutputStream.java:262)
	at org.glassfish.jersey.message.internal.OutboundMessageContext.commitStream(OutboundMessageContext.java:816)
	at org.glassfish.jersey.client.ClientRequest.writeEntity(ClientRequest.java:545)
	at org.glassfish.jersey.client.HttpUrlConnector._apply(HttpUrlConnector.java:329)
	at org.glassfish.jersey.client.HttpUrlConnector.apply(HttpUrlConnector.java:242)
	at org.glassfish.jersey.client.ClientRuntime.invoke(ClientRuntime.java:254)
	... 41 more
]]>
    </error>
  </testcase> <!-- testSetandGetATSUserDetailsVerification -->
  <testcase name="testSetandGetATSUserDetailsVerification" time="0.034" classname="com.myntra.apiTests.portalservices.atsService.TestATSAPISV2">
    <error type="javax.ws.rs.ProcessingException" message="Already connected">
      <![CDATA[javax.ws.rs.ProcessingException: Already connected
	at org.glassfish.jersey.client.ClientRuntime.invoke(ClientRuntime.java:263)
	at org.glassfish.jersey.client.JerseyInvocation$1.call(JerseyInvocation.java:671)
	at org.glassfish.jersey.client.JerseyInvocation$1.call(JerseyInvocation.java:668)
	at org.glassfish.jersey.internal.Errors.process(Errors.java:315)
	at org.glassfish.jersey.internal.Errors.process(Errors.java:297)
	at org.glassfish.jersey.internal.Errors.process(Errors.java:228)
	at org.glassfish.jersey.process.internal.RequestScope.runInScope(RequestScope.java:444)
	at org.glassfish.jersey.client.JerseyInvocation.invoke(JerseyInvocation.java:668)
	at org.glassfish.jersey.client.JerseyInvocation$Builder.method(JerseyInvocation.java:428)
	at org.glassfish.jersey.client.JerseyInvocation$Builder.post(JerseyInvocation.java:334)
	at com.myntra.lordoftherings.gandalf.RequestGenerator.CollectResponse(RequestGenerator.java:290)
	at com.myntra.lordoftherings.gandalf.RequestGenerator.PostResponse(RequestGenerator.java:194)
	at com.myntra.lordoftherings.gandalf.RequestGenerator.<init>(RequestGenerator.java:136)
	at com.myntra.apiTests.portalservices.idpservice.IDPServiceHelper.performSignUpOperation(IDPServiceHelper.java:67)
	at com.myntra.apiTests.portalservices.atsService.ATSHelper.performSignup(ATSHelper.java:156)
	at com.myntra.apiTests.portalservices.atsService.TestATSAPISV2.testSetandGetATSUserDetailsVerification(TestATSAPISV2.java:52)
	at sun.reflect.NativeMethodAccessorImpl.invoke0(Native Method)
	at sun.reflect.NativeMethodAccessorImpl.invoke(NativeMethodAccessorImpl.java:62)
	at sun.reflect.DelegatingMethodAccessorImpl.invoke(DelegatingMethodAccessorImpl.java:43)
	at java.lang.reflect.Method.invoke(Method.java:498)
	at org.testng.internal.MethodInvocationHelper.invokeMethod(MethodInvocationHelper.java:86)
	at org.testng.internal.Invoker.invokeMethod(Invoker.java:643)
	at org.testng.internal.Invoker.invokeTestMethod(Invoker.java:820)
	at org.testng.internal.Invoker.invokeTestMethods(Invoker.java:1128)
	at org.testng.internal.TestMethodWorker.invokeTestMethods(TestMethodWorker.java:129)
	at org.testng.internal.TestMethodWorker.run(TestMethodWorker.java:112)
	at org.testng.TestRunner.privateRun(TestRunner.java:782)
	at org.testng.TestRunner.run(TestRunner.java:632)
	at org.testng.SuiteRunner.runTest(SuiteRunner.java:366)
	at org.testng.SuiteRunner.runSequentially(SuiteRunner.java:361)
	at org.testng.SuiteRunner.privateRun(SuiteRunner.java:319)
	at org.testng.SuiteRunner.run(SuiteRunner.java:268)
	at org.testng.SuiteRunnerWorker.runSuite(SuiteRunnerWorker.java:52)
	at org.testng.SuiteRunnerWorker.run(SuiteRunnerWorker.java:86)
	at org.testng.TestNG.runSuitesSequentially(TestNG.java:1244)
	at org.testng.TestNG.runSuitesLocally(TestNG.java:1169)
	at org.testng.TestNG.run(TestNG.java:1064)
	at org.apache.maven.surefire.testng.TestNGExecutor.run(TestNGExecutor.java:217)
	at org.apache.maven.surefire.testng.TestNGXmlTestSuite.execute(TestNGXmlTestSuite.java:84)
	at org.apache.maven.surefire.testng.TestNGProvider.invoke(TestNGProvider.java:92)
	at org.apache.maven.surefire.booter.ForkedBooter.invokeProviderInSameClassLoader(ForkedBooter.java:200)
	at org.apache.maven.surefire.booter.ForkedBooter.runSuitesInProcess(ForkedBooter.java:153)
	at org.apache.maven.surefire.booter.ForkedBooter.main(ForkedBooter.java:103)
Caused by: java.lang.IllegalStateException: Already connected
	at sun.net.www.protocol.http.HttpURLConnection.setRequestProperty(HttpURLConnection.java:3071)
	at org.glassfish.jersey.client.HttpUrlConnector.setOutboundHeaders(HttpUrlConnector.java:374)
	at org.glassfish.jersey.client.HttpUrlConnector.access$100(HttpUrlConnector.java:91)
	at org.glassfish.jersey.client.HttpUrlConnector$4.getOutputStream(HttpUrlConnector.java:325)
	at org.glassfish.jersey.message.internal.CommittingOutputStream.commitStream(CommittingOutputStream.java:200)
	at org.glassfish.jersey.message.internal.CommittingOutputStream.commitStream(CommittingOutputStream.java:194)
	at org.glassfish.jersey.message.internal.CommittingOutputStream.commit(CommittingOutputStream.java:262)
	at org.glassfish.jersey.message.internal.OutboundMessageContext.commitStream(OutboundMessageContext.java:816)
	at org.glassfish.jersey.client.ClientRequest.writeEntity(ClientRequest.java:545)
	at org.glassfish.jersey.client.HttpUrlConnector._apply(HttpUrlConnector.java:329)
	at org.glassfish.jersey.client.HttpUrlConnector.apply(HttpUrlConnector.java:242)
	at org.glassfish.jersey.client.ClientRuntime.invoke(ClientRuntime.java:254)
	... 42 more
]]>
    </error>
  </testcase> <!-- testSetandGetATSUserDetailsVerification -->
  <testcase name="testSetandGetATSUserDetailsVerification" time="0.081" classname="com.myntra.apiTests.portalservices.atsService.TestATSAPISV2">
    <error type="javax.ws.rs.ProcessingException" message="Already connected">
      <![CDATA[javax.ws.rs.ProcessingException: Already connected
	at org.glassfish.jersey.client.ClientRuntime.invoke(ClientRuntime.java:263)
	at org.glassfish.jersey.client.JerseyInvocation$1.call(JerseyInvocation.java:671)
	at org.glassfish.jersey.client.JerseyInvocation$1.call(JerseyInvocation.java:668)
	at org.glassfish.jersey.internal.Errors.process(Errors.java:315)
	at org.glassfish.jersey.internal.Errors.process(Errors.java:297)
	at org.glassfish.jersey.internal.Errors.process(Errors.java:228)
	at org.glassfish.jersey.process.internal.RequestScope.runInScope(RequestScope.java:444)
	at org.glassfish.jersey.client.JerseyInvocation.invoke(JerseyInvocation.java:668)
	at org.glassfish.jersey.client.JerseyInvocation$Builder.method(JerseyInvocation.java:428)
	at org.glassfish.jersey.client.JerseyInvocation$Builder.post(JerseyInvocation.java:334)
	at com.myntra.lordoftherings.gandalf.RequestGenerator.CollectResponse(RequestGenerator.java:290)
	at com.myntra.lordoftherings.gandalf.RequestGenerator.PostResponse(RequestGenerator.java:194)
	at com.myntra.lordoftherings.gandalf.RequestGenerator.<init>(RequestGenerator.java:136)
	at com.myntra.apiTests.portalservices.idpservice.IDPServiceHelper.performSignUpOperation(IDPServiceHelper.java:67)
	at com.myntra.apiTests.portalservices.atsService.ATSHelper.performSignup(ATSHelper.java:156)
	at com.myntra.apiTests.portalservices.atsService.TestATSAPISV2.testSetandGetATSUserDetailsVerification(TestATSAPISV2.java:52)
	at sun.reflect.GeneratedMethodAccessor11.invoke(Unknown Source)
	at sun.reflect.DelegatingMethodAccessorImpl.invoke(DelegatingMethodAccessorImpl.java:43)
	at java.lang.reflect.Method.invoke(Method.java:498)
	at org.testng.internal.MethodInvocationHelper.invokeMethod(MethodInvocationHelper.java:86)
	at org.testng.internal.Invoker.invokeMethod(Invoker.java:643)
	at org.testng.internal.Invoker.invokeTestMethod(Invoker.java:820)
	at org.testng.internal.Invoker.invokeTestMethods(Invoker.java:1128)
	at org.testng.internal.TestMethodWorker.invokeTestMethods(TestMethodWorker.java:129)
	at org.testng.internal.TestMethodWorker.run(TestMethodWorker.java:112)
	at org.testng.TestRunner.privateRun(TestRunner.java:782)
	at org.testng.TestRunner.run(TestRunner.java:632)
	at org.testng.SuiteRunner.runTest(SuiteRunner.java:366)
	at org.testng.SuiteRunner.runSequentially(SuiteRunner.java:361)
	at org.testng.SuiteRunner.privateRun(SuiteRunner.java:319)
	at org.testng.SuiteRunner.run(SuiteRunner.java:268)
	at org.testng.SuiteRunnerWorker.runSuite(SuiteRunnerWorker.java:52)
	at org.testng.SuiteRunnerWorker.run(SuiteRunnerWorker.java:86)
	at org.testng.TestNG.runSuitesSequentially(TestNG.java:1244)
	at org.testng.TestNG.runSuitesLocally(TestNG.java:1169)
	at org.testng.TestNG.run(TestNG.java:1064)
	at org.apache.maven.surefire.testng.TestNGExecutor.run(TestNGExecutor.java:217)
	at org.apache.maven.surefire.testng.TestNGXmlTestSuite.execute(TestNGXmlTestSuite.java:84)
	at org.apache.maven.surefire.testng.TestNGProvider.invoke(TestNGProvider.java:92)
	at org.apache.maven.surefire.booter.ForkedBooter.invokeProviderInSameClassLoader(ForkedBooter.java:200)
	at org.apache.maven.surefire.booter.ForkedBooter.runSuitesInProcess(ForkedBooter.java:153)
	at org.apache.maven.surefire.booter.ForkedBooter.main(ForkedBooter.java:103)
Caused by: java.lang.IllegalStateException: Already connected
	at sun.net.www.protocol.http.HttpURLConnection.setRequestProperty(HttpURLConnection.java:3071)
	at org.glassfish.jersey.client.HttpUrlConnector.setOutboundHeaders(HttpUrlConnector.java:374)
	at org.glassfish.jersey.client.HttpUrlConnector.access$100(HttpUrlConnector.java:91)
	at org.glassfish.jersey.client.HttpUrlConnector$4.getOutputStream(HttpUrlConnector.java:325)
	at org.glassfish.jersey.message.internal.CommittingOutputStream.commitStream(CommittingOutputStream.java:200)
	at org.glassfish.jersey.message.internal.CommittingOutputStream.commitStream(CommittingOutputStream.java:194)
	at org.glassfish.jersey.message.internal.CommittingOutputStream.commit(CommittingOutputStream.java:262)
	at org.glassfish.jersey.message.internal.OutboundMessageContext.commitStream(OutboundMessageContext.java:816)
	at org.glassfish.jersey.client.ClientRequest.writeEntity(ClientRequest.java:545)
	at org.glassfish.jersey.client.HttpUrlConnector._apply(HttpUrlConnector.java:329)
	at org.glassfish.jersey.client.HttpUrlConnector.apply(HttpUrlConnector.java:242)
	at org.glassfish.jersey.client.ClientRuntime.invoke(ClientRuntime.java:254)
	... 41 more
]]>
    </error>
  </testcase> <!-- testSetandGetATSUserDetailsVerification -->
  <testcase name="testSetandGetATSUserDetailsVerification" time="0.087" classname="com.myntra.apiTests.portalservices.atsService.TestATSAPISV2">
    <error type="javax.ws.rs.ProcessingException" message="Already connected">
      <![CDATA[javax.ws.rs.ProcessingException: Already connected
	at org.glassfish.jersey.client.ClientRuntime.invoke(ClientRuntime.java:263)
	at org.glassfish.jersey.client.JerseyInvocation$1.call(JerseyInvocation.java:671)
	at org.glassfish.jersey.client.JerseyInvocation$1.call(JerseyInvocation.java:668)
	at org.glassfish.jersey.internal.Errors.process(Errors.java:315)
	at org.glassfish.jersey.internal.Errors.process(Errors.java:297)
	at org.glassfish.jersey.internal.Errors.process(Errors.java:228)
	at org.glassfish.jersey.process.internal.RequestScope.runInScope(RequestScope.java:444)
	at org.glassfish.jersey.client.JerseyInvocation.invoke(JerseyInvocation.java:668)
	at org.glassfish.jersey.client.JerseyInvocation$Builder.method(JerseyInvocation.java:428)
	at org.glassfish.jersey.client.JerseyInvocation$Builder.post(JerseyInvocation.java:334)
	at com.myntra.lordoftherings.gandalf.RequestGenerator.CollectResponse(RequestGenerator.java:290)
	at com.myntra.lordoftherings.gandalf.RequestGenerator.PostResponse(RequestGenerator.java:194)
	at com.myntra.lordoftherings.gandalf.RequestGenerator.<init>(RequestGenerator.java:136)
	at com.myntra.apiTests.portalservices.idpservice.IDPServiceHelper.performSignUpOperation(IDPServiceHelper.java:67)
	at com.myntra.apiTests.portalservices.atsService.ATSHelper.performSignup(ATSHelper.java:156)
	at com.myntra.apiTests.portalservices.atsService.TestATSAPISV2.testSetandGetATSUserDetailsVerification(TestATSAPISV2.java:52)
	at sun.reflect.GeneratedMethodAccessor11.invoke(Unknown Source)
	at sun.reflect.DelegatingMethodAccessorImpl.invoke(DelegatingMethodAccessorImpl.java:43)
	at java.lang.reflect.Method.invoke(Method.java:498)
	at org.testng.internal.MethodInvocationHelper.invokeMethod(MethodInvocationHelper.java:86)
	at org.testng.internal.Invoker.invokeMethod(Invoker.java:643)
	at org.testng.internal.Invoker.invokeTestMethod(Invoker.java:820)
	at org.testng.internal.Invoker.invokeTestMethods(Invoker.java:1128)
	at org.testng.internal.TestMethodWorker.invokeTestMethods(TestMethodWorker.java:129)
	at org.testng.internal.TestMethodWorker.run(TestMethodWorker.java:112)
	at org.testng.TestRunner.privateRun(TestRunner.java:782)
	at org.testng.TestRunner.run(TestRunner.java:632)
	at org.testng.SuiteRunner.runTest(SuiteRunner.java:366)
	at org.testng.SuiteRunner.runSequentially(SuiteRunner.java:361)
	at org.testng.SuiteRunner.privateRun(SuiteRunner.java:319)
	at org.testng.SuiteRunner.run(SuiteRunner.java:268)
	at org.testng.SuiteRunnerWorker.runSuite(SuiteRunnerWorker.java:52)
	at org.testng.SuiteRunnerWorker.run(SuiteRunnerWorker.java:86)
	at org.testng.TestNG.runSuitesSequentially(TestNG.java:1244)
	at org.testng.TestNG.runSuitesLocally(TestNG.java:1169)
	at org.testng.TestNG.run(TestNG.java:1064)
	at org.apache.maven.surefire.testng.TestNGExecutor.run(TestNGExecutor.java:217)
	at org.apache.maven.surefire.testng.TestNGXmlTestSuite.execute(TestNGXmlTestSuite.java:84)
	at org.apache.maven.surefire.testng.TestNGProvider.invoke(TestNGProvider.java:92)
	at org.apache.maven.surefire.booter.ForkedBooter.invokeProviderInSameClassLoader(ForkedBooter.java:200)
	at org.apache.maven.surefire.booter.ForkedBooter.runSuitesInProcess(ForkedBooter.java:153)
	at org.apache.maven.surefire.booter.ForkedBooter.main(ForkedBooter.java:103)
Caused by: java.lang.IllegalStateException: Already connected
	at sun.net.www.protocol.http.HttpURLConnection.setRequestProperty(HttpURLConnection.java:3071)
	at org.glassfish.jersey.client.HttpUrlConnector.setOutboundHeaders(HttpUrlConnector.java:374)
	at org.glassfish.jersey.client.HttpUrlConnector.access$100(HttpUrlConnector.java:91)
	at org.glassfish.jersey.client.HttpUrlConnector$4.getOutputStream(HttpUrlConnector.java:325)
	at org.glassfish.jersey.message.internal.CommittingOutputStream.commitStream(CommittingOutputStream.java:200)
	at org.glassfish.jersey.message.internal.CommittingOutputStream.commitStream(CommittingOutputStream.java:194)
	at org.glassfish.jersey.message.internal.CommittingOutputStream.commit(CommittingOutputStream.java:262)
	at org.glassfish.jersey.message.internal.OutboundMessageContext.commitStream(OutboundMessageContext.java:816)
	at org.glassfish.jersey.client.ClientRequest.writeEntity(ClientRequest.java:545)
	at org.glassfish.jersey.client.HttpUrlConnector._apply(HttpUrlConnector.java:329)
	at org.glassfish.jersey.client.HttpUrlConnector.apply(HttpUrlConnector.java:242)
	at org.glassfish.jersey.client.ClientRuntime.invoke(ClientRuntime.java:254)
	... 41 more
]]>
    </error>
  </testcase> <!-- testSetandGetATSUserDetailsVerification -->
  <testcase name="testSetandGetATSUserDetailsVerification" time="0.060" classname="com.myntra.apiTests.portalservices.atsService.TestATSAPISV2">
    <error type="javax.ws.rs.ProcessingException" message="Already connected">
      <![CDATA[javax.ws.rs.ProcessingException: Already connected
	at org.glassfish.jersey.client.ClientRuntime.invoke(ClientRuntime.java:263)
	at org.glassfish.jersey.client.JerseyInvocation$1.call(JerseyInvocation.java:671)
	at org.glassfish.jersey.client.JerseyInvocation$1.call(JerseyInvocation.java:668)
	at org.glassfish.jersey.internal.Errors.process(Errors.java:315)
	at org.glassfish.jersey.internal.Errors.process(Errors.java:297)
	at org.glassfish.jersey.internal.Errors.process(Errors.java:228)
	at org.glassfish.jersey.process.internal.RequestScope.runInScope(RequestScope.java:444)
	at org.glassfish.jersey.client.JerseyInvocation.invoke(JerseyInvocation.java:668)
	at org.glassfish.jersey.client.JerseyInvocation$Builder.method(JerseyInvocation.java:428)
	at org.glassfish.jersey.client.JerseyInvocation$Builder.post(JerseyInvocation.java:334)
	at com.myntra.lordoftherings.gandalf.RequestGenerator.CollectResponse(RequestGenerator.java:290)
	at com.myntra.lordoftherings.gandalf.RequestGenerator.PostResponse(RequestGenerator.java:194)
	at com.myntra.lordoftherings.gandalf.RequestGenerator.<init>(RequestGenerator.java:136)
	at com.myntra.apiTests.portalservices.idpservice.IDPServiceHelper.performSignUpOperation(IDPServiceHelper.java:67)
	at com.myntra.apiTests.portalservices.atsService.ATSHelper.performSignup(ATSHelper.java:156)
	at com.myntra.apiTests.portalservices.atsService.TestATSAPISV2.testSetandGetATSUserDetailsVerification(TestATSAPISV2.java:52)
	at sun.reflect.NativeMethodAccessorImpl.invoke0(Native Method)
	at sun.reflect.NativeMethodAccessorImpl.invoke(NativeMethodAccessorImpl.java:62)
	at sun.reflect.DelegatingMethodAccessorImpl.invoke(DelegatingMethodAccessorImpl.java:43)
	at java.lang.reflect.Method.invoke(Method.java:498)
	at org.testng.internal.MethodInvocationHelper.invokeMethod(MethodInvocationHelper.java:86)
	at org.testng.internal.Invoker.invokeMethod(Invoker.java:643)
	at org.testng.internal.Invoker.invokeTestMethod(Invoker.java:820)
	at org.testng.internal.Invoker.invokeTestMethods(Invoker.java:1128)
	at org.testng.internal.TestMethodWorker.invokeTestMethods(TestMethodWorker.java:129)
	at org.testng.internal.TestMethodWorker.run(TestMethodWorker.java:112)
	at org.testng.TestRunner.privateRun(TestRunner.java:782)
	at org.testng.TestRunner.run(TestRunner.java:632)
	at org.testng.SuiteRunner.runTest(SuiteRunner.java:366)
	at org.testng.SuiteRunner.runSequentially(SuiteRunner.java:361)
	at org.testng.SuiteRunner.privateRun(SuiteRunner.java:319)
	at org.testng.SuiteRunner.run(SuiteRunner.java:268)
	at org.testng.SuiteRunnerWorker.runSuite(SuiteRunnerWorker.java:52)
	at org.testng.SuiteRunnerWorker.run(SuiteRunnerWorker.java:86)
	at org.testng.TestNG.runSuitesSequentially(TestNG.java:1244)
	at org.testng.TestNG.runSuitesLocally(TestNG.java:1169)
	at org.testng.TestNG.run(TestNG.java:1064)
	at org.apache.maven.surefire.testng.TestNGExecutor.run(TestNGExecutor.java:217)
	at org.apache.maven.surefire.testng.TestNGXmlTestSuite.execute(TestNGXmlTestSuite.java:84)
	at org.apache.maven.surefire.testng.TestNGProvider.invoke(TestNGProvider.java:92)
	at org.apache.maven.surefire.booter.ForkedBooter.invokeProviderInSameClassLoader(ForkedBooter.java:200)
	at org.apache.maven.surefire.booter.ForkedBooter.runSuitesInProcess(ForkedBooter.java:153)
	at org.apache.maven.surefire.booter.ForkedBooter.main(ForkedBooter.java:103)
Caused by: java.lang.IllegalStateException: Already connected
	at sun.net.www.protocol.http.HttpURLConnection.setRequestProperty(HttpURLConnection.java:3071)
	at org.glassfish.jersey.client.HttpUrlConnector.setOutboundHeaders(HttpUrlConnector.java:374)
	at org.glassfish.jersey.client.HttpUrlConnector.access$100(HttpUrlConnector.java:91)
	at org.glassfish.jersey.client.HttpUrlConnector$4.getOutputStream(HttpUrlConnector.java:325)
	at org.glassfish.jersey.message.internal.CommittingOutputStream.commitStream(CommittingOutputStream.java:200)
	at org.glassfish.jersey.message.internal.CommittingOutputStream.commitStream(CommittingOutputStream.java:194)
	at org.glassfish.jersey.message.internal.CommittingOutputStream.commit(CommittingOutputStream.java:262)
	at org.glassfish.jersey.message.internal.OutboundMessageContext.commitStream(OutboundMessageContext.java:816)
	at org.glassfish.jersey.client.ClientRequest.writeEntity(ClientRequest.java:545)
	at org.glassfish.jersey.client.HttpUrlConnector._apply(HttpUrlConnector.java:329)
	at org.glassfish.jersey.client.HttpUrlConnector.apply(HttpUrlConnector.java:242)
	at org.glassfish.jersey.client.ClientRuntime.invoke(ClientRuntime.java:254)
	... 42 more
]]>
    </error>
  </testcase> <!-- testSetandGetATSUserDetailsVerification -->
  <testcase name="testSetandGetATSUserDetailsVerification" time="0.039" classname="com.myntra.apiTests.portalservices.atsService.TestATSAPISV2">
    <error type="javax.ws.rs.ProcessingException" message="Already connected">
      <![CDATA[javax.ws.rs.ProcessingException: Already connected
	at org.glassfish.jersey.client.ClientRuntime.invoke(ClientRuntime.java:263)
	at org.glassfish.jersey.client.JerseyInvocation$1.call(JerseyInvocation.java:671)
	at org.glassfish.jersey.client.JerseyInvocation$1.call(JerseyInvocation.java:668)
	at org.glassfish.jersey.internal.Errors.process(Errors.java:315)
	at org.glassfish.jersey.internal.Errors.process(Errors.java:297)
	at org.glassfish.jersey.internal.Errors.process(Errors.java:228)
	at org.glassfish.jersey.process.internal.RequestScope.runInScope(RequestScope.java:444)
	at org.glassfish.jersey.client.JerseyInvocation.invoke(JerseyInvocation.java:668)
	at org.glassfish.jersey.client.JerseyInvocation$Builder.method(JerseyInvocation.java:428)
	at org.glassfish.jersey.client.JerseyInvocation$Builder.post(JerseyInvocation.java:334)
	at com.myntra.lordoftherings.gandalf.RequestGenerator.CollectResponse(RequestGenerator.java:290)
	at com.myntra.lordoftherings.gandalf.RequestGenerator.PostResponse(RequestGenerator.java:194)
	at com.myntra.lordoftherings.gandalf.RequestGenerator.<init>(RequestGenerator.java:136)
	at com.myntra.apiTests.portalservices.idpservice.IDPServiceHelper.performSignUpOperation(IDPServiceHelper.java:67)
	at com.myntra.apiTests.portalservices.atsService.ATSHelper.performSignup(ATSHelper.java:156)
	at com.myntra.apiTests.portalservices.atsService.TestATSAPISV2.testSetandGetATSUserDetailsVerification(TestATSAPISV2.java:52)
	at sun.reflect.NativeMethodAccessorImpl.invoke0(Native Method)
	at sun.reflect.NativeMethodAccessorImpl.invoke(NativeMethodAccessorImpl.java:62)
	at sun.reflect.DelegatingMethodAccessorImpl.invoke(DelegatingMethodAccessorImpl.java:43)
	at java.lang.reflect.Method.invoke(Method.java:498)
	at org.testng.internal.MethodInvocationHelper.invokeMethod(MethodInvocationHelper.java:86)
	at org.testng.internal.Invoker.invokeMethod(Invoker.java:643)
	at org.testng.internal.Invoker.invokeTestMethod(Invoker.java:820)
	at org.testng.internal.Invoker.invokeTestMethods(Invoker.java:1128)
	at org.testng.internal.TestMethodWorker.invokeTestMethods(TestMethodWorker.java:129)
	at org.testng.internal.TestMethodWorker.run(TestMethodWorker.java:112)
	at org.testng.TestRunner.privateRun(TestRunner.java:782)
	at org.testng.TestRunner.run(TestRunner.java:632)
	at org.testng.SuiteRunner.runTest(SuiteRunner.java:366)
	at org.testng.SuiteRunner.runSequentially(SuiteRunner.java:361)
	at org.testng.SuiteRunner.privateRun(SuiteRunner.java:319)
	at org.testng.SuiteRunner.run(SuiteRunner.java:268)
	at org.testng.SuiteRunnerWorker.runSuite(SuiteRunnerWorker.java:52)
	at org.testng.SuiteRunnerWorker.run(SuiteRunnerWorker.java:86)
	at org.testng.TestNG.runSuitesSequentially(TestNG.java:1244)
	at org.testng.TestNG.runSuitesLocally(TestNG.java:1169)
	at org.testng.TestNG.run(TestNG.java:1064)
	at org.apache.maven.surefire.testng.TestNGExecutor.run(TestNGExecutor.java:217)
	at org.apache.maven.surefire.testng.TestNGXmlTestSuite.execute(TestNGXmlTestSuite.java:84)
	at org.apache.maven.surefire.testng.TestNGProvider.invoke(TestNGProvider.java:92)
	at org.apache.maven.surefire.booter.ForkedBooter.invokeProviderInSameClassLoader(ForkedBooter.java:200)
	at org.apache.maven.surefire.booter.ForkedBooter.runSuitesInProcess(ForkedBooter.java:153)
	at org.apache.maven.surefire.booter.ForkedBooter.main(ForkedBooter.java:103)
Caused by: java.lang.IllegalStateException: Already connected
	at sun.net.www.protocol.http.HttpURLConnection.setRequestProperty(HttpURLConnection.java:3071)
	at org.glassfish.jersey.client.HttpUrlConnector.setOutboundHeaders(HttpUrlConnector.java:374)
	at org.glassfish.jersey.client.HttpUrlConnector.access$100(HttpUrlConnector.java:91)
	at org.glassfish.jersey.client.HttpUrlConnector$4.getOutputStream(HttpUrlConnector.java:325)
	at org.glassfish.jersey.message.internal.CommittingOutputStream.commitStream(CommittingOutputStream.java:200)
	at org.glassfish.jersey.message.internal.CommittingOutputStream.commitStream(CommittingOutputStream.java:194)
	at org.glassfish.jersey.message.internal.CommittingOutputStream.commit(CommittingOutputStream.java:262)
	at org.glassfish.jersey.message.internal.OutboundMessageContext.commitStream(OutboundMessageContext.java:816)
	at org.glassfish.jersey.client.ClientRequest.writeEntity(ClientRequest.java:545)
	at org.glassfish.jersey.client.HttpUrlConnector._apply(HttpUrlConnector.java:329)
	at org.glassfish.jersey.client.HttpUrlConnector.apply(HttpUrlConnector.java:242)
	at org.glassfish.jersey.client.ClientRuntime.invoke(ClientRuntime.java:254)
	... 42 more
]]>
    </error>
  </testcase> <!-- testSetandGetATSUserDetailsVerification -->
  <testcase name="testSetandGetATSUserDetailsVerification" time="0.083" classname="com.myntra.apiTests.portalservices.atsService.TestATSAPISV2">
    <error type="javax.ws.rs.ProcessingException" message="Already connected">
      <![CDATA[javax.ws.rs.ProcessingException: Already connected
	at org.glassfish.jersey.client.ClientRuntime.invoke(ClientRuntime.java:263)
	at org.glassfish.jersey.client.JerseyInvocation$1.call(JerseyInvocation.java:671)
	at org.glassfish.jersey.client.JerseyInvocation$1.call(JerseyInvocation.java:668)
	at org.glassfish.jersey.internal.Errors.process(Errors.java:315)
	at org.glassfish.jersey.internal.Errors.process(Errors.java:297)
	at org.glassfish.jersey.internal.Errors.process(Errors.java:228)
	at org.glassfish.jersey.process.internal.RequestScope.runInScope(RequestScope.java:444)
	at org.glassfish.jersey.client.JerseyInvocation.invoke(JerseyInvocation.java:668)
	at org.glassfish.jersey.client.JerseyInvocation$Builder.method(JerseyInvocation.java:428)
	at org.glassfish.jersey.client.JerseyInvocation$Builder.post(JerseyInvocation.java:334)
	at com.myntra.lordoftherings.gandalf.RequestGenerator.CollectResponse(RequestGenerator.java:290)
	at com.myntra.lordoftherings.gandalf.RequestGenerator.PostResponse(RequestGenerator.java:194)
	at com.myntra.lordoftherings.gandalf.RequestGenerator.<init>(RequestGenerator.java:136)
	at com.myntra.apiTests.portalservices.idpservice.IDPServiceHelper.performSignUpOperation(IDPServiceHelper.java:67)
	at com.myntra.apiTests.portalservices.atsService.ATSHelper.performSignup(ATSHelper.java:156)
	at com.myntra.apiTests.portalservices.atsService.TestATSAPISV2.testSetandGetATSUserDetailsVerification(TestATSAPISV2.java:52)
	at sun.reflect.GeneratedMethodAccessor11.invoke(Unknown Source)
	at sun.reflect.DelegatingMethodAccessorImpl.invoke(DelegatingMethodAccessorImpl.java:43)
	at java.lang.reflect.Method.invoke(Method.java:498)
	at org.testng.internal.MethodInvocationHelper.invokeMethod(MethodInvocationHelper.java:86)
	at org.testng.internal.Invoker.invokeMethod(Invoker.java:643)
	at org.testng.internal.Invoker.invokeTestMethod(Invoker.java:820)
	at org.testng.internal.Invoker.invokeTestMethods(Invoker.java:1128)
	at org.testng.internal.TestMethodWorker.invokeTestMethods(TestMethodWorker.java:129)
	at org.testng.internal.TestMethodWorker.run(TestMethodWorker.java:112)
	at org.testng.TestRunner.privateRun(TestRunner.java:782)
	at org.testng.TestRunner.run(TestRunner.java:632)
	at org.testng.SuiteRunner.runTest(SuiteRunner.java:366)
	at org.testng.SuiteRunner.runSequentially(SuiteRunner.java:361)
	at org.testng.SuiteRunner.privateRun(SuiteRunner.java:319)
	at org.testng.SuiteRunner.run(SuiteRunner.java:268)
	at org.testng.SuiteRunnerWorker.runSuite(SuiteRunnerWorker.java:52)
	at org.testng.SuiteRunnerWorker.run(SuiteRunnerWorker.java:86)
	at org.testng.TestNG.runSuitesSequentially(TestNG.java:1244)
	at org.testng.TestNG.runSuitesLocally(TestNG.java:1169)
	at org.testng.TestNG.run(TestNG.java:1064)
	at org.apache.maven.surefire.testng.TestNGExecutor.run(TestNGExecutor.java:217)
	at org.apache.maven.surefire.testng.TestNGXmlTestSuite.execute(TestNGXmlTestSuite.java:84)
	at org.apache.maven.surefire.testng.TestNGProvider.invoke(TestNGProvider.java:92)
	at org.apache.maven.surefire.booter.ForkedBooter.invokeProviderInSameClassLoader(ForkedBooter.java:200)
	at org.apache.maven.surefire.booter.ForkedBooter.runSuitesInProcess(ForkedBooter.java:153)
	at org.apache.maven.surefire.booter.ForkedBooter.main(ForkedBooter.java:103)
Caused by: java.lang.IllegalStateException: Already connected
	at sun.net.www.protocol.http.HttpURLConnection.setRequestProperty(HttpURLConnection.java:3071)
	at org.glassfish.jersey.client.HttpUrlConnector.setOutboundHeaders(HttpUrlConnector.java:374)
	at org.glassfish.jersey.client.HttpUrlConnector.access$100(HttpUrlConnector.java:91)
	at org.glassfish.jersey.client.HttpUrlConnector$4.getOutputStream(HttpUrlConnector.java:325)
	at org.glassfish.jersey.message.internal.CommittingOutputStream.commitStream(CommittingOutputStream.java:200)
	at org.glassfish.jersey.message.internal.CommittingOutputStream.commitStream(CommittingOutputStream.java:194)
	at org.glassfish.jersey.message.internal.CommittingOutputStream.commit(CommittingOutputStream.java:262)
	at org.glassfish.jersey.message.internal.OutboundMessageContext.commitStream(OutboundMessageContext.java:816)
	at org.glassfish.jersey.client.ClientRequest.writeEntity(ClientRequest.java:545)
	at org.glassfish.jersey.client.HttpUrlConnector._apply(HttpUrlConnector.java:329)
	at org.glassfish.jersey.client.HttpUrlConnector.apply(HttpUrlConnector.java:242)
	at org.glassfish.jersey.client.ClientRuntime.invoke(ClientRuntime.java:254)
	... 41 more
]]>
    </error>
  </testcase> <!-- testSetandGetATSUserDetailsVerification -->
  <testcase name="testSetandGetATSUserDetailsVerification" time="0.079" classname="com.myntra.apiTests.portalservices.atsService.TestATSAPISV2">
    <error type="javax.ws.rs.ProcessingException" message="Already connected">
      <![CDATA[javax.ws.rs.ProcessingException: Already connected
	at org.glassfish.jersey.client.ClientRuntime.invoke(ClientRuntime.java:263)
	at org.glassfish.jersey.client.JerseyInvocation$1.call(JerseyInvocation.java:671)
	at org.glassfish.jersey.client.JerseyInvocation$1.call(JerseyInvocation.java:668)
	at org.glassfish.jersey.internal.Errors.process(Errors.java:315)
	at org.glassfish.jersey.internal.Errors.process(Errors.java:297)
	at org.glassfish.jersey.internal.Errors.process(Errors.java:228)
	at org.glassfish.jersey.process.internal.RequestScope.runInScope(RequestScope.java:444)
	at org.glassfish.jersey.client.JerseyInvocation.invoke(JerseyInvocation.java:668)
	at org.glassfish.jersey.client.JerseyInvocation$Builder.method(JerseyInvocation.java:428)
	at org.glassfish.jersey.client.JerseyInvocation$Builder.post(JerseyInvocation.java:334)
	at com.myntra.lordoftherings.gandalf.RequestGenerator.CollectResponse(RequestGenerator.java:290)
	at com.myntra.lordoftherings.gandalf.RequestGenerator.PostResponse(RequestGenerator.java:194)
	at com.myntra.lordoftherings.gandalf.RequestGenerator.<init>(RequestGenerator.java:136)
	at com.myntra.apiTests.portalservices.idpservice.IDPServiceHelper.performSignUpOperation(IDPServiceHelper.java:67)
	at com.myntra.apiTests.portalservices.atsService.ATSHelper.performSignup(ATSHelper.java:156)
	at com.myntra.apiTests.portalservices.atsService.TestATSAPISV2.testSetandGetATSUserDetailsVerification(TestATSAPISV2.java:52)
	at sun.reflect.GeneratedMethodAccessor11.invoke(Unknown Source)
	at sun.reflect.DelegatingMethodAccessorImpl.invoke(DelegatingMethodAccessorImpl.java:43)
	at java.lang.reflect.Method.invoke(Method.java:498)
	at org.testng.internal.MethodInvocationHelper.invokeMethod(MethodInvocationHelper.java:86)
	at org.testng.internal.Invoker.invokeMethod(Invoker.java:643)
	at org.testng.internal.Invoker.invokeTestMethod(Invoker.java:820)
	at org.testng.internal.Invoker.invokeTestMethods(Invoker.java:1128)
	at org.testng.internal.TestMethodWorker.invokeTestMethods(TestMethodWorker.java:129)
	at org.testng.internal.TestMethodWorker.run(TestMethodWorker.java:112)
	at org.testng.TestRunner.privateRun(TestRunner.java:782)
	at org.testng.TestRunner.run(TestRunner.java:632)
	at org.testng.SuiteRunner.runTest(SuiteRunner.java:366)
	at org.testng.SuiteRunner.runSequentially(SuiteRunner.java:361)
	at org.testng.SuiteRunner.privateRun(SuiteRunner.java:319)
	at org.testng.SuiteRunner.run(SuiteRunner.java:268)
	at org.testng.SuiteRunnerWorker.runSuite(SuiteRunnerWorker.java:52)
	at org.testng.SuiteRunnerWorker.run(SuiteRunnerWorker.java:86)
	at org.testng.TestNG.runSuitesSequentially(TestNG.java:1244)
	at org.testng.TestNG.runSuitesLocally(TestNG.java:1169)
	at org.testng.TestNG.run(TestNG.java:1064)
	at org.apache.maven.surefire.testng.TestNGExecutor.run(TestNGExecutor.java:217)
	at org.apache.maven.surefire.testng.TestNGXmlTestSuite.execute(TestNGXmlTestSuite.java:84)
	at org.apache.maven.surefire.testng.TestNGProvider.invoke(TestNGProvider.java:92)
	at org.apache.maven.surefire.booter.ForkedBooter.invokeProviderInSameClassLoader(ForkedBooter.java:200)
	at org.apache.maven.surefire.booter.ForkedBooter.runSuitesInProcess(ForkedBooter.java:153)
	at org.apache.maven.surefire.booter.ForkedBooter.main(ForkedBooter.java:103)
Caused by: java.lang.IllegalStateException: Already connected
	at sun.net.www.protocol.http.HttpURLConnection.setRequestProperty(HttpURLConnection.java:3071)
	at org.glassfish.jersey.client.HttpUrlConnector.setOutboundHeaders(HttpUrlConnector.java:374)
	at org.glassfish.jersey.client.HttpUrlConnector.access$100(HttpUrlConnector.java:91)
	at org.glassfish.jersey.client.HttpUrlConnector$4.getOutputStream(HttpUrlConnector.java:325)
	at org.glassfish.jersey.message.internal.CommittingOutputStream.commitStream(CommittingOutputStream.java:200)
	at org.glassfish.jersey.message.internal.CommittingOutputStream.commitStream(CommittingOutputStream.java:194)
	at org.glassfish.jersey.message.internal.CommittingOutputStream.commit(CommittingOutputStream.java:262)
	at org.glassfish.jersey.message.internal.OutboundMessageContext.commitStream(OutboundMessageContext.java:816)
	at org.glassfish.jersey.client.ClientRequest.writeEntity(ClientRequest.java:545)
	at org.glassfish.jersey.client.HttpUrlConnector._apply(HttpUrlConnector.java:329)
	at org.glassfish.jersey.client.HttpUrlConnector.apply(HttpUrlConnector.java:242)
	at org.glassfish.jersey.client.ClientRuntime.invoke(ClientRuntime.java:254)
	... 41 more
]]>
    </error>
  </testcase> <!-- testSetandGetATSUserDetailsVerification -->
  <testcase name="testSetandGetATSUserDetailsVerification" time="0.083" classname="com.myntra.apiTests.portalservices.atsService.TestATSAPISV2">
    <error type="javax.ws.rs.ProcessingException" message="Already connected">
      <![CDATA[javax.ws.rs.ProcessingException: Already connected
	at org.glassfish.jersey.client.ClientRuntime.invoke(ClientRuntime.java:263)
	at org.glassfish.jersey.client.JerseyInvocation$1.call(JerseyInvocation.java:671)
	at org.glassfish.jersey.client.JerseyInvocation$1.call(JerseyInvocation.java:668)
	at org.glassfish.jersey.internal.Errors.process(Errors.java:315)
	at org.glassfish.jersey.internal.Errors.process(Errors.java:297)
	at org.glassfish.jersey.internal.Errors.process(Errors.java:228)
	at org.glassfish.jersey.process.internal.RequestScope.runInScope(RequestScope.java:444)
	at org.glassfish.jersey.client.JerseyInvocation.invoke(JerseyInvocation.java:668)
	at org.glassfish.jersey.client.JerseyInvocation$Builder.method(JerseyInvocation.java:428)
	at org.glassfish.jersey.client.JerseyInvocation$Builder.post(JerseyInvocation.java:334)
	at com.myntra.lordoftherings.gandalf.RequestGenerator.CollectResponse(RequestGenerator.java:290)
	at com.myntra.lordoftherings.gandalf.RequestGenerator.PostResponse(RequestGenerator.java:194)
	at com.myntra.lordoftherings.gandalf.RequestGenerator.<init>(RequestGenerator.java:136)
	at com.myntra.apiTests.portalservices.idpservice.IDPServiceHelper.performSignUpOperation(IDPServiceHelper.java:67)
	at com.myntra.apiTests.portalservices.atsService.ATSHelper.performSignup(ATSHelper.java:156)
	at com.myntra.apiTests.portalservices.atsService.TestATSAPISV2.testSetandGetATSUserDetailsVerification(TestATSAPISV2.java:52)
	at sun.reflect.GeneratedMethodAccessor11.invoke(Unknown Source)
	at sun.reflect.DelegatingMethodAccessorImpl.invoke(DelegatingMethodAccessorImpl.java:43)
	at java.lang.reflect.Method.invoke(Method.java:498)
	at org.testng.internal.MethodInvocationHelper.invokeMethod(MethodInvocationHelper.java:86)
	at org.testng.internal.Invoker.invokeMethod(Invoker.java:643)
	at org.testng.internal.Invoker.invokeTestMethod(Invoker.java:820)
	at org.testng.internal.Invoker.invokeTestMethods(Invoker.java:1128)
	at org.testng.internal.TestMethodWorker.invokeTestMethods(TestMethodWorker.java:129)
	at org.testng.internal.TestMethodWorker.run(TestMethodWorker.java:112)
	at org.testng.TestRunner.privateRun(TestRunner.java:782)
	at org.testng.TestRunner.run(TestRunner.java:632)
	at org.testng.SuiteRunner.runTest(SuiteRunner.java:366)
	at org.testng.SuiteRunner.runSequentially(SuiteRunner.java:361)
	at org.testng.SuiteRunner.privateRun(SuiteRunner.java:319)
	at org.testng.SuiteRunner.run(SuiteRunner.java:268)
	at org.testng.SuiteRunnerWorker.runSuite(SuiteRunnerWorker.java:52)
	at org.testng.SuiteRunnerWorker.run(SuiteRunnerWorker.java:86)
	at org.testng.TestNG.runSuitesSequentially(TestNG.java:1244)
	at org.testng.TestNG.runSuitesLocally(TestNG.java:1169)
	at org.testng.TestNG.run(TestNG.java:1064)
	at org.apache.maven.surefire.testng.TestNGExecutor.run(TestNGExecutor.java:217)
	at org.apache.maven.surefire.testng.TestNGXmlTestSuite.execute(TestNGXmlTestSuite.java:84)
	at org.apache.maven.surefire.testng.TestNGProvider.invoke(TestNGProvider.java:92)
	at org.apache.maven.surefire.booter.ForkedBooter.invokeProviderInSameClassLoader(ForkedBooter.java:200)
	at org.apache.maven.surefire.booter.ForkedBooter.runSuitesInProcess(ForkedBooter.java:153)
	at org.apache.maven.surefire.booter.ForkedBooter.main(ForkedBooter.java:103)
Caused by: java.lang.IllegalStateException: Already connected
	at sun.net.www.protocol.http.HttpURLConnection.setRequestProperty(HttpURLConnection.java:3071)
	at org.glassfish.jersey.client.HttpUrlConnector.setOutboundHeaders(HttpUrlConnector.java:374)
	at org.glassfish.jersey.client.HttpUrlConnector.access$100(HttpUrlConnector.java:91)
	at org.glassfish.jersey.client.HttpUrlConnector$4.getOutputStream(HttpUrlConnector.java:325)
	at org.glassfish.jersey.message.internal.CommittingOutputStream.commitStream(CommittingOutputStream.java:200)
	at org.glassfish.jersey.message.internal.CommittingOutputStream.commitStream(CommittingOutputStream.java:194)
	at org.glassfish.jersey.message.internal.CommittingOutputStream.commit(CommittingOutputStream.java:262)
	at org.glassfish.jersey.message.internal.OutboundMessageContext.commitStream(OutboundMessageContext.java:816)
	at org.glassfish.jersey.client.ClientRequest.writeEntity(ClientRequest.java:545)
	at org.glassfish.jersey.client.HttpUrlConnector._apply(HttpUrlConnector.java:329)
	at org.glassfish.jersey.client.HttpUrlConnector.apply(HttpUrlConnector.java:242)
	at org.glassfish.jersey.client.ClientRuntime.invoke(ClientRuntime.java:254)
	... 41 more
]]>
    </error>
  </testcase> <!-- testSetandGetATSUserDetailsVerification -->
  <testcase name="testSetandGetATSUserDetailsVerification" time="0.048" classname="com.myntra.apiTests.portalservices.atsService.TestATSAPISV2">
    <error type="javax.ws.rs.ProcessingException" message="Already connected">
      <![CDATA[javax.ws.rs.ProcessingException: Already connected
	at org.glassfish.jersey.client.ClientRuntime.invoke(ClientRuntime.java:263)
	at org.glassfish.jersey.client.JerseyInvocation$1.call(JerseyInvocation.java:671)
	at org.glassfish.jersey.client.JerseyInvocation$1.call(JerseyInvocation.java:668)
	at org.glassfish.jersey.internal.Errors.process(Errors.java:315)
	at org.glassfish.jersey.internal.Errors.process(Errors.java:297)
	at org.glassfish.jersey.internal.Errors.process(Errors.java:228)
	at org.glassfish.jersey.process.internal.RequestScope.runInScope(RequestScope.java:444)
	at org.glassfish.jersey.client.JerseyInvocation.invoke(JerseyInvocation.java:668)
	at org.glassfish.jersey.client.JerseyInvocation$Builder.method(JerseyInvocation.java:428)
	at org.glassfish.jersey.client.JerseyInvocation$Builder.post(JerseyInvocation.java:334)
	at com.myntra.lordoftherings.gandalf.RequestGenerator.CollectResponse(RequestGenerator.java:290)
	at com.myntra.lordoftherings.gandalf.RequestGenerator.PostResponse(RequestGenerator.java:194)
	at com.myntra.lordoftherings.gandalf.RequestGenerator.<init>(RequestGenerator.java:136)
	at com.myntra.apiTests.portalservices.idpservice.IDPServiceHelper.performSignUpOperation(IDPServiceHelper.java:67)
	at com.myntra.apiTests.portalservices.atsService.ATSHelper.performSignup(ATSHelper.java:156)
	at com.myntra.apiTests.portalservices.atsService.TestATSAPISV2.testSetandGetATSUserDetailsVerification(TestATSAPISV2.java:52)
	at sun.reflect.GeneratedMethodAccessor11.invoke(Unknown Source)
	at sun.reflect.DelegatingMethodAccessorImpl.invoke(DelegatingMethodAccessorImpl.java:43)
	at java.lang.reflect.Method.invoke(Method.java:498)
	at org.testng.internal.MethodInvocationHelper.invokeMethod(MethodInvocationHelper.java:86)
	at org.testng.internal.Invoker.invokeMethod(Invoker.java:643)
	at org.testng.internal.Invoker.invokeTestMethod(Invoker.java:820)
	at org.testng.internal.Invoker.invokeTestMethods(Invoker.java:1128)
	at org.testng.internal.TestMethodWorker.invokeTestMethods(TestMethodWorker.java:129)
	at org.testng.internal.TestMethodWorker.run(TestMethodWorker.java:112)
	at org.testng.TestRunner.privateRun(TestRunner.java:782)
	at org.testng.TestRunner.run(TestRunner.java:632)
	at org.testng.SuiteRunner.runTest(SuiteRunner.java:366)
	at org.testng.SuiteRunner.runSequentially(SuiteRunner.java:361)
	at org.testng.SuiteRunner.privateRun(SuiteRunner.java:319)
	at org.testng.SuiteRunner.run(SuiteRunner.java:268)
	at org.testng.SuiteRunnerWorker.runSuite(SuiteRunnerWorker.java:52)
	at org.testng.SuiteRunnerWorker.run(SuiteRunnerWorker.java:86)
	at org.testng.TestNG.runSuitesSequentially(TestNG.java:1244)
	at org.testng.TestNG.runSuitesLocally(TestNG.java:1169)
	at org.testng.TestNG.run(TestNG.java:1064)
	at org.apache.maven.surefire.testng.TestNGExecutor.run(TestNGExecutor.java:217)
	at org.apache.maven.surefire.testng.TestNGXmlTestSuite.execute(TestNGXmlTestSuite.java:84)
	at org.apache.maven.surefire.testng.TestNGProvider.invoke(TestNGProvider.java:92)
	at org.apache.maven.surefire.booter.ForkedBooter.invokeProviderInSameClassLoader(ForkedBooter.java:200)
	at org.apache.maven.surefire.booter.ForkedBooter.runSuitesInProcess(ForkedBooter.java:153)
	at org.apache.maven.surefire.booter.ForkedBooter.main(ForkedBooter.java:103)
Caused by: java.lang.IllegalStateException: Already connected
	at sun.net.www.protocol.http.HttpURLConnection.setRequestProperty(HttpURLConnection.java:3071)
	at org.glassfish.jersey.client.HttpUrlConnector.setOutboundHeaders(HttpUrlConnector.java:374)
	at org.glassfish.jersey.client.HttpUrlConnector.access$100(HttpUrlConnector.java:91)
	at org.glassfish.jersey.client.HttpUrlConnector$4.getOutputStream(HttpUrlConnector.java:325)
	at org.glassfish.jersey.message.internal.CommittingOutputStream.commitStream(CommittingOutputStream.java:200)
	at org.glassfish.jersey.message.internal.CommittingOutputStream.commitStream(CommittingOutputStream.java:194)
	at org.glassfish.jersey.message.internal.CommittingOutputStream.commit(CommittingOutputStream.java:262)
	at org.glassfish.jersey.message.internal.OutboundMessageContext.commitStream(OutboundMessageContext.java:816)
	at org.glassfish.jersey.client.ClientRequest.writeEntity(ClientRequest.java:545)
	at org.glassfish.jersey.client.HttpUrlConnector._apply(HttpUrlConnector.java:329)
	at org.glassfish.jersey.client.HttpUrlConnector.apply(HttpUrlConnector.java:242)
	at org.glassfish.jersey.client.ClientRuntime.invoke(ClientRuntime.java:254)
	... 41 more
]]>
    </error>
  </testcase> <!-- testSetandGetATSUserDetailsVerification -->
  <testcase name="testSetandGetATSUserDetailsVerification" time="0.078" classname="com.myntra.apiTests.portalservices.atsService.TestATSAPISV2">
    <error type="javax.ws.rs.ProcessingException" message="Already connected">
      <![CDATA[javax.ws.rs.ProcessingException: Already connected
	at org.glassfish.jersey.client.ClientRuntime.invoke(ClientRuntime.java:263)
	at org.glassfish.jersey.client.JerseyInvocation$1.call(JerseyInvocation.java:671)
	at org.glassfish.jersey.client.JerseyInvocation$1.call(JerseyInvocation.java:668)
	at org.glassfish.jersey.internal.Errors.process(Errors.java:315)
	at org.glassfish.jersey.internal.Errors.process(Errors.java:297)
	at org.glassfish.jersey.internal.Errors.process(Errors.java:228)
	at org.glassfish.jersey.process.internal.RequestScope.runInScope(RequestScope.java:444)
	at org.glassfish.jersey.client.JerseyInvocation.invoke(JerseyInvocation.java:668)
	at org.glassfish.jersey.client.JerseyInvocation$Builder.method(JerseyInvocation.java:428)
	at org.glassfish.jersey.client.JerseyInvocation$Builder.post(JerseyInvocation.java:334)
	at com.myntra.lordoftherings.gandalf.RequestGenerator.CollectResponse(RequestGenerator.java:290)
	at com.myntra.lordoftherings.gandalf.RequestGenerator.PostResponse(RequestGenerator.java:194)
	at com.myntra.lordoftherings.gandalf.RequestGenerator.<init>(RequestGenerator.java:136)
	at com.myntra.apiTests.portalservices.idpservice.IDPServiceHelper.performSignUpOperation(IDPServiceHelper.java:67)
	at com.myntra.apiTests.portalservices.atsService.ATSHelper.performSignup(ATSHelper.java:156)
	at com.myntra.apiTests.portalservices.atsService.TestATSAPISV2.testSetandGetATSUserDetailsVerification(TestATSAPISV2.java:52)
	at sun.reflect.GeneratedMethodAccessor11.invoke(Unknown Source)
	at sun.reflect.DelegatingMethodAccessorImpl.invoke(DelegatingMethodAccessorImpl.java:43)
	at java.lang.reflect.Method.invoke(Method.java:498)
	at org.testng.internal.MethodInvocationHelper.invokeMethod(MethodInvocationHelper.java:86)
	at org.testng.internal.Invoker.invokeMethod(Invoker.java:643)
	at org.testng.internal.Invoker.invokeTestMethod(Invoker.java:820)
	at org.testng.internal.Invoker.invokeTestMethods(Invoker.java:1128)
	at org.testng.internal.TestMethodWorker.invokeTestMethods(TestMethodWorker.java:129)
	at org.testng.internal.TestMethodWorker.run(TestMethodWorker.java:112)
	at org.testng.TestRunner.privateRun(TestRunner.java:782)
	at org.testng.TestRunner.run(TestRunner.java:632)
	at org.testng.SuiteRunner.runTest(SuiteRunner.java:366)
	at org.testng.SuiteRunner.runSequentially(SuiteRunner.java:361)
	at org.testng.SuiteRunner.privateRun(SuiteRunner.java:319)
	at org.testng.SuiteRunner.run(SuiteRunner.java:268)
	at org.testng.SuiteRunnerWorker.runSuite(SuiteRunnerWorker.java:52)
	at org.testng.SuiteRunnerWorker.run(SuiteRunnerWorker.java:86)
	at org.testng.TestNG.runSuitesSequentially(TestNG.java:1244)
	at org.testng.TestNG.runSuitesLocally(TestNG.java:1169)
	at org.testng.TestNG.run(TestNG.java:1064)
	at org.apache.maven.surefire.testng.TestNGExecutor.run(TestNGExecutor.java:217)
	at org.apache.maven.surefire.testng.TestNGXmlTestSuite.execute(TestNGXmlTestSuite.java:84)
	at org.apache.maven.surefire.testng.TestNGProvider.invoke(TestNGProvider.java:92)
	at org.apache.maven.surefire.booter.ForkedBooter.invokeProviderInSameClassLoader(ForkedBooter.java:200)
	at org.apache.maven.surefire.booter.ForkedBooter.runSuitesInProcess(ForkedBooter.java:153)
	at org.apache.maven.surefire.booter.ForkedBooter.main(ForkedBooter.java:103)
Caused by: java.lang.IllegalStateException: Already connected
	at sun.net.www.protocol.http.HttpURLConnection.setRequestProperty(HttpURLConnection.java:3071)
	at org.glassfish.jersey.client.HttpUrlConnector.setOutboundHeaders(HttpUrlConnector.java:374)
	at org.glassfish.jersey.client.HttpUrlConnector.access$100(HttpUrlConnector.java:91)
	at org.glassfish.jersey.client.HttpUrlConnector$4.getOutputStream(HttpUrlConnector.java:325)
	at org.glassfish.jersey.message.internal.CommittingOutputStream.commitStream(CommittingOutputStream.java:200)
	at org.glassfish.jersey.message.internal.CommittingOutputStream.commitStream(CommittingOutputStream.java:194)
	at org.glassfish.jersey.message.internal.CommittingOutputStream.commit(CommittingOutputStream.java:262)
	at org.glassfish.jersey.message.internal.OutboundMessageContext.commitStream(OutboundMessageContext.java:816)
	at org.glassfish.jersey.client.ClientRequest.writeEntity(ClientRequest.java:545)
	at org.glassfish.jersey.client.HttpUrlConnector._apply(HttpUrlConnector.java:329)
	at org.glassfish.jersey.client.HttpUrlConnector.apply(HttpUrlConnector.java:242)
	at org.glassfish.jersey.client.ClientRuntime.invoke(ClientRuntime.java:254)
	... 41 more
]]>
    </error>
  </testcase> <!-- testSetandGetATSUserDetailsVerification -->
  <testcase name="testSetandGetATSUserDetailsVerification" time="0.078" classname="com.myntra.apiTests.portalservices.atsService.TestATSAPISV2">
    <error type="javax.ws.rs.ProcessingException" message="Already connected">
      <![CDATA[javax.ws.rs.ProcessingException: Already connected
	at org.glassfish.jersey.client.ClientRuntime.invoke(ClientRuntime.java:263)
	at org.glassfish.jersey.client.JerseyInvocation$1.call(JerseyInvocation.java:671)
	at org.glassfish.jersey.client.JerseyInvocation$1.call(JerseyInvocation.java:668)
	at org.glassfish.jersey.internal.Errors.process(Errors.java:315)
	at org.glassfish.jersey.internal.Errors.process(Errors.java:297)
	at org.glassfish.jersey.internal.Errors.process(Errors.java:228)
	at org.glassfish.jersey.process.internal.RequestScope.runInScope(RequestScope.java:444)
	at org.glassfish.jersey.client.JerseyInvocation.invoke(JerseyInvocation.java:668)
	at org.glassfish.jersey.client.JerseyInvocation$Builder.method(JerseyInvocation.java:428)
	at org.glassfish.jersey.client.JerseyInvocation$Builder.post(JerseyInvocation.java:334)
	at com.myntra.lordoftherings.gandalf.RequestGenerator.CollectResponse(RequestGenerator.java:290)
	at com.myntra.lordoftherings.gandalf.RequestGenerator.PostResponse(RequestGenerator.java:194)
	at com.myntra.lordoftherings.gandalf.RequestGenerator.<init>(RequestGenerator.java:136)
	at com.myntra.apiTests.portalservices.idpservice.IDPServiceHelper.performSignUpOperation(IDPServiceHelper.java:67)
	at com.myntra.apiTests.portalservices.atsService.ATSHelper.performSignup(ATSHelper.java:156)
	at com.myntra.apiTests.portalservices.atsService.TestATSAPISV2.testSetandGetATSUserDetailsVerification(TestATSAPISV2.java:52)
	at sun.reflect.GeneratedMethodAccessor11.invoke(Unknown Source)
	at sun.reflect.DelegatingMethodAccessorImpl.invoke(DelegatingMethodAccessorImpl.java:43)
	at java.lang.reflect.Method.invoke(Method.java:498)
	at org.testng.internal.MethodInvocationHelper.invokeMethod(MethodInvocationHelper.java:86)
	at org.testng.internal.Invoker.invokeMethod(Invoker.java:643)
	at org.testng.internal.Invoker.invokeTestMethod(Invoker.java:820)
	at org.testng.internal.Invoker.invokeTestMethods(Invoker.java:1128)
	at org.testng.internal.TestMethodWorker.invokeTestMethods(TestMethodWorker.java:129)
	at org.testng.internal.TestMethodWorker.run(TestMethodWorker.java:112)
	at org.testng.TestRunner.privateRun(TestRunner.java:782)
	at org.testng.TestRunner.run(TestRunner.java:632)
	at org.testng.SuiteRunner.runTest(SuiteRunner.java:366)
	at org.testng.SuiteRunner.runSequentially(SuiteRunner.java:361)
	at org.testng.SuiteRunner.privateRun(SuiteRunner.java:319)
	at org.testng.SuiteRunner.run(SuiteRunner.java:268)
	at org.testng.SuiteRunnerWorker.runSuite(SuiteRunnerWorker.java:52)
	at org.testng.SuiteRunnerWorker.run(SuiteRunnerWorker.java:86)
	at org.testng.TestNG.runSuitesSequentially(TestNG.java:1244)
	at org.testng.TestNG.runSuitesLocally(TestNG.java:1169)
	at org.testng.TestNG.run(TestNG.java:1064)
	at org.apache.maven.surefire.testng.TestNGExecutor.run(TestNGExecutor.java:217)
	at org.apache.maven.surefire.testng.TestNGXmlTestSuite.execute(TestNGXmlTestSuite.java:84)
	at org.apache.maven.surefire.testng.TestNGProvider.invoke(TestNGProvider.java:92)
	at org.apache.maven.surefire.booter.ForkedBooter.invokeProviderInSameClassLoader(ForkedBooter.java:200)
	at org.apache.maven.surefire.booter.ForkedBooter.runSuitesInProcess(ForkedBooter.java:153)
	at org.apache.maven.surefire.booter.ForkedBooter.main(ForkedBooter.java:103)
Caused by: java.lang.IllegalStateException: Already connected
	at sun.net.www.protocol.http.HttpURLConnection.setRequestProperty(HttpURLConnection.java:3071)
	at org.glassfish.jersey.client.HttpUrlConnector.setOutboundHeaders(HttpUrlConnector.java:374)
	at org.glassfish.jersey.client.HttpUrlConnector.access$100(HttpUrlConnector.java:91)
	at org.glassfish.jersey.client.HttpUrlConnector$4.getOutputStream(HttpUrlConnector.java:325)
	at org.glassfish.jersey.message.internal.CommittingOutputStream.commitStream(CommittingOutputStream.java:200)
	at org.glassfish.jersey.message.internal.CommittingOutputStream.commitStream(CommittingOutputStream.java:194)
	at org.glassfish.jersey.message.internal.CommittingOutputStream.commit(CommittingOutputStream.java:262)
	at org.glassfish.jersey.message.internal.OutboundMessageContext.commitStream(OutboundMessageContext.java:816)
	at org.glassfish.jersey.client.ClientRequest.writeEntity(ClientRequest.java:545)
	at org.glassfish.jersey.client.HttpUrlConnector._apply(HttpUrlConnector.java:329)
	at org.glassfish.jersey.client.HttpUrlConnector.apply(HttpUrlConnector.java:242)
	at org.glassfish.jersey.client.ClientRuntime.invoke(ClientRuntime.java:254)
	... 41 more
]]>
    </error>
  </testcase> <!-- testSetandGetATSUserDetailsVerification -->
  <testcase name="testSetandGetATSUserDetailsVerification" time="0.061" classname="com.myntra.apiTests.portalservices.atsService.TestATSAPISV2">
    <error type="javax.ws.rs.ProcessingException" message="Already connected">
      <![CDATA[javax.ws.rs.ProcessingException: Already connected
	at org.glassfish.jersey.client.ClientRuntime.invoke(ClientRuntime.java:263)
	at org.glassfish.jersey.client.JerseyInvocation$1.call(JerseyInvocation.java:671)
	at org.glassfish.jersey.client.JerseyInvocation$1.call(JerseyInvocation.java:668)
	at org.glassfish.jersey.internal.Errors.process(Errors.java:315)
	at org.glassfish.jersey.internal.Errors.process(Errors.java:297)
	at org.glassfish.jersey.internal.Errors.process(Errors.java:228)
	at org.glassfish.jersey.process.internal.RequestScope.runInScope(RequestScope.java:444)
	at org.glassfish.jersey.client.JerseyInvocation.invoke(JerseyInvocation.java:668)
	at org.glassfish.jersey.client.JerseyInvocation$Builder.method(JerseyInvocation.java:428)
	at org.glassfish.jersey.client.JerseyInvocation$Builder.post(JerseyInvocation.java:334)
	at com.myntra.lordoftherings.gandalf.RequestGenerator.CollectResponse(RequestGenerator.java:290)
	at com.myntra.lordoftherings.gandalf.RequestGenerator.PostResponse(RequestGenerator.java:194)
	at com.myntra.lordoftherings.gandalf.RequestGenerator.<init>(RequestGenerator.java:136)
	at com.myntra.apiTests.portalservices.idpservice.IDPServiceHelper.performSignUpOperation(IDPServiceHelper.java:67)
	at com.myntra.apiTests.portalservices.atsService.ATSHelper.performSignup(ATSHelper.java:156)
	at com.myntra.apiTests.portalservices.atsService.TestATSAPISV2.testSetandGetATSUserDetailsVerification(TestATSAPISV2.java:52)
	at sun.reflect.GeneratedMethodAccessor11.invoke(Unknown Source)
	at sun.reflect.DelegatingMethodAccessorImpl.invoke(DelegatingMethodAccessorImpl.java:43)
	at java.lang.reflect.Method.invoke(Method.java:498)
	at org.testng.internal.MethodInvocationHelper.invokeMethod(MethodInvocationHelper.java:86)
	at org.testng.internal.Invoker.invokeMethod(Invoker.java:643)
	at org.testng.internal.Invoker.invokeTestMethod(Invoker.java:820)
	at org.testng.internal.Invoker.invokeTestMethods(Invoker.java:1128)
	at org.testng.internal.TestMethodWorker.invokeTestMethods(TestMethodWorker.java:129)
	at org.testng.internal.TestMethodWorker.run(TestMethodWorker.java:112)
	at org.testng.TestRunner.privateRun(TestRunner.java:782)
	at org.testng.TestRunner.run(TestRunner.java:632)
	at org.testng.SuiteRunner.runTest(SuiteRunner.java:366)
	at org.testng.SuiteRunner.runSequentially(SuiteRunner.java:361)
	at org.testng.SuiteRunner.privateRun(SuiteRunner.java:319)
	at org.testng.SuiteRunner.run(SuiteRunner.java:268)
	at org.testng.SuiteRunnerWorker.runSuite(SuiteRunnerWorker.java:52)
	at org.testng.SuiteRunnerWorker.run(SuiteRunnerWorker.java:86)
	at org.testng.TestNG.runSuitesSequentially(TestNG.java:1244)
	at org.testng.TestNG.runSuitesLocally(TestNG.java:1169)
	at org.testng.TestNG.run(TestNG.java:1064)
	at org.apache.maven.surefire.testng.TestNGExecutor.run(TestNGExecutor.java:217)
	at org.apache.maven.surefire.testng.TestNGXmlTestSuite.execute(TestNGXmlTestSuite.java:84)
	at org.apache.maven.surefire.testng.TestNGProvider.invoke(TestNGProvider.java:92)
	at org.apache.maven.surefire.booter.ForkedBooter.invokeProviderInSameClassLoader(ForkedBooter.java:200)
	at org.apache.maven.surefire.booter.ForkedBooter.runSuitesInProcess(ForkedBooter.java:153)
	at org.apache.maven.surefire.booter.ForkedBooter.main(ForkedBooter.java:103)
Caused by: java.lang.IllegalStateException: Already connected
	at sun.net.www.protocol.http.HttpURLConnection.setRequestProperty(HttpURLConnection.java:3071)
	at org.glassfish.jersey.client.HttpUrlConnector.setOutboundHeaders(HttpUrlConnector.java:374)
	at org.glassfish.jersey.client.HttpUrlConnector.access$100(HttpUrlConnector.java:91)
	at org.glassfish.jersey.client.HttpUrlConnector$4.getOutputStream(HttpUrlConnector.java:325)
	at org.glassfish.jersey.message.internal.CommittingOutputStream.commitStream(CommittingOutputStream.java:200)
	at org.glassfish.jersey.message.internal.CommittingOutputStream.commitStream(CommittingOutputStream.java:194)
	at org.glassfish.jersey.message.internal.CommittingOutputStream.commit(CommittingOutputStream.java:262)
	at org.glassfish.jersey.message.internal.OutboundMessageContext.commitStream(OutboundMessageContext.java:816)
	at org.glassfish.jersey.client.ClientRequest.writeEntity(ClientRequest.java:545)
	at org.glassfish.jersey.client.HttpUrlConnector._apply(HttpUrlConnector.java:329)
	at org.glassfish.jersey.client.HttpUrlConnector.apply(HttpUrlConnector.java:242)
	at org.glassfish.jersey.client.ClientRuntime.invoke(ClientRuntime.java:254)
	... 41 more
]]>
    </error>
  </testcase> <!-- testSetandGetATSUserDetailsVerification -->
  <testcase name="testSetandGetATSUserDetailsVerification" time="0.079" classname="com.myntra.apiTests.portalservices.atsService.TestATSAPISV2">
    <error type="javax.ws.rs.ProcessingException" message="Already connected">
      <![CDATA[javax.ws.rs.ProcessingException: Already connected
	at org.glassfish.jersey.client.ClientRuntime.invoke(ClientRuntime.java:263)
	at org.glassfish.jersey.client.JerseyInvocation$1.call(JerseyInvocation.java:671)
	at org.glassfish.jersey.client.JerseyInvocation$1.call(JerseyInvocation.java:668)
	at org.glassfish.jersey.internal.Errors.process(Errors.java:315)
	at org.glassfish.jersey.internal.Errors.process(Errors.java:297)
	at org.glassfish.jersey.internal.Errors.process(Errors.java:228)
	at org.glassfish.jersey.process.internal.RequestScope.runInScope(RequestScope.java:444)
	at org.glassfish.jersey.client.JerseyInvocation.invoke(JerseyInvocation.java:668)
	at org.glassfish.jersey.client.JerseyInvocation$Builder.method(JerseyInvocation.java:428)
	at org.glassfish.jersey.client.JerseyInvocation$Builder.post(JerseyInvocation.java:334)
	at com.myntra.lordoftherings.gandalf.RequestGenerator.CollectResponse(RequestGenerator.java:290)
	at com.myntra.lordoftherings.gandalf.RequestGenerator.PostResponse(RequestGenerator.java:194)
	at com.myntra.lordoftherings.gandalf.RequestGenerator.<init>(RequestGenerator.java:136)
	at com.myntra.apiTests.portalservices.idpservice.IDPServiceHelper.performSignUpOperation(IDPServiceHelper.java:67)
	at com.myntra.apiTests.portalservices.atsService.ATSHelper.performSignup(ATSHelper.java:156)
	at com.myntra.apiTests.portalservices.atsService.TestATSAPISV2.testSetandGetATSUserDetailsVerification(TestATSAPISV2.java:52)
	at sun.reflect.GeneratedMethodAccessor11.invoke(Unknown Source)
	at sun.reflect.DelegatingMethodAccessorImpl.invoke(DelegatingMethodAccessorImpl.java:43)
	at java.lang.reflect.Method.invoke(Method.java:498)
	at org.testng.internal.MethodInvocationHelper.invokeMethod(MethodInvocationHelper.java:86)
	at org.testng.internal.Invoker.invokeMethod(Invoker.java:643)
	at org.testng.internal.Invoker.invokeTestMethod(Invoker.java:820)
	at org.testng.internal.Invoker.invokeTestMethods(Invoker.java:1128)
	at org.testng.internal.TestMethodWorker.invokeTestMethods(TestMethodWorker.java:129)
	at org.testng.internal.TestMethodWorker.run(TestMethodWorker.java:112)
	at org.testng.TestRunner.privateRun(TestRunner.java:782)
	at org.testng.TestRunner.run(TestRunner.java:632)
	at org.testng.SuiteRunner.runTest(SuiteRunner.java:366)
	at org.testng.SuiteRunner.runSequentially(SuiteRunner.java:361)
	at org.testng.SuiteRunner.privateRun(SuiteRunner.java:319)
	at org.testng.SuiteRunner.run(SuiteRunner.java:268)
	at org.testng.SuiteRunnerWorker.runSuite(SuiteRunnerWorker.java:52)
	at org.testng.SuiteRunnerWorker.run(SuiteRunnerWorker.java:86)
	at org.testng.TestNG.runSuitesSequentially(TestNG.java:1244)
	at org.testng.TestNG.runSuitesLocally(TestNG.java:1169)
	at org.testng.TestNG.run(TestNG.java:1064)
	at org.apache.maven.surefire.testng.TestNGExecutor.run(TestNGExecutor.java:217)
	at org.apache.maven.surefire.testng.TestNGXmlTestSuite.execute(TestNGXmlTestSuite.java:84)
	at org.apache.maven.surefire.testng.TestNGProvider.invoke(TestNGProvider.java:92)
	at org.apache.maven.surefire.booter.ForkedBooter.invokeProviderInSameClassLoader(ForkedBooter.java:200)
	at org.apache.maven.surefire.booter.ForkedBooter.runSuitesInProcess(ForkedBooter.java:153)
	at org.apache.maven.surefire.booter.ForkedBooter.main(ForkedBooter.java:103)
Caused by: java.lang.IllegalStateException: Already connected
	at sun.net.www.protocol.http.HttpURLConnection.setRequestProperty(HttpURLConnection.java:3071)
	at org.glassfish.jersey.client.HttpUrlConnector.setOutboundHeaders(HttpUrlConnector.java:374)
	at org.glassfish.jersey.client.HttpUrlConnector.access$100(HttpUrlConnector.java:91)
	at org.glassfish.jersey.client.HttpUrlConnector$4.getOutputStream(HttpUrlConnector.java:325)
	at org.glassfish.jersey.message.internal.CommittingOutputStream.commitStream(CommittingOutputStream.java:200)
	at org.glassfish.jersey.message.internal.CommittingOutputStream.commitStream(CommittingOutputStream.java:194)
	at org.glassfish.jersey.message.internal.CommittingOutputStream.commit(CommittingOutputStream.java:262)
	at org.glassfish.jersey.message.internal.OutboundMessageContext.commitStream(OutboundMessageContext.java:816)
	at org.glassfish.jersey.client.ClientRequest.writeEntity(ClientRequest.java:545)
	at org.glassfish.jersey.client.HttpUrlConnector._apply(HttpUrlConnector.java:329)
	at org.glassfish.jersey.client.HttpUrlConnector.apply(HttpUrlConnector.java:242)
	at org.glassfish.jersey.client.ClientRuntime.invoke(ClientRuntime.java:254)
	... 41 more
]]>
    </error>
  </testcase> <!-- testSetandGetATSUserDetailsVerification -->
  <testcase name="testSetandGetATSUserDetailsVerification" time="0.105" classname="com.myntra.apiTests.portalservices.atsService.TestATSAPISV2">
    <error type="javax.ws.rs.ProcessingException" message="Already connected">
      <![CDATA[javax.ws.rs.ProcessingException: Already connected
	at org.glassfish.jersey.client.ClientRuntime.invoke(ClientRuntime.java:263)
	at org.glassfish.jersey.client.JerseyInvocation$1.call(JerseyInvocation.java:671)
	at org.glassfish.jersey.client.JerseyInvocation$1.call(JerseyInvocation.java:668)
	at org.glassfish.jersey.internal.Errors.process(Errors.java:315)
	at org.glassfish.jersey.internal.Errors.process(Errors.java:297)
	at org.glassfish.jersey.internal.Errors.process(Errors.java:228)
	at org.glassfish.jersey.process.internal.RequestScope.runInScope(RequestScope.java:444)
	at org.glassfish.jersey.client.JerseyInvocation.invoke(JerseyInvocation.java:668)
	at org.glassfish.jersey.client.JerseyInvocation$Builder.method(JerseyInvocation.java:428)
	at org.glassfish.jersey.client.JerseyInvocation$Builder.post(JerseyInvocation.java:334)
	at com.myntra.lordoftherings.gandalf.RequestGenerator.CollectResponse(RequestGenerator.java:290)
	at com.myntra.lordoftherings.gandalf.RequestGenerator.PostResponse(RequestGenerator.java:194)
	at com.myntra.lordoftherings.gandalf.RequestGenerator.<init>(RequestGenerator.java:136)
	at com.myntra.apiTests.portalservices.idpservice.IDPServiceHelper.performSignUpOperation(IDPServiceHelper.java:67)
	at com.myntra.apiTests.portalservices.atsService.ATSHelper.performSignup(ATSHelper.java:156)
	at com.myntra.apiTests.portalservices.atsService.TestATSAPISV2.testSetandGetATSUserDetailsVerification(TestATSAPISV2.java:52)
	at sun.reflect.GeneratedMethodAccessor11.invoke(Unknown Source)
	at sun.reflect.DelegatingMethodAccessorImpl.invoke(DelegatingMethodAccessorImpl.java:43)
	at java.lang.reflect.Method.invoke(Method.java:498)
	at org.testng.internal.MethodInvocationHelper.invokeMethod(MethodInvocationHelper.java:86)
	at org.testng.internal.Invoker.invokeMethod(Invoker.java:643)
	at org.testng.internal.Invoker.invokeTestMethod(Invoker.java:820)
	at org.testng.internal.Invoker.invokeTestMethods(Invoker.java:1128)
	at org.testng.internal.TestMethodWorker.invokeTestMethods(TestMethodWorker.java:129)
	at org.testng.internal.TestMethodWorker.run(TestMethodWorker.java:112)
	at org.testng.TestRunner.privateRun(TestRunner.java:782)
	at org.testng.TestRunner.run(TestRunner.java:632)
	at org.testng.SuiteRunner.runTest(SuiteRunner.java:366)
	at org.testng.SuiteRunner.runSequentially(SuiteRunner.java:361)
	at org.testng.SuiteRunner.privateRun(SuiteRunner.java:319)
	at org.testng.SuiteRunner.run(SuiteRunner.java:268)
	at org.testng.SuiteRunnerWorker.runSuite(SuiteRunnerWorker.java:52)
	at org.testng.SuiteRunnerWorker.run(SuiteRunnerWorker.java:86)
	at org.testng.TestNG.runSuitesSequentially(TestNG.java:1244)
	at org.testng.TestNG.runSuitesLocally(TestNG.java:1169)
	at org.testng.TestNG.run(TestNG.java:1064)
	at org.apache.maven.surefire.testng.TestNGExecutor.run(TestNGExecutor.java:217)
	at org.apache.maven.surefire.testng.TestNGXmlTestSuite.execute(TestNGXmlTestSuite.java:84)
	at org.apache.maven.surefire.testng.TestNGProvider.invoke(TestNGProvider.java:92)
	at org.apache.maven.surefire.booter.ForkedBooter.invokeProviderInSameClassLoader(ForkedBooter.java:200)
	at org.apache.maven.surefire.booter.ForkedBooter.runSuitesInProcess(ForkedBooter.java:153)
	at org.apache.maven.surefire.booter.ForkedBooter.main(ForkedBooter.java:103)
Caused by: java.lang.IllegalStateException: Already connected
	at sun.net.www.protocol.http.HttpURLConnection.setRequestProperty(HttpURLConnection.java:3071)
	at org.glassfish.jersey.client.HttpUrlConnector.setOutboundHeaders(HttpUrlConnector.java:374)
	at org.glassfish.jersey.client.HttpUrlConnector.access$100(HttpUrlConnector.java:91)
	at org.glassfish.jersey.client.HttpUrlConnector$4.getOutputStream(HttpUrlConnector.java:325)
	at org.glassfish.jersey.message.internal.CommittingOutputStream.commitStream(CommittingOutputStream.java:200)
	at org.glassfish.jersey.message.internal.CommittingOutputStream.commitStream(CommittingOutputStream.java:194)
	at org.glassfish.jersey.message.internal.CommittingOutputStream.commit(CommittingOutputStream.java:262)
	at org.glassfish.jersey.message.internal.OutboundMessageContext.commitStream(OutboundMessageContext.java:816)
	at org.glassfish.jersey.client.ClientRequest.writeEntity(ClientRequest.java:545)
	at org.glassfish.jersey.client.HttpUrlConnector._apply(HttpUrlConnector.java:329)
	at org.glassfish.jersey.client.HttpUrlConnector.apply(HttpUrlConnector.java:242)
	at org.glassfish.jersey.client.ClientRuntime.invoke(ClientRuntime.java:254)
	... 41 more
]]>
    </error>
  </testcase> <!-- testSetandGetATSUserDetailsVerification -->
  <testcase name="testSetandGetATSUserDetailsVerification" time="0.094" classname="com.myntra.apiTests.portalservices.atsService.TestATSAPISV2">
    <error type="javax.ws.rs.ProcessingException" message="Already connected">
      <![CDATA[javax.ws.rs.ProcessingException: Already connected
	at org.glassfish.jersey.client.ClientRuntime.invoke(ClientRuntime.java:263)
	at org.glassfish.jersey.client.JerseyInvocation$1.call(JerseyInvocation.java:671)
	at org.glassfish.jersey.client.JerseyInvocation$1.call(JerseyInvocation.java:668)
	at org.glassfish.jersey.internal.Errors.process(Errors.java:315)
	at org.glassfish.jersey.internal.Errors.process(Errors.java:297)
	at org.glassfish.jersey.internal.Errors.process(Errors.java:228)
	at org.glassfish.jersey.process.internal.RequestScope.runInScope(RequestScope.java:444)
	at org.glassfish.jersey.client.JerseyInvocation.invoke(JerseyInvocation.java:668)
	at org.glassfish.jersey.client.JerseyInvocation$Builder.method(JerseyInvocation.java:428)
	at org.glassfish.jersey.client.JerseyInvocation$Builder.post(JerseyInvocation.java:334)
	at com.myntra.lordoftherings.gandalf.RequestGenerator.CollectResponse(RequestGenerator.java:290)
	at com.myntra.lordoftherings.gandalf.RequestGenerator.PostResponse(RequestGenerator.java:194)
	at com.myntra.lordoftherings.gandalf.RequestGenerator.<init>(RequestGenerator.java:136)
	at com.myntra.apiTests.portalservices.idpservice.IDPServiceHelper.performSignUpOperation(IDPServiceHelper.java:67)
	at com.myntra.apiTests.portalservices.atsService.ATSHelper.performSignup(ATSHelper.java:156)
	at com.myntra.apiTests.portalservices.atsService.TestATSAPISV2.testSetandGetATSUserDetailsVerification(TestATSAPISV2.java:52)
	at sun.reflect.GeneratedMethodAccessor11.invoke(Unknown Source)
	at sun.reflect.DelegatingMethodAccessorImpl.invoke(DelegatingMethodAccessorImpl.java:43)
	at java.lang.reflect.Method.invoke(Method.java:498)
	at org.testng.internal.MethodInvocationHelper.invokeMethod(MethodInvocationHelper.java:86)
	at org.testng.internal.Invoker.invokeMethod(Invoker.java:643)
	at org.testng.internal.Invoker.invokeTestMethod(Invoker.java:820)
	at org.testng.internal.Invoker.invokeTestMethods(Invoker.java:1128)
	at org.testng.internal.TestMethodWorker.invokeTestMethods(TestMethodWorker.java:129)
	at org.testng.internal.TestMethodWorker.run(TestMethodWorker.java:112)
	at org.testng.TestRunner.privateRun(TestRunner.java:782)
	at org.testng.TestRunner.run(TestRunner.java:632)
	at org.testng.SuiteRunner.runTest(SuiteRunner.java:366)
	at org.testng.SuiteRunner.runSequentially(SuiteRunner.java:361)
	at org.testng.SuiteRunner.privateRun(SuiteRunner.java:319)
	at org.testng.SuiteRunner.run(SuiteRunner.java:268)
	at org.testng.SuiteRunnerWorker.runSuite(SuiteRunnerWorker.java:52)
	at org.testng.SuiteRunnerWorker.run(SuiteRunnerWorker.java:86)
	at org.testng.TestNG.runSuitesSequentially(TestNG.java:1244)
	at org.testng.TestNG.runSuitesLocally(TestNG.java:1169)
	at org.testng.TestNG.run(TestNG.java:1064)
	at org.apache.maven.surefire.testng.TestNGExecutor.run(TestNGExecutor.java:217)
	at org.apache.maven.surefire.testng.TestNGXmlTestSuite.execute(TestNGXmlTestSuite.java:84)
	at org.apache.maven.surefire.testng.TestNGProvider.invoke(TestNGProvider.java:92)
	at org.apache.maven.surefire.booter.ForkedBooter.invokeProviderInSameClassLoader(ForkedBooter.java:200)
	at org.apache.maven.surefire.booter.ForkedBooter.runSuitesInProcess(ForkedBooter.java:153)
	at org.apache.maven.surefire.booter.ForkedBooter.main(ForkedBooter.java:103)
Caused by: java.lang.IllegalStateException: Already connected
	at sun.net.www.protocol.http.HttpURLConnection.setRequestProperty(HttpURLConnection.java:3071)
	at org.glassfish.jersey.client.HttpUrlConnector.setOutboundHeaders(HttpUrlConnector.java:374)
	at org.glassfish.jersey.client.HttpUrlConnector.access$100(HttpUrlConnector.java:91)
	at org.glassfish.jersey.client.HttpUrlConnector$4.getOutputStream(HttpUrlConnector.java:325)
	at org.glassfish.jersey.message.internal.CommittingOutputStream.commitStream(CommittingOutputStream.java:200)
	at org.glassfish.jersey.message.internal.CommittingOutputStream.commitStream(CommittingOutputStream.java:194)
	at org.glassfish.jersey.message.internal.CommittingOutputStream.commit(CommittingOutputStream.java:262)
	at org.glassfish.jersey.message.internal.OutboundMessageContext.commitStream(OutboundMessageContext.java:816)
	at org.glassfish.jersey.client.ClientRequest.writeEntity(ClientRequest.java:545)
	at org.glassfish.jersey.client.HttpUrlConnector._apply(HttpUrlConnector.java:329)
	at org.glassfish.jersey.client.HttpUrlConnector.apply(HttpUrlConnector.java:242)
	at org.glassfish.jersey.client.ClientRuntime.invoke(ClientRuntime.java:254)
	... 41 more
]]>
    </error>
  </testcase> <!-- testSetandGetATSUserDetailsVerification -->
  <testcase name="testSetandGetATSUserDetailsVerification" time="0.087" classname="com.myntra.apiTests.portalservices.atsService.TestATSAPISV2">
    <error type="javax.ws.rs.ProcessingException" message="Already connected">
      <![CDATA[javax.ws.rs.ProcessingException: Already connected
	at org.glassfish.jersey.client.ClientRuntime.invoke(ClientRuntime.java:263)
	at org.glassfish.jersey.client.JerseyInvocation$1.call(JerseyInvocation.java:671)
	at org.glassfish.jersey.client.JerseyInvocation$1.call(JerseyInvocation.java:668)
	at org.glassfish.jersey.internal.Errors.process(Errors.java:315)
	at org.glassfish.jersey.internal.Errors.process(Errors.java:297)
	at org.glassfish.jersey.internal.Errors.process(Errors.java:228)
	at org.glassfish.jersey.process.internal.RequestScope.runInScope(RequestScope.java:444)
	at org.glassfish.jersey.client.JerseyInvocation.invoke(JerseyInvocation.java:668)
	at org.glassfish.jersey.client.JerseyInvocation$Builder.method(JerseyInvocation.java:428)
	at org.glassfish.jersey.client.JerseyInvocation$Builder.post(JerseyInvocation.java:334)
	at com.myntra.lordoftherings.gandalf.RequestGenerator.CollectResponse(RequestGenerator.java:290)
	at com.myntra.lordoftherings.gandalf.RequestGenerator.PostResponse(RequestGenerator.java:194)
	at com.myntra.lordoftherings.gandalf.RequestGenerator.<init>(RequestGenerator.java:136)
	at com.myntra.apiTests.portalservices.idpservice.IDPServiceHelper.performSignUpOperation(IDPServiceHelper.java:67)
	at com.myntra.apiTests.portalservices.atsService.ATSHelper.performSignup(ATSHelper.java:156)
	at com.myntra.apiTests.portalservices.atsService.TestATSAPISV2.testSetandGetATSUserDetailsVerification(TestATSAPISV2.java:52)
	at sun.reflect.GeneratedMethodAccessor11.invoke(Unknown Source)
	at sun.reflect.DelegatingMethodAccessorImpl.invoke(DelegatingMethodAccessorImpl.java:43)
	at java.lang.reflect.Method.invoke(Method.java:498)
	at org.testng.internal.MethodInvocationHelper.invokeMethod(MethodInvocationHelper.java:86)
	at org.testng.internal.Invoker.invokeMethod(Invoker.java:643)
	at org.testng.internal.Invoker.invokeTestMethod(Invoker.java:820)
	at org.testng.internal.Invoker.invokeTestMethods(Invoker.java:1128)
	at org.testng.internal.TestMethodWorker.invokeTestMethods(TestMethodWorker.java:129)
	at org.testng.internal.TestMethodWorker.run(TestMethodWorker.java:112)
	at org.testng.TestRunner.privateRun(TestRunner.java:782)
	at org.testng.TestRunner.run(TestRunner.java:632)
	at org.testng.SuiteRunner.runTest(SuiteRunner.java:366)
	at org.testng.SuiteRunner.runSequentially(SuiteRunner.java:361)
	at org.testng.SuiteRunner.privateRun(SuiteRunner.java:319)
	at org.testng.SuiteRunner.run(SuiteRunner.java:268)
	at org.testng.SuiteRunnerWorker.runSuite(SuiteRunnerWorker.java:52)
	at org.testng.SuiteRunnerWorker.run(SuiteRunnerWorker.java:86)
	at org.testng.TestNG.runSuitesSequentially(TestNG.java:1244)
	at org.testng.TestNG.runSuitesLocally(TestNG.java:1169)
	at org.testng.TestNG.run(TestNG.java:1064)
	at org.apache.maven.surefire.testng.TestNGExecutor.run(TestNGExecutor.java:217)
	at org.apache.maven.surefire.testng.TestNGXmlTestSuite.execute(TestNGXmlTestSuite.java:84)
	at org.apache.maven.surefire.testng.TestNGProvider.invoke(TestNGProvider.java:92)
	at org.apache.maven.surefire.booter.ForkedBooter.invokeProviderInSameClassLoader(ForkedBooter.java:200)
	at org.apache.maven.surefire.booter.ForkedBooter.runSuitesInProcess(ForkedBooter.java:153)
	at org.apache.maven.surefire.booter.ForkedBooter.main(ForkedBooter.java:103)
Caused by: java.lang.IllegalStateException: Already connected
	at sun.net.www.protocol.http.HttpURLConnection.setRequestProperty(HttpURLConnection.java:3071)
	at org.glassfish.jersey.client.HttpUrlConnector.setOutboundHeaders(HttpUrlConnector.java:374)
	at org.glassfish.jersey.client.HttpUrlConnector.access$100(HttpUrlConnector.java:91)
	at org.glassfish.jersey.client.HttpUrlConnector$4.getOutputStream(HttpUrlConnector.java:325)
	at org.glassfish.jersey.message.internal.CommittingOutputStream.commitStream(CommittingOutputStream.java:200)
	at org.glassfish.jersey.message.internal.CommittingOutputStream.commitStream(CommittingOutputStream.java:194)
	at org.glassfish.jersey.message.internal.CommittingOutputStream.commit(CommittingOutputStream.java:262)
	at org.glassfish.jersey.message.internal.OutboundMessageContext.commitStream(OutboundMessageContext.java:816)
	at org.glassfish.jersey.client.ClientRequest.writeEntity(ClientRequest.java:545)
	at org.glassfish.jersey.client.HttpUrlConnector._apply(HttpUrlConnector.java:329)
	at org.glassfish.jersey.client.HttpUrlConnector.apply(HttpUrlConnector.java:242)
	at org.glassfish.jersey.client.ClientRuntime.invoke(ClientRuntime.java:254)
	... 41 more
]]>
    </error>
  </testcase> <!-- testSetandGetATSUserDetailsVerification -->
  <testcase name="testSetandGetATSUserDetailsVerification" time="0.073" classname="com.myntra.apiTests.portalservices.atsService.TestATSAPISV2">
    <error type="javax.ws.rs.ProcessingException" message="Already connected">
      <![CDATA[javax.ws.rs.ProcessingException: Already connected
	at org.glassfish.jersey.client.ClientRuntime.invoke(ClientRuntime.java:263)
	at org.glassfish.jersey.client.JerseyInvocation$1.call(JerseyInvocation.java:671)
	at org.glassfish.jersey.client.JerseyInvocation$1.call(JerseyInvocation.java:668)
	at org.glassfish.jersey.internal.Errors.process(Errors.java:315)
	at org.glassfish.jersey.internal.Errors.process(Errors.java:297)
	at org.glassfish.jersey.internal.Errors.process(Errors.java:228)
	at org.glassfish.jersey.process.internal.RequestScope.runInScope(RequestScope.java:444)
	at org.glassfish.jersey.client.JerseyInvocation.invoke(JerseyInvocation.java:668)
	at org.glassfish.jersey.client.JerseyInvocation$Builder.method(JerseyInvocation.java:428)
	at org.glassfish.jersey.client.JerseyInvocation$Builder.post(JerseyInvocation.java:334)
	at com.myntra.lordoftherings.gandalf.RequestGenerator.CollectResponse(RequestGenerator.java:290)
	at com.myntra.lordoftherings.gandalf.RequestGenerator.PostResponse(RequestGenerator.java:194)
	at com.myntra.lordoftherings.gandalf.RequestGenerator.<init>(RequestGenerator.java:136)
	at com.myntra.apiTests.portalservices.idpservice.IDPServiceHelper.performSignUpOperation(IDPServiceHelper.java:67)
	at com.myntra.apiTests.portalservices.atsService.ATSHelper.performSignup(ATSHelper.java:156)
	at com.myntra.apiTests.portalservices.atsService.TestATSAPISV2.testSetandGetATSUserDetailsVerification(TestATSAPISV2.java:52)
	at sun.reflect.GeneratedMethodAccessor11.invoke(Unknown Source)
	at sun.reflect.DelegatingMethodAccessorImpl.invoke(DelegatingMethodAccessorImpl.java:43)
	at java.lang.reflect.Method.invoke(Method.java:498)
	at org.testng.internal.MethodInvocationHelper.invokeMethod(MethodInvocationHelper.java:86)
	at org.testng.internal.Invoker.invokeMethod(Invoker.java:643)
	at org.testng.internal.Invoker.invokeTestMethod(Invoker.java:820)
	at org.testng.internal.Invoker.invokeTestMethods(Invoker.java:1128)
	at org.testng.internal.TestMethodWorker.invokeTestMethods(TestMethodWorker.java:129)
	at org.testng.internal.TestMethodWorker.run(TestMethodWorker.java:112)
	at org.testng.TestRunner.privateRun(TestRunner.java:782)
	at org.testng.TestRunner.run(TestRunner.java:632)
	at org.testng.SuiteRunner.runTest(SuiteRunner.java:366)
	at org.testng.SuiteRunner.runSequentially(SuiteRunner.java:361)
	at org.testng.SuiteRunner.privateRun(SuiteRunner.java:319)
	at org.testng.SuiteRunner.run(SuiteRunner.java:268)
	at org.testng.SuiteRunnerWorker.runSuite(SuiteRunnerWorker.java:52)
	at org.testng.SuiteRunnerWorker.run(SuiteRunnerWorker.java:86)
	at org.testng.TestNG.runSuitesSequentially(TestNG.java:1244)
	at org.testng.TestNG.runSuitesLocally(TestNG.java:1169)
	at org.testng.TestNG.run(TestNG.java:1064)
	at org.apache.maven.surefire.testng.TestNGExecutor.run(TestNGExecutor.java:217)
	at org.apache.maven.surefire.testng.TestNGXmlTestSuite.execute(TestNGXmlTestSuite.java:84)
	at org.apache.maven.surefire.testng.TestNGProvider.invoke(TestNGProvider.java:92)
	at org.apache.maven.surefire.booter.ForkedBooter.invokeProviderInSameClassLoader(ForkedBooter.java:200)
	at org.apache.maven.surefire.booter.ForkedBooter.runSuitesInProcess(ForkedBooter.java:153)
	at org.apache.maven.surefire.booter.ForkedBooter.main(ForkedBooter.java:103)
Caused by: java.lang.IllegalStateException: Already connected
	at sun.net.www.protocol.http.HttpURLConnection.setRequestProperty(HttpURLConnection.java:3071)
	at org.glassfish.jersey.client.HttpUrlConnector.setOutboundHeaders(HttpUrlConnector.java:374)
	at org.glassfish.jersey.client.HttpUrlConnector.access$100(HttpUrlConnector.java:91)
	at org.glassfish.jersey.client.HttpUrlConnector$4.getOutputStream(HttpUrlConnector.java:325)
	at org.glassfish.jersey.message.internal.CommittingOutputStream.commitStream(CommittingOutputStream.java:200)
	at org.glassfish.jersey.message.internal.CommittingOutputStream.commitStream(CommittingOutputStream.java:194)
	at org.glassfish.jersey.message.internal.CommittingOutputStream.commit(CommittingOutputStream.java:262)
	at org.glassfish.jersey.message.internal.OutboundMessageContext.commitStream(OutboundMessageContext.java:816)
	at org.glassfish.jersey.client.ClientRequest.writeEntity(ClientRequest.java:545)
	at org.glassfish.jersey.client.HttpUrlConnector._apply(HttpUrlConnector.java:329)
	at org.glassfish.jersey.client.HttpUrlConnector.apply(HttpUrlConnector.java:242)
	at org.glassfish.jersey.client.ClientRuntime.invoke(ClientRuntime.java:254)
	... 41 more
]]>
    </error>
  </testcase> <!-- testSetandGetATSUserDetailsVerification -->
  <testcase name="testSetandGetATSUserDetailsVerification" time="0.037" classname="com.myntra.apiTests.portalservices.atsService.TestATSAPISV2">
    <error type="javax.ws.rs.ProcessingException" message="Already connected">
      <![CDATA[javax.ws.rs.ProcessingException: Already connected
	at org.glassfish.jersey.client.ClientRuntime.invoke(ClientRuntime.java:263)
	at org.glassfish.jersey.client.JerseyInvocation$1.call(JerseyInvocation.java:671)
	at org.glassfish.jersey.client.JerseyInvocation$1.call(JerseyInvocation.java:668)
	at org.glassfish.jersey.internal.Errors.process(Errors.java:315)
	at org.glassfish.jersey.internal.Errors.process(Errors.java:297)
	at org.glassfish.jersey.internal.Errors.process(Errors.java:228)
	at org.glassfish.jersey.process.internal.RequestScope.runInScope(RequestScope.java:444)
	at org.glassfish.jersey.client.JerseyInvocation.invoke(JerseyInvocation.java:668)
	at org.glassfish.jersey.client.JerseyInvocation$Builder.method(JerseyInvocation.java:428)
	at org.glassfish.jersey.client.JerseyInvocation$Builder.post(JerseyInvocation.java:334)
	at com.myntra.lordoftherings.gandalf.RequestGenerator.CollectResponse(RequestGenerator.java:290)
	at com.myntra.lordoftherings.gandalf.RequestGenerator.PostResponse(RequestGenerator.java:194)
	at com.myntra.lordoftherings.gandalf.RequestGenerator.<init>(RequestGenerator.java:136)
	at com.myntra.apiTests.portalservices.idpservice.IDPServiceHelper.performSignUpOperation(IDPServiceHelper.java:67)
	at com.myntra.apiTests.portalservices.atsService.ATSHelper.performSignup(ATSHelper.java:156)
	at com.myntra.apiTests.portalservices.atsService.TestATSAPISV2.testSetandGetATSUserDetailsVerification(TestATSAPISV2.java:52)
	at sun.reflect.NativeMethodAccessorImpl.invoke0(Native Method)
	at sun.reflect.NativeMethodAccessorImpl.invoke(NativeMethodAccessorImpl.java:62)
	at sun.reflect.DelegatingMethodAccessorImpl.invoke(DelegatingMethodAccessorImpl.java:43)
	at java.lang.reflect.Method.invoke(Method.java:498)
	at org.testng.internal.MethodInvocationHelper.invokeMethod(MethodInvocationHelper.java:86)
	at org.testng.internal.Invoker.invokeMethod(Invoker.java:643)
	at org.testng.internal.Invoker.invokeTestMethod(Invoker.java:820)
	at org.testng.internal.Invoker.invokeTestMethods(Invoker.java:1128)
	at org.testng.internal.TestMethodWorker.invokeTestMethods(TestMethodWorker.java:129)
	at org.testng.internal.TestMethodWorker.run(TestMethodWorker.java:112)
	at org.testng.TestRunner.privateRun(TestRunner.java:782)
	at org.testng.TestRunner.run(TestRunner.java:632)
	at org.testng.SuiteRunner.runTest(SuiteRunner.java:366)
	at org.testng.SuiteRunner.runSequentially(SuiteRunner.java:361)
	at org.testng.SuiteRunner.privateRun(SuiteRunner.java:319)
	at org.testng.SuiteRunner.run(SuiteRunner.java:268)
	at org.testng.SuiteRunnerWorker.runSuite(SuiteRunnerWorker.java:52)
	at org.testng.SuiteRunnerWorker.run(SuiteRunnerWorker.java:86)
	at org.testng.TestNG.runSuitesSequentially(TestNG.java:1244)
	at org.testng.TestNG.runSuitesLocally(TestNG.java:1169)
	at org.testng.TestNG.run(TestNG.java:1064)
	at org.apache.maven.surefire.testng.TestNGExecutor.run(TestNGExecutor.java:217)
	at org.apache.maven.surefire.testng.TestNGXmlTestSuite.execute(TestNGXmlTestSuite.java:84)
	at org.apache.maven.surefire.testng.TestNGProvider.invoke(TestNGProvider.java:92)
	at org.apache.maven.surefire.booter.ForkedBooter.invokeProviderInSameClassLoader(ForkedBooter.java:200)
	at org.apache.maven.surefire.booter.ForkedBooter.runSuitesInProcess(ForkedBooter.java:153)
	at org.apache.maven.surefire.booter.ForkedBooter.main(ForkedBooter.java:103)
Caused by: java.lang.IllegalStateException: Already connected
	at sun.net.www.protocol.http.HttpURLConnection.setRequestProperty(HttpURLConnection.java:3071)
	at org.glassfish.jersey.client.HttpUrlConnector.setOutboundHeaders(HttpUrlConnector.java:374)
	at org.glassfish.jersey.client.HttpUrlConnector.access$100(HttpUrlConnector.java:91)
	at org.glassfish.jersey.client.HttpUrlConnector$4.getOutputStream(HttpUrlConnector.java:325)
	at org.glassfish.jersey.message.internal.CommittingOutputStream.commitStream(CommittingOutputStream.java:200)
	at org.glassfish.jersey.message.internal.CommittingOutputStream.commitStream(CommittingOutputStream.java:194)
	at org.glassfish.jersey.message.internal.CommittingOutputStream.commit(CommittingOutputStream.java:262)
	at org.glassfish.jersey.message.internal.OutboundMessageContext.commitStream(OutboundMessageContext.java:816)
	at org.glassfish.jersey.client.ClientRequest.writeEntity(ClientRequest.java:545)
	at org.glassfish.jersey.client.HttpUrlConnector._apply(HttpUrlConnector.java:329)
	at org.glassfish.jersey.client.HttpUrlConnector.apply(HttpUrlConnector.java:242)
	at org.glassfish.jersey.client.ClientRuntime.invoke(ClientRuntime.java:254)
	... 42 more
]]>
    </error>
  </testcase> <!-- testSetandGetATSUserDetailsVerification -->
  <testcase name="testSetandGetATSUserDetailsVerification" time="0.081" classname="com.myntra.apiTests.portalservices.atsService.TestATSAPISV2">
    <error type="javax.ws.rs.ProcessingException" message="Already connected">
      <![CDATA[javax.ws.rs.ProcessingException: Already connected
	at org.glassfish.jersey.client.ClientRuntime.invoke(ClientRuntime.java:263)
	at org.glassfish.jersey.client.JerseyInvocation$1.call(JerseyInvocation.java:671)
	at org.glassfish.jersey.client.JerseyInvocation$1.call(JerseyInvocation.java:668)
	at org.glassfish.jersey.internal.Errors.process(Errors.java:315)
	at org.glassfish.jersey.internal.Errors.process(Errors.java:297)
	at org.glassfish.jersey.internal.Errors.process(Errors.java:228)
	at org.glassfish.jersey.process.internal.RequestScope.runInScope(RequestScope.java:444)
	at org.glassfish.jersey.client.JerseyInvocation.invoke(JerseyInvocation.java:668)
	at org.glassfish.jersey.client.JerseyInvocation$Builder.method(JerseyInvocation.java:428)
	at org.glassfish.jersey.client.JerseyInvocation$Builder.post(JerseyInvocation.java:334)
	at com.myntra.lordoftherings.gandalf.RequestGenerator.CollectResponse(RequestGenerator.java:290)
	at com.myntra.lordoftherings.gandalf.RequestGenerator.PostResponse(RequestGenerator.java:194)
	at com.myntra.lordoftherings.gandalf.RequestGenerator.<init>(RequestGenerator.java:136)
	at com.myntra.apiTests.portalservices.idpservice.IDPServiceHelper.performSignUpOperation(IDPServiceHelper.java:67)
	at com.myntra.apiTests.portalservices.atsService.ATSHelper.performSignup(ATSHelper.java:156)
	at com.myntra.apiTests.portalservices.atsService.TestATSAPISV2.testSetandGetATSUserDetailsVerification(TestATSAPISV2.java:52)
	at sun.reflect.GeneratedMethodAccessor11.invoke(Unknown Source)
	at sun.reflect.DelegatingMethodAccessorImpl.invoke(DelegatingMethodAccessorImpl.java:43)
	at java.lang.reflect.Method.invoke(Method.java:498)
	at org.testng.internal.MethodInvocationHelper.invokeMethod(MethodInvocationHelper.java:86)
	at org.testng.internal.Invoker.invokeMethod(Invoker.java:643)
	at org.testng.internal.Invoker.invokeTestMethod(Invoker.java:820)
	at org.testng.internal.Invoker.invokeTestMethods(Invoker.java:1128)
	at org.testng.internal.TestMethodWorker.invokeTestMethods(TestMethodWorker.java:129)
	at org.testng.internal.TestMethodWorker.run(TestMethodWorker.java:112)
	at org.testng.TestRunner.privateRun(TestRunner.java:782)
	at org.testng.TestRunner.run(TestRunner.java:632)
	at org.testng.SuiteRunner.runTest(SuiteRunner.java:366)
	at org.testng.SuiteRunner.runSequentially(SuiteRunner.java:361)
	at org.testng.SuiteRunner.privateRun(SuiteRunner.java:319)
	at org.testng.SuiteRunner.run(SuiteRunner.java:268)
	at org.testng.SuiteRunnerWorker.runSuite(SuiteRunnerWorker.java:52)
	at org.testng.SuiteRunnerWorker.run(SuiteRunnerWorker.java:86)
	at org.testng.TestNG.runSuitesSequentially(TestNG.java:1244)
	at org.testng.TestNG.runSuitesLocally(TestNG.java:1169)
	at org.testng.TestNG.run(TestNG.java:1064)
	at org.apache.maven.surefire.testng.TestNGExecutor.run(TestNGExecutor.java:217)
	at org.apache.maven.surefire.testng.TestNGXmlTestSuite.execute(TestNGXmlTestSuite.java:84)
	at org.apache.maven.surefire.testng.TestNGProvider.invoke(TestNGProvider.java:92)
	at org.apache.maven.surefire.booter.ForkedBooter.invokeProviderInSameClassLoader(ForkedBooter.java:200)
	at org.apache.maven.surefire.booter.ForkedBooter.runSuitesInProcess(ForkedBooter.java:153)
	at org.apache.maven.surefire.booter.ForkedBooter.main(ForkedBooter.java:103)
Caused by: java.lang.IllegalStateException: Already connected
	at sun.net.www.protocol.http.HttpURLConnection.setRequestProperty(HttpURLConnection.java:3071)
	at org.glassfish.jersey.client.HttpUrlConnector.setOutboundHeaders(HttpUrlConnector.java:374)
	at org.glassfish.jersey.client.HttpUrlConnector.access$100(HttpUrlConnector.java:91)
	at org.glassfish.jersey.client.HttpUrlConnector$4.getOutputStream(HttpUrlConnector.java:325)
	at org.glassfish.jersey.message.internal.CommittingOutputStream.commitStream(CommittingOutputStream.java:200)
	at org.glassfish.jersey.message.internal.CommittingOutputStream.commitStream(CommittingOutputStream.java:194)
	at org.glassfish.jersey.message.internal.CommittingOutputStream.commit(CommittingOutputStream.java:262)
	at org.glassfish.jersey.message.internal.OutboundMessageContext.commitStream(OutboundMessageContext.java:816)
	at org.glassfish.jersey.client.ClientRequest.writeEntity(ClientRequest.java:545)
	at org.glassfish.jersey.client.HttpUrlConnector._apply(HttpUrlConnector.java:329)
	at org.glassfish.jersey.client.HttpUrlConnector.apply(HttpUrlConnector.java:242)
	at org.glassfish.jersey.client.ClientRuntime.invoke(ClientRuntime.java:254)
	... 41 more
]]>
    </error>
  </testcase> <!-- testSetandGetATSUserDetailsVerification -->
  <testcase name="testSetandGetATSUserDetailsVerification" time="0.071" classname="com.myntra.apiTests.portalservices.atsService.TestATSAPISV2">
    <error type="javax.ws.rs.ProcessingException" message="Already connected">
      <![CDATA[javax.ws.rs.ProcessingException: Already connected
	at org.glassfish.jersey.client.ClientRuntime.invoke(ClientRuntime.java:263)
	at org.glassfish.jersey.client.JerseyInvocation$1.call(JerseyInvocation.java:671)
	at org.glassfish.jersey.client.JerseyInvocation$1.call(JerseyInvocation.java:668)
	at org.glassfish.jersey.internal.Errors.process(Errors.java:315)
	at org.glassfish.jersey.internal.Errors.process(Errors.java:297)
	at org.glassfish.jersey.internal.Errors.process(Errors.java:228)
	at org.glassfish.jersey.process.internal.RequestScope.runInScope(RequestScope.java:444)
	at org.glassfish.jersey.client.JerseyInvocation.invoke(JerseyInvocation.java:668)
	at org.glassfish.jersey.client.JerseyInvocation$Builder.method(JerseyInvocation.java:428)
	at org.glassfish.jersey.client.JerseyInvocation$Builder.post(JerseyInvocation.java:334)
	at com.myntra.lordoftherings.gandalf.RequestGenerator.CollectResponse(RequestGenerator.java:290)
	at com.myntra.lordoftherings.gandalf.RequestGenerator.PostResponse(RequestGenerator.java:194)
	at com.myntra.lordoftherings.gandalf.RequestGenerator.<init>(RequestGenerator.java:136)
	at com.myntra.apiTests.portalservices.idpservice.IDPServiceHelper.performSignUpOperation(IDPServiceHelper.java:67)
	at com.myntra.apiTests.portalservices.atsService.ATSHelper.performSignup(ATSHelper.java:156)
	at com.myntra.apiTests.portalservices.atsService.TestATSAPISV2.testSetandGetATSUserDetailsVerification(TestATSAPISV2.java:52)
	at sun.reflect.GeneratedMethodAccessor11.invoke(Unknown Source)
	at sun.reflect.DelegatingMethodAccessorImpl.invoke(DelegatingMethodAccessorImpl.java:43)
	at java.lang.reflect.Method.invoke(Method.java:498)
	at org.testng.internal.MethodInvocationHelper.invokeMethod(MethodInvocationHelper.java:86)
	at org.testng.internal.Invoker.invokeMethod(Invoker.java:643)
	at org.testng.internal.Invoker.invokeTestMethod(Invoker.java:820)
	at org.testng.internal.Invoker.invokeTestMethods(Invoker.java:1128)
	at org.testng.internal.TestMethodWorker.invokeTestMethods(TestMethodWorker.java:129)
	at org.testng.internal.TestMethodWorker.run(TestMethodWorker.java:112)
	at org.testng.TestRunner.privateRun(TestRunner.java:782)
	at org.testng.TestRunner.run(TestRunner.java:632)
	at org.testng.SuiteRunner.runTest(SuiteRunner.java:366)
	at org.testng.SuiteRunner.runSequentially(SuiteRunner.java:361)
	at org.testng.SuiteRunner.privateRun(SuiteRunner.java:319)
	at org.testng.SuiteRunner.run(SuiteRunner.java:268)
	at org.testng.SuiteRunnerWorker.runSuite(SuiteRunnerWorker.java:52)
	at org.testng.SuiteRunnerWorker.run(SuiteRunnerWorker.java:86)
	at org.testng.TestNG.runSuitesSequentially(TestNG.java:1244)
	at org.testng.TestNG.runSuitesLocally(TestNG.java:1169)
	at org.testng.TestNG.run(TestNG.java:1064)
	at org.apache.maven.surefire.testng.TestNGExecutor.run(TestNGExecutor.java:217)
	at org.apache.maven.surefire.testng.TestNGXmlTestSuite.execute(TestNGXmlTestSuite.java:84)
	at org.apache.maven.surefire.testng.TestNGProvider.invoke(TestNGProvider.java:92)
	at org.apache.maven.surefire.booter.ForkedBooter.invokeProviderInSameClassLoader(ForkedBooter.java:200)
	at org.apache.maven.surefire.booter.ForkedBooter.runSuitesInProcess(ForkedBooter.java:153)
	at org.apache.maven.surefire.booter.ForkedBooter.main(ForkedBooter.java:103)
Caused by: java.lang.IllegalStateException: Already connected
	at sun.net.www.protocol.http.HttpURLConnection.setRequestProperty(HttpURLConnection.java:3071)
	at org.glassfish.jersey.client.HttpUrlConnector.setOutboundHeaders(HttpUrlConnector.java:374)
	at org.glassfish.jersey.client.HttpUrlConnector.access$100(HttpUrlConnector.java:91)
	at org.glassfish.jersey.client.HttpUrlConnector$4.getOutputStream(HttpUrlConnector.java:325)
	at org.glassfish.jersey.message.internal.CommittingOutputStream.commitStream(CommittingOutputStream.java:200)
	at org.glassfish.jersey.message.internal.CommittingOutputStream.commitStream(CommittingOutputStream.java:194)
	at org.glassfish.jersey.message.internal.CommittingOutputStream.commit(CommittingOutputStream.java:262)
	at org.glassfish.jersey.message.internal.OutboundMessageContext.commitStream(OutboundMessageContext.java:816)
	at org.glassfish.jersey.client.ClientRequest.writeEntity(ClientRequest.java:545)
	at org.glassfish.jersey.client.HttpUrlConnector._apply(HttpUrlConnector.java:329)
	at org.glassfish.jersey.client.HttpUrlConnector.apply(HttpUrlConnector.java:242)
	at org.glassfish.jersey.client.ClientRuntime.invoke(ClientRuntime.java:254)
	... 41 more
]]>
    </error>
  </testcase> <!-- testSetandGetATSUserDetailsVerification -->
  <testcase name="testSetandGetATSUserDetailsVerification" time="0.066" classname="com.myntra.apiTests.portalservices.atsService.TestATSAPISV2">
    <error type="javax.ws.rs.ProcessingException" message="Already connected">
      <![CDATA[javax.ws.rs.ProcessingException: Already connected
	at org.glassfish.jersey.client.ClientRuntime.invoke(ClientRuntime.java:263)
	at org.glassfish.jersey.client.JerseyInvocation$1.call(JerseyInvocation.java:671)
	at org.glassfish.jersey.client.JerseyInvocation$1.call(JerseyInvocation.java:668)
	at org.glassfish.jersey.internal.Errors.process(Errors.java:315)
	at org.glassfish.jersey.internal.Errors.process(Errors.java:297)
	at org.glassfish.jersey.internal.Errors.process(Errors.java:228)
	at org.glassfish.jersey.process.internal.RequestScope.runInScope(RequestScope.java:444)
	at org.glassfish.jersey.client.JerseyInvocation.invoke(JerseyInvocation.java:668)
	at org.glassfish.jersey.client.JerseyInvocation$Builder.method(JerseyInvocation.java:428)
	at org.glassfish.jersey.client.JerseyInvocation$Builder.post(JerseyInvocation.java:334)
	at com.myntra.lordoftherings.gandalf.RequestGenerator.CollectResponse(RequestGenerator.java:290)
	at com.myntra.lordoftherings.gandalf.RequestGenerator.PostResponse(RequestGenerator.java:194)
	at com.myntra.lordoftherings.gandalf.RequestGenerator.<init>(RequestGenerator.java:136)
	at com.myntra.apiTests.portalservices.idpservice.IDPServiceHelper.performSignUpOperation(IDPServiceHelper.java:67)
	at com.myntra.apiTests.portalservices.atsService.ATSHelper.performSignup(ATSHelper.java:156)
	at com.myntra.apiTests.portalservices.atsService.TestATSAPISV2.testSetandGetATSUserDetailsVerification(TestATSAPISV2.java:52)
	at sun.reflect.GeneratedMethodAccessor11.invoke(Unknown Source)
	at sun.reflect.DelegatingMethodAccessorImpl.invoke(DelegatingMethodAccessorImpl.java:43)
	at java.lang.reflect.Method.invoke(Method.java:498)
	at org.testng.internal.MethodInvocationHelper.invokeMethod(MethodInvocationHelper.java:86)
	at org.testng.internal.Invoker.invokeMethod(Invoker.java:643)
	at org.testng.internal.Invoker.invokeTestMethod(Invoker.java:820)
	at org.testng.internal.Invoker.invokeTestMethods(Invoker.java:1128)
	at org.testng.internal.TestMethodWorker.invokeTestMethods(TestMethodWorker.java:129)
	at org.testng.internal.TestMethodWorker.run(TestMethodWorker.java:112)
	at org.testng.TestRunner.privateRun(TestRunner.java:782)
	at org.testng.TestRunner.run(TestRunner.java:632)
	at org.testng.SuiteRunner.runTest(SuiteRunner.java:366)
	at org.testng.SuiteRunner.runSequentially(SuiteRunner.java:361)
	at org.testng.SuiteRunner.privateRun(SuiteRunner.java:319)
	at org.testng.SuiteRunner.run(SuiteRunner.java:268)
	at org.testng.SuiteRunnerWorker.runSuite(SuiteRunnerWorker.java:52)
	at org.testng.SuiteRunnerWorker.run(SuiteRunnerWorker.java:86)
	at org.testng.TestNG.runSuitesSequentially(TestNG.java:1244)
	at org.testng.TestNG.runSuitesLocally(TestNG.java:1169)
	at org.testng.TestNG.run(TestNG.java:1064)
	at org.apache.maven.surefire.testng.TestNGExecutor.run(TestNGExecutor.java:217)
	at org.apache.maven.surefire.testng.TestNGXmlTestSuite.execute(TestNGXmlTestSuite.java:84)
	at org.apache.maven.surefire.testng.TestNGProvider.invoke(TestNGProvider.java:92)
	at org.apache.maven.surefire.booter.ForkedBooter.invokeProviderInSameClassLoader(ForkedBooter.java:200)
	at org.apache.maven.surefire.booter.ForkedBooter.runSuitesInProcess(ForkedBooter.java:153)
	at org.apache.maven.surefire.booter.ForkedBooter.main(ForkedBooter.java:103)
Caused by: java.lang.IllegalStateException: Already connected
	at sun.net.www.protocol.http.HttpURLConnection.setRequestProperty(HttpURLConnection.java:3071)
	at org.glassfish.jersey.client.HttpUrlConnector.setOutboundHeaders(HttpUrlConnector.java:374)
	at org.glassfish.jersey.client.HttpUrlConnector.access$100(HttpUrlConnector.java:91)
	at org.glassfish.jersey.client.HttpUrlConnector$4.getOutputStream(HttpUrlConnector.java:325)
	at org.glassfish.jersey.message.internal.CommittingOutputStream.commitStream(CommittingOutputStream.java:200)
	at org.glassfish.jersey.message.internal.CommittingOutputStream.commitStream(CommittingOutputStream.java:194)
	at org.glassfish.jersey.message.internal.CommittingOutputStream.commit(CommittingOutputStream.java:262)
	at org.glassfish.jersey.message.internal.OutboundMessageContext.commitStream(OutboundMessageContext.java:816)
	at org.glassfish.jersey.client.ClientRequest.writeEntity(ClientRequest.java:545)
	at org.glassfish.jersey.client.HttpUrlConnector._apply(HttpUrlConnector.java:329)
	at org.glassfish.jersey.client.HttpUrlConnector.apply(HttpUrlConnector.java:242)
	at org.glassfish.jersey.client.ClientRuntime.invoke(ClientRuntime.java:254)
	... 41 more
]]>
    </error>
  </testcase> <!-- testSetandGetATSUserDetailsVerification -->
  <testcase name="testSetandGetATSUserDetailsVerification" time="0.034" classname="com.myntra.apiTests.portalservices.atsService.TestATSAPISV2">
    <error type="javax.ws.rs.ProcessingException" message="Already connected">
      <![CDATA[javax.ws.rs.ProcessingException: Already connected
	at org.glassfish.jersey.client.ClientRuntime.invoke(ClientRuntime.java:263)
	at org.glassfish.jersey.client.JerseyInvocation$1.call(JerseyInvocation.java:671)
	at org.glassfish.jersey.client.JerseyInvocation$1.call(JerseyInvocation.java:668)
	at org.glassfish.jersey.internal.Errors.process(Errors.java:315)
	at org.glassfish.jersey.internal.Errors.process(Errors.java:297)
	at org.glassfish.jersey.internal.Errors.process(Errors.java:228)
	at org.glassfish.jersey.process.internal.RequestScope.runInScope(RequestScope.java:444)
	at org.glassfish.jersey.client.JerseyInvocation.invoke(JerseyInvocation.java:668)
	at org.glassfish.jersey.client.JerseyInvocation$Builder.method(JerseyInvocation.java:428)
	at org.glassfish.jersey.client.JerseyInvocation$Builder.post(JerseyInvocation.java:334)
	at com.myntra.lordoftherings.gandalf.RequestGenerator.CollectResponse(RequestGenerator.java:290)
	at com.myntra.lordoftherings.gandalf.RequestGenerator.PostResponse(RequestGenerator.java:194)
	at com.myntra.lordoftherings.gandalf.RequestGenerator.<init>(RequestGenerator.java:136)
	at com.myntra.apiTests.portalservices.idpservice.IDPServiceHelper.performSignUpOperation(IDPServiceHelper.java:67)
	at com.myntra.apiTests.portalservices.atsService.ATSHelper.performSignup(ATSHelper.java:156)
	at com.myntra.apiTests.portalservices.atsService.TestATSAPISV2.testSetandGetATSUserDetailsVerification(TestATSAPISV2.java:52)
	at sun.reflect.GeneratedMethodAccessor11.invoke(Unknown Source)
	at sun.reflect.DelegatingMethodAccessorImpl.invoke(DelegatingMethodAccessorImpl.java:43)
	at java.lang.reflect.Method.invoke(Method.java:498)
	at org.testng.internal.MethodInvocationHelper.invokeMethod(MethodInvocationHelper.java:86)
	at org.testng.internal.Invoker.invokeMethod(Invoker.java:643)
	at org.testng.internal.Invoker.invokeTestMethod(Invoker.java:820)
	at org.testng.internal.Invoker.invokeTestMethods(Invoker.java:1128)
	at org.testng.internal.TestMethodWorker.invokeTestMethods(TestMethodWorker.java:129)
	at org.testng.internal.TestMethodWorker.run(TestMethodWorker.java:112)
	at org.testng.TestRunner.privateRun(TestRunner.java:782)
	at org.testng.TestRunner.run(TestRunner.java:632)
	at org.testng.SuiteRunner.runTest(SuiteRunner.java:366)
	at org.testng.SuiteRunner.runSequentially(SuiteRunner.java:361)
	at org.testng.SuiteRunner.privateRun(SuiteRunner.java:319)
	at org.testng.SuiteRunner.run(SuiteRunner.java:268)
	at org.testng.SuiteRunnerWorker.runSuite(SuiteRunnerWorker.java:52)
	at org.testng.SuiteRunnerWorker.run(SuiteRunnerWorker.java:86)
	at org.testng.TestNG.runSuitesSequentially(TestNG.java:1244)
	at org.testng.TestNG.runSuitesLocally(TestNG.java:1169)
	at org.testng.TestNG.run(TestNG.java:1064)
	at org.apache.maven.surefire.testng.TestNGExecutor.run(TestNGExecutor.java:217)
	at org.apache.maven.surefire.testng.TestNGXmlTestSuite.execute(TestNGXmlTestSuite.java:84)
	at org.apache.maven.surefire.testng.TestNGProvider.invoke(TestNGProvider.java:92)
	at org.apache.maven.surefire.booter.ForkedBooter.invokeProviderInSameClassLoader(ForkedBooter.java:200)
	at org.apache.maven.surefire.booter.ForkedBooter.runSuitesInProcess(ForkedBooter.java:153)
	at org.apache.maven.surefire.booter.ForkedBooter.main(ForkedBooter.java:103)
Caused by: java.lang.IllegalStateException: Already connected
	at sun.net.www.protocol.http.HttpURLConnection.setRequestProperty(HttpURLConnection.java:3071)
	at org.glassfish.jersey.client.HttpUrlConnector.setOutboundHeaders(HttpUrlConnector.java:374)
	at org.glassfish.jersey.client.HttpUrlConnector.access$100(HttpUrlConnector.java:91)
	at org.glassfish.jersey.client.HttpUrlConnector$4.getOutputStream(HttpUrlConnector.java:325)
	at org.glassfish.jersey.message.internal.CommittingOutputStream.commitStream(CommittingOutputStream.java:200)
	at org.glassfish.jersey.message.internal.CommittingOutputStream.commitStream(CommittingOutputStream.java:194)
	at org.glassfish.jersey.message.internal.CommittingOutputStream.commit(CommittingOutputStream.java:262)
	at org.glassfish.jersey.message.internal.OutboundMessageContext.commitStream(OutboundMessageContext.java:816)
	at org.glassfish.jersey.client.ClientRequest.writeEntity(ClientRequest.java:545)
	at org.glassfish.jersey.client.HttpUrlConnector._apply(HttpUrlConnector.java:329)
	at org.glassfish.jersey.client.HttpUrlConnector.apply(HttpUrlConnector.java:242)
	at org.glassfish.jersey.client.ClientRuntime.invoke(ClientRuntime.java:254)
	... 41 more
]]>
    </error>
  </testcase> <!-- testSetandGetATSUserDetailsVerification -->
  <testcase name="testSetandGetATSUserDetailsVerification" time="0.087" classname="com.myntra.apiTests.portalservices.atsService.TestATSAPISV2">
    <error type="javax.ws.rs.ProcessingException" message="Already connected">
      <![CDATA[javax.ws.rs.ProcessingException: Already connected
	at org.glassfish.jersey.client.ClientRuntime.invoke(ClientRuntime.java:263)
	at org.glassfish.jersey.client.JerseyInvocation$1.call(JerseyInvocation.java:671)
	at org.glassfish.jersey.client.JerseyInvocation$1.call(JerseyInvocation.java:668)
	at org.glassfish.jersey.internal.Errors.process(Errors.java:315)
	at org.glassfish.jersey.internal.Errors.process(Errors.java:297)
	at org.glassfish.jersey.internal.Errors.process(Errors.java:228)
	at org.glassfish.jersey.process.internal.RequestScope.runInScope(RequestScope.java:444)
	at org.glassfish.jersey.client.JerseyInvocation.invoke(JerseyInvocation.java:668)
	at org.glassfish.jersey.client.JerseyInvocation$Builder.method(JerseyInvocation.java:428)
	at org.glassfish.jersey.client.JerseyInvocation$Builder.post(JerseyInvocation.java:334)
	at com.myntra.lordoftherings.gandalf.RequestGenerator.CollectResponse(RequestGenerator.java:290)
	at com.myntra.lordoftherings.gandalf.RequestGenerator.PostResponse(RequestGenerator.java:194)
	at com.myntra.lordoftherings.gandalf.RequestGenerator.<init>(RequestGenerator.java:136)
	at com.myntra.apiTests.portalservices.idpservice.IDPServiceHelper.performSignUpOperation(IDPServiceHelper.java:67)
	at com.myntra.apiTests.portalservices.atsService.ATSHelper.performSignup(ATSHelper.java:156)
	at com.myntra.apiTests.portalservices.atsService.TestATSAPISV2.testSetandGetATSUserDetailsVerification(TestATSAPISV2.java:52)
	at sun.reflect.GeneratedMethodAccessor11.invoke(Unknown Source)
	at sun.reflect.DelegatingMethodAccessorImpl.invoke(DelegatingMethodAccessorImpl.java:43)
	at java.lang.reflect.Method.invoke(Method.java:498)
	at org.testng.internal.MethodInvocationHelper.invokeMethod(MethodInvocationHelper.java:86)
	at org.testng.internal.Invoker.invokeMethod(Invoker.java:643)
	at org.testng.internal.Invoker.invokeTestMethod(Invoker.java:820)
	at org.testng.internal.Invoker.invokeTestMethods(Invoker.java:1128)
	at org.testng.internal.TestMethodWorker.invokeTestMethods(TestMethodWorker.java:129)
	at org.testng.internal.TestMethodWorker.run(TestMethodWorker.java:112)
	at org.testng.TestRunner.privateRun(TestRunner.java:782)
	at org.testng.TestRunner.run(TestRunner.java:632)
	at org.testng.SuiteRunner.runTest(SuiteRunner.java:366)
	at org.testng.SuiteRunner.runSequentially(SuiteRunner.java:361)
	at org.testng.SuiteRunner.privateRun(SuiteRunner.java:319)
	at org.testng.SuiteRunner.run(SuiteRunner.java:268)
	at org.testng.SuiteRunnerWorker.runSuite(SuiteRunnerWorker.java:52)
	at org.testng.SuiteRunnerWorker.run(SuiteRunnerWorker.java:86)
	at org.testng.TestNG.runSuitesSequentially(TestNG.java:1244)
	at org.testng.TestNG.runSuitesLocally(TestNG.java:1169)
	at org.testng.TestNG.run(TestNG.java:1064)
	at org.apache.maven.surefire.testng.TestNGExecutor.run(TestNGExecutor.java:217)
	at org.apache.maven.surefire.testng.TestNGXmlTestSuite.execute(TestNGXmlTestSuite.java:84)
	at org.apache.maven.surefire.testng.TestNGProvider.invoke(TestNGProvider.java:92)
	at org.apache.maven.surefire.booter.ForkedBooter.invokeProviderInSameClassLoader(ForkedBooter.java:200)
	at org.apache.maven.surefire.booter.ForkedBooter.runSuitesInProcess(ForkedBooter.java:153)
	at org.apache.maven.surefire.booter.ForkedBooter.main(ForkedBooter.java:103)
Caused by: java.lang.IllegalStateException: Already connected
	at sun.net.www.protocol.http.HttpURLConnection.setRequestProperty(HttpURLConnection.java:3071)
	at org.glassfish.jersey.client.HttpUrlConnector.setOutboundHeaders(HttpUrlConnector.java:374)
	at org.glassfish.jersey.client.HttpUrlConnector.access$100(HttpUrlConnector.java:91)
	at org.glassfish.jersey.client.HttpUrlConnector$4.getOutputStream(HttpUrlConnector.java:325)
	at org.glassfish.jersey.message.internal.CommittingOutputStream.commitStream(CommittingOutputStream.java:200)
	at org.glassfish.jersey.message.internal.CommittingOutputStream.commitStream(CommittingOutputStream.java:194)
	at org.glassfish.jersey.message.internal.CommittingOutputStream.commit(CommittingOutputStream.java:262)
	at org.glassfish.jersey.message.internal.OutboundMessageContext.commitStream(OutboundMessageContext.java:816)
	at org.glassfish.jersey.client.ClientRequest.writeEntity(ClientRequest.java:545)
	at org.glassfish.jersey.client.HttpUrlConnector._apply(HttpUrlConnector.java:329)
	at org.glassfish.jersey.client.HttpUrlConnector.apply(HttpUrlConnector.java:242)
	at org.glassfish.jersey.client.ClientRuntime.invoke(ClientRuntime.java:254)
	... 41 more
]]>
    </error>
  </testcase> <!-- testSetandGetATSUserDetailsVerification -->
  <testcase name="testSetandGetATSUserDetailsVerification" time="0.051" classname="com.myntra.apiTests.portalservices.atsService.TestATSAPISV2">
    <error type="javax.ws.rs.ProcessingException" message="Already connected">
      <![CDATA[javax.ws.rs.ProcessingException: Already connected
	at org.glassfish.jersey.client.ClientRuntime.invoke(ClientRuntime.java:263)
	at org.glassfish.jersey.client.JerseyInvocation$1.call(JerseyInvocation.java:671)
	at org.glassfish.jersey.client.JerseyInvocation$1.call(JerseyInvocation.java:668)
	at org.glassfish.jersey.internal.Errors.process(Errors.java:315)
	at org.glassfish.jersey.internal.Errors.process(Errors.java:297)
	at org.glassfish.jersey.internal.Errors.process(Errors.java:228)
	at org.glassfish.jersey.process.internal.RequestScope.runInScope(RequestScope.java:444)
	at org.glassfish.jersey.client.JerseyInvocation.invoke(JerseyInvocation.java:668)
	at org.glassfish.jersey.client.JerseyInvocation$Builder.method(JerseyInvocation.java:428)
	at org.glassfish.jersey.client.JerseyInvocation$Builder.post(JerseyInvocation.java:334)
	at com.myntra.lordoftherings.gandalf.RequestGenerator.CollectResponse(RequestGenerator.java:290)
	at com.myntra.lordoftherings.gandalf.RequestGenerator.PostResponse(RequestGenerator.java:194)
	at com.myntra.lordoftherings.gandalf.RequestGenerator.<init>(RequestGenerator.java:136)
	at com.myntra.apiTests.portalservices.idpservice.IDPServiceHelper.performSignUpOperation(IDPServiceHelper.java:67)
	at com.myntra.apiTests.portalservices.atsService.ATSHelper.performSignup(ATSHelper.java:156)
	at com.myntra.apiTests.portalservices.atsService.TestATSAPISV2.testSetandGetATSUserDetailsVerification(TestATSAPISV2.java:52)
	at sun.reflect.GeneratedMethodAccessor11.invoke(Unknown Source)
	at sun.reflect.DelegatingMethodAccessorImpl.invoke(DelegatingMethodAccessorImpl.java:43)
	at java.lang.reflect.Method.invoke(Method.java:498)
	at org.testng.internal.MethodInvocationHelper.invokeMethod(MethodInvocationHelper.java:86)
	at org.testng.internal.Invoker.invokeMethod(Invoker.java:643)
	at org.testng.internal.Invoker.invokeTestMethod(Invoker.java:820)
	at org.testng.internal.Invoker.invokeTestMethods(Invoker.java:1128)
	at org.testng.internal.TestMethodWorker.invokeTestMethods(TestMethodWorker.java:129)
	at org.testng.internal.TestMethodWorker.run(TestMethodWorker.java:112)
	at org.testng.TestRunner.privateRun(TestRunner.java:782)
	at org.testng.TestRunner.run(TestRunner.java:632)
	at org.testng.SuiteRunner.runTest(SuiteRunner.java:366)
	at org.testng.SuiteRunner.runSequentially(SuiteRunner.java:361)
	at org.testng.SuiteRunner.privateRun(SuiteRunner.java:319)
	at org.testng.SuiteRunner.run(SuiteRunner.java:268)
	at org.testng.SuiteRunnerWorker.runSuite(SuiteRunnerWorker.java:52)
	at org.testng.SuiteRunnerWorker.run(SuiteRunnerWorker.java:86)
	at org.testng.TestNG.runSuitesSequentially(TestNG.java:1244)
	at org.testng.TestNG.runSuitesLocally(TestNG.java:1169)
	at org.testng.TestNG.run(TestNG.java:1064)
	at org.apache.maven.surefire.testng.TestNGExecutor.run(TestNGExecutor.java:217)
	at org.apache.maven.surefire.testng.TestNGXmlTestSuite.execute(TestNGXmlTestSuite.java:84)
	at org.apache.maven.surefire.testng.TestNGProvider.invoke(TestNGProvider.java:92)
	at org.apache.maven.surefire.booter.ForkedBooter.invokeProviderInSameClassLoader(ForkedBooter.java:200)
	at org.apache.maven.surefire.booter.ForkedBooter.runSuitesInProcess(ForkedBooter.java:153)
	at org.apache.maven.surefire.booter.ForkedBooter.main(ForkedBooter.java:103)
Caused by: java.lang.IllegalStateException: Already connected
	at sun.net.www.protocol.http.HttpURLConnection.setRequestProperty(HttpURLConnection.java:3071)
	at org.glassfish.jersey.client.HttpUrlConnector.setOutboundHeaders(HttpUrlConnector.java:374)
	at org.glassfish.jersey.client.HttpUrlConnector.access$100(HttpUrlConnector.java:91)
	at org.glassfish.jersey.client.HttpUrlConnector$4.getOutputStream(HttpUrlConnector.java:325)
	at org.glassfish.jersey.message.internal.CommittingOutputStream.commitStream(CommittingOutputStream.java:200)
	at org.glassfish.jersey.message.internal.CommittingOutputStream.commitStream(CommittingOutputStream.java:194)
	at org.glassfish.jersey.message.internal.CommittingOutputStream.commit(CommittingOutputStream.java:262)
	at org.glassfish.jersey.message.internal.OutboundMessageContext.commitStream(OutboundMessageContext.java:816)
	at org.glassfish.jersey.client.ClientRequest.writeEntity(ClientRequest.java:545)
	at org.glassfish.jersey.client.HttpUrlConnector._apply(HttpUrlConnector.java:329)
	at org.glassfish.jersey.client.HttpUrlConnector.apply(HttpUrlConnector.java:242)
	at org.glassfish.jersey.client.ClientRuntime.invoke(ClientRuntime.java:254)
	... 41 more
]]>
    </error>
  </testcase> <!-- testSetandGetATSUserDetailsVerification -->
  <testcase name="testSetandGetATSUserDetailsVerification" time="0.078" classname="com.myntra.apiTests.portalservices.atsService.TestATSAPISV2">
    <error type="javax.ws.rs.ProcessingException" message="Already connected">
      <![CDATA[javax.ws.rs.ProcessingException: Already connected
	at org.glassfish.jersey.client.ClientRuntime.invoke(ClientRuntime.java:263)
	at org.glassfish.jersey.client.JerseyInvocation$1.call(JerseyInvocation.java:671)
	at org.glassfish.jersey.client.JerseyInvocation$1.call(JerseyInvocation.java:668)
	at org.glassfish.jersey.internal.Errors.process(Errors.java:315)
	at org.glassfish.jersey.internal.Errors.process(Errors.java:297)
	at org.glassfish.jersey.internal.Errors.process(Errors.java:228)
	at org.glassfish.jersey.process.internal.RequestScope.runInScope(RequestScope.java:444)
	at org.glassfish.jersey.client.JerseyInvocation.invoke(JerseyInvocation.java:668)
	at org.glassfish.jersey.client.JerseyInvocation$Builder.method(JerseyInvocation.java:428)
	at org.glassfish.jersey.client.JerseyInvocation$Builder.post(JerseyInvocation.java:334)
	at com.myntra.lordoftherings.gandalf.RequestGenerator.CollectResponse(RequestGenerator.java:290)
	at com.myntra.lordoftherings.gandalf.RequestGenerator.PostResponse(RequestGenerator.java:194)
	at com.myntra.lordoftherings.gandalf.RequestGenerator.<init>(RequestGenerator.java:136)
	at com.myntra.apiTests.portalservices.idpservice.IDPServiceHelper.performSignUpOperation(IDPServiceHelper.java:67)
	at com.myntra.apiTests.portalservices.atsService.ATSHelper.performSignup(ATSHelper.java:156)
	at com.myntra.apiTests.portalservices.atsService.TestATSAPISV2.testSetandGetATSUserDetailsVerification(TestATSAPISV2.java:52)
	at sun.reflect.GeneratedMethodAccessor11.invoke(Unknown Source)
	at sun.reflect.DelegatingMethodAccessorImpl.invoke(DelegatingMethodAccessorImpl.java:43)
	at java.lang.reflect.Method.invoke(Method.java:498)
	at org.testng.internal.MethodInvocationHelper.invokeMethod(MethodInvocationHelper.java:86)
	at org.testng.internal.Invoker.invokeMethod(Invoker.java:643)
	at org.testng.internal.Invoker.invokeTestMethod(Invoker.java:820)
	at org.testng.internal.Invoker.invokeTestMethods(Invoker.java:1128)
	at org.testng.internal.TestMethodWorker.invokeTestMethods(TestMethodWorker.java:129)
	at org.testng.internal.TestMethodWorker.run(TestMethodWorker.java:112)
	at org.testng.TestRunner.privateRun(TestRunner.java:782)
	at org.testng.TestRunner.run(TestRunner.java:632)
	at org.testng.SuiteRunner.runTest(SuiteRunner.java:366)
	at org.testng.SuiteRunner.runSequentially(SuiteRunner.java:361)
	at org.testng.SuiteRunner.privateRun(SuiteRunner.java:319)
	at org.testng.SuiteRunner.run(SuiteRunner.java:268)
	at org.testng.SuiteRunnerWorker.runSuite(SuiteRunnerWorker.java:52)
	at org.testng.SuiteRunnerWorker.run(SuiteRunnerWorker.java:86)
	at org.testng.TestNG.runSuitesSequentially(TestNG.java:1244)
	at org.testng.TestNG.runSuitesLocally(TestNG.java:1169)
	at org.testng.TestNG.run(TestNG.java:1064)
	at org.apache.maven.surefire.testng.TestNGExecutor.run(TestNGExecutor.java:217)
	at org.apache.maven.surefire.testng.TestNGXmlTestSuite.execute(TestNGXmlTestSuite.java:84)
	at org.apache.maven.surefire.testng.TestNGProvider.invoke(TestNGProvider.java:92)
	at org.apache.maven.surefire.booter.ForkedBooter.invokeProviderInSameClassLoader(ForkedBooter.java:200)
	at org.apache.maven.surefire.booter.ForkedBooter.runSuitesInProcess(ForkedBooter.java:153)
	at org.apache.maven.surefire.booter.ForkedBooter.main(ForkedBooter.java:103)
Caused by: java.lang.IllegalStateException: Already connected
	at sun.net.www.protocol.http.HttpURLConnection.setRequestProperty(HttpURLConnection.java:3071)
	at org.glassfish.jersey.client.HttpUrlConnector.setOutboundHeaders(HttpUrlConnector.java:374)
	at org.glassfish.jersey.client.HttpUrlConnector.access$100(HttpUrlConnector.java:91)
	at org.glassfish.jersey.client.HttpUrlConnector$4.getOutputStream(HttpUrlConnector.java:325)
	at org.glassfish.jersey.message.internal.CommittingOutputStream.commitStream(CommittingOutputStream.java:200)
	at org.glassfish.jersey.message.internal.CommittingOutputStream.commitStream(CommittingOutputStream.java:194)
	at org.glassfish.jersey.message.internal.CommittingOutputStream.commit(CommittingOutputStream.java:262)
	at org.glassfish.jersey.message.internal.OutboundMessageContext.commitStream(OutboundMessageContext.java:816)
	at org.glassfish.jersey.client.ClientRequest.writeEntity(ClientRequest.java:545)
	at org.glassfish.jersey.client.HttpUrlConnector._apply(HttpUrlConnector.java:329)
	at org.glassfish.jersey.client.HttpUrlConnector.apply(HttpUrlConnector.java:242)
	at org.glassfish.jersey.client.ClientRuntime.invoke(ClientRuntime.java:254)
	... 41 more
]]>
    </error>
  </testcase> <!-- testSetandGetATSUserDetailsVerification -->
  <testcase name="testSetandGetATSUserDetailsVerification" time="0.086" classname="com.myntra.apiTests.portalservices.atsService.TestATSAPISV2">
    <error type="javax.ws.rs.ProcessingException" message="Already connected">
      <![CDATA[javax.ws.rs.ProcessingException: Already connected
	at org.glassfish.jersey.client.ClientRuntime.invoke(ClientRuntime.java:263)
	at org.glassfish.jersey.client.JerseyInvocation$1.call(JerseyInvocation.java:671)
	at org.glassfish.jersey.client.JerseyInvocation$1.call(JerseyInvocation.java:668)
	at org.glassfish.jersey.internal.Errors.process(Errors.java:315)
	at org.glassfish.jersey.internal.Errors.process(Errors.java:297)
	at org.glassfish.jersey.internal.Errors.process(Errors.java:228)
	at org.glassfish.jersey.process.internal.RequestScope.runInScope(RequestScope.java:444)
	at org.glassfish.jersey.client.JerseyInvocation.invoke(JerseyInvocation.java:668)
	at org.glassfish.jersey.client.JerseyInvocation$Builder.method(JerseyInvocation.java:428)
	at org.glassfish.jersey.client.JerseyInvocation$Builder.post(JerseyInvocation.java:334)
	at com.myntra.lordoftherings.gandalf.RequestGenerator.CollectResponse(RequestGenerator.java:290)
	at com.myntra.lordoftherings.gandalf.RequestGenerator.PostResponse(RequestGenerator.java:194)
	at com.myntra.lordoftherings.gandalf.RequestGenerator.<init>(RequestGenerator.java:136)
	at com.myntra.apiTests.portalservices.idpservice.IDPServiceHelper.performSignUpOperation(IDPServiceHelper.java:67)
	at com.myntra.apiTests.portalservices.atsService.ATSHelper.performSignup(ATSHelper.java:156)
	at com.myntra.apiTests.portalservices.atsService.TestATSAPISV2.testSetandGetATSUserDetailsVerification(TestATSAPISV2.java:52)
	at sun.reflect.GeneratedMethodAccessor11.invoke(Unknown Source)
	at sun.reflect.DelegatingMethodAccessorImpl.invoke(DelegatingMethodAccessorImpl.java:43)
	at java.lang.reflect.Method.invoke(Method.java:498)
	at org.testng.internal.MethodInvocationHelper.invokeMethod(MethodInvocationHelper.java:86)
	at org.testng.internal.Invoker.invokeMethod(Invoker.java:643)
	at org.testng.internal.Invoker.invokeTestMethod(Invoker.java:820)
	at org.testng.internal.Invoker.invokeTestMethods(Invoker.java:1128)
	at org.testng.internal.TestMethodWorker.invokeTestMethods(TestMethodWorker.java:129)
	at org.testng.internal.TestMethodWorker.run(TestMethodWorker.java:112)
	at org.testng.TestRunner.privateRun(TestRunner.java:782)
	at org.testng.TestRunner.run(TestRunner.java:632)
	at org.testng.SuiteRunner.runTest(SuiteRunner.java:366)
	at org.testng.SuiteRunner.runSequentially(SuiteRunner.java:361)
	at org.testng.SuiteRunner.privateRun(SuiteRunner.java:319)
	at org.testng.SuiteRunner.run(SuiteRunner.java:268)
	at org.testng.SuiteRunnerWorker.runSuite(SuiteRunnerWorker.java:52)
	at org.testng.SuiteRunnerWorker.run(SuiteRunnerWorker.java:86)
	at org.testng.TestNG.runSuitesSequentially(TestNG.java:1244)
	at org.testng.TestNG.runSuitesLocally(TestNG.java:1169)
	at org.testng.TestNG.run(TestNG.java:1064)
	at org.apache.maven.surefire.testng.TestNGExecutor.run(TestNGExecutor.java:217)
	at org.apache.maven.surefire.testng.TestNGXmlTestSuite.execute(TestNGXmlTestSuite.java:84)
	at org.apache.maven.surefire.testng.TestNGProvider.invoke(TestNGProvider.java:92)
	at org.apache.maven.surefire.booter.ForkedBooter.invokeProviderInSameClassLoader(ForkedBooter.java:200)
	at org.apache.maven.surefire.booter.ForkedBooter.runSuitesInProcess(ForkedBooter.java:153)
	at org.apache.maven.surefire.booter.ForkedBooter.main(ForkedBooter.java:103)
Caused by: java.lang.IllegalStateException: Already connected
	at sun.net.www.protocol.http.HttpURLConnection.setRequestProperty(HttpURLConnection.java:3071)
	at org.glassfish.jersey.client.HttpUrlConnector.setOutboundHeaders(HttpUrlConnector.java:374)
	at org.glassfish.jersey.client.HttpUrlConnector.access$100(HttpUrlConnector.java:91)
	at org.glassfish.jersey.client.HttpUrlConnector$4.getOutputStream(HttpUrlConnector.java:325)
	at org.glassfish.jersey.message.internal.CommittingOutputStream.commitStream(CommittingOutputStream.java:200)
	at org.glassfish.jersey.message.internal.CommittingOutputStream.commitStream(CommittingOutputStream.java:194)
	at org.glassfish.jersey.message.internal.CommittingOutputStream.commit(CommittingOutputStream.java:262)
	at org.glassfish.jersey.message.internal.OutboundMessageContext.commitStream(OutboundMessageContext.java:816)
	at org.glassfish.jersey.client.ClientRequest.writeEntity(ClientRequest.java:545)
	at org.glassfish.jersey.client.HttpUrlConnector._apply(HttpUrlConnector.java:329)
	at org.glassfish.jersey.client.HttpUrlConnector.apply(HttpUrlConnector.java:242)
	at org.glassfish.jersey.client.ClientRuntime.invoke(ClientRuntime.java:254)
	... 41 more
]]>
    </error>
  </testcase> <!-- testSetandGetATSUserDetailsVerification -->
  <testcase name="testSetandGetATSUserDetailsVerification" time="0.082" classname="com.myntra.apiTests.portalservices.atsService.TestATSAPISV2">
    <error type="javax.ws.rs.ProcessingException" message="Already connected">
      <![CDATA[javax.ws.rs.ProcessingException: Already connected
	at org.glassfish.jersey.client.ClientRuntime.invoke(ClientRuntime.java:263)
	at org.glassfish.jersey.client.JerseyInvocation$1.call(JerseyInvocation.java:671)
	at org.glassfish.jersey.client.JerseyInvocation$1.call(JerseyInvocation.java:668)
	at org.glassfish.jersey.internal.Errors.process(Errors.java:315)
	at org.glassfish.jersey.internal.Errors.process(Errors.java:297)
	at org.glassfish.jersey.internal.Errors.process(Errors.java:228)
	at org.glassfish.jersey.process.internal.RequestScope.runInScope(RequestScope.java:444)
	at org.glassfish.jersey.client.JerseyInvocation.invoke(JerseyInvocation.java:668)
	at org.glassfish.jersey.client.JerseyInvocation$Builder.method(JerseyInvocation.java:428)
	at org.glassfish.jersey.client.JerseyInvocation$Builder.post(JerseyInvocation.java:334)
	at com.myntra.lordoftherings.gandalf.RequestGenerator.CollectResponse(RequestGenerator.java:290)
	at com.myntra.lordoftherings.gandalf.RequestGenerator.PostResponse(RequestGenerator.java:194)
	at com.myntra.lordoftherings.gandalf.RequestGenerator.<init>(RequestGenerator.java:136)
	at com.myntra.apiTests.portalservices.idpservice.IDPServiceHelper.performSignUpOperation(IDPServiceHelper.java:67)
	at com.myntra.apiTests.portalservices.atsService.ATSHelper.performSignup(ATSHelper.java:156)
	at com.myntra.apiTests.portalservices.atsService.TestATSAPISV2.testSetandGetATSUserDetailsVerification(TestATSAPISV2.java:52)
	at sun.reflect.GeneratedMethodAccessor11.invoke(Unknown Source)
	at sun.reflect.DelegatingMethodAccessorImpl.invoke(DelegatingMethodAccessorImpl.java:43)
	at java.lang.reflect.Method.invoke(Method.java:498)
	at org.testng.internal.MethodInvocationHelper.invokeMethod(MethodInvocationHelper.java:86)
	at org.testng.internal.Invoker.invokeMethod(Invoker.java:643)
	at org.testng.internal.Invoker.invokeTestMethod(Invoker.java:820)
	at org.testng.internal.Invoker.invokeTestMethods(Invoker.java:1128)
	at org.testng.internal.TestMethodWorker.invokeTestMethods(TestMethodWorker.java:129)
	at org.testng.internal.TestMethodWorker.run(TestMethodWorker.java:112)
	at org.testng.TestRunner.privateRun(TestRunner.java:782)
	at org.testng.TestRunner.run(TestRunner.java:632)
	at org.testng.SuiteRunner.runTest(SuiteRunner.java:366)
	at org.testng.SuiteRunner.runSequentially(SuiteRunner.java:361)
	at org.testng.SuiteRunner.privateRun(SuiteRunner.java:319)
	at org.testng.SuiteRunner.run(SuiteRunner.java:268)
	at org.testng.SuiteRunnerWorker.runSuite(SuiteRunnerWorker.java:52)
	at org.testng.SuiteRunnerWorker.run(SuiteRunnerWorker.java:86)
	at org.testng.TestNG.runSuitesSequentially(TestNG.java:1244)
	at org.testng.TestNG.runSuitesLocally(TestNG.java:1169)
	at org.testng.TestNG.run(TestNG.java:1064)
	at org.apache.maven.surefire.testng.TestNGExecutor.run(TestNGExecutor.java:217)
	at org.apache.maven.surefire.testng.TestNGXmlTestSuite.execute(TestNGXmlTestSuite.java:84)
	at org.apache.maven.surefire.testng.TestNGProvider.invoke(TestNGProvider.java:92)
	at org.apache.maven.surefire.booter.ForkedBooter.invokeProviderInSameClassLoader(ForkedBooter.java:200)
	at org.apache.maven.surefire.booter.ForkedBooter.runSuitesInProcess(ForkedBooter.java:153)
	at org.apache.maven.surefire.booter.ForkedBooter.main(ForkedBooter.java:103)
Caused by: java.lang.IllegalStateException: Already connected
	at sun.net.www.protocol.http.HttpURLConnection.setRequestProperty(HttpURLConnection.java:3071)
	at org.glassfish.jersey.client.HttpUrlConnector.setOutboundHeaders(HttpUrlConnector.java:374)
	at org.glassfish.jersey.client.HttpUrlConnector.access$100(HttpUrlConnector.java:91)
	at org.glassfish.jersey.client.HttpUrlConnector$4.getOutputStream(HttpUrlConnector.java:325)
	at org.glassfish.jersey.message.internal.CommittingOutputStream.commitStream(CommittingOutputStream.java:200)
	at org.glassfish.jersey.message.internal.CommittingOutputStream.commitStream(CommittingOutputStream.java:194)
	at org.glassfish.jersey.message.internal.CommittingOutputStream.commit(CommittingOutputStream.java:262)
	at org.glassfish.jersey.message.internal.OutboundMessageContext.commitStream(OutboundMessageContext.java:816)
	at org.glassfish.jersey.client.ClientRequest.writeEntity(ClientRequest.java:545)
	at org.glassfish.jersey.client.HttpUrlConnector._apply(HttpUrlConnector.java:329)
	at org.glassfish.jersey.client.HttpUrlConnector.apply(HttpUrlConnector.java:242)
	at org.glassfish.jersey.client.ClientRuntime.invoke(ClientRuntime.java:254)
	... 41 more
]]>
    </error>
  </testcase> <!-- testSetandGetATSUserDetailsVerification -->
  <testcase name="testSetandGetATSUserDetailsVerification" time="0.046" classname="com.myntra.apiTests.portalservices.atsService.TestATSAPISV2">
    <error type="javax.ws.rs.ProcessingException" message="Already connected">
      <![CDATA[javax.ws.rs.ProcessingException: Already connected
	at org.glassfish.jersey.client.ClientRuntime.invoke(ClientRuntime.java:263)
	at org.glassfish.jersey.client.JerseyInvocation$1.call(JerseyInvocation.java:671)
	at org.glassfish.jersey.client.JerseyInvocation$1.call(JerseyInvocation.java:668)
	at org.glassfish.jersey.internal.Errors.process(Errors.java:315)
	at org.glassfish.jersey.internal.Errors.process(Errors.java:297)
	at org.glassfish.jersey.internal.Errors.process(Errors.java:228)
	at org.glassfish.jersey.process.internal.RequestScope.runInScope(RequestScope.java:444)
	at org.glassfish.jersey.client.JerseyInvocation.invoke(JerseyInvocation.java:668)
	at org.glassfish.jersey.client.JerseyInvocation$Builder.method(JerseyInvocation.java:428)
	at org.glassfish.jersey.client.JerseyInvocation$Builder.post(JerseyInvocation.java:334)
	at com.myntra.lordoftherings.gandalf.RequestGenerator.CollectResponse(RequestGenerator.java:290)
	at com.myntra.lordoftherings.gandalf.RequestGenerator.PostResponse(RequestGenerator.java:194)
	at com.myntra.lordoftherings.gandalf.RequestGenerator.<init>(RequestGenerator.java:136)
	at com.myntra.apiTests.portalservices.idpservice.IDPServiceHelper.performSignUpOperation(IDPServiceHelper.java:67)
	at com.myntra.apiTests.portalservices.atsService.ATSHelper.performSignup(ATSHelper.java:156)
	at com.myntra.apiTests.portalservices.atsService.TestATSAPISV2.testSetandGetATSUserDetailsVerification(TestATSAPISV2.java:52)
	at sun.reflect.NativeMethodAccessorImpl.invoke0(Native Method)
	at sun.reflect.NativeMethodAccessorImpl.invoke(NativeMethodAccessorImpl.java:62)
	at sun.reflect.DelegatingMethodAccessorImpl.invoke(DelegatingMethodAccessorImpl.java:43)
	at java.lang.reflect.Method.invoke(Method.java:498)
	at org.testng.internal.MethodInvocationHelper.invokeMethod(MethodInvocationHelper.java:86)
	at org.testng.internal.Invoker.invokeMethod(Invoker.java:643)
	at org.testng.internal.Invoker.invokeTestMethod(Invoker.java:820)
	at org.testng.internal.Invoker.invokeTestMethods(Invoker.java:1128)
	at org.testng.internal.TestMethodWorker.invokeTestMethods(TestMethodWorker.java:129)
	at org.testng.internal.TestMethodWorker.run(TestMethodWorker.java:112)
	at org.testng.TestRunner.privateRun(TestRunner.java:782)
	at org.testng.TestRunner.run(TestRunner.java:632)
	at org.testng.SuiteRunner.runTest(SuiteRunner.java:366)
	at org.testng.SuiteRunner.runSequentially(SuiteRunner.java:361)
	at org.testng.SuiteRunner.privateRun(SuiteRunner.java:319)
	at org.testng.SuiteRunner.run(SuiteRunner.java:268)
	at org.testng.SuiteRunnerWorker.runSuite(SuiteRunnerWorker.java:52)
	at org.testng.SuiteRunnerWorker.run(SuiteRunnerWorker.java:86)
	at org.testng.TestNG.runSuitesSequentially(TestNG.java:1244)
	at org.testng.TestNG.runSuitesLocally(TestNG.java:1169)
	at org.testng.TestNG.run(TestNG.java:1064)
	at org.apache.maven.surefire.testng.TestNGExecutor.run(TestNGExecutor.java:217)
	at org.apache.maven.surefire.testng.TestNGXmlTestSuite.execute(TestNGXmlTestSuite.java:84)
	at org.apache.maven.surefire.testng.TestNGProvider.invoke(TestNGProvider.java:92)
	at org.apache.maven.surefire.booter.ForkedBooter.invokeProviderInSameClassLoader(ForkedBooter.java:200)
	at org.apache.maven.surefire.booter.ForkedBooter.runSuitesInProcess(ForkedBooter.java:153)
	at org.apache.maven.surefire.booter.ForkedBooter.main(ForkedBooter.java:103)
Caused by: java.lang.IllegalStateException: Already connected
	at sun.net.www.protocol.http.HttpURLConnection.setRequestProperty(HttpURLConnection.java:3071)
	at org.glassfish.jersey.client.HttpUrlConnector.setOutboundHeaders(HttpUrlConnector.java:374)
	at org.glassfish.jersey.client.HttpUrlConnector.access$100(HttpUrlConnector.java:91)
	at org.glassfish.jersey.client.HttpUrlConnector$4.getOutputStream(HttpUrlConnector.java:325)
	at org.glassfish.jersey.message.internal.CommittingOutputStream.commitStream(CommittingOutputStream.java:200)
	at org.glassfish.jersey.message.internal.CommittingOutputStream.commitStream(CommittingOutputStream.java:194)
	at org.glassfish.jersey.message.internal.CommittingOutputStream.commit(CommittingOutputStream.java:262)
	at org.glassfish.jersey.message.internal.OutboundMessageContext.commitStream(OutboundMessageContext.java:816)
	at org.glassfish.jersey.client.ClientRequest.writeEntity(ClientRequest.java:545)
	at org.glassfish.jersey.client.HttpUrlConnector._apply(HttpUrlConnector.java:329)
	at org.glassfish.jersey.client.HttpUrlConnector.apply(HttpUrlConnector.java:242)
	at org.glassfish.jersey.client.ClientRuntime.invoke(ClientRuntime.java:254)
	... 42 more
]]>
    </error>
  </testcase> <!-- testSetandGetATSUserDetailsVerification -->
  <testcase name="testSetandGetATSUserDetailsVerification" time="0.080" classname="com.myntra.apiTests.portalservices.atsService.TestATSAPISV2">
    <error type="javax.ws.rs.ProcessingException" message="Already connected">
      <![CDATA[javax.ws.rs.ProcessingException: Already connected
	at org.glassfish.jersey.client.ClientRuntime.invoke(ClientRuntime.java:263)
	at org.glassfish.jersey.client.JerseyInvocation$1.call(JerseyInvocation.java:671)
	at org.glassfish.jersey.client.JerseyInvocation$1.call(JerseyInvocation.java:668)
	at org.glassfish.jersey.internal.Errors.process(Errors.java:315)
	at org.glassfish.jersey.internal.Errors.process(Errors.java:297)
	at org.glassfish.jersey.internal.Errors.process(Errors.java:228)
	at org.glassfish.jersey.process.internal.RequestScope.runInScope(RequestScope.java:444)
	at org.glassfish.jersey.client.JerseyInvocation.invoke(JerseyInvocation.java:668)
	at org.glassfish.jersey.client.JerseyInvocation$Builder.method(JerseyInvocation.java:428)
	at org.glassfish.jersey.client.JerseyInvocation$Builder.post(JerseyInvocation.java:334)
	at com.myntra.lordoftherings.gandalf.RequestGenerator.CollectResponse(RequestGenerator.java:290)
	at com.myntra.lordoftherings.gandalf.RequestGenerator.PostResponse(RequestGenerator.java:194)
	at com.myntra.lordoftherings.gandalf.RequestGenerator.<init>(RequestGenerator.java:136)
	at com.myntra.apiTests.portalservices.idpservice.IDPServiceHelper.performSignUpOperation(IDPServiceHelper.java:67)
	at com.myntra.apiTests.portalservices.atsService.ATSHelper.performSignup(ATSHelper.java:156)
	at com.myntra.apiTests.portalservices.atsService.TestATSAPISV2.testSetandGetATSUserDetailsVerification(TestATSAPISV2.java:52)
	at sun.reflect.GeneratedMethodAccessor11.invoke(Unknown Source)
	at sun.reflect.DelegatingMethodAccessorImpl.invoke(DelegatingMethodAccessorImpl.java:43)
	at java.lang.reflect.Method.invoke(Method.java:498)
	at org.testng.internal.MethodInvocationHelper.invokeMethod(MethodInvocationHelper.java:86)
	at org.testng.internal.Invoker.invokeMethod(Invoker.java:643)
	at org.testng.internal.Invoker.invokeTestMethod(Invoker.java:820)
	at org.testng.internal.Invoker.invokeTestMethods(Invoker.java:1128)
	at org.testng.internal.TestMethodWorker.invokeTestMethods(TestMethodWorker.java:129)
	at org.testng.internal.TestMethodWorker.run(TestMethodWorker.java:112)
	at org.testng.TestRunner.privateRun(TestRunner.java:782)
	at org.testng.TestRunner.run(TestRunner.java:632)
	at org.testng.SuiteRunner.runTest(SuiteRunner.java:366)
	at org.testng.SuiteRunner.runSequentially(SuiteRunner.java:361)
	at org.testng.SuiteRunner.privateRun(SuiteRunner.java:319)
	at org.testng.SuiteRunner.run(SuiteRunner.java:268)
	at org.testng.SuiteRunnerWorker.runSuite(SuiteRunnerWorker.java:52)
	at org.testng.SuiteRunnerWorker.run(SuiteRunnerWorker.java:86)
	at org.testng.TestNG.runSuitesSequentially(TestNG.java:1244)
	at org.testng.TestNG.runSuitesLocally(TestNG.java:1169)
	at org.testng.TestNG.run(TestNG.java:1064)
	at org.apache.maven.surefire.testng.TestNGExecutor.run(TestNGExecutor.java:217)
	at org.apache.maven.surefire.testng.TestNGXmlTestSuite.execute(TestNGXmlTestSuite.java:84)
	at org.apache.maven.surefire.testng.TestNGProvider.invoke(TestNGProvider.java:92)
	at org.apache.maven.surefire.booter.ForkedBooter.invokeProviderInSameClassLoader(ForkedBooter.java:200)
	at org.apache.maven.surefire.booter.ForkedBooter.runSuitesInProcess(ForkedBooter.java:153)
	at org.apache.maven.surefire.booter.ForkedBooter.main(ForkedBooter.java:103)
Caused by: java.lang.IllegalStateException: Already connected
	at sun.net.www.protocol.http.HttpURLConnection.setRequestProperty(HttpURLConnection.java:3071)
	at org.glassfish.jersey.client.HttpUrlConnector.setOutboundHeaders(HttpUrlConnector.java:374)
	at org.glassfish.jersey.client.HttpUrlConnector.access$100(HttpUrlConnector.java:91)
	at org.glassfish.jersey.client.HttpUrlConnector$4.getOutputStream(HttpUrlConnector.java:325)
	at org.glassfish.jersey.message.internal.CommittingOutputStream.commitStream(CommittingOutputStream.java:200)
	at org.glassfish.jersey.message.internal.CommittingOutputStream.commitStream(CommittingOutputStream.java:194)
	at org.glassfish.jersey.message.internal.CommittingOutputStream.commit(CommittingOutputStream.java:262)
	at org.glassfish.jersey.message.internal.OutboundMessageContext.commitStream(OutboundMessageContext.java:816)
	at org.glassfish.jersey.client.ClientRequest.writeEntity(ClientRequest.java:545)
	at org.glassfish.jersey.client.HttpUrlConnector._apply(HttpUrlConnector.java:329)
	at org.glassfish.jersey.client.HttpUrlConnector.apply(HttpUrlConnector.java:242)
	at org.glassfish.jersey.client.ClientRuntime.invoke(ClientRuntime.java:254)
	... 41 more
]]>
    </error>
  </testcase> <!-- testSetandGetATSUserDetailsVerification -->
  <testcase name="testSetandGetATSUserDetailsVerification" time="0.071" classname="com.myntra.apiTests.portalservices.atsService.TestATSAPISV2">
    <error type="javax.ws.rs.ProcessingException" message="Already connected">
      <![CDATA[javax.ws.rs.ProcessingException: Already connected
	at org.glassfish.jersey.client.ClientRuntime.invoke(ClientRuntime.java:263)
	at org.glassfish.jersey.client.JerseyInvocation$1.call(JerseyInvocation.java:671)
	at org.glassfish.jersey.client.JerseyInvocation$1.call(JerseyInvocation.java:668)
	at org.glassfish.jersey.internal.Errors.process(Errors.java:315)
	at org.glassfish.jersey.internal.Errors.process(Errors.java:297)
	at org.glassfish.jersey.internal.Errors.process(Errors.java:228)
	at org.glassfish.jersey.process.internal.RequestScope.runInScope(RequestScope.java:444)
	at org.glassfish.jersey.client.JerseyInvocation.invoke(JerseyInvocation.java:668)
	at org.glassfish.jersey.client.JerseyInvocation$Builder.method(JerseyInvocation.java:428)
	at org.glassfish.jersey.client.JerseyInvocation$Builder.post(JerseyInvocation.java:334)
	at com.myntra.lordoftherings.gandalf.RequestGenerator.CollectResponse(RequestGenerator.java:290)
	at com.myntra.lordoftherings.gandalf.RequestGenerator.PostResponse(RequestGenerator.java:194)
	at com.myntra.lordoftherings.gandalf.RequestGenerator.<init>(RequestGenerator.java:136)
	at com.myntra.apiTests.portalservices.idpservice.IDPServiceHelper.performSignUpOperation(IDPServiceHelper.java:67)
	at com.myntra.apiTests.portalservices.atsService.ATSHelper.performSignup(ATSHelper.java:156)
	at com.myntra.apiTests.portalservices.atsService.TestATSAPISV2.testSetandGetATSUserDetailsVerification(TestATSAPISV2.java:52)
	at sun.reflect.NativeMethodAccessorImpl.invoke0(Native Method)
	at sun.reflect.NativeMethodAccessorImpl.invoke(NativeMethodAccessorImpl.java:62)
	at sun.reflect.DelegatingMethodAccessorImpl.invoke(DelegatingMethodAccessorImpl.java:43)
	at java.lang.reflect.Method.invoke(Method.java:498)
	at org.testng.internal.MethodInvocationHelper.invokeMethod(MethodInvocationHelper.java:86)
	at org.testng.internal.Invoker.invokeMethod(Invoker.java:643)
	at org.testng.internal.Invoker.invokeTestMethod(Invoker.java:820)
	at org.testng.internal.Invoker.invokeTestMethods(Invoker.java:1128)
	at org.testng.internal.TestMethodWorker.invokeTestMethods(TestMethodWorker.java:129)
	at org.testng.internal.TestMethodWorker.run(TestMethodWorker.java:112)
	at org.testng.TestRunner.privateRun(TestRunner.java:782)
	at org.testng.TestRunner.run(TestRunner.java:632)
	at org.testng.SuiteRunner.runTest(SuiteRunner.java:366)
	at org.testng.SuiteRunner.runSequentially(SuiteRunner.java:361)
	at org.testng.SuiteRunner.privateRun(SuiteRunner.java:319)
	at org.testng.SuiteRunner.run(SuiteRunner.java:268)
	at org.testng.SuiteRunnerWorker.runSuite(SuiteRunnerWorker.java:52)
	at org.testng.SuiteRunnerWorker.run(SuiteRunnerWorker.java:86)
	at org.testng.TestNG.runSuitesSequentially(TestNG.java:1244)
	at org.testng.TestNG.runSuitesLocally(TestNG.java:1169)
	at org.testng.TestNG.run(TestNG.java:1064)
	at org.apache.maven.surefire.testng.TestNGExecutor.run(TestNGExecutor.java:217)
	at org.apache.maven.surefire.testng.TestNGXmlTestSuite.execute(TestNGXmlTestSuite.java:84)
	at org.apache.maven.surefire.testng.TestNGProvider.invoke(TestNGProvider.java:92)
	at org.apache.maven.surefire.booter.ForkedBooter.invokeProviderInSameClassLoader(ForkedBooter.java:200)
	at org.apache.maven.surefire.booter.ForkedBooter.runSuitesInProcess(ForkedBooter.java:153)
	at org.apache.maven.surefire.booter.ForkedBooter.main(ForkedBooter.java:103)
Caused by: java.lang.IllegalStateException: Already connected
	at sun.net.www.protocol.http.HttpURLConnection.setRequestProperty(HttpURLConnection.java:3071)
	at org.glassfish.jersey.client.HttpUrlConnector.setOutboundHeaders(HttpUrlConnector.java:374)
	at org.glassfish.jersey.client.HttpUrlConnector.access$100(HttpUrlConnector.java:91)
	at org.glassfish.jersey.client.HttpUrlConnector$4.getOutputStream(HttpUrlConnector.java:325)
	at org.glassfish.jersey.message.internal.CommittingOutputStream.commitStream(CommittingOutputStream.java:200)
	at org.glassfish.jersey.message.internal.CommittingOutputStream.commitStream(CommittingOutputStream.java:194)
	at org.glassfish.jersey.message.internal.CommittingOutputStream.commit(CommittingOutputStream.java:262)
	at org.glassfish.jersey.message.internal.OutboundMessageContext.commitStream(OutboundMessageContext.java:816)
	at org.glassfish.jersey.client.ClientRequest.writeEntity(ClientRequest.java:545)
	at org.glassfish.jersey.client.HttpUrlConnector._apply(HttpUrlConnector.java:329)
	at org.glassfish.jersey.client.HttpUrlConnector.apply(HttpUrlConnector.java:242)
	at org.glassfish.jersey.client.ClientRuntime.invoke(ClientRuntime.java:254)
	... 42 more
]]>
    </error>
  </testcase> <!-- testSetandGetATSUserDetailsVerification -->
  <testcase name="testSetandGetATSUserDetailsVerification" time="0.054" classname="com.myntra.apiTests.portalservices.atsService.TestATSAPISV2">
    <error type="javax.ws.rs.ProcessingException" message="Already connected">
      <![CDATA[javax.ws.rs.ProcessingException: Already connected
	at org.glassfish.jersey.client.ClientRuntime.invoke(ClientRuntime.java:263)
	at org.glassfish.jersey.client.JerseyInvocation$1.call(JerseyInvocation.java:671)
	at org.glassfish.jersey.client.JerseyInvocation$1.call(JerseyInvocation.java:668)
	at org.glassfish.jersey.internal.Errors.process(Errors.java:315)
	at org.glassfish.jersey.internal.Errors.process(Errors.java:297)
	at org.glassfish.jersey.internal.Errors.process(Errors.java:228)
	at org.glassfish.jersey.process.internal.RequestScope.runInScope(RequestScope.java:444)
	at org.glassfish.jersey.client.JerseyInvocation.invoke(JerseyInvocation.java:668)
	at org.glassfish.jersey.client.JerseyInvocation$Builder.method(JerseyInvocation.java:428)
	at org.glassfish.jersey.client.JerseyInvocation$Builder.post(JerseyInvocation.java:334)
	at com.myntra.lordoftherings.gandalf.RequestGenerator.CollectResponse(RequestGenerator.java:290)
	at com.myntra.lordoftherings.gandalf.RequestGenerator.PostResponse(RequestGenerator.java:194)
	at com.myntra.lordoftherings.gandalf.RequestGenerator.<init>(RequestGenerator.java:136)
	at com.myntra.apiTests.portalservices.idpservice.IDPServiceHelper.performSignUpOperation(IDPServiceHelper.java:67)
	at com.myntra.apiTests.portalservices.atsService.ATSHelper.performSignup(ATSHelper.java:156)
	at com.myntra.apiTests.portalservices.atsService.TestATSAPISV2.testSetandGetATSUserDetailsVerification(TestATSAPISV2.java:52)
	at sun.reflect.NativeMethodAccessorImpl.invoke0(Native Method)
	at sun.reflect.NativeMethodAccessorImpl.invoke(NativeMethodAccessorImpl.java:62)
	at sun.reflect.DelegatingMethodAccessorImpl.invoke(DelegatingMethodAccessorImpl.java:43)
	at java.lang.reflect.Method.invoke(Method.java:498)
	at org.testng.internal.MethodInvocationHelper.invokeMethod(MethodInvocationHelper.java:86)
	at org.testng.internal.Invoker.invokeMethod(Invoker.java:643)
	at org.testng.internal.Invoker.invokeTestMethod(Invoker.java:820)
	at org.testng.internal.Invoker.invokeTestMethods(Invoker.java:1128)
	at org.testng.internal.TestMethodWorker.invokeTestMethods(TestMethodWorker.java:129)
	at org.testng.internal.TestMethodWorker.run(TestMethodWorker.java:112)
	at org.testng.TestRunner.privateRun(TestRunner.java:782)
	at org.testng.TestRunner.run(TestRunner.java:632)
	at org.testng.SuiteRunner.runTest(SuiteRunner.java:366)
	at org.testng.SuiteRunner.runSequentially(SuiteRunner.java:361)
	at org.testng.SuiteRunner.privateRun(SuiteRunner.java:319)
	at org.testng.SuiteRunner.run(SuiteRunner.java:268)
	at org.testng.SuiteRunnerWorker.runSuite(SuiteRunnerWorker.java:52)
	at org.testng.SuiteRunnerWorker.run(SuiteRunnerWorker.java:86)
	at org.testng.TestNG.runSuitesSequentially(TestNG.java:1244)
	at org.testng.TestNG.runSuitesLocally(TestNG.java:1169)
	at org.testng.TestNG.run(TestNG.java:1064)
	at org.apache.maven.surefire.testng.TestNGExecutor.run(TestNGExecutor.java:217)
	at org.apache.maven.surefire.testng.TestNGXmlTestSuite.execute(TestNGXmlTestSuite.java:84)
	at org.apache.maven.surefire.testng.TestNGProvider.invoke(TestNGProvider.java:92)
	at org.apache.maven.surefire.booter.ForkedBooter.invokeProviderInSameClassLoader(ForkedBooter.java:200)
	at org.apache.maven.surefire.booter.ForkedBooter.runSuitesInProcess(ForkedBooter.java:153)
	at org.apache.maven.surefire.booter.ForkedBooter.main(ForkedBooter.java:103)
Caused by: java.lang.IllegalStateException: Already connected
	at sun.net.www.protocol.http.HttpURLConnection.setRequestProperty(HttpURLConnection.java:3071)
	at org.glassfish.jersey.client.HttpUrlConnector.setOutboundHeaders(HttpUrlConnector.java:374)
	at org.glassfish.jersey.client.HttpUrlConnector.access$100(HttpUrlConnector.java:91)
	at org.glassfish.jersey.client.HttpUrlConnector$4.getOutputStream(HttpUrlConnector.java:325)
	at org.glassfish.jersey.message.internal.CommittingOutputStream.commitStream(CommittingOutputStream.java:200)
	at org.glassfish.jersey.message.internal.CommittingOutputStream.commitStream(CommittingOutputStream.java:194)
	at org.glassfish.jersey.message.internal.CommittingOutputStream.commit(CommittingOutputStream.java:262)
	at org.glassfish.jersey.message.internal.OutboundMessageContext.commitStream(OutboundMessageContext.java:816)
	at org.glassfish.jersey.client.ClientRequest.writeEntity(ClientRequest.java:545)
	at org.glassfish.jersey.client.HttpUrlConnector._apply(HttpUrlConnector.java:329)
	at org.glassfish.jersey.client.HttpUrlConnector.apply(HttpUrlConnector.java:242)
	at org.glassfish.jersey.client.ClientRuntime.invoke(ClientRuntime.java:254)
	... 42 more
]]>
    </error>
  </testcase> <!-- testSetandGetATSUserDetailsVerification -->
  <testcase name="testSetandGetATSUserDetailsVerification" time="0.053" classname="com.myntra.apiTests.portalservices.atsService.TestATSAPISV2">
    <error type="javax.ws.rs.ProcessingException" message="Already connected">
      <![CDATA[javax.ws.rs.ProcessingException: Already connected
	at org.glassfish.jersey.client.ClientRuntime.invoke(ClientRuntime.java:263)
	at org.glassfish.jersey.client.JerseyInvocation$1.call(JerseyInvocation.java:671)
	at org.glassfish.jersey.client.JerseyInvocation$1.call(JerseyInvocation.java:668)
	at org.glassfish.jersey.internal.Errors.process(Errors.java:315)
	at org.glassfish.jersey.internal.Errors.process(Errors.java:297)
	at org.glassfish.jersey.internal.Errors.process(Errors.java:228)
	at org.glassfish.jersey.process.internal.RequestScope.runInScope(RequestScope.java:444)
	at org.glassfish.jersey.client.JerseyInvocation.invoke(JerseyInvocation.java:668)
	at org.glassfish.jersey.client.JerseyInvocation$Builder.method(JerseyInvocation.java:428)
	at org.glassfish.jersey.client.JerseyInvocation$Builder.post(JerseyInvocation.java:334)
	at com.myntra.lordoftherings.gandalf.RequestGenerator.CollectResponse(RequestGenerator.java:290)
	at com.myntra.lordoftherings.gandalf.RequestGenerator.PostResponse(RequestGenerator.java:194)
	at com.myntra.lordoftherings.gandalf.RequestGenerator.<init>(RequestGenerator.java:136)
	at com.myntra.apiTests.portalservices.idpservice.IDPServiceHelper.performSignUpOperation(IDPServiceHelper.java:67)
	at com.myntra.apiTests.portalservices.atsService.ATSHelper.performSignup(ATSHelper.java:156)
	at com.myntra.apiTests.portalservices.atsService.TestATSAPISV2.testSetandGetATSUserDetailsVerification(TestATSAPISV2.java:52)
	at sun.reflect.GeneratedMethodAccessor11.invoke(Unknown Source)
	at sun.reflect.DelegatingMethodAccessorImpl.invoke(DelegatingMethodAccessorImpl.java:43)
	at java.lang.reflect.Method.invoke(Method.java:498)
	at org.testng.internal.MethodInvocationHelper.invokeMethod(MethodInvocationHelper.java:86)
	at org.testng.internal.Invoker.invokeMethod(Invoker.java:643)
	at org.testng.internal.Invoker.invokeTestMethod(Invoker.java:820)
	at org.testng.internal.Invoker.invokeTestMethods(Invoker.java:1128)
	at org.testng.internal.TestMethodWorker.invokeTestMethods(TestMethodWorker.java:129)
	at org.testng.internal.TestMethodWorker.run(TestMethodWorker.java:112)
	at org.testng.TestRunner.privateRun(TestRunner.java:782)
	at org.testng.TestRunner.run(TestRunner.java:632)
	at org.testng.SuiteRunner.runTest(SuiteRunner.java:366)
	at org.testng.SuiteRunner.runSequentially(SuiteRunner.java:361)
	at org.testng.SuiteRunner.privateRun(SuiteRunner.java:319)
	at org.testng.SuiteRunner.run(SuiteRunner.java:268)
	at org.testng.SuiteRunnerWorker.runSuite(SuiteRunnerWorker.java:52)
	at org.testng.SuiteRunnerWorker.run(SuiteRunnerWorker.java:86)
	at org.testng.TestNG.runSuitesSequentially(TestNG.java:1244)
	at org.testng.TestNG.runSuitesLocally(TestNG.java:1169)
	at org.testng.TestNG.run(TestNG.java:1064)
	at org.apache.maven.surefire.testng.TestNGExecutor.run(TestNGExecutor.java:217)
	at org.apache.maven.surefire.testng.TestNGXmlTestSuite.execute(TestNGXmlTestSuite.java:84)
	at org.apache.maven.surefire.testng.TestNGProvider.invoke(TestNGProvider.java:92)
	at org.apache.maven.surefire.booter.ForkedBooter.invokeProviderInSameClassLoader(ForkedBooter.java:200)
	at org.apache.maven.surefire.booter.ForkedBooter.runSuitesInProcess(ForkedBooter.java:153)
	at org.apache.maven.surefire.booter.ForkedBooter.main(ForkedBooter.java:103)
Caused by: java.lang.IllegalStateException: Already connected
	at sun.net.www.protocol.http.HttpURLConnection.setRequestProperty(HttpURLConnection.java:3071)
	at org.glassfish.jersey.client.HttpUrlConnector.setOutboundHeaders(HttpUrlConnector.java:374)
	at org.glassfish.jersey.client.HttpUrlConnector.access$100(HttpUrlConnector.java:91)
	at org.glassfish.jersey.client.HttpUrlConnector$4.getOutputStream(HttpUrlConnector.java:325)
	at org.glassfish.jersey.message.internal.CommittingOutputStream.commitStream(CommittingOutputStream.java:200)
	at org.glassfish.jersey.message.internal.CommittingOutputStream.commitStream(CommittingOutputStream.java:194)
	at org.glassfish.jersey.message.internal.CommittingOutputStream.commit(CommittingOutputStream.java:262)
	at org.glassfish.jersey.message.internal.OutboundMessageContext.commitStream(OutboundMessageContext.java:816)
	at org.glassfish.jersey.client.ClientRequest.writeEntity(ClientRequest.java:545)
	at org.glassfish.jersey.client.HttpUrlConnector._apply(HttpUrlConnector.java:329)
	at org.glassfish.jersey.client.HttpUrlConnector.apply(HttpUrlConnector.java:242)
	at org.glassfish.jersey.client.ClientRuntime.invoke(ClientRuntime.java:254)
	... 41 more
]]>
    </error>
  </testcase> <!-- testSetandGetATSUserDetailsVerification -->
  <testcase name="testSetandGetATSUserDetailsVerification" time="0.112" classname="com.myntra.apiTests.portalservices.atsService.TestATSAPISV2">
    <error type="javax.ws.rs.ProcessingException" message="Already connected">
      <![CDATA[javax.ws.rs.ProcessingException: Already connected
	at org.glassfish.jersey.client.ClientRuntime.invoke(ClientRuntime.java:263)
	at org.glassfish.jersey.client.JerseyInvocation$1.call(JerseyInvocation.java:671)
	at org.glassfish.jersey.client.JerseyInvocation$1.call(JerseyInvocation.java:668)
	at org.glassfish.jersey.internal.Errors.process(Errors.java:315)
	at org.glassfish.jersey.internal.Errors.process(Errors.java:297)
	at org.glassfish.jersey.internal.Errors.process(Errors.java:228)
	at org.glassfish.jersey.process.internal.RequestScope.runInScope(RequestScope.java:444)
	at org.glassfish.jersey.client.JerseyInvocation.invoke(JerseyInvocation.java:668)
	at org.glassfish.jersey.client.JerseyInvocation$Builder.method(JerseyInvocation.java:428)
	at org.glassfish.jersey.client.JerseyInvocation$Builder.post(JerseyInvocation.java:334)
	at com.myntra.lordoftherings.gandalf.RequestGenerator.CollectResponse(RequestGenerator.java:290)
	at com.myntra.lordoftherings.gandalf.RequestGenerator.PostResponse(RequestGenerator.java:194)
	at com.myntra.lordoftherings.gandalf.RequestGenerator.<init>(RequestGenerator.java:136)
	at com.myntra.apiTests.portalservices.idpservice.IDPServiceHelper.performSignUpOperation(IDPServiceHelper.java:67)
	at com.myntra.apiTests.portalservices.atsService.ATSHelper.performSignup(ATSHelper.java:156)
	at com.myntra.apiTests.portalservices.atsService.TestATSAPISV2.testSetandGetATSUserDetailsVerification(TestATSAPISV2.java:52)
	at sun.reflect.GeneratedMethodAccessor11.invoke(Unknown Source)
	at sun.reflect.DelegatingMethodAccessorImpl.invoke(DelegatingMethodAccessorImpl.java:43)
	at java.lang.reflect.Method.invoke(Method.java:498)
	at org.testng.internal.MethodInvocationHelper.invokeMethod(MethodInvocationHelper.java:86)
	at org.testng.internal.Invoker.invokeMethod(Invoker.java:643)
	at org.testng.internal.Invoker.invokeTestMethod(Invoker.java:820)
	at org.testng.internal.Invoker.invokeTestMethods(Invoker.java:1128)
	at org.testng.internal.TestMethodWorker.invokeTestMethods(TestMethodWorker.java:129)
	at org.testng.internal.TestMethodWorker.run(TestMethodWorker.java:112)
	at org.testng.TestRunner.privateRun(TestRunner.java:782)
	at org.testng.TestRunner.run(TestRunner.java:632)
	at org.testng.SuiteRunner.runTest(SuiteRunner.java:366)
	at org.testng.SuiteRunner.runSequentially(SuiteRunner.java:361)
	at org.testng.SuiteRunner.privateRun(SuiteRunner.java:319)
	at org.testng.SuiteRunner.run(SuiteRunner.java:268)
	at org.testng.SuiteRunnerWorker.runSuite(SuiteRunnerWorker.java:52)
	at org.testng.SuiteRunnerWorker.run(SuiteRunnerWorker.java:86)
	at org.testng.TestNG.runSuitesSequentially(TestNG.java:1244)
	at org.testng.TestNG.runSuitesLocally(TestNG.java:1169)
	at org.testng.TestNG.run(TestNG.java:1064)
	at org.apache.maven.surefire.testng.TestNGExecutor.run(TestNGExecutor.java:217)
	at org.apache.maven.surefire.testng.TestNGXmlTestSuite.execute(TestNGXmlTestSuite.java:84)
	at org.apache.maven.surefire.testng.TestNGProvider.invoke(TestNGProvider.java:92)
	at org.apache.maven.surefire.booter.ForkedBooter.invokeProviderInSameClassLoader(ForkedBooter.java:200)
	at org.apache.maven.surefire.booter.ForkedBooter.runSuitesInProcess(ForkedBooter.java:153)
	at org.apache.maven.surefire.booter.ForkedBooter.main(ForkedBooter.java:103)
Caused by: java.lang.IllegalStateException: Already connected
	at sun.net.www.protocol.http.HttpURLConnection.setRequestProperty(HttpURLConnection.java:3071)
	at org.glassfish.jersey.client.HttpUrlConnector.setOutboundHeaders(HttpUrlConnector.java:374)
	at org.glassfish.jersey.client.HttpUrlConnector.access$100(HttpUrlConnector.java:91)
	at org.glassfish.jersey.client.HttpUrlConnector$4.getOutputStream(HttpUrlConnector.java:325)
	at org.glassfish.jersey.message.internal.CommittingOutputStream.commitStream(CommittingOutputStream.java:200)
	at org.glassfish.jersey.message.internal.CommittingOutputStream.commitStream(CommittingOutputStream.java:194)
	at org.glassfish.jersey.message.internal.CommittingOutputStream.commit(CommittingOutputStream.java:262)
	at org.glassfish.jersey.message.internal.OutboundMessageContext.commitStream(OutboundMessageContext.java:816)
	at org.glassfish.jersey.client.ClientRequest.writeEntity(ClientRequest.java:545)
	at org.glassfish.jersey.client.HttpUrlConnector._apply(HttpUrlConnector.java:329)
	at org.glassfish.jersey.client.HttpUrlConnector.apply(HttpUrlConnector.java:242)
	at org.glassfish.jersey.client.ClientRuntime.invoke(ClientRuntime.java:254)
	... 41 more
]]>
    </error>
  </testcase> <!-- testSetandGetATSUserDetailsVerification -->
  <testcase name="testSetandGetATSUserDetailsVerification" time="0.069" classname="com.myntra.apiTests.portalservices.atsService.TestATSAPISV2">
    <error type="javax.ws.rs.ProcessingException" message="Already connected">
      <![CDATA[javax.ws.rs.ProcessingException: Already connected
	at org.glassfish.jersey.client.ClientRuntime.invoke(ClientRuntime.java:263)
	at org.glassfish.jersey.client.JerseyInvocation$1.call(JerseyInvocation.java:671)
	at org.glassfish.jersey.client.JerseyInvocation$1.call(JerseyInvocation.java:668)
	at org.glassfish.jersey.internal.Errors.process(Errors.java:315)
	at org.glassfish.jersey.internal.Errors.process(Errors.java:297)
	at org.glassfish.jersey.internal.Errors.process(Errors.java:228)
	at org.glassfish.jersey.process.internal.RequestScope.runInScope(RequestScope.java:444)
	at org.glassfish.jersey.client.JerseyInvocation.invoke(JerseyInvocation.java:668)
	at org.glassfish.jersey.client.JerseyInvocation$Builder.method(JerseyInvocation.java:428)
	at org.glassfish.jersey.client.JerseyInvocation$Builder.post(JerseyInvocation.java:334)
	at com.myntra.lordoftherings.gandalf.RequestGenerator.CollectResponse(RequestGenerator.java:290)
	at com.myntra.lordoftherings.gandalf.RequestGenerator.PostResponse(RequestGenerator.java:194)
	at com.myntra.lordoftherings.gandalf.RequestGenerator.<init>(RequestGenerator.java:136)
	at com.myntra.apiTests.portalservices.idpservice.IDPServiceHelper.performSignUpOperation(IDPServiceHelper.java:67)
	at com.myntra.apiTests.portalservices.atsService.ATSHelper.performSignup(ATSHelper.java:156)
	at com.myntra.apiTests.portalservices.atsService.TestATSAPISV2.testSetandGetATSUserDetailsVerification(TestATSAPISV2.java:52)
	at sun.reflect.GeneratedMethodAccessor11.invoke(Unknown Source)
	at sun.reflect.DelegatingMethodAccessorImpl.invoke(DelegatingMethodAccessorImpl.java:43)
	at java.lang.reflect.Method.invoke(Method.java:498)
	at org.testng.internal.MethodInvocationHelper.invokeMethod(MethodInvocationHelper.java:86)
	at org.testng.internal.Invoker.invokeMethod(Invoker.java:643)
	at org.testng.internal.Invoker.invokeTestMethod(Invoker.java:820)
	at org.testng.internal.Invoker.invokeTestMethods(Invoker.java:1128)
	at org.testng.internal.TestMethodWorker.invokeTestMethods(TestMethodWorker.java:129)
	at org.testng.internal.TestMethodWorker.run(TestMethodWorker.java:112)
	at org.testng.TestRunner.privateRun(TestRunner.java:782)
	at org.testng.TestRunner.run(TestRunner.java:632)
	at org.testng.SuiteRunner.runTest(SuiteRunner.java:366)
	at org.testng.SuiteRunner.runSequentially(SuiteRunner.java:361)
	at org.testng.SuiteRunner.privateRun(SuiteRunner.java:319)
	at org.testng.SuiteRunner.run(SuiteRunner.java:268)
	at org.testng.SuiteRunnerWorker.runSuite(SuiteRunnerWorker.java:52)
	at org.testng.SuiteRunnerWorker.run(SuiteRunnerWorker.java:86)
	at org.testng.TestNG.runSuitesSequentially(TestNG.java:1244)
	at org.testng.TestNG.runSuitesLocally(TestNG.java:1169)
	at org.testng.TestNG.run(TestNG.java:1064)
	at org.apache.maven.surefire.testng.TestNGExecutor.run(TestNGExecutor.java:217)
	at org.apache.maven.surefire.testng.TestNGXmlTestSuite.execute(TestNGXmlTestSuite.java:84)
	at org.apache.maven.surefire.testng.TestNGProvider.invoke(TestNGProvider.java:92)
	at org.apache.maven.surefire.booter.ForkedBooter.invokeProviderInSameClassLoader(ForkedBooter.java:200)
	at org.apache.maven.surefire.booter.ForkedBooter.runSuitesInProcess(ForkedBooter.java:153)
	at org.apache.maven.surefire.booter.ForkedBooter.main(ForkedBooter.java:103)
Caused by: java.lang.IllegalStateException: Already connected
	at sun.net.www.protocol.http.HttpURLConnection.setRequestProperty(HttpURLConnection.java:3071)
	at org.glassfish.jersey.client.HttpUrlConnector.setOutboundHeaders(HttpUrlConnector.java:374)
	at org.glassfish.jersey.client.HttpUrlConnector.access$100(HttpUrlConnector.java:91)
	at org.glassfish.jersey.client.HttpUrlConnector$4.getOutputStream(HttpUrlConnector.java:325)
	at org.glassfish.jersey.message.internal.CommittingOutputStream.commitStream(CommittingOutputStream.java:200)
	at org.glassfish.jersey.message.internal.CommittingOutputStream.commitStream(CommittingOutputStream.java:194)
	at org.glassfish.jersey.message.internal.CommittingOutputStream.commit(CommittingOutputStream.java:262)
	at org.glassfish.jersey.message.internal.OutboundMessageContext.commitStream(OutboundMessageContext.java:816)
	at org.glassfish.jersey.client.ClientRequest.writeEntity(ClientRequest.java:545)
	at org.glassfish.jersey.client.HttpUrlConnector._apply(HttpUrlConnector.java:329)
	at org.glassfish.jersey.client.HttpUrlConnector.apply(HttpUrlConnector.java:242)
	at org.glassfish.jersey.client.ClientRuntime.invoke(ClientRuntime.java:254)
	... 41 more
]]>
    </error>
  </testcase> <!-- testSetandGetATSUserDetailsVerification -->
  <testcase name="testSetandGetATSUserDetailsVerification" time="0.080" classname="com.myntra.apiTests.portalservices.atsService.TestATSAPISV2">
    <error type="javax.ws.rs.ProcessingException" message="Already connected">
      <![CDATA[javax.ws.rs.ProcessingException: Already connected
	at org.glassfish.jersey.client.ClientRuntime.invoke(ClientRuntime.java:263)
	at org.glassfish.jersey.client.JerseyInvocation$1.call(JerseyInvocation.java:671)
	at org.glassfish.jersey.client.JerseyInvocation$1.call(JerseyInvocation.java:668)
	at org.glassfish.jersey.internal.Errors.process(Errors.java:315)
	at org.glassfish.jersey.internal.Errors.process(Errors.java:297)
	at org.glassfish.jersey.internal.Errors.process(Errors.java:228)
	at org.glassfish.jersey.process.internal.RequestScope.runInScope(RequestScope.java:444)
	at org.glassfish.jersey.client.JerseyInvocation.invoke(JerseyInvocation.java:668)
	at org.glassfish.jersey.client.JerseyInvocation$Builder.method(JerseyInvocation.java:428)
	at org.glassfish.jersey.client.JerseyInvocation$Builder.post(JerseyInvocation.java:334)
	at com.myntra.lordoftherings.gandalf.RequestGenerator.CollectResponse(RequestGenerator.java:290)
	at com.myntra.lordoftherings.gandalf.RequestGenerator.PostResponse(RequestGenerator.java:194)
	at com.myntra.lordoftherings.gandalf.RequestGenerator.<init>(RequestGenerator.java:136)
	at com.myntra.apiTests.portalservices.idpservice.IDPServiceHelper.performSignUpOperation(IDPServiceHelper.java:67)
	at com.myntra.apiTests.portalservices.atsService.ATSHelper.performSignup(ATSHelper.java:156)
	at com.myntra.apiTests.portalservices.atsService.TestATSAPISV2.testSetandGetATSUserDetailsVerification(TestATSAPISV2.java:52)
	at sun.reflect.GeneratedMethodAccessor11.invoke(Unknown Source)
	at sun.reflect.DelegatingMethodAccessorImpl.invoke(DelegatingMethodAccessorImpl.java:43)
	at java.lang.reflect.Method.invoke(Method.java:498)
	at org.testng.internal.MethodInvocationHelper.invokeMethod(MethodInvocationHelper.java:86)
	at org.testng.internal.Invoker.invokeMethod(Invoker.java:643)
	at org.testng.internal.Invoker.invokeTestMethod(Invoker.java:820)
	at org.testng.internal.Invoker.invokeTestMethods(Invoker.java:1128)
	at org.testng.internal.TestMethodWorker.invokeTestMethods(TestMethodWorker.java:129)
	at org.testng.internal.TestMethodWorker.run(TestMethodWorker.java:112)
	at org.testng.TestRunner.privateRun(TestRunner.java:782)
	at org.testng.TestRunner.run(TestRunner.java:632)
	at org.testng.SuiteRunner.runTest(SuiteRunner.java:366)
	at org.testng.SuiteRunner.runSequentially(SuiteRunner.java:361)
	at org.testng.SuiteRunner.privateRun(SuiteRunner.java:319)
	at org.testng.SuiteRunner.run(SuiteRunner.java:268)
	at org.testng.SuiteRunnerWorker.runSuite(SuiteRunnerWorker.java:52)
	at org.testng.SuiteRunnerWorker.run(SuiteRunnerWorker.java:86)
	at org.testng.TestNG.runSuitesSequentially(TestNG.java:1244)
	at org.testng.TestNG.runSuitesLocally(TestNG.java:1169)
	at org.testng.TestNG.run(TestNG.java:1064)
	at org.apache.maven.surefire.testng.TestNGExecutor.run(TestNGExecutor.java:217)
	at org.apache.maven.surefire.testng.TestNGXmlTestSuite.execute(TestNGXmlTestSuite.java:84)
	at org.apache.maven.surefire.testng.TestNGProvider.invoke(TestNGProvider.java:92)
	at org.apache.maven.surefire.booter.ForkedBooter.invokeProviderInSameClassLoader(ForkedBooter.java:200)
	at org.apache.maven.surefire.booter.ForkedBooter.runSuitesInProcess(ForkedBooter.java:153)
	at org.apache.maven.surefire.booter.ForkedBooter.main(ForkedBooter.java:103)
Caused by: java.lang.IllegalStateException: Already connected
	at sun.net.www.protocol.http.HttpURLConnection.setRequestProperty(HttpURLConnection.java:3071)
	at org.glassfish.jersey.client.HttpUrlConnector.setOutboundHeaders(HttpUrlConnector.java:374)
	at org.glassfish.jersey.client.HttpUrlConnector.access$100(HttpUrlConnector.java:91)
	at org.glassfish.jersey.client.HttpUrlConnector$4.getOutputStream(HttpUrlConnector.java:325)
	at org.glassfish.jersey.message.internal.CommittingOutputStream.commitStream(CommittingOutputStream.java:200)
	at org.glassfish.jersey.message.internal.CommittingOutputStream.commitStream(CommittingOutputStream.java:194)
	at org.glassfish.jersey.message.internal.CommittingOutputStream.commit(CommittingOutputStream.java:262)
	at org.glassfish.jersey.message.internal.OutboundMessageContext.commitStream(OutboundMessageContext.java:816)
	at org.glassfish.jersey.client.ClientRequest.writeEntity(ClientRequest.java:545)
	at org.glassfish.jersey.client.HttpUrlConnector._apply(HttpUrlConnector.java:329)
	at org.glassfish.jersey.client.HttpUrlConnector.apply(HttpUrlConnector.java:242)
	at org.glassfish.jersey.client.ClientRuntime.invoke(ClientRuntime.java:254)
	... 41 more
]]>
    </error>
  </testcase> <!-- testSetandGetATSUserDetailsVerification -->
  <testcase name="testSetandGetATSUserDetailsVerification" time="0.082" classname="com.myntra.apiTests.portalservices.atsService.TestATSAPISV2">
    <error type="javax.ws.rs.ProcessingException" message="Already connected">
      <![CDATA[javax.ws.rs.ProcessingException: Already connected
	at org.glassfish.jersey.client.ClientRuntime.invoke(ClientRuntime.java:263)
	at org.glassfish.jersey.client.JerseyInvocation$1.call(JerseyInvocation.java:671)
	at org.glassfish.jersey.client.JerseyInvocation$1.call(JerseyInvocation.java:668)
	at org.glassfish.jersey.internal.Errors.process(Errors.java:315)
	at org.glassfish.jersey.internal.Errors.process(Errors.java:297)
	at org.glassfish.jersey.internal.Errors.process(Errors.java:228)
	at org.glassfish.jersey.process.internal.RequestScope.runInScope(RequestScope.java:444)
	at org.glassfish.jersey.client.JerseyInvocation.invoke(JerseyInvocation.java:668)
	at org.glassfish.jersey.client.JerseyInvocation$Builder.method(JerseyInvocation.java:428)
	at org.glassfish.jersey.client.JerseyInvocation$Builder.post(JerseyInvocation.java:334)
	at com.myntra.lordoftherings.gandalf.RequestGenerator.CollectResponse(RequestGenerator.java:290)
	at com.myntra.lordoftherings.gandalf.RequestGenerator.PostResponse(RequestGenerator.java:194)
	at com.myntra.lordoftherings.gandalf.RequestGenerator.<init>(RequestGenerator.java:136)
	at com.myntra.apiTests.portalservices.idpservice.IDPServiceHelper.performSignUpOperation(IDPServiceHelper.java:67)
	at com.myntra.apiTests.portalservices.atsService.ATSHelper.performSignup(ATSHelper.java:156)
	at com.myntra.apiTests.portalservices.atsService.TestATSAPISV2.testSetandGetATSUserDetailsVerification(TestATSAPISV2.java:52)
	at sun.reflect.GeneratedMethodAccessor11.invoke(Unknown Source)
	at sun.reflect.DelegatingMethodAccessorImpl.invoke(DelegatingMethodAccessorImpl.java:43)
	at java.lang.reflect.Method.invoke(Method.java:498)
	at org.testng.internal.MethodInvocationHelper.invokeMethod(MethodInvocationHelper.java:86)
	at org.testng.internal.Invoker.invokeMethod(Invoker.java:643)
	at org.testng.internal.Invoker.invokeTestMethod(Invoker.java:820)
	at org.testng.internal.Invoker.invokeTestMethods(Invoker.java:1128)
	at org.testng.internal.TestMethodWorker.invokeTestMethods(TestMethodWorker.java:129)
	at org.testng.internal.TestMethodWorker.run(TestMethodWorker.java:112)
	at org.testng.TestRunner.privateRun(TestRunner.java:782)
	at org.testng.TestRunner.run(TestRunner.java:632)
	at org.testng.SuiteRunner.runTest(SuiteRunner.java:366)
	at org.testng.SuiteRunner.runSequentially(SuiteRunner.java:361)
	at org.testng.SuiteRunner.privateRun(SuiteRunner.java:319)
	at org.testng.SuiteRunner.run(SuiteRunner.java:268)
	at org.testng.SuiteRunnerWorker.runSuite(SuiteRunnerWorker.java:52)
	at org.testng.SuiteRunnerWorker.run(SuiteRunnerWorker.java:86)
	at org.testng.TestNG.runSuitesSequentially(TestNG.java:1244)
	at org.testng.TestNG.runSuitesLocally(TestNG.java:1169)
	at org.testng.TestNG.run(TestNG.java:1064)
	at org.apache.maven.surefire.testng.TestNGExecutor.run(TestNGExecutor.java:217)
	at org.apache.maven.surefire.testng.TestNGXmlTestSuite.execute(TestNGXmlTestSuite.java:84)
	at org.apache.maven.surefire.testng.TestNGProvider.invoke(TestNGProvider.java:92)
	at org.apache.maven.surefire.booter.ForkedBooter.invokeProviderInSameClassLoader(ForkedBooter.java:200)
	at org.apache.maven.surefire.booter.ForkedBooter.runSuitesInProcess(ForkedBooter.java:153)
	at org.apache.maven.surefire.booter.ForkedBooter.main(ForkedBooter.java:103)
Caused by: java.lang.IllegalStateException: Already connected
	at sun.net.www.protocol.http.HttpURLConnection.setRequestProperty(HttpURLConnection.java:3071)
	at org.glassfish.jersey.client.HttpUrlConnector.setOutboundHeaders(HttpUrlConnector.java:374)
	at org.glassfish.jersey.client.HttpUrlConnector.access$100(HttpUrlConnector.java:91)
	at org.glassfish.jersey.client.HttpUrlConnector$4.getOutputStream(HttpUrlConnector.java:325)
	at org.glassfish.jersey.message.internal.CommittingOutputStream.commitStream(CommittingOutputStream.java:200)
	at org.glassfish.jersey.message.internal.CommittingOutputStream.commitStream(CommittingOutputStream.java:194)
	at org.glassfish.jersey.message.internal.CommittingOutputStream.commit(CommittingOutputStream.java:262)
	at org.glassfish.jersey.message.internal.OutboundMessageContext.commitStream(OutboundMessageContext.java:816)
	at org.glassfish.jersey.client.ClientRequest.writeEntity(ClientRequest.java:545)
	at org.glassfish.jersey.client.HttpUrlConnector._apply(HttpUrlConnector.java:329)
	at org.glassfish.jersey.client.HttpUrlConnector.apply(HttpUrlConnector.java:242)
	at org.glassfish.jersey.client.ClientRuntime.invoke(ClientRuntime.java:254)
	... 41 more
]]>
    </error>
  </testcase> <!-- testSetandGetATSUserDetailsVerification -->
  <testcase name="testSetandGetATSUserDetailsVerification" time="0.089" classname="com.myntra.apiTests.portalservices.atsService.TestATSAPISV2">
    <error type="javax.ws.rs.ProcessingException" message="Already connected">
      <![CDATA[javax.ws.rs.ProcessingException: Already connected
	at org.glassfish.jersey.client.ClientRuntime.invoke(ClientRuntime.java:263)
	at org.glassfish.jersey.client.JerseyInvocation$1.call(JerseyInvocation.java:671)
	at org.glassfish.jersey.client.JerseyInvocation$1.call(JerseyInvocation.java:668)
	at org.glassfish.jersey.internal.Errors.process(Errors.java:315)
	at org.glassfish.jersey.internal.Errors.process(Errors.java:297)
	at org.glassfish.jersey.internal.Errors.process(Errors.java:228)
	at org.glassfish.jersey.process.internal.RequestScope.runInScope(RequestScope.java:444)
	at org.glassfish.jersey.client.JerseyInvocation.invoke(JerseyInvocation.java:668)
	at org.glassfish.jersey.client.JerseyInvocation$Builder.method(JerseyInvocation.java:428)
	at org.glassfish.jersey.client.JerseyInvocation$Builder.post(JerseyInvocation.java:334)
	at com.myntra.lordoftherings.gandalf.RequestGenerator.CollectResponse(RequestGenerator.java:290)
	at com.myntra.lordoftherings.gandalf.RequestGenerator.PostResponse(RequestGenerator.java:194)
	at com.myntra.lordoftherings.gandalf.RequestGenerator.<init>(RequestGenerator.java:136)
	at com.myntra.apiTests.portalservices.idpservice.IDPServiceHelper.performSignUpOperation(IDPServiceHelper.java:67)
	at com.myntra.apiTests.portalservices.atsService.ATSHelper.performSignup(ATSHelper.java:156)
	at com.myntra.apiTests.portalservices.atsService.TestATSAPISV2.testSetandGetATSUserDetailsVerification(TestATSAPISV2.java:52)
	at sun.reflect.GeneratedMethodAccessor11.invoke(Unknown Source)
	at sun.reflect.DelegatingMethodAccessorImpl.invoke(DelegatingMethodAccessorImpl.java:43)
	at java.lang.reflect.Method.invoke(Method.java:498)
	at org.testng.internal.MethodInvocationHelper.invokeMethod(MethodInvocationHelper.java:86)
	at org.testng.internal.Invoker.invokeMethod(Invoker.java:643)
	at org.testng.internal.Invoker.invokeTestMethod(Invoker.java:820)
	at org.testng.internal.Invoker.invokeTestMethods(Invoker.java:1128)
	at org.testng.internal.TestMethodWorker.invokeTestMethods(TestMethodWorker.java:129)
	at org.testng.internal.TestMethodWorker.run(TestMethodWorker.java:112)
	at org.testng.TestRunner.privateRun(TestRunner.java:782)
	at org.testng.TestRunner.run(TestRunner.java:632)
	at org.testng.SuiteRunner.runTest(SuiteRunner.java:366)
	at org.testng.SuiteRunner.runSequentially(SuiteRunner.java:361)
	at org.testng.SuiteRunner.privateRun(SuiteRunner.java:319)
	at org.testng.SuiteRunner.run(SuiteRunner.java:268)
	at org.testng.SuiteRunnerWorker.runSuite(SuiteRunnerWorker.java:52)
	at org.testng.SuiteRunnerWorker.run(SuiteRunnerWorker.java:86)
	at org.testng.TestNG.runSuitesSequentially(TestNG.java:1244)
	at org.testng.TestNG.runSuitesLocally(TestNG.java:1169)
	at org.testng.TestNG.run(TestNG.java:1064)
	at org.apache.maven.surefire.testng.TestNGExecutor.run(TestNGExecutor.java:217)
	at org.apache.maven.surefire.testng.TestNGXmlTestSuite.execute(TestNGXmlTestSuite.java:84)
	at org.apache.maven.surefire.testng.TestNGProvider.invoke(TestNGProvider.java:92)
	at org.apache.maven.surefire.booter.ForkedBooter.invokeProviderInSameClassLoader(ForkedBooter.java:200)
	at org.apache.maven.surefire.booter.ForkedBooter.runSuitesInProcess(ForkedBooter.java:153)
	at org.apache.maven.surefire.booter.ForkedBooter.main(ForkedBooter.java:103)
Caused by: java.lang.IllegalStateException: Already connected
	at sun.net.www.protocol.http.HttpURLConnection.setRequestProperty(HttpURLConnection.java:3071)
	at org.glassfish.jersey.client.HttpUrlConnector.setOutboundHeaders(HttpUrlConnector.java:374)
	at org.glassfish.jersey.client.HttpUrlConnector.access$100(HttpUrlConnector.java:91)
	at org.glassfish.jersey.client.HttpUrlConnector$4.getOutputStream(HttpUrlConnector.java:325)
	at org.glassfish.jersey.message.internal.CommittingOutputStream.commitStream(CommittingOutputStream.java:200)
	at org.glassfish.jersey.message.internal.CommittingOutputStream.commitStream(CommittingOutputStream.java:194)
	at org.glassfish.jersey.message.internal.CommittingOutputStream.commit(CommittingOutputStream.java:262)
	at org.glassfish.jersey.message.internal.OutboundMessageContext.commitStream(OutboundMessageContext.java:816)
	at org.glassfish.jersey.client.ClientRequest.writeEntity(ClientRequest.java:545)
	at org.glassfish.jersey.client.HttpUrlConnector._apply(HttpUrlConnector.java:329)
	at org.glassfish.jersey.client.HttpUrlConnector.apply(HttpUrlConnector.java:242)
	at org.glassfish.jersey.client.ClientRuntime.invoke(ClientRuntime.java:254)
	... 41 more
]]>
    </error>
  </testcase> <!-- testSetandGetATSUserDetailsVerification -->
  <testcase name="testSetandGetATSUserDetailsVerification" time="0.036" classname="com.myntra.apiTests.portalservices.atsService.TestATSAPISV2">
    <error type="javax.ws.rs.ProcessingException" message="Already connected">
      <![CDATA[javax.ws.rs.ProcessingException: Already connected
	at org.glassfish.jersey.client.ClientRuntime.invoke(ClientRuntime.java:263)
	at org.glassfish.jersey.client.JerseyInvocation$1.call(JerseyInvocation.java:671)
	at org.glassfish.jersey.client.JerseyInvocation$1.call(JerseyInvocation.java:668)
	at org.glassfish.jersey.internal.Errors.process(Errors.java:315)
	at org.glassfish.jersey.internal.Errors.process(Errors.java:297)
	at org.glassfish.jersey.internal.Errors.process(Errors.java:228)
	at org.glassfish.jersey.process.internal.RequestScope.runInScope(RequestScope.java:444)
	at org.glassfish.jersey.client.JerseyInvocation.invoke(JerseyInvocation.java:668)
	at org.glassfish.jersey.client.JerseyInvocation$Builder.method(JerseyInvocation.java:428)
	at org.glassfish.jersey.client.JerseyInvocation$Builder.post(JerseyInvocation.java:334)
	at com.myntra.lordoftherings.gandalf.RequestGenerator.CollectResponse(RequestGenerator.java:290)
	at com.myntra.lordoftherings.gandalf.RequestGenerator.PostResponse(RequestGenerator.java:194)
	at com.myntra.lordoftherings.gandalf.RequestGenerator.<init>(RequestGenerator.java:136)
	at com.myntra.apiTests.portalservices.idpservice.IDPServiceHelper.performSignUpOperation(IDPServiceHelper.java:67)
	at com.myntra.apiTests.portalservices.atsService.ATSHelper.performSignup(ATSHelper.java:156)
	at com.myntra.apiTests.portalservices.atsService.TestATSAPISV2.testSetandGetATSUserDetailsVerification(TestATSAPISV2.java:52)
	at sun.reflect.GeneratedMethodAccessor11.invoke(Unknown Source)
	at sun.reflect.DelegatingMethodAccessorImpl.invoke(DelegatingMethodAccessorImpl.java:43)
	at java.lang.reflect.Method.invoke(Method.java:498)
	at org.testng.internal.MethodInvocationHelper.invokeMethod(MethodInvocationHelper.java:86)
	at org.testng.internal.Invoker.invokeMethod(Invoker.java:643)
	at org.testng.internal.Invoker.invokeTestMethod(Invoker.java:820)
	at org.testng.internal.Invoker.invokeTestMethods(Invoker.java:1128)
	at org.testng.internal.TestMethodWorker.invokeTestMethods(TestMethodWorker.java:129)
	at org.testng.internal.TestMethodWorker.run(TestMethodWorker.java:112)
	at org.testng.TestRunner.privateRun(TestRunner.java:782)
	at org.testng.TestRunner.run(TestRunner.java:632)
	at org.testng.SuiteRunner.runTest(SuiteRunner.java:366)
	at org.testng.SuiteRunner.runSequentially(SuiteRunner.java:361)
	at org.testng.SuiteRunner.privateRun(SuiteRunner.java:319)
	at org.testng.SuiteRunner.run(SuiteRunner.java:268)
	at org.testng.SuiteRunnerWorker.runSuite(SuiteRunnerWorker.java:52)
	at org.testng.SuiteRunnerWorker.run(SuiteRunnerWorker.java:86)
	at org.testng.TestNG.runSuitesSequentially(TestNG.java:1244)
	at org.testng.TestNG.runSuitesLocally(TestNG.java:1169)
	at org.testng.TestNG.run(TestNG.java:1064)
	at org.apache.maven.surefire.testng.TestNGExecutor.run(TestNGExecutor.java:217)
	at org.apache.maven.surefire.testng.TestNGXmlTestSuite.execute(TestNGXmlTestSuite.java:84)
	at org.apache.maven.surefire.testng.TestNGProvider.invoke(TestNGProvider.java:92)
	at org.apache.maven.surefire.booter.ForkedBooter.invokeProviderInSameClassLoader(ForkedBooter.java:200)
	at org.apache.maven.surefire.booter.ForkedBooter.runSuitesInProcess(ForkedBooter.java:153)
	at org.apache.maven.surefire.booter.ForkedBooter.main(ForkedBooter.java:103)
Caused by: java.lang.IllegalStateException: Already connected
	at sun.net.www.protocol.http.HttpURLConnection.setRequestProperty(HttpURLConnection.java:3071)
	at org.glassfish.jersey.client.HttpUrlConnector.setOutboundHeaders(HttpUrlConnector.java:374)
	at org.glassfish.jersey.client.HttpUrlConnector.access$100(HttpUrlConnector.java:91)
	at org.glassfish.jersey.client.HttpUrlConnector$4.getOutputStream(HttpUrlConnector.java:325)
	at org.glassfish.jersey.message.internal.CommittingOutputStream.commitStream(CommittingOutputStream.java:200)
	at org.glassfish.jersey.message.internal.CommittingOutputStream.commitStream(CommittingOutputStream.java:194)
	at org.glassfish.jersey.message.internal.CommittingOutputStream.commit(CommittingOutputStream.java:262)
	at org.glassfish.jersey.message.internal.OutboundMessageContext.commitStream(OutboundMessageContext.java:816)
	at org.glassfish.jersey.client.ClientRequest.writeEntity(ClientRequest.java:545)
	at org.glassfish.jersey.client.HttpUrlConnector._apply(HttpUrlConnector.java:329)
	at org.glassfish.jersey.client.HttpUrlConnector.apply(HttpUrlConnector.java:242)
	at org.glassfish.jersey.client.ClientRuntime.invoke(ClientRuntime.java:254)
	... 41 more
]]>
    </error>
  </testcase> <!-- testSetandGetATSUserDetailsVerification -->
  <testcase name="testSetandGetATSUserDetailsVerification" time="0.069" classname="com.myntra.apiTests.portalservices.atsService.TestATSAPISV2">
    <error type="javax.ws.rs.ProcessingException" message="Already connected">
      <![CDATA[javax.ws.rs.ProcessingException: Already connected
	at org.glassfish.jersey.client.ClientRuntime.invoke(ClientRuntime.java:263)
	at org.glassfish.jersey.client.JerseyInvocation$1.call(JerseyInvocation.java:671)
	at org.glassfish.jersey.client.JerseyInvocation$1.call(JerseyInvocation.java:668)
	at org.glassfish.jersey.internal.Errors.process(Errors.java:315)
	at org.glassfish.jersey.internal.Errors.process(Errors.java:297)
	at org.glassfish.jersey.internal.Errors.process(Errors.java:228)
	at org.glassfish.jersey.process.internal.RequestScope.runInScope(RequestScope.java:444)
	at org.glassfish.jersey.client.JerseyInvocation.invoke(JerseyInvocation.java:668)
	at org.glassfish.jersey.client.JerseyInvocation$Builder.method(JerseyInvocation.java:428)
	at org.glassfish.jersey.client.JerseyInvocation$Builder.post(JerseyInvocation.java:334)
	at com.myntra.lordoftherings.gandalf.RequestGenerator.CollectResponse(RequestGenerator.java:290)
	at com.myntra.lordoftherings.gandalf.RequestGenerator.PostResponse(RequestGenerator.java:194)
	at com.myntra.lordoftherings.gandalf.RequestGenerator.<init>(RequestGenerator.java:136)
	at com.myntra.apiTests.portalservices.idpservice.IDPServiceHelper.performSignUpOperation(IDPServiceHelper.java:67)
	at com.myntra.apiTests.portalservices.atsService.ATSHelper.performSignup(ATSHelper.java:156)
	at com.myntra.apiTests.portalservices.atsService.TestATSAPISV2.testSetandGetATSUserDetailsVerification(TestATSAPISV2.java:52)
	at sun.reflect.GeneratedMethodAccessor11.invoke(Unknown Source)
	at sun.reflect.DelegatingMethodAccessorImpl.invoke(DelegatingMethodAccessorImpl.java:43)
	at java.lang.reflect.Method.invoke(Method.java:498)
	at org.testng.internal.MethodInvocationHelper.invokeMethod(MethodInvocationHelper.java:86)
	at org.testng.internal.Invoker.invokeMethod(Invoker.java:643)
	at org.testng.internal.Invoker.invokeTestMethod(Invoker.java:820)
	at org.testng.internal.Invoker.invokeTestMethods(Invoker.java:1128)
	at org.testng.internal.TestMethodWorker.invokeTestMethods(TestMethodWorker.java:129)
	at org.testng.internal.TestMethodWorker.run(TestMethodWorker.java:112)
	at org.testng.TestRunner.privateRun(TestRunner.java:782)
	at org.testng.TestRunner.run(TestRunner.java:632)
	at org.testng.SuiteRunner.runTest(SuiteRunner.java:366)
	at org.testng.SuiteRunner.runSequentially(SuiteRunner.java:361)
	at org.testng.SuiteRunner.privateRun(SuiteRunner.java:319)
	at org.testng.SuiteRunner.run(SuiteRunner.java:268)
	at org.testng.SuiteRunnerWorker.runSuite(SuiteRunnerWorker.java:52)
	at org.testng.SuiteRunnerWorker.run(SuiteRunnerWorker.java:86)
	at org.testng.TestNG.runSuitesSequentially(TestNG.java:1244)
	at org.testng.TestNG.runSuitesLocally(TestNG.java:1169)
	at org.testng.TestNG.run(TestNG.java:1064)
	at org.apache.maven.surefire.testng.TestNGExecutor.run(TestNGExecutor.java:217)
	at org.apache.maven.surefire.testng.TestNGXmlTestSuite.execute(TestNGXmlTestSuite.java:84)
	at org.apache.maven.surefire.testng.TestNGProvider.invoke(TestNGProvider.java:92)
	at org.apache.maven.surefire.booter.ForkedBooter.invokeProviderInSameClassLoader(ForkedBooter.java:200)
	at org.apache.maven.surefire.booter.ForkedBooter.runSuitesInProcess(ForkedBooter.java:153)
	at org.apache.maven.surefire.booter.ForkedBooter.main(ForkedBooter.java:103)
Caused by: java.lang.IllegalStateException: Already connected
	at sun.net.www.protocol.http.HttpURLConnection.setRequestProperty(HttpURLConnection.java:3071)
	at org.glassfish.jersey.client.HttpUrlConnector.setOutboundHeaders(HttpUrlConnector.java:374)
	at org.glassfish.jersey.client.HttpUrlConnector.access$100(HttpUrlConnector.java:91)
	at org.glassfish.jersey.client.HttpUrlConnector$4.getOutputStream(HttpUrlConnector.java:325)
	at org.glassfish.jersey.message.internal.CommittingOutputStream.commitStream(CommittingOutputStream.java:200)
	at org.glassfish.jersey.message.internal.CommittingOutputStream.commitStream(CommittingOutputStream.java:194)
	at org.glassfish.jersey.message.internal.CommittingOutputStream.commit(CommittingOutputStream.java:262)
	at org.glassfish.jersey.message.internal.OutboundMessageContext.commitStream(OutboundMessageContext.java:816)
	at org.glassfish.jersey.client.ClientRequest.writeEntity(ClientRequest.java:545)
	at org.glassfish.jersey.client.HttpUrlConnector._apply(HttpUrlConnector.java:329)
	at org.glassfish.jersey.client.HttpUrlConnector.apply(HttpUrlConnector.java:242)
	at org.glassfish.jersey.client.ClientRuntime.invoke(ClientRuntime.java:254)
	... 41 more
]]>
    </error>
  </testcase> <!-- testSetandGetATSUserDetailsVerification -->
  <testcase name="testSetandGetATSUserDetailsVerification" time="0.083" classname="com.myntra.apiTests.portalservices.atsService.TestATSAPISV2">
    <error type="javax.ws.rs.ProcessingException" message="Already connected">
      <![CDATA[javax.ws.rs.ProcessingException: Already connected
	at org.glassfish.jersey.client.ClientRuntime.invoke(ClientRuntime.java:263)
	at org.glassfish.jersey.client.JerseyInvocation$1.call(JerseyInvocation.java:671)
	at org.glassfish.jersey.client.JerseyInvocation$1.call(JerseyInvocation.java:668)
	at org.glassfish.jersey.internal.Errors.process(Errors.java:315)
	at org.glassfish.jersey.internal.Errors.process(Errors.java:297)
	at org.glassfish.jersey.internal.Errors.process(Errors.java:228)
	at org.glassfish.jersey.process.internal.RequestScope.runInScope(RequestScope.java:444)
	at org.glassfish.jersey.client.JerseyInvocation.invoke(JerseyInvocation.java:668)
	at org.glassfish.jersey.client.JerseyInvocation$Builder.method(JerseyInvocation.java:428)
	at org.glassfish.jersey.client.JerseyInvocation$Builder.post(JerseyInvocation.java:334)
	at com.myntra.lordoftherings.gandalf.RequestGenerator.CollectResponse(RequestGenerator.java:290)
	at com.myntra.lordoftherings.gandalf.RequestGenerator.PostResponse(RequestGenerator.java:194)
	at com.myntra.lordoftherings.gandalf.RequestGenerator.<init>(RequestGenerator.java:136)
	at com.myntra.apiTests.portalservices.idpservice.IDPServiceHelper.performSignUpOperation(IDPServiceHelper.java:67)
	at com.myntra.apiTests.portalservices.atsService.ATSHelper.performSignup(ATSHelper.java:156)
	at com.myntra.apiTests.portalservices.atsService.TestATSAPISV2.testSetandGetATSUserDetailsVerification(TestATSAPISV2.java:52)
	at sun.reflect.GeneratedMethodAccessor11.invoke(Unknown Source)
	at sun.reflect.DelegatingMethodAccessorImpl.invoke(DelegatingMethodAccessorImpl.java:43)
	at java.lang.reflect.Method.invoke(Method.java:498)
	at org.testng.internal.MethodInvocationHelper.invokeMethod(MethodInvocationHelper.java:86)
	at org.testng.internal.Invoker.invokeMethod(Invoker.java:643)
	at org.testng.internal.Invoker.invokeTestMethod(Invoker.java:820)
	at org.testng.internal.Invoker.invokeTestMethods(Invoker.java:1128)
	at org.testng.internal.TestMethodWorker.invokeTestMethods(TestMethodWorker.java:129)
	at org.testng.internal.TestMethodWorker.run(TestMethodWorker.java:112)
	at org.testng.TestRunner.privateRun(TestRunner.java:782)
	at org.testng.TestRunner.run(TestRunner.java:632)
	at org.testng.SuiteRunner.runTest(SuiteRunner.java:366)
	at org.testng.SuiteRunner.runSequentially(SuiteRunner.java:361)
	at org.testng.SuiteRunner.privateRun(SuiteRunner.java:319)
	at org.testng.SuiteRunner.run(SuiteRunner.java:268)
	at org.testng.SuiteRunnerWorker.runSuite(SuiteRunnerWorker.java:52)
	at org.testng.SuiteRunnerWorker.run(SuiteRunnerWorker.java:86)
	at org.testng.TestNG.runSuitesSequentially(TestNG.java:1244)
	at org.testng.TestNG.runSuitesLocally(TestNG.java:1169)
	at org.testng.TestNG.run(TestNG.java:1064)
	at org.apache.maven.surefire.testng.TestNGExecutor.run(TestNGExecutor.java:217)
	at org.apache.maven.surefire.testng.TestNGXmlTestSuite.execute(TestNGXmlTestSuite.java:84)
	at org.apache.maven.surefire.testng.TestNGProvider.invoke(TestNGProvider.java:92)
	at org.apache.maven.surefire.booter.ForkedBooter.invokeProviderInSameClassLoader(ForkedBooter.java:200)
	at org.apache.maven.surefire.booter.ForkedBooter.runSuitesInProcess(ForkedBooter.java:153)
	at org.apache.maven.surefire.booter.ForkedBooter.main(ForkedBooter.java:103)
Caused by: java.lang.IllegalStateException: Already connected
	at sun.net.www.protocol.http.HttpURLConnection.setRequestProperty(HttpURLConnection.java:3071)
	at org.glassfish.jersey.client.HttpUrlConnector.setOutboundHeaders(HttpUrlConnector.java:374)
	at org.glassfish.jersey.client.HttpUrlConnector.access$100(HttpUrlConnector.java:91)
	at org.glassfish.jersey.client.HttpUrlConnector$4.getOutputStream(HttpUrlConnector.java:325)
	at org.glassfish.jersey.message.internal.CommittingOutputStream.commitStream(CommittingOutputStream.java:200)
	at org.glassfish.jersey.message.internal.CommittingOutputStream.commitStream(CommittingOutputStream.java:194)
	at org.glassfish.jersey.message.internal.CommittingOutputStream.commit(CommittingOutputStream.java:262)
	at org.glassfish.jersey.message.internal.OutboundMessageContext.commitStream(OutboundMessageContext.java:816)
	at org.glassfish.jersey.client.ClientRequest.writeEntity(ClientRequest.java:545)
	at org.glassfish.jersey.client.HttpUrlConnector._apply(HttpUrlConnector.java:329)
	at org.glassfish.jersey.client.HttpUrlConnector.apply(HttpUrlConnector.java:242)
	at org.glassfish.jersey.client.ClientRuntime.invoke(ClientRuntime.java:254)
	... 41 more
]]>
    </error>
  </testcase> <!-- testSetandGetATSUserDetailsVerification -->
  <testcase name="testSetandGetATSUserDetailsVerification" time="0.084" classname="com.myntra.apiTests.portalservices.atsService.TestATSAPISV2">
    <error type="javax.ws.rs.ProcessingException" message="Already connected">
      <![CDATA[javax.ws.rs.ProcessingException: Already connected
	at org.glassfish.jersey.client.ClientRuntime.invoke(ClientRuntime.java:263)
	at org.glassfish.jersey.client.JerseyInvocation$1.call(JerseyInvocation.java:671)
	at org.glassfish.jersey.client.JerseyInvocation$1.call(JerseyInvocation.java:668)
	at org.glassfish.jersey.internal.Errors.process(Errors.java:315)
	at org.glassfish.jersey.internal.Errors.process(Errors.java:297)
	at org.glassfish.jersey.internal.Errors.process(Errors.java:228)
	at org.glassfish.jersey.process.internal.RequestScope.runInScope(RequestScope.java:444)
	at org.glassfish.jersey.client.JerseyInvocation.invoke(JerseyInvocation.java:668)
	at org.glassfish.jersey.client.JerseyInvocation$Builder.method(JerseyInvocation.java:428)
	at org.glassfish.jersey.client.JerseyInvocation$Builder.post(JerseyInvocation.java:334)
	at com.myntra.lordoftherings.gandalf.RequestGenerator.CollectResponse(RequestGenerator.java:290)
	at com.myntra.lordoftherings.gandalf.RequestGenerator.PostResponse(RequestGenerator.java:194)
	at com.myntra.lordoftherings.gandalf.RequestGenerator.<init>(RequestGenerator.java:136)
	at com.myntra.apiTests.portalservices.idpservice.IDPServiceHelper.performSignUpOperation(IDPServiceHelper.java:67)
	at com.myntra.apiTests.portalservices.atsService.ATSHelper.performSignup(ATSHelper.java:156)
	at com.myntra.apiTests.portalservices.atsService.TestATSAPISV2.testSetandGetATSUserDetailsVerification(TestATSAPISV2.java:52)
	at sun.reflect.GeneratedMethodAccessor11.invoke(Unknown Source)
	at sun.reflect.DelegatingMethodAccessorImpl.invoke(DelegatingMethodAccessorImpl.java:43)
	at java.lang.reflect.Method.invoke(Method.java:498)
	at org.testng.internal.MethodInvocationHelper.invokeMethod(MethodInvocationHelper.java:86)
	at org.testng.internal.Invoker.invokeMethod(Invoker.java:643)
	at org.testng.internal.Invoker.invokeTestMethod(Invoker.java:820)
	at org.testng.internal.Invoker.invokeTestMethods(Invoker.java:1128)
	at org.testng.internal.TestMethodWorker.invokeTestMethods(TestMethodWorker.java:129)
	at org.testng.internal.TestMethodWorker.run(TestMethodWorker.java:112)
	at org.testng.TestRunner.privateRun(TestRunner.java:782)
	at org.testng.TestRunner.run(TestRunner.java:632)
	at org.testng.SuiteRunner.runTest(SuiteRunner.java:366)
	at org.testng.SuiteRunner.runSequentially(SuiteRunner.java:361)
	at org.testng.SuiteRunner.privateRun(SuiteRunner.java:319)
	at org.testng.SuiteRunner.run(SuiteRunner.java:268)
	at org.testng.SuiteRunnerWorker.runSuite(SuiteRunnerWorker.java:52)
	at org.testng.SuiteRunnerWorker.run(SuiteRunnerWorker.java:86)
	at org.testng.TestNG.runSuitesSequentially(TestNG.java:1244)
	at org.testng.TestNG.runSuitesLocally(TestNG.java:1169)
	at org.testng.TestNG.run(TestNG.java:1064)
	at org.apache.maven.surefire.testng.TestNGExecutor.run(TestNGExecutor.java:217)
	at org.apache.maven.surefire.testng.TestNGXmlTestSuite.execute(TestNGXmlTestSuite.java:84)
	at org.apache.maven.surefire.testng.TestNGProvider.invoke(TestNGProvider.java:92)
	at org.apache.maven.surefire.booter.ForkedBooter.invokeProviderInSameClassLoader(ForkedBooter.java:200)
	at org.apache.maven.surefire.booter.ForkedBooter.runSuitesInProcess(ForkedBooter.java:153)
	at org.apache.maven.surefire.booter.ForkedBooter.main(ForkedBooter.java:103)
Caused by: java.lang.IllegalStateException: Already connected
	at sun.net.www.protocol.http.HttpURLConnection.setRequestProperty(HttpURLConnection.java:3071)
	at org.glassfish.jersey.client.HttpUrlConnector.setOutboundHeaders(HttpUrlConnector.java:374)
	at org.glassfish.jersey.client.HttpUrlConnector.access$100(HttpUrlConnector.java:91)
	at org.glassfish.jersey.client.HttpUrlConnector$4.getOutputStream(HttpUrlConnector.java:325)
	at org.glassfish.jersey.message.internal.CommittingOutputStream.commitStream(CommittingOutputStream.java:200)
	at org.glassfish.jersey.message.internal.CommittingOutputStream.commitStream(CommittingOutputStream.java:194)
	at org.glassfish.jersey.message.internal.CommittingOutputStream.commit(CommittingOutputStream.java:262)
	at org.glassfish.jersey.message.internal.OutboundMessageContext.commitStream(OutboundMessageContext.java:816)
	at org.glassfish.jersey.client.ClientRequest.writeEntity(ClientRequest.java:545)
	at org.glassfish.jersey.client.HttpUrlConnector._apply(HttpUrlConnector.java:329)
	at org.glassfish.jersey.client.HttpUrlConnector.apply(HttpUrlConnector.java:242)
	at org.glassfish.jersey.client.ClientRuntime.invoke(ClientRuntime.java:254)
	... 41 more
]]>
    </error>
  </testcase> <!-- testSetandGetATSUserDetailsVerification -->
  <testcase name="testSetandGetATSUserDetailsVerification" time="0.077" classname="com.myntra.apiTests.portalservices.atsService.TestATSAPISV2">
    <error type="javax.ws.rs.ProcessingException" message="Already connected">
      <![CDATA[javax.ws.rs.ProcessingException: Already connected
	at org.glassfish.jersey.client.ClientRuntime.invoke(ClientRuntime.java:263)
	at org.glassfish.jersey.client.JerseyInvocation$1.call(JerseyInvocation.java:671)
	at org.glassfish.jersey.client.JerseyInvocation$1.call(JerseyInvocation.java:668)
	at org.glassfish.jersey.internal.Errors.process(Errors.java:315)
	at org.glassfish.jersey.internal.Errors.process(Errors.java:297)
	at org.glassfish.jersey.internal.Errors.process(Errors.java:228)
	at org.glassfish.jersey.process.internal.RequestScope.runInScope(RequestScope.java:444)
	at org.glassfish.jersey.client.JerseyInvocation.invoke(JerseyInvocation.java:668)
	at org.glassfish.jersey.client.JerseyInvocation$Builder.method(JerseyInvocation.java:428)
	at org.glassfish.jersey.client.JerseyInvocation$Builder.post(JerseyInvocation.java:334)
	at com.myntra.lordoftherings.gandalf.RequestGenerator.CollectResponse(RequestGenerator.java:290)
	at com.myntra.lordoftherings.gandalf.RequestGenerator.PostResponse(RequestGenerator.java:194)
	at com.myntra.lordoftherings.gandalf.RequestGenerator.<init>(RequestGenerator.java:136)
	at com.myntra.apiTests.portalservices.idpservice.IDPServiceHelper.performSignUpOperation(IDPServiceHelper.java:67)
	at com.myntra.apiTests.portalservices.atsService.ATSHelper.performSignup(ATSHelper.java:156)
	at com.myntra.apiTests.portalservices.atsService.TestATSAPISV2.testSetandGetATSUserDetailsVerification(TestATSAPISV2.java:52)
	at sun.reflect.GeneratedMethodAccessor11.invoke(Unknown Source)
	at sun.reflect.DelegatingMethodAccessorImpl.invoke(DelegatingMethodAccessorImpl.java:43)
	at java.lang.reflect.Method.invoke(Method.java:498)
	at org.testng.internal.MethodInvocationHelper.invokeMethod(MethodInvocationHelper.java:86)
	at org.testng.internal.Invoker.invokeMethod(Invoker.java:643)
	at org.testng.internal.Invoker.invokeTestMethod(Invoker.java:820)
	at org.testng.internal.Invoker.invokeTestMethods(Invoker.java:1128)
	at org.testng.internal.TestMethodWorker.invokeTestMethods(TestMethodWorker.java:129)
	at org.testng.internal.TestMethodWorker.run(TestMethodWorker.java:112)
	at org.testng.TestRunner.privateRun(TestRunner.java:782)
	at org.testng.TestRunner.run(TestRunner.java:632)
	at org.testng.SuiteRunner.runTest(SuiteRunner.java:366)
	at org.testng.SuiteRunner.runSequentially(SuiteRunner.java:361)
	at org.testng.SuiteRunner.privateRun(SuiteRunner.java:319)
	at org.testng.SuiteRunner.run(SuiteRunner.java:268)
	at org.testng.SuiteRunnerWorker.runSuite(SuiteRunnerWorker.java:52)
	at org.testng.SuiteRunnerWorker.run(SuiteRunnerWorker.java:86)
	at org.testng.TestNG.runSuitesSequentially(TestNG.java:1244)
	at org.testng.TestNG.runSuitesLocally(TestNG.java:1169)
	at org.testng.TestNG.run(TestNG.java:1064)
	at org.apache.maven.surefire.testng.TestNGExecutor.run(TestNGExecutor.java:217)
	at org.apache.maven.surefire.testng.TestNGXmlTestSuite.execute(TestNGXmlTestSuite.java:84)
	at org.apache.maven.surefire.testng.TestNGProvider.invoke(TestNGProvider.java:92)
	at org.apache.maven.surefire.booter.ForkedBooter.invokeProviderInSameClassLoader(ForkedBooter.java:200)
	at org.apache.maven.surefire.booter.ForkedBooter.runSuitesInProcess(ForkedBooter.java:153)
	at org.apache.maven.surefire.booter.ForkedBooter.main(ForkedBooter.java:103)
Caused by: java.lang.IllegalStateException: Already connected
	at sun.net.www.protocol.http.HttpURLConnection.setRequestProperty(HttpURLConnection.java:3071)
	at org.glassfish.jersey.client.HttpUrlConnector.setOutboundHeaders(HttpUrlConnector.java:374)
	at org.glassfish.jersey.client.HttpUrlConnector.access$100(HttpUrlConnector.java:91)
	at org.glassfish.jersey.client.HttpUrlConnector$4.getOutputStream(HttpUrlConnector.java:325)
	at org.glassfish.jersey.message.internal.CommittingOutputStream.commitStream(CommittingOutputStream.java:200)
	at org.glassfish.jersey.message.internal.CommittingOutputStream.commitStream(CommittingOutputStream.java:194)
	at org.glassfish.jersey.message.internal.CommittingOutputStream.commit(CommittingOutputStream.java:262)
	at org.glassfish.jersey.message.internal.OutboundMessageContext.commitStream(OutboundMessageContext.java:816)
	at org.glassfish.jersey.client.ClientRequest.writeEntity(ClientRequest.java:545)
	at org.glassfish.jersey.client.HttpUrlConnector._apply(HttpUrlConnector.java:329)
	at org.glassfish.jersey.client.HttpUrlConnector.apply(HttpUrlConnector.java:242)
	at org.glassfish.jersey.client.ClientRuntime.invoke(ClientRuntime.java:254)
	... 41 more
]]>
    </error>
  </testcase> <!-- testSetandGetATSUserDetailsVerification -->
  <testcase name="testSetandGetATSUserDetailsVerification" time="0.067" classname="com.myntra.apiTests.portalservices.atsService.TestATSAPISV2">
    <error type="javax.ws.rs.ProcessingException" message="Already connected">
      <![CDATA[javax.ws.rs.ProcessingException: Already connected
	at org.glassfish.jersey.client.ClientRuntime.invoke(ClientRuntime.java:263)
	at org.glassfish.jersey.client.JerseyInvocation$1.call(JerseyInvocation.java:671)
	at org.glassfish.jersey.client.JerseyInvocation$1.call(JerseyInvocation.java:668)
	at org.glassfish.jersey.internal.Errors.process(Errors.java:315)
	at org.glassfish.jersey.internal.Errors.process(Errors.java:297)
	at org.glassfish.jersey.internal.Errors.process(Errors.java:228)
	at org.glassfish.jersey.process.internal.RequestScope.runInScope(RequestScope.java:444)
	at org.glassfish.jersey.client.JerseyInvocation.invoke(JerseyInvocation.java:668)
	at org.glassfish.jersey.client.JerseyInvocation$Builder.method(JerseyInvocation.java:428)
	at org.glassfish.jersey.client.JerseyInvocation$Builder.post(JerseyInvocation.java:334)
	at com.myntra.lordoftherings.gandalf.RequestGenerator.CollectResponse(RequestGenerator.java:290)
	at com.myntra.lordoftherings.gandalf.RequestGenerator.PostResponse(RequestGenerator.java:194)
	at com.myntra.lordoftherings.gandalf.RequestGenerator.<init>(RequestGenerator.java:136)
	at com.myntra.apiTests.portalservices.idpservice.IDPServiceHelper.performSignUpOperation(IDPServiceHelper.java:67)
	at com.myntra.apiTests.portalservices.atsService.ATSHelper.performSignup(ATSHelper.java:156)
	at com.myntra.apiTests.portalservices.atsService.TestATSAPISV2.testSetandGetATSUserDetailsVerification(TestATSAPISV2.java:52)
	at sun.reflect.NativeMethodAccessorImpl.invoke0(Native Method)
	at sun.reflect.NativeMethodAccessorImpl.invoke(NativeMethodAccessorImpl.java:62)
	at sun.reflect.DelegatingMethodAccessorImpl.invoke(DelegatingMethodAccessorImpl.java:43)
	at java.lang.reflect.Method.invoke(Method.java:498)
	at org.testng.internal.MethodInvocationHelper.invokeMethod(MethodInvocationHelper.java:86)
	at org.testng.internal.Invoker.invokeMethod(Invoker.java:643)
	at org.testng.internal.Invoker.invokeTestMethod(Invoker.java:820)
	at org.testng.internal.Invoker.invokeTestMethods(Invoker.java:1128)
	at org.testng.internal.TestMethodWorker.invokeTestMethods(TestMethodWorker.java:129)
	at org.testng.internal.TestMethodWorker.run(TestMethodWorker.java:112)
	at org.testng.TestRunner.privateRun(TestRunner.java:782)
	at org.testng.TestRunner.run(TestRunner.java:632)
	at org.testng.SuiteRunner.runTest(SuiteRunner.java:366)
	at org.testng.SuiteRunner.runSequentially(SuiteRunner.java:361)
	at org.testng.SuiteRunner.privateRun(SuiteRunner.java:319)
	at org.testng.SuiteRunner.run(SuiteRunner.java:268)
	at org.testng.SuiteRunnerWorker.runSuite(SuiteRunnerWorker.java:52)
	at org.testng.SuiteRunnerWorker.run(SuiteRunnerWorker.java:86)
	at org.testng.TestNG.runSuitesSequentially(TestNG.java:1244)
	at org.testng.TestNG.runSuitesLocally(TestNG.java:1169)
	at org.testng.TestNG.run(TestNG.java:1064)
	at org.apache.maven.surefire.testng.TestNGExecutor.run(TestNGExecutor.java:217)
	at org.apache.maven.surefire.testng.TestNGXmlTestSuite.execute(TestNGXmlTestSuite.java:84)
	at org.apache.maven.surefire.testng.TestNGProvider.invoke(TestNGProvider.java:92)
	at org.apache.maven.surefire.booter.ForkedBooter.invokeProviderInSameClassLoader(ForkedBooter.java:200)
	at org.apache.maven.surefire.booter.ForkedBooter.runSuitesInProcess(ForkedBooter.java:153)
	at org.apache.maven.surefire.booter.ForkedBooter.main(ForkedBooter.java:103)
Caused by: java.lang.IllegalStateException: Already connected
	at sun.net.www.protocol.http.HttpURLConnection.setRequestProperty(HttpURLConnection.java:3071)
	at org.glassfish.jersey.client.HttpUrlConnector.setOutboundHeaders(HttpUrlConnector.java:374)
	at org.glassfish.jersey.client.HttpUrlConnector.access$100(HttpUrlConnector.java:91)
	at org.glassfish.jersey.client.HttpUrlConnector$4.getOutputStream(HttpUrlConnector.java:325)
	at org.glassfish.jersey.message.internal.CommittingOutputStream.commitStream(CommittingOutputStream.java:200)
	at org.glassfish.jersey.message.internal.CommittingOutputStream.commitStream(CommittingOutputStream.java:194)
	at org.glassfish.jersey.message.internal.CommittingOutputStream.commit(CommittingOutputStream.java:262)
	at org.glassfish.jersey.message.internal.OutboundMessageContext.commitStream(OutboundMessageContext.java:816)
	at org.glassfish.jersey.client.ClientRequest.writeEntity(ClientRequest.java:545)
	at org.glassfish.jersey.client.HttpUrlConnector._apply(HttpUrlConnector.java:329)
	at org.glassfish.jersey.client.HttpUrlConnector.apply(HttpUrlConnector.java:242)
	at org.glassfish.jersey.client.ClientRuntime.invoke(ClientRuntime.java:254)
	... 42 more
]]>
    </error>
  </testcase> <!-- testSetandGetATSUserDetailsVerification -->
  <testcase name="testSetandGetATSUserDetailsVerification" time="0.054" classname="com.myntra.apiTests.portalservices.atsService.TestATSAPISV2">
    <error type="javax.ws.rs.ProcessingException" message="Already connected">
      <![CDATA[javax.ws.rs.ProcessingException: Already connected
	at org.glassfish.jersey.client.ClientRuntime.invoke(ClientRuntime.java:263)
	at org.glassfish.jersey.client.JerseyInvocation$1.call(JerseyInvocation.java:671)
	at org.glassfish.jersey.client.JerseyInvocation$1.call(JerseyInvocation.java:668)
	at org.glassfish.jersey.internal.Errors.process(Errors.java:315)
	at org.glassfish.jersey.internal.Errors.process(Errors.java:297)
	at org.glassfish.jersey.internal.Errors.process(Errors.java:228)
	at org.glassfish.jersey.process.internal.RequestScope.runInScope(RequestScope.java:444)
	at org.glassfish.jersey.client.JerseyInvocation.invoke(JerseyInvocation.java:668)
	at org.glassfish.jersey.client.JerseyInvocation$Builder.method(JerseyInvocation.java:428)
	at org.glassfish.jersey.client.JerseyInvocation$Builder.post(JerseyInvocation.java:334)
	at com.myntra.lordoftherings.gandalf.RequestGenerator.CollectResponse(RequestGenerator.java:290)
	at com.myntra.lordoftherings.gandalf.RequestGenerator.PostResponse(RequestGenerator.java:194)
	at com.myntra.lordoftherings.gandalf.RequestGenerator.<init>(RequestGenerator.java:136)
	at com.myntra.apiTests.portalservices.idpservice.IDPServiceHelper.performSignUpOperation(IDPServiceHelper.java:67)
	at com.myntra.apiTests.portalservices.atsService.ATSHelper.performSignup(ATSHelper.java:156)
	at com.myntra.apiTests.portalservices.atsService.TestATSAPISV2.testSetandGetATSUserDetailsVerification(TestATSAPISV2.java:52)
	at sun.reflect.NativeMethodAccessorImpl.invoke0(Native Method)
	at sun.reflect.NativeMethodAccessorImpl.invoke(NativeMethodAccessorImpl.java:62)
	at sun.reflect.DelegatingMethodAccessorImpl.invoke(DelegatingMethodAccessorImpl.java:43)
	at java.lang.reflect.Method.invoke(Method.java:498)
	at org.testng.internal.MethodInvocationHelper.invokeMethod(MethodInvocationHelper.java:86)
	at org.testng.internal.Invoker.invokeMethod(Invoker.java:643)
	at org.testng.internal.Invoker.invokeTestMethod(Invoker.java:820)
	at org.testng.internal.Invoker.invokeTestMethods(Invoker.java:1128)
	at org.testng.internal.TestMethodWorker.invokeTestMethods(TestMethodWorker.java:129)
	at org.testng.internal.TestMethodWorker.run(TestMethodWorker.java:112)
	at org.testng.TestRunner.privateRun(TestRunner.java:782)
	at org.testng.TestRunner.run(TestRunner.java:632)
	at org.testng.SuiteRunner.runTest(SuiteRunner.java:366)
	at org.testng.SuiteRunner.runSequentially(SuiteRunner.java:361)
	at org.testng.SuiteRunner.privateRun(SuiteRunner.java:319)
	at org.testng.SuiteRunner.run(SuiteRunner.java:268)
	at org.testng.SuiteRunnerWorker.runSuite(SuiteRunnerWorker.java:52)
	at org.testng.SuiteRunnerWorker.run(SuiteRunnerWorker.java:86)
	at org.testng.TestNG.runSuitesSequentially(TestNG.java:1244)
	at org.testng.TestNG.runSuitesLocally(TestNG.java:1169)
	at org.testng.TestNG.run(TestNG.java:1064)
	at org.apache.maven.surefire.testng.TestNGExecutor.run(TestNGExecutor.java:217)
	at org.apache.maven.surefire.testng.TestNGXmlTestSuite.execute(TestNGXmlTestSuite.java:84)
	at org.apache.maven.surefire.testng.TestNGProvider.invoke(TestNGProvider.java:92)
	at org.apache.maven.surefire.booter.ForkedBooter.invokeProviderInSameClassLoader(ForkedBooter.java:200)
	at org.apache.maven.surefire.booter.ForkedBooter.runSuitesInProcess(ForkedBooter.java:153)
	at org.apache.maven.surefire.booter.ForkedBooter.main(ForkedBooter.java:103)
Caused by: java.lang.IllegalStateException: Already connected
	at sun.net.www.protocol.http.HttpURLConnection.setRequestProperty(HttpURLConnection.java:3071)
	at org.glassfish.jersey.client.HttpUrlConnector.setOutboundHeaders(HttpUrlConnector.java:374)
	at org.glassfish.jersey.client.HttpUrlConnector.access$100(HttpUrlConnector.java:91)
	at org.glassfish.jersey.client.HttpUrlConnector$4.getOutputStream(HttpUrlConnector.java:325)
	at org.glassfish.jersey.message.internal.CommittingOutputStream.commitStream(CommittingOutputStream.java:200)
	at org.glassfish.jersey.message.internal.CommittingOutputStream.commitStream(CommittingOutputStream.java:194)
	at org.glassfish.jersey.message.internal.CommittingOutputStream.commit(CommittingOutputStream.java:262)
	at org.glassfish.jersey.message.internal.OutboundMessageContext.commitStream(OutboundMessageContext.java:816)
	at org.glassfish.jersey.client.ClientRequest.writeEntity(ClientRequest.java:545)
	at org.glassfish.jersey.client.HttpUrlConnector._apply(HttpUrlConnector.java:329)
	at org.glassfish.jersey.client.HttpUrlConnector.apply(HttpUrlConnector.java:242)
	at org.glassfish.jersey.client.ClientRuntime.invoke(ClientRuntime.java:254)
	... 42 more
]]>
    </error>
  </testcase> <!-- testSetandGetATSUserDetailsVerification -->
  <testcase name="testSetandGetATSUserDetailsVerification" time="0.087" classname="com.myntra.apiTests.portalservices.atsService.TestATSAPISV2">
    <error type="javax.ws.rs.ProcessingException" message="Already connected">
      <![CDATA[javax.ws.rs.ProcessingException: Already connected
	at org.glassfish.jersey.client.ClientRuntime.invoke(ClientRuntime.java:263)
	at org.glassfish.jersey.client.JerseyInvocation$1.call(JerseyInvocation.java:671)
	at org.glassfish.jersey.client.JerseyInvocation$1.call(JerseyInvocation.java:668)
	at org.glassfish.jersey.internal.Errors.process(Errors.java:315)
	at org.glassfish.jersey.internal.Errors.process(Errors.java:297)
	at org.glassfish.jersey.internal.Errors.process(Errors.java:228)
	at org.glassfish.jersey.process.internal.RequestScope.runInScope(RequestScope.java:444)
	at org.glassfish.jersey.client.JerseyInvocation.invoke(JerseyInvocation.java:668)
	at org.glassfish.jersey.client.JerseyInvocation$Builder.method(JerseyInvocation.java:428)
	at org.glassfish.jersey.client.JerseyInvocation$Builder.post(JerseyInvocation.java:334)
	at com.myntra.lordoftherings.gandalf.RequestGenerator.CollectResponse(RequestGenerator.java:290)
	at com.myntra.lordoftherings.gandalf.RequestGenerator.PostResponse(RequestGenerator.java:194)
	at com.myntra.lordoftherings.gandalf.RequestGenerator.<init>(RequestGenerator.java:136)
	at com.myntra.apiTests.portalservices.idpservice.IDPServiceHelper.performSignUpOperation(IDPServiceHelper.java:67)
	at com.myntra.apiTests.portalservices.atsService.ATSHelper.performSignup(ATSHelper.java:156)
	at com.myntra.apiTests.portalservices.atsService.TestATSAPISV2.testSetandGetATSUserDetailsVerification(TestATSAPISV2.java:52)
	at sun.reflect.GeneratedMethodAccessor11.invoke(Unknown Source)
	at sun.reflect.DelegatingMethodAccessorImpl.invoke(DelegatingMethodAccessorImpl.java:43)
	at java.lang.reflect.Method.invoke(Method.java:498)
	at org.testng.internal.MethodInvocationHelper.invokeMethod(MethodInvocationHelper.java:86)
	at org.testng.internal.Invoker.invokeMethod(Invoker.java:643)
	at org.testng.internal.Invoker.invokeTestMethod(Invoker.java:820)
	at org.testng.internal.Invoker.invokeTestMethods(Invoker.java:1128)
	at org.testng.internal.TestMethodWorker.invokeTestMethods(TestMethodWorker.java:129)
	at org.testng.internal.TestMethodWorker.run(TestMethodWorker.java:112)
	at org.testng.TestRunner.privateRun(TestRunner.java:782)
	at org.testng.TestRunner.run(TestRunner.java:632)
	at org.testng.SuiteRunner.runTest(SuiteRunner.java:366)
	at org.testng.SuiteRunner.runSequentially(SuiteRunner.java:361)
	at org.testng.SuiteRunner.privateRun(SuiteRunner.java:319)
	at org.testng.SuiteRunner.run(SuiteRunner.java:268)
	at org.testng.SuiteRunnerWorker.runSuite(SuiteRunnerWorker.java:52)
	at org.testng.SuiteRunnerWorker.run(SuiteRunnerWorker.java:86)
	at org.testng.TestNG.runSuitesSequentially(TestNG.java:1244)
	at org.testng.TestNG.runSuitesLocally(TestNG.java:1169)
	at org.testng.TestNG.run(TestNG.java:1064)
	at org.apache.maven.surefire.testng.TestNGExecutor.run(TestNGExecutor.java:217)
	at org.apache.maven.surefire.testng.TestNGXmlTestSuite.execute(TestNGXmlTestSuite.java:84)
	at org.apache.maven.surefire.testng.TestNGProvider.invoke(TestNGProvider.java:92)
	at org.apache.maven.surefire.booter.ForkedBooter.invokeProviderInSameClassLoader(ForkedBooter.java:200)
	at org.apache.maven.surefire.booter.ForkedBooter.runSuitesInProcess(ForkedBooter.java:153)
	at org.apache.maven.surefire.booter.ForkedBooter.main(ForkedBooter.java:103)
Caused by: java.lang.IllegalStateException: Already connected
	at sun.net.www.protocol.http.HttpURLConnection.setRequestProperty(HttpURLConnection.java:3071)
	at org.glassfish.jersey.client.HttpUrlConnector.setOutboundHeaders(HttpUrlConnector.java:374)
	at org.glassfish.jersey.client.HttpUrlConnector.access$100(HttpUrlConnector.java:91)
	at org.glassfish.jersey.client.HttpUrlConnector$4.getOutputStream(HttpUrlConnector.java:325)
	at org.glassfish.jersey.message.internal.CommittingOutputStream.commitStream(CommittingOutputStream.java:200)
	at org.glassfish.jersey.message.internal.CommittingOutputStream.commitStream(CommittingOutputStream.java:194)
	at org.glassfish.jersey.message.internal.CommittingOutputStream.commit(CommittingOutputStream.java:262)
	at org.glassfish.jersey.message.internal.OutboundMessageContext.commitStream(OutboundMessageContext.java:816)
	at org.glassfish.jersey.client.ClientRequest.writeEntity(ClientRequest.java:545)
	at org.glassfish.jersey.client.HttpUrlConnector._apply(HttpUrlConnector.java:329)
	at org.glassfish.jersey.client.HttpUrlConnector.apply(HttpUrlConnector.java:242)
	at org.glassfish.jersey.client.ClientRuntime.invoke(ClientRuntime.java:254)
	... 41 more
]]>
    </error>
  </testcase> <!-- testSetandGetATSUserDetailsVerification -->
  <testcase name="testSetandGetATSUserDetailsVerification" time="0.036" classname="com.myntra.apiTests.portalservices.atsService.TestATSAPISV2">
    <error type="javax.ws.rs.ProcessingException" message="Already connected">
      <![CDATA[javax.ws.rs.ProcessingException: Already connected
	at org.glassfish.jersey.client.ClientRuntime.invoke(ClientRuntime.java:263)
	at org.glassfish.jersey.client.JerseyInvocation$1.call(JerseyInvocation.java:671)
	at org.glassfish.jersey.client.JerseyInvocation$1.call(JerseyInvocation.java:668)
	at org.glassfish.jersey.internal.Errors.process(Errors.java:315)
	at org.glassfish.jersey.internal.Errors.process(Errors.java:297)
	at org.glassfish.jersey.internal.Errors.process(Errors.java:228)
	at org.glassfish.jersey.process.internal.RequestScope.runInScope(RequestScope.java:444)
	at org.glassfish.jersey.client.JerseyInvocation.invoke(JerseyInvocation.java:668)
	at org.glassfish.jersey.client.JerseyInvocation$Builder.method(JerseyInvocation.java:428)
	at org.glassfish.jersey.client.JerseyInvocation$Builder.post(JerseyInvocation.java:334)
	at com.myntra.lordoftherings.gandalf.RequestGenerator.CollectResponse(RequestGenerator.java:290)
	at com.myntra.lordoftherings.gandalf.RequestGenerator.PostResponse(RequestGenerator.java:194)
	at com.myntra.lordoftherings.gandalf.RequestGenerator.<init>(RequestGenerator.java:136)
	at com.myntra.apiTests.portalservices.idpservice.IDPServiceHelper.performSignUpOperation(IDPServiceHelper.java:67)
	at com.myntra.apiTests.portalservices.atsService.ATSHelper.performSignup(ATSHelper.java:156)
	at com.myntra.apiTests.portalservices.atsService.TestATSAPISV2.testSetandGetATSUserDetailsVerification(TestATSAPISV2.java:52)
	at sun.reflect.NativeMethodAccessorImpl.invoke0(Native Method)
	at sun.reflect.NativeMethodAccessorImpl.invoke(NativeMethodAccessorImpl.java:62)
	at sun.reflect.DelegatingMethodAccessorImpl.invoke(DelegatingMethodAccessorImpl.java:43)
	at java.lang.reflect.Method.invoke(Method.java:498)
	at org.testng.internal.MethodInvocationHelper.invokeMethod(MethodInvocationHelper.java:86)
	at org.testng.internal.Invoker.invokeMethod(Invoker.java:643)
	at org.testng.internal.Invoker.invokeTestMethod(Invoker.java:820)
	at org.testng.internal.Invoker.invokeTestMethods(Invoker.java:1128)
	at org.testng.internal.TestMethodWorker.invokeTestMethods(TestMethodWorker.java:129)
	at org.testng.internal.TestMethodWorker.run(TestMethodWorker.java:112)
	at org.testng.TestRunner.privateRun(TestRunner.java:782)
	at org.testng.TestRunner.run(TestRunner.java:632)
	at org.testng.SuiteRunner.runTest(SuiteRunner.java:366)
	at org.testng.SuiteRunner.runSequentially(SuiteRunner.java:361)
	at org.testng.SuiteRunner.privateRun(SuiteRunner.java:319)
	at org.testng.SuiteRunner.run(SuiteRunner.java:268)
	at org.testng.SuiteRunnerWorker.runSuite(SuiteRunnerWorker.java:52)
	at org.testng.SuiteRunnerWorker.run(SuiteRunnerWorker.java:86)
	at org.testng.TestNG.runSuitesSequentially(TestNG.java:1244)
	at org.testng.TestNG.runSuitesLocally(TestNG.java:1169)
	at org.testng.TestNG.run(TestNG.java:1064)
	at org.apache.maven.surefire.testng.TestNGExecutor.run(TestNGExecutor.java:217)
	at org.apache.maven.surefire.testng.TestNGXmlTestSuite.execute(TestNGXmlTestSuite.java:84)
	at org.apache.maven.surefire.testng.TestNGProvider.invoke(TestNGProvider.java:92)
	at org.apache.maven.surefire.booter.ForkedBooter.invokeProviderInSameClassLoader(ForkedBooter.java:200)
	at org.apache.maven.surefire.booter.ForkedBooter.runSuitesInProcess(ForkedBooter.java:153)
	at org.apache.maven.surefire.booter.ForkedBooter.main(ForkedBooter.java:103)
Caused by: java.lang.IllegalStateException: Already connected
	at sun.net.www.protocol.http.HttpURLConnection.setRequestProperty(HttpURLConnection.java:3071)
	at org.glassfish.jersey.client.HttpUrlConnector.setOutboundHeaders(HttpUrlConnector.java:374)
	at org.glassfish.jersey.client.HttpUrlConnector.access$100(HttpUrlConnector.java:91)
	at org.glassfish.jersey.client.HttpUrlConnector$4.getOutputStream(HttpUrlConnector.java:325)
	at org.glassfish.jersey.message.internal.CommittingOutputStream.commitStream(CommittingOutputStream.java:200)
	at org.glassfish.jersey.message.internal.CommittingOutputStream.commitStream(CommittingOutputStream.java:194)
	at org.glassfish.jersey.message.internal.CommittingOutputStream.commit(CommittingOutputStream.java:262)
	at org.glassfish.jersey.message.internal.OutboundMessageContext.commitStream(OutboundMessageContext.java:816)
	at org.glassfish.jersey.client.ClientRequest.writeEntity(ClientRequest.java:545)
	at org.glassfish.jersey.client.HttpUrlConnector._apply(HttpUrlConnector.java:329)
	at org.glassfish.jersey.client.HttpUrlConnector.apply(HttpUrlConnector.java:242)
	at org.glassfish.jersey.client.ClientRuntime.invoke(ClientRuntime.java:254)
	... 42 more
]]>
    </error>
  </testcase> <!-- testSetandGetATSUserDetailsVerification -->
  <testcase name="testSetandGetATSUserDetailsVerification" time="0.059" classname="com.myntra.apiTests.portalservices.atsService.TestATSAPISV2">
    <error type="javax.ws.rs.ProcessingException" message="Already connected">
      <![CDATA[javax.ws.rs.ProcessingException: Already connected
	at org.glassfish.jersey.client.ClientRuntime.invoke(ClientRuntime.java:263)
	at org.glassfish.jersey.client.JerseyInvocation$1.call(JerseyInvocation.java:671)
	at org.glassfish.jersey.client.JerseyInvocation$1.call(JerseyInvocation.java:668)
	at org.glassfish.jersey.internal.Errors.process(Errors.java:315)
	at org.glassfish.jersey.internal.Errors.process(Errors.java:297)
	at org.glassfish.jersey.internal.Errors.process(Errors.java:228)
	at org.glassfish.jersey.process.internal.RequestScope.runInScope(RequestScope.java:444)
	at org.glassfish.jersey.client.JerseyInvocation.invoke(JerseyInvocation.java:668)
	at org.glassfish.jersey.client.JerseyInvocation$Builder.method(JerseyInvocation.java:428)
	at org.glassfish.jersey.client.JerseyInvocation$Builder.post(JerseyInvocation.java:334)
	at com.myntra.lordoftherings.gandalf.RequestGenerator.CollectResponse(RequestGenerator.java:290)
	at com.myntra.lordoftherings.gandalf.RequestGenerator.PostResponse(RequestGenerator.java:194)
	at com.myntra.lordoftherings.gandalf.RequestGenerator.<init>(RequestGenerator.java:136)
	at com.myntra.apiTests.portalservices.idpservice.IDPServiceHelper.performSignUpOperation(IDPServiceHelper.java:67)
	at com.myntra.apiTests.portalservices.atsService.ATSHelper.performSignup(ATSHelper.java:156)
	at com.myntra.apiTests.portalservices.atsService.TestATSAPISV2.testSetandGetATSUserDetailsVerification(TestATSAPISV2.java:52)
	at sun.reflect.GeneratedMethodAccessor11.invoke(Unknown Source)
	at sun.reflect.DelegatingMethodAccessorImpl.invoke(DelegatingMethodAccessorImpl.java:43)
	at java.lang.reflect.Method.invoke(Method.java:498)
	at org.testng.internal.MethodInvocationHelper.invokeMethod(MethodInvocationHelper.java:86)
	at org.testng.internal.Invoker.invokeMethod(Invoker.java:643)
	at org.testng.internal.Invoker.invokeTestMethod(Invoker.java:820)
	at org.testng.internal.Invoker.invokeTestMethods(Invoker.java:1128)
	at org.testng.internal.TestMethodWorker.invokeTestMethods(TestMethodWorker.java:129)
	at org.testng.internal.TestMethodWorker.run(TestMethodWorker.java:112)
	at org.testng.TestRunner.privateRun(TestRunner.java:782)
	at org.testng.TestRunner.run(TestRunner.java:632)
	at org.testng.SuiteRunner.runTest(SuiteRunner.java:366)
	at org.testng.SuiteRunner.runSequentially(SuiteRunner.java:361)
	at org.testng.SuiteRunner.privateRun(SuiteRunner.java:319)
	at org.testng.SuiteRunner.run(SuiteRunner.java:268)
	at org.testng.SuiteRunnerWorker.runSuite(SuiteRunnerWorker.java:52)
	at org.testng.SuiteRunnerWorker.run(SuiteRunnerWorker.java:86)
	at org.testng.TestNG.runSuitesSequentially(TestNG.java:1244)
	at org.testng.TestNG.runSuitesLocally(TestNG.java:1169)
	at org.testng.TestNG.run(TestNG.java:1064)
	at org.apache.maven.surefire.testng.TestNGExecutor.run(TestNGExecutor.java:217)
	at org.apache.maven.surefire.testng.TestNGXmlTestSuite.execute(TestNGXmlTestSuite.java:84)
	at org.apache.maven.surefire.testng.TestNGProvider.invoke(TestNGProvider.java:92)
	at org.apache.maven.surefire.booter.ForkedBooter.invokeProviderInSameClassLoader(ForkedBooter.java:200)
	at org.apache.maven.surefire.booter.ForkedBooter.runSuitesInProcess(ForkedBooter.java:153)
	at org.apache.maven.surefire.booter.ForkedBooter.main(ForkedBooter.java:103)
Caused by: java.lang.IllegalStateException: Already connected
	at sun.net.www.protocol.http.HttpURLConnection.setRequestProperty(HttpURLConnection.java:3071)
	at org.glassfish.jersey.client.HttpUrlConnector.setOutboundHeaders(HttpUrlConnector.java:374)
	at org.glassfish.jersey.client.HttpUrlConnector.access$100(HttpUrlConnector.java:91)
	at org.glassfish.jersey.client.HttpUrlConnector$4.getOutputStream(HttpUrlConnector.java:325)
	at org.glassfish.jersey.message.internal.CommittingOutputStream.commitStream(CommittingOutputStream.java:200)
	at org.glassfish.jersey.message.internal.CommittingOutputStream.commitStream(CommittingOutputStream.java:194)
	at org.glassfish.jersey.message.internal.CommittingOutputStream.commit(CommittingOutputStream.java:262)
	at org.glassfish.jersey.message.internal.OutboundMessageContext.commitStream(OutboundMessageContext.java:816)
	at org.glassfish.jersey.client.ClientRequest.writeEntity(ClientRequest.java:545)
	at org.glassfish.jersey.client.HttpUrlConnector._apply(HttpUrlConnector.java:329)
	at org.glassfish.jersey.client.HttpUrlConnector.apply(HttpUrlConnector.java:242)
	at org.glassfish.jersey.client.ClientRuntime.invoke(ClientRuntime.java:254)
	... 41 more
]]>
    </error>
  </testcase> <!-- testSetandGetATSUserDetailsVerification -->
</testsuite> <!-- com.myntra.apiTests.portalservices.atsService.TestATSAPISV2 -->
