<?xml version="1.0" encoding="UTF-8"?>
<testsuite name="TestSuite" time="6.042" tests="63" errors="0" skipped="0" failures="63">
  <properties>
    <property name="java.runtime.name" value="Java(TM) SE Runtime Environment"/>
    <property name="sun.boot.library.path" value="/usr/lib/jvm/java-8-oracle/jre/lib/amd64"/>
    <property name="java.vm.version" value="25.171-b11"/>
    <property name="java.vm.vendor" value="Oracle Corporation"/>
    <property name="maven.multiModuleProjectDirectory" value="/home/myntra/Desktop/apiAutomation/apiTests-1/apiTests"/>
    <property name="java.vendor.url" value="http://java.oracle.com/"/>
    <property name="path.separator" value=":"/>
    <property name="guice.disable.misplaced.annotation.check" value="true"/>
    <property name="java.vm.name" value="Java HotSpot(TM) 64-Bit Server VM"/>
    <property name="file.encoding.pkg" value="sun.io"/>
    <property name="user.country" value="IN"/>
    <property name="sun.java.launcher" value="SUN_STANDARD"/>
    <property name="sun.os.patch.level" value="unknown"/>
    <property name="java.vm.specification.name" value="Java Virtual Machine Specification"/>
    <property name="user.dir" value="/home/myntra/Desktop/apiAutomation/apiTests-1/apiTests"/>
    <property name="groups" value="appachhi"/>
    <property name="java.runtime.version" value="1.8.0_171-b11"/>
    <property name="java.awt.graphicsenv" value="sun.awt.X11GraphicsEnvironment"/>
    <property name="java.endorsed.dirs" value="/usr/lib/jvm/java-8-oracle/jre/lib/endorsed"/>
    <property name="os.arch" value="amd64"/>
    <property name="java.io.tmpdir" value="/tmp"/>
    <property name="line.separator" value="&#10;"/>
    <property name="java.vm.specification.vendor" value="Oracle Corporation"/>
    <property name="os.name" value="Linux"/>
    <property name="suiteXmlFile" value="src/test/resources/ats/ATSServiceTestNG.xml"/>
    <property name="classworlds.conf" value="/usr/share/maven/bin/m2.conf"/>
    <property name="sun.jnu.encoding" value="UTF-8"/>
    <property name="java.library.path" value="/usr/java/packages/lib/amd64:/usr/lib64:/lib64:/lib:/usr/lib"/>
    <property name="maven.conf" value="/usr/share/maven/conf"/>
    <property name="java.specification.name" value="Java Platform API Specification"/>
    <property name="java.class.version" value="52.0"/>
    <property name="sun.management.compiler" value="HotSpot 64-Bit Tiered Compilers"/>
    <property name="os.version" value="4.15.0-20-generic"/>
    <property name="library.jansi.path" value="/usr/share/maven/lib/jansi-native"/>
    <property name="user.home" value="/home/myntra"/>
    <property name="user.timezone" value="Asia/Kolkata"/>
    <property name="java.awt.printerjob" value="sun.print.PSPrinterJob"/>
    <property name="java.specification.version" value="1.8"/>
    <property name="file.encoding" value="UTF-8"/>
    <property name="user.name" value="myntra"/>
    <property name="java.class.path" value="/usr/share/maven/boot/plexus-classworlds-2.x.jar"/>
    <property name="org.slf4j.simpleLogger.defaultLogLevel" value="debug"/>
    <property name="java.vm.specification.version" value="1.8"/>
    <property name="sun.arch.data.model" value="64"/>
    <property name="java.home" value="/usr/lib/jvm/java-8-oracle/jre"/>
    <property name="sun.java.command" value="org.codehaus.plexus.classworlds.launcher.Launcher -X clean test -P SuiteRuns -DsuiteXmlFile=src/test/resources/ats/ATSServiceTestNG.xml -Dgroups=appachhi"/>
    <property name="java.specification.vendor" value="Oracle Corporation"/>
    <property name="user.language" value="en"/>
    <property name="awt.toolkit" value="sun.awt.X11.XToolkit"/>
    <property name="java.vm.info" value="mixed mode"/>
    <property name="java.version" value="1.8.0_171"/>
    <property name="java.ext.dirs" value="/usr/lib/jvm/java-8-oracle/jre/lib/ext:/usr/java/packages/lib/ext"/>
    <property name="securerandom.source" value="file:/dev/./urandom"/>
    <property name="sun.boot.class.path" value="/usr/lib/jvm/java-8-oracle/jre/lib/resources.jar:/usr/lib/jvm/java-8-oracle/jre/lib/rt.jar:/usr/lib/jvm/java-8-oracle/jre/lib/sunrsasign.jar:/usr/lib/jvm/java-8-oracle/jre/lib/jsse.jar:/usr/lib/jvm/java-8-oracle/jre/lib/jce.jar:/usr/lib/jvm/java-8-oracle/jre/lib/charsets.jar:/usr/lib/jvm/java-8-oracle/jre/lib/jfr.jar:/usr/lib/jvm/java-8-oracle/jre/classes"/>
    <property name="java.vendor" value="Oracle Corporation"/>
    <property name="maven.home" value="/usr/share/maven"/>
    <property name="file.separator" value="/"/>
    <property name="java.vendor.url.bug" value="http://bugreport.sun.com/bugreport/"/>
    <property name="sun.cpu.endian" value="little"/>
    <property name="sun.io.unicode.encoding" value="UnicodeLittle"/>
    <property name="sun.desktop" value="gnome"/>
    <property name="sun.cpu.isalist" value=""/>
  </properties>
  <testcase name="testSetandGetATSUserDetailsVerification" classname="com.myntra.apiTests.portalservices.atsService.TestATSAPISV2" time="1.408">
    <failure message="Already connected" type="javax.ws.rs.ProcessingException"><![CDATA[javax.ws.rs.ProcessingException: Already connected
	at sun.net.www.protocol.http.HttpURLConnection.setRequestProperty(HttpURLConnection.java:3071)
	at org.glassfish.jersey.client.HttpUrlConnector.setOutboundHeaders(HttpUrlConnector.java:374)
	at org.glassfish.jersey.client.HttpUrlConnector.access$100(HttpUrlConnector.java:91)
	at org.glassfish.jersey.client.HttpUrlConnector$4.getOutputStream(HttpUrlConnector.java:325)
	at org.glassfish.jersey.message.internal.CommittingOutputStream.commitStream(CommittingOutputStream.java:200)
	at org.glassfish.jersey.message.internal.CommittingOutputStream.commitStream(CommittingOutputStream.java:194)
	at org.glassfish.jersey.message.internal.CommittingOutputStream.commit(CommittingOutputStream.java:262)
	at org.glassfish.jersey.message.internal.OutboundMessageContext.commitStream(OutboundMessageContext.java:816)
	at org.glassfish.jersey.client.ClientRequest.writeEntity(ClientRequest.java:545)
	at org.glassfish.jersey.client.HttpUrlConnector._apply(HttpUrlConnector.java:329)
	at org.glassfish.jersey.client.HttpUrlConnector.apply(HttpUrlConnector.java:242)
	at org.glassfish.jersey.client.ClientRuntime.invoke(ClientRuntime.java:254)
	at org.glassfish.jersey.client.JerseyInvocation$1.call(JerseyInvocation.java:671)
	at org.glassfish.jersey.client.JerseyInvocation$1.call(JerseyInvocation.java:668)
	at org.glassfish.jersey.internal.Errors.process(Errors.java:315)
	at org.glassfish.jersey.internal.Errors.process(Errors.java:297)
	at org.glassfish.jersey.internal.Errors.process(Errors.java:228)
	at org.glassfish.jersey.process.internal.RequestScope.runInScope(RequestScope.java:444)
	at org.glassfish.jersey.client.JerseyInvocation.invoke(JerseyInvocation.java:668)
	at org.glassfish.jersey.client.JerseyInvocation$Builder.method(JerseyInvocation.java:428)
	at org.glassfish.jersey.client.JerseyInvocation$Builder.post(JerseyInvocation.java:334)
	at com.myntra.lordoftherings.gandalf.RequestGenerator.CollectResponse(RequestGenerator.java:290)
	at com.myntra.lordoftherings.gandalf.RequestGenerator.PostResponse(RequestGenerator.java:194)
	at com.myntra.lordoftherings.gandalf.RequestGenerator.<init>(RequestGenerator.java:136)
	at com.myntra.apiTests.portalservices.idpservice.IDPServiceHelper.performSignUpOperation(IDPServiceHelper.java:67)
	at com.myntra.apiTests.portalservices.atsService.ATSHelper.performSignup(ATSHelper.java:156)
	at com.myntra.apiTests.portalservices.atsService.TestATSAPISV2.testSetandGetATSUserDetailsVerification(TestATSAPISV2.java:52)
]]></failure>
    <system-out><![CDATA[[TestNGContentHandler] [WARN] It is strongly recommended to add "<!DOCTYPE suite SYSTEM "http://testng.org/testng-1.0.dtd" >" at the top of your file, otherwise TestNG may fail or not work as expected.
2018-05-17 15:39:11 [main] INFO  Initialize:33 - /Data/configuration
Current dir With Config Path/home/myntra/Desktop/apiAutomation/apiTests-1/apiTests//Data/configuration
2018-05-17 15:39:11 [main] INFO  PropertyReader:68 - properties file used for framework initialize is :/home/myntra/Desktop/apiAutomation/apiTests-1/apiTests//Data/configuration/testsettings.properties
Getting Env Details for Jenkinsnull
ReturnValue==mjint
testenv = mjint
2018-05-17 15:39:11 [main] INFO  Configuration:359 - Portal Home : http://mjint.myntra.com
2018-05-17 15:39:11 [main] INFO  TestEnvironmentDetails:14 - This is the info log from TestEnvironmentDetails
2018-05-17 15:39:11 [main] INFO  Initialize:33 - /Data/configuration
Current dir With Config Path/home/myntra/Desktop/apiAutomation/apiTests-1/apiTests//Data/configuration
2018-05-17 15:39:11 [main] INFO  PropertyReader:68 - properties file used for framework initialize is :/home/myntra/Desktop/apiAutomation/apiTests-1/apiTests//Data/configuration/testsettings.properties
Getting Env Details for Jenkinsnull
ReturnValue==mjint
testenv = mjint
2018-05-17 15:39:11 [main] INFO  Configuration:359 - Portal Home : http://mjint.myntra.com
2018-05-17 15:39:11 [main] INFO  TestEnvironmentDetails:14 - This is the info log from TestEnvironmentDetails
2018-05-17 15:39:11 [main] INFO  Initialize:33 - /Data/configuration
Current dir With Config Path/home/myntra/Desktop/apiAutomation/apiTests-1/apiTests//Data/configuration
2018-05-17 15:39:11 [main] INFO  PropertyReader:68 - properties file used for framework initialize is :/home/myntra/Desktop/apiAutomation/apiTests-1/apiTests//Data/configuration/testsettings.properties
Getting Env Details for Jenkinsnull
ReturnValue==mjint
testenv = mjint
2018-05-17 15:39:11 [main] INFO  Configuration:359 - Portal Home : http://mjint.myntra.com
2018-05-17 15:39:11 [main] INFO  TestEnvironmentDetails:14 - This is the info log from TestEnvironmentDetails
2018-05-17 15:39:11 [main] INFO  Initialize:33 - /Data/configuration
Current dir With Config Path/home/myntra/Desktop/apiAutomation/apiTests-1/apiTests//Data/configuration
2018-05-17 15:39:11 [main] INFO  PropertyReader:68 - properties file used for framework initialize is :/home/myntra/Desktop/apiAutomation/apiTests-1/apiTests//Data/configuration/testsettings.properties
Getting Env Details for Jenkinsnull
ReturnValue==mjint
testenv = mjint
2018-05-17 15:39:11 [main] INFO  Configuration:359 - Portal Home : http://mjint.myntra.com
2018-05-17 15:39:11 [main] INFO  TestEnvironmentDetails:14 - This is the info log from TestEnvironmentDetails
2018-05-17 15:39:11 [main] INFO  Initialize:33 - /Data/configuration
Current dir With Config Path/home/myntra/Desktop/apiAutomation/apiTests-1/apiTests//Data/configuration
2018-05-17 15:39:11 [main] INFO  PropertyReader:68 - properties file used for framework initialize is :/home/myntra/Desktop/apiAutomation/apiTests-1/apiTests//Data/configuration/testsettings.properties
Getting Env Details for Jenkinsnull
ReturnValue==mjint
testenv = mjint
2018-05-17 15:39:12 [main] INFO  Configuration:359 - Portal Home : http://mjint.myntra.com
2018-05-17 15:39:12 [main] INFO  TestEnvironmentDetails:14 - This is the info log from TestEnvironmentDetails
2018-05-17 15:39:12 [main] INFO  Initialize:33 - /Data/configuration
Current dir With Config Path/home/myntra/Desktop/apiAutomation/apiTests-1/apiTests//Data/configuration
2018-05-17 15:39:12 [main] INFO  PropertyReader:68 - properties file used for framework initialize is :/home/myntra/Desktop/apiAutomation/apiTests-1/apiTests//Data/configuration/testsettings.properties
Getting Env Details for Jenkinsnull
ReturnValue==mjint
testenv = mjint
2018-05-17 15:39:12 [main] INFO  Configuration:359 - Portal Home : http://mjint.myntra.com
2018-05-17 15:39:12 [main] INFO  TestEnvironmentDetails:14 - This is the info log from TestEnvironmentDetails
2018-05-17 15:39:12 [main] INFO  Initialize:33 - /Data/configuration
Current dir With Config Path/home/myntra/Desktop/apiAutomation/apiTests-1/apiTests//Data/configuration
2018-05-17 15:39:12 [main] INFO  PropertyReader:68 - properties file used for framework initialize is :/home/myntra/Desktop/apiAutomation/apiTests-1/apiTests//Data/configuration/testsettings.properties
Getting Env Details for Jenkinsnull
ReturnValue==mjint
testenv = mjint
2018-05-17 15:39:12 [main] INFO  Configuration:359 - Portal Home : http://mjint.myntra.com
2018-05-17 15:39:12 [main] INFO  TestEnvironmentDetails:14 - This is the info log from TestEnvironmentDetails
2018-05-17 15:39:12 [main] INFO  Initialize:33 - /Data/configuration
Current dir With Config Path/home/myntra/Desktop/apiAutomation/apiTests-1/apiTests//Data/configuration
2018-05-17 15:39:12 [main] INFO  PropertyReader:68 - properties file used for framework initialize is :/home/myntra/Desktop/apiAutomation/apiTests-1/apiTests//Data/configuration/testsettings.properties
Getting Env Details for Jenkinsnull
ReturnValue==mjint
testenv = mjint
2018-05-17 15:39:12 [main] INFO  Configuration:359 - Portal Home : http://mjint.myntra.com
2018-05-17 15:39:12 [main] INFO  TestEnvironmentDetails:14 - This is the info log from TestEnvironmentDetails
2018-05-17 15:39:12 [main] INFO  Initialize:33 - /Data/configuration
Current dir With Config Path/home/myntra/Desktop/apiAutomation/apiTests-1/apiTests//Data/configuration
2018-05-17 15:39:12 [main] INFO  PropertyReader:68 - properties file used for framework initialize is :/home/myntra/Desktop/apiAutomation/apiTests-1/apiTests//Data/configuration/testsettings.properties
Getting Env Details for Jenkinsnull
ReturnValue==mjint
testenv = mjint
2018-05-17 15:39:12 [main] INFO  Configuration:359 - Portal Home : http://mjint.myntra.com
2018-05-17 15:39:12 [main] INFO  TestEnvironmentDetails:14 - This is the info log from TestEnvironmentDetails
2018-05-17 15:39:13 [main] INFO  Initialize:33 - /Data/configuration
Current dir With Config Path/home/myntra/Desktop/apiAutomation/apiTests-1/apiTests//Data/configuration
2018-05-17 15:39:13 [main] INFO  PropertyReader:68 - properties file used for framework initialize is :/home/myntra/Desktop/apiAutomation/apiTests-1/apiTests//Data/configuration/testsettings.properties
Getting Env Details for Jenkinsnull
ReturnValue==mjint
testenv = mjint
2018-05-17 15:39:13 [main] INFO  Configuration:359 - Portal Home : http://mjint.myntra.com
2018-05-17 15:39:13 [main] INFO  TestEnvironmentDetails:14 - This is the info log from TestEnvironmentDetails
2018-05-17 15:39:13 [main] INFO  Initialize:33 - /Data/configuration
Current dir With Config Path/home/myntra/Desktop/apiAutomation/apiTests-1/apiTests//Data/configuration
2018-05-17 15:39:13 [main] INFO  PropertyReader:68 - properties file used for framework initialize is :/home/myntra/Desktop/apiAutomation/apiTests-1/apiTests//Data/configuration/testsettings.properties
Getting Env Details for Jenkinsnull
ReturnValue==mjint
testenv = mjint
2018-05-17 15:39:13 [main] INFO  Configuration:359 - Portal Home : http://mjint.myntra.com
2018-05-17 15:39:13 [main] INFO  TestEnvironmentDetails:14 - This is the info log from TestEnvironmentDetails
2018-05-17 15:39:13 [main] INFO  Initialize:33 - /Data/configuration
Current dir With Config Path/home/myntra/Desktop/apiAutomation/apiTests-1/apiTests//Data/configuration
2018-05-17 15:39:13 [main] INFO  PropertyReader:68 - properties file used for framework initialize is :/home/myntra/Desktop/apiAutomation/apiTests-1/apiTests//Data/configuration/testsettings.properties
Getting Env Details for Jenkinsnull
ReturnValue==mjint
testenv = mjint
2018-05-17 15:39:13 [main] INFO  Configuration:359 - Portal Home : http://mjint.myntra.com
2018-05-17 15:39:13 [main] INFO  TestEnvironmentDetails:14 - This is the info log from TestEnvironmentDetails
2018-05-17 15:39:13 [main] INFO  Initialize:33 - Data/configuration
Current dir With Config Path/home/myntra/Desktop/apiAutomation/apiTests-1/apiTests/Data/configuration
2018-05-17 15:39:13 [main] INFO  PropertyReader:68 - properties file used for framework initialize is :/home/myntra/Desktop/apiAutomation/apiTests-1/apiTests/Data/configuration/testsettings.properties
Getting Env Details for Jenkinsnull
ReturnValue==mjint
testenv = mjint
2018-05-17 15:39:13 [main] INFO  Configuration:359 - Portal Home : http://mjint.myntra.com
2018-05-17 15:39:13 [main] INFO  TestEnvironmentDetails:14 - This is the info log from TestEnvironmentDetails
2018-05-17 15:39:15 [main] INFO  Setup:68 - Current Directory
2018-05-17 15:39:15 [main] DEBUG Setup:42 - Environment URL is: file:////home/myntra/Desktop/apiAutomation/apiTests-1/apiTests/Data/configuration/mjint/environment.xml
2018-05-17 15:39:15 [main] INFO  Initialize:33 - Data/configuration
Current dir With Config Path/home/myntra/Desktop/apiAutomation/apiTests-1/apiTests/Data/configuration
2018-05-17 15:39:15 [main] INFO  PropertyReader:68 - properties file used for framework initialize is :/home/myntra/Desktop/apiAutomation/apiTests-1/apiTests/Data/configuration/testsettings.properties
Getting Env Details for Jenkinsnull
ReturnValue==mjint
testenv = mjint
2018-05-17 15:39:15 [main] INFO  Configuration:359 - Portal Home : http://mjint.myntra.com
2018-05-17 15:39:15 [main] INFO  TestEnvironmentDetails:14 - This is the info log from TestEnvironmentDetails
Getting Env Details for Jenkinsnull
ReturnValue==mjint
testenv = mjint
2018-05-17 15:39:16 [main] INFO  Payload:179 - ./Data/payloads/JSON/signup
2018-05-17 15:39:16 [main] INFO  Toolbox:74 - Begining reading file './Data/payloads/JSON/signup'

Printing IDPService SignUp API URL : http://idp.mjint.myntra.com/idp/auth/signup
2018-05-17 15:39:16 [main] INFO  IDPServiceHelper:62 - 
Printing IDPService SignUp API URL : http://idp.mjint.myntra.com/idp/auth/signup

Printing IDPService SignUp API Payload : 

{
    "login":"ead177e4-80ba-4cda-8ab1-81482edd4bb31@myntra.com",
    "password":"password123",
    "usertype":"C",
    "gender":"M",
    "title":"Mr",
    "firstname":"First Name",
    "lastname":"Last Name",
    "email":"ead177e4-80ba-4cda-8ab1-81482edd4bb31@myntra.com",
    "mobile":"5027827134",
    "captchaValue":"3572029068"
}

2018-05-17 15:39:16 [main] INFO  IDPServiceHelper:65 - 
Printing IDPService SignUp API Payload : 

{
    "login":"ead177e4-80ba-4cda-8ab1-81482edd4bb31@myntra.com",
    "password":"password123",
    "usertype":"C",
    "gender":"M",
    "title":"Mr",
    "firstname":"First Name",
    "lastname":"Last Name",
    "email":"ead177e4-80ba-4cda-8ab1-81482edd4bb31@myntra.com",
    "mobile":"5027827134",
    "captchaValue":"3572029068"
}

2018-05-17 15:39:16 [main] INFO  RequestGenerator:282 - debug:typeofdataresponse=application/json
2018-05-17 15:39:16 [main] INFO  RequestGenerator:283 - debug:typeofdatarequest=null
2018-05-17 15:39:16 [main] INFO  RequestGenerator:286 - this is json path
2018-05-17 15:39:16 [main] INFO  RequestGenerator:289 - posting the json request payload
]]></system-out>
    <system-err><![CDATA[SLF4J: Class path contains multiple SLF4J bindings.
SLF4J: Found binding in [jar:file:/home/myntra/.m2/repository/org/apache/logging/log4j/log4j-slf4j-impl/2.1/log4j-slf4j-impl-2.1.jar!/org/slf4j/impl/StaticLoggerBinder.class]
SLF4J: Found binding in [jar:file:/home/myntra/.m2/repository/ch/qos/logback/logback-classic/1.1.3/logback-classic-1.1.3.jar!/org/slf4j/impl/StaticLoggerBinder.class]
SLF4J: Found binding in [jar:file:/home/myntra/.m2/repository/org/slf4j/slf4j-log4j12/1.7.7/slf4j-log4j12-1.7.7.jar!/org/slf4j/impl/StaticLoggerBinder.class]
SLF4J: Found binding in [jar:file:/home/myntra/.m2/repository/org/slf4j/slf4j-simple/1.7.21/slf4j-simple-1.7.21.jar!/org/slf4j/impl/StaticLoggerBinder.class]
SLF4J: See http://www.slf4j.org/codes.html#multiple_bindings for an explanation.
SLF4J: Actual binding is of type [org.apache.logging.slf4j.Log4jLoggerFactory]
]]></system-err>
  </testcase>
  <testcase name="testSetandGetATSUserDetailsVerification" classname="com.myntra.apiTests.portalservices.atsService.TestATSAPISV2" time="0.063">
    <failure message="Already connected" type="javax.ws.rs.ProcessingException"><![CDATA[javax.ws.rs.ProcessingException: Already connected
	at sun.net.www.protocol.http.HttpURLConnection.setRequestProperty(HttpURLConnection.java:3071)
	at org.glassfish.jersey.client.HttpUrlConnector.setOutboundHeaders(HttpUrlConnector.java:374)
	at org.glassfish.jersey.client.HttpUrlConnector.access$100(HttpUrlConnector.java:91)
	at org.glassfish.jersey.client.HttpUrlConnector$4.getOutputStream(HttpUrlConnector.java:325)
	at org.glassfish.jersey.message.internal.CommittingOutputStream.commitStream(CommittingOutputStream.java:200)
	at org.glassfish.jersey.message.internal.CommittingOutputStream.commitStream(CommittingOutputStream.java:194)
	at org.glassfish.jersey.message.internal.CommittingOutputStream.commit(CommittingOutputStream.java:262)
	at org.glassfish.jersey.message.internal.OutboundMessageContext.commitStream(OutboundMessageContext.java:816)
	at org.glassfish.jersey.client.ClientRequest.writeEntity(ClientRequest.java:545)
	at org.glassfish.jersey.client.HttpUrlConnector._apply(HttpUrlConnector.java:329)
	at org.glassfish.jersey.client.HttpUrlConnector.apply(HttpUrlConnector.java:242)
	at org.glassfish.jersey.client.ClientRuntime.invoke(ClientRuntime.java:254)
	at org.glassfish.jersey.client.JerseyInvocation$1.call(JerseyInvocation.java:671)
	at org.glassfish.jersey.client.JerseyInvocation$1.call(JerseyInvocation.java:668)
	at org.glassfish.jersey.internal.Errors.process(Errors.java:315)
	at org.glassfish.jersey.internal.Errors.process(Errors.java:297)
	at org.glassfish.jersey.internal.Errors.process(Errors.java:228)
	at org.glassfish.jersey.process.internal.RequestScope.runInScope(RequestScope.java:444)
	at org.glassfish.jersey.client.JerseyInvocation.invoke(JerseyInvocation.java:668)
	at org.glassfish.jersey.client.JerseyInvocation$Builder.method(JerseyInvocation.java:428)
	at org.glassfish.jersey.client.JerseyInvocation$Builder.post(JerseyInvocation.java:334)
	at com.myntra.lordoftherings.gandalf.RequestGenerator.CollectResponse(RequestGenerator.java:290)
	at com.myntra.lordoftherings.gandalf.RequestGenerator.PostResponse(RequestGenerator.java:194)
	at com.myntra.lordoftherings.gandalf.RequestGenerator.<init>(RequestGenerator.java:136)
	at com.myntra.apiTests.portalservices.idpservice.IDPServiceHelper.performSignUpOperation(IDPServiceHelper.java:67)
	at com.myntra.apiTests.portalservices.atsService.ATSHelper.performSignup(ATSHelper.java:156)
	at com.myntra.apiTests.portalservices.atsService.TestATSAPISV2.testSetandGetATSUserDetailsVerification(TestATSAPISV2.java:52)
]]></failure>
    <system-out><![CDATA[2018-05-17 15:39:17 [main] INFO  Payload:179 - ./Data/payloads/JSON/signup
2018-05-17 15:39:17 [main] INFO  Toolbox:74 - Begining reading file './Data/payloads/JSON/signup'

Printing IDPService SignUp API URL : http://idp.mjint.myntra.com/idp/auth/signup
2018-05-17 15:39:17 [main] INFO  IDPServiceHelper:62 - 
Printing IDPService SignUp API URL : http://idp.mjint.myntra.com/idp/auth/signup

Printing IDPService SignUp API Payload : 

{
    "login":"ead177e4-80ba-4cda-8ab1-81482edd4bb31@myntra.com",
    "password":"password123",
    "usertype":"C",
    "gender":"M",
    "title":"Mr",
    "firstname":"First Name",
    "lastname":"Last Name",
    "email":"ead177e4-80ba-4cda-8ab1-81482edd4bb31@myntra.com",
    "mobile":"5027827134",
    "captchaValue":"3572029068"
}

2018-05-17 15:39:17 [main] INFO  IDPServiceHelper:65 - 
Printing IDPService SignUp API Payload : 

{
    "login":"ead177e4-80ba-4cda-8ab1-81482edd4bb31@myntra.com",
    "password":"password123",
    "usertype":"C",
    "gender":"M",
    "title":"Mr",
    "firstname":"First Name",
    "lastname":"Last Name",
    "email":"ead177e4-80ba-4cda-8ab1-81482edd4bb31@myntra.com",
    "mobile":"5027827134",
    "captchaValue":"3572029068"
}

2018-05-17 15:39:17 [main] INFO  RequestGenerator:282 - debug:typeofdataresponse=application/json
2018-05-17 15:39:17 [main] INFO  RequestGenerator:283 - debug:typeofdatarequest=null
2018-05-17 15:39:17 [main] INFO  RequestGenerator:286 - this is json path
2018-05-17 15:39:17 [main] INFO  RequestGenerator:289 - posting the json request payload
]]></system-out>
  </testcase>
  <testcase name="testSetandGetATSUserDetailsVerification" classname="com.myntra.apiTests.portalservices.atsService.TestATSAPISV2" time="0.072">
    <failure message="Already connected" type="javax.ws.rs.ProcessingException"><![CDATA[javax.ws.rs.ProcessingException: Already connected
	at sun.net.www.protocol.http.HttpURLConnection.setRequestProperty(HttpURLConnection.java:3071)
	at org.glassfish.jersey.client.HttpUrlConnector.setOutboundHeaders(HttpUrlConnector.java:374)
	at org.glassfish.jersey.client.HttpUrlConnector.access$100(HttpUrlConnector.java:91)
	at org.glassfish.jersey.client.HttpUrlConnector$4.getOutputStream(HttpUrlConnector.java:325)
	at org.glassfish.jersey.message.internal.CommittingOutputStream.commitStream(CommittingOutputStream.java:200)
	at org.glassfish.jersey.message.internal.CommittingOutputStream.commitStream(CommittingOutputStream.java:194)
	at org.glassfish.jersey.message.internal.CommittingOutputStream.commit(CommittingOutputStream.java:262)
	at org.glassfish.jersey.message.internal.OutboundMessageContext.commitStream(OutboundMessageContext.java:816)
	at org.glassfish.jersey.client.ClientRequest.writeEntity(ClientRequest.java:545)
	at org.glassfish.jersey.client.HttpUrlConnector._apply(HttpUrlConnector.java:329)
	at org.glassfish.jersey.client.HttpUrlConnector.apply(HttpUrlConnector.java:242)
	at org.glassfish.jersey.client.ClientRuntime.invoke(ClientRuntime.java:254)
	at org.glassfish.jersey.client.JerseyInvocation$1.call(JerseyInvocation.java:671)
	at org.glassfish.jersey.client.JerseyInvocation$1.call(JerseyInvocation.java:668)
	at org.glassfish.jersey.internal.Errors.process(Errors.java:315)
	at org.glassfish.jersey.internal.Errors.process(Errors.java:297)
	at org.glassfish.jersey.internal.Errors.process(Errors.java:228)
	at org.glassfish.jersey.process.internal.RequestScope.runInScope(RequestScope.java:444)
	at org.glassfish.jersey.client.JerseyInvocation.invoke(JerseyInvocation.java:668)
	at org.glassfish.jersey.client.JerseyInvocation$Builder.method(JerseyInvocation.java:428)
	at org.glassfish.jersey.client.JerseyInvocation$Builder.post(JerseyInvocation.java:334)
	at com.myntra.lordoftherings.gandalf.RequestGenerator.CollectResponse(RequestGenerator.java:290)
	at com.myntra.lordoftherings.gandalf.RequestGenerator.PostResponse(RequestGenerator.java:194)
	at com.myntra.lordoftherings.gandalf.RequestGenerator.<init>(RequestGenerator.java:136)
	at com.myntra.apiTests.portalservices.idpservice.IDPServiceHelper.performSignUpOperation(IDPServiceHelper.java:67)
	at com.myntra.apiTests.portalservices.atsService.ATSHelper.performSignup(ATSHelper.java:156)
	at com.myntra.apiTests.portalservices.atsService.TestATSAPISV2.testSetandGetATSUserDetailsVerification(TestATSAPISV2.java:52)
]]></failure>
    <system-out><![CDATA[2018-05-17 15:39:17 [main] INFO  Payload:179 - ./Data/payloads/JSON/signup
2018-05-17 15:39:17 [main] INFO  Toolbox:74 - Begining reading file './Data/payloads/JSON/signup'

Printing IDPService SignUp API URL : http://idp.mjint.myntra.com/idp/auth/signup
2018-05-17 15:39:17 [main] INFO  IDPServiceHelper:62 - 
Printing IDPService SignUp API URL : http://idp.mjint.myntra.com/idp/auth/signup

Printing IDPService SignUp API Payload : 

{
    "login":"ead177e4-80ba-4cda-8ab1-81482edd4bb31@myntra.com",
    "password":"password123",
    "usertype":"C",
    "gender":"M",
    "title":"Mr",
    "firstname":"First Name",
    "lastname":"Last Name",
    "email":"ead177e4-80ba-4cda-8ab1-81482edd4bb31@myntra.com",
    "mobile":"5027827134",
    "captchaValue":"3572029068"
}

2018-05-17 15:39:17 [main] INFO  IDPServiceHelper:65 - 
Printing IDPService SignUp API Payload : 

{
    "login":"ead177e4-80ba-4cda-8ab1-81482edd4bb31@myntra.com",
    "password":"password123",
    "usertype":"C",
    "gender":"M",
    "title":"Mr",
    "firstname":"First Name",
    "lastname":"Last Name",
    "email":"ead177e4-80ba-4cda-8ab1-81482edd4bb31@myntra.com",
    "mobile":"5027827134",
    "captchaValue":"3572029068"
}

2018-05-17 15:39:17 [main] INFO  RequestGenerator:282 - debug:typeofdataresponse=application/json
2018-05-17 15:39:17 [main] INFO  RequestGenerator:283 - debug:typeofdatarequest=null
2018-05-17 15:39:17 [main] INFO  RequestGenerator:286 - this is json path
2018-05-17 15:39:17 [main] INFO  RequestGenerator:289 - posting the json request payload
]]></system-out>
  </testcase>
  <testcase name="testSetandGetATSUserDetailsVerification" classname="com.myntra.apiTests.portalservices.atsService.TestATSAPISV2" time="0.061">
    <failure message="Already connected" type="javax.ws.rs.ProcessingException"><![CDATA[javax.ws.rs.ProcessingException: Already connected
	at sun.net.www.protocol.http.HttpURLConnection.setRequestProperty(HttpURLConnection.java:3071)
	at org.glassfish.jersey.client.HttpUrlConnector.setOutboundHeaders(HttpUrlConnector.java:374)
	at org.glassfish.jersey.client.HttpUrlConnector.access$100(HttpUrlConnector.java:91)
	at org.glassfish.jersey.client.HttpUrlConnector$4.getOutputStream(HttpUrlConnector.java:325)
	at org.glassfish.jersey.message.internal.CommittingOutputStream.commitStream(CommittingOutputStream.java:200)
	at org.glassfish.jersey.message.internal.CommittingOutputStream.commitStream(CommittingOutputStream.java:194)
	at org.glassfish.jersey.message.internal.CommittingOutputStream.commit(CommittingOutputStream.java:262)
	at org.glassfish.jersey.message.internal.OutboundMessageContext.commitStream(OutboundMessageContext.java:816)
	at org.glassfish.jersey.client.ClientRequest.writeEntity(ClientRequest.java:545)
	at org.glassfish.jersey.client.HttpUrlConnector._apply(HttpUrlConnector.java:329)
	at org.glassfish.jersey.client.HttpUrlConnector.apply(HttpUrlConnector.java:242)
	at org.glassfish.jersey.client.ClientRuntime.invoke(ClientRuntime.java:254)
	at org.glassfish.jersey.client.JerseyInvocation$1.call(JerseyInvocation.java:671)
	at org.glassfish.jersey.client.JerseyInvocation$1.call(JerseyInvocation.java:668)
	at org.glassfish.jersey.internal.Errors.process(Errors.java:315)
	at org.glassfish.jersey.internal.Errors.process(Errors.java:297)
	at org.glassfish.jersey.internal.Errors.process(Errors.java:228)
	at org.glassfish.jersey.process.internal.RequestScope.runInScope(RequestScope.java:444)
	at org.glassfish.jersey.client.JerseyInvocation.invoke(JerseyInvocation.java:668)
	at org.glassfish.jersey.client.JerseyInvocation$Builder.method(JerseyInvocation.java:428)
	at org.glassfish.jersey.client.JerseyInvocation$Builder.post(JerseyInvocation.java:334)
	at com.myntra.lordoftherings.gandalf.RequestGenerator.CollectResponse(RequestGenerator.java:290)
	at com.myntra.lordoftherings.gandalf.RequestGenerator.PostResponse(RequestGenerator.java:194)
	at com.myntra.lordoftherings.gandalf.RequestGenerator.<init>(RequestGenerator.java:136)
	at com.myntra.apiTests.portalservices.idpservice.IDPServiceHelper.performSignUpOperation(IDPServiceHelper.java:67)
	at com.myntra.apiTests.portalservices.atsService.ATSHelper.performSignup(ATSHelper.java:156)
	at com.myntra.apiTests.portalservices.atsService.TestATSAPISV2.testSetandGetATSUserDetailsVerification(TestATSAPISV2.java:52)
]]></failure>
    <system-out><![CDATA[2018-05-17 15:39:17 [main] INFO  Payload:179 - ./Data/payloads/JSON/signup
2018-05-17 15:39:17 [main] INFO  Toolbox:74 - Begining reading file './Data/payloads/JSON/signup'

Printing IDPService SignUp API URL : http://idp.mjint.myntra.com/idp/auth/signup
2018-05-17 15:39:17 [main] INFO  IDPServiceHelper:62 - 
Printing IDPService SignUp API URL : http://idp.mjint.myntra.com/idp/auth/signup

Printing IDPService SignUp API Payload : 

{
    "login":"ead177e4-80ba-4cda-8ab1-81482edd4bb31@myntra.com",
    "password":"password123",
    "usertype":"C",
    "gender":"M",
    "title":"Mr",
    "firstname":"First Name",
    "lastname":"Last Name",
    "email":"ead177e4-80ba-4cda-8ab1-81482edd4bb31@myntra.com",
    "mobile":"5027827134",
    "captchaValue":"3572029068"
}

2018-05-17 15:39:17 [main] INFO  IDPServiceHelper:65 - 
Printing IDPService SignUp API Payload : 

{
    "login":"ead177e4-80ba-4cda-8ab1-81482edd4bb31@myntra.com",
    "password":"password123",
    "usertype":"C",
    "gender":"M",
    "title":"Mr",
    "firstname":"First Name",
    "lastname":"Last Name",
    "email":"ead177e4-80ba-4cda-8ab1-81482edd4bb31@myntra.com",
    "mobile":"5027827134",
    "captchaValue":"3572029068"
}

2018-05-17 15:39:17 [main] INFO  RequestGenerator:282 - debug:typeofdataresponse=application/json
2018-05-17 15:39:17 [main] INFO  RequestGenerator:283 - debug:typeofdatarequest=null
2018-05-17 15:39:17 [main] INFO  RequestGenerator:286 - this is json path
2018-05-17 15:39:17 [main] INFO  RequestGenerator:289 - posting the json request payload
]]></system-out>
  </testcase>
  <testcase name="testSetandGetATSUserDetailsVerification" classname="com.myntra.apiTests.portalservices.atsService.TestATSAPISV2" time="0.047">
    <failure message="Already connected" type="javax.ws.rs.ProcessingException"><![CDATA[javax.ws.rs.ProcessingException: Already connected
	at sun.net.www.protocol.http.HttpURLConnection.setRequestProperty(HttpURLConnection.java:3071)
	at org.glassfish.jersey.client.HttpUrlConnector.setOutboundHeaders(HttpUrlConnector.java:374)
	at org.glassfish.jersey.client.HttpUrlConnector.access$100(HttpUrlConnector.java:91)
	at org.glassfish.jersey.client.HttpUrlConnector$4.getOutputStream(HttpUrlConnector.java:325)
	at org.glassfish.jersey.message.internal.CommittingOutputStream.commitStream(CommittingOutputStream.java:200)
	at org.glassfish.jersey.message.internal.CommittingOutputStream.commitStream(CommittingOutputStream.java:194)
	at org.glassfish.jersey.message.internal.CommittingOutputStream.commit(CommittingOutputStream.java:262)
	at org.glassfish.jersey.message.internal.OutboundMessageContext.commitStream(OutboundMessageContext.java:816)
	at org.glassfish.jersey.client.ClientRequest.writeEntity(ClientRequest.java:545)
	at org.glassfish.jersey.client.HttpUrlConnector._apply(HttpUrlConnector.java:329)
	at org.glassfish.jersey.client.HttpUrlConnector.apply(HttpUrlConnector.java:242)
	at org.glassfish.jersey.client.ClientRuntime.invoke(ClientRuntime.java:254)
	at org.glassfish.jersey.client.JerseyInvocation$1.call(JerseyInvocation.java:671)
	at org.glassfish.jersey.client.JerseyInvocation$1.call(JerseyInvocation.java:668)
	at org.glassfish.jersey.internal.Errors.process(Errors.java:315)
	at org.glassfish.jersey.internal.Errors.process(Errors.java:297)
	at org.glassfish.jersey.internal.Errors.process(Errors.java:228)
	at org.glassfish.jersey.process.internal.RequestScope.runInScope(RequestScope.java:444)
	at org.glassfish.jersey.client.JerseyInvocation.invoke(JerseyInvocation.java:668)
	at org.glassfish.jersey.client.JerseyInvocation$Builder.method(JerseyInvocation.java:428)
	at org.glassfish.jersey.client.JerseyInvocation$Builder.post(JerseyInvocation.java:334)
	at com.myntra.lordoftherings.gandalf.RequestGenerator.CollectResponse(RequestGenerator.java:290)
	at com.myntra.lordoftherings.gandalf.RequestGenerator.PostResponse(RequestGenerator.java:194)
	at com.myntra.lordoftherings.gandalf.RequestGenerator.<init>(RequestGenerator.java:136)
	at com.myntra.apiTests.portalservices.idpservice.IDPServiceHelper.performSignUpOperation(IDPServiceHelper.java:67)
	at com.myntra.apiTests.portalservices.atsService.ATSHelper.performSignup(ATSHelper.java:156)
	at com.myntra.apiTests.portalservices.atsService.TestATSAPISV2.testSetandGetATSUserDetailsVerification(TestATSAPISV2.java:52)
]]></failure>
    <system-out><![CDATA[2018-05-17 15:39:17 [main] INFO  Payload:179 - ./Data/payloads/JSON/signup
2018-05-17 15:39:17 [main] INFO  Toolbox:74 - Begining reading file './Data/payloads/JSON/signup'

Printing IDPService SignUp API URL : http://idp.mjint.myntra.com/idp/auth/signup
2018-05-17 15:39:17 [main] INFO  IDPServiceHelper:62 - 
Printing IDPService SignUp API URL : http://idp.mjint.myntra.com/idp/auth/signup

Printing IDPService SignUp API Payload : 

{
    "login":"ead177e4-80ba-4cda-8ab1-81482edd4bb31@myntra.com",
    "password":"password123",
    "usertype":"C",
    "gender":"M",
    "title":"Mr",
    "firstname":"First Name",
    "lastname":"Last Name",
    "email":"ead177e4-80ba-4cda-8ab1-81482edd4bb31@myntra.com",
    "mobile":"5027827134",
    "captchaValue":"3572029068"
}

2018-05-17 15:39:17 [main] INFO  IDPServiceHelper:65 - 
Printing IDPService SignUp API Payload : 

{
    "login":"ead177e4-80ba-4cda-8ab1-81482edd4bb31@myntra.com",
    "password":"password123",
    "usertype":"C",
    "gender":"M",
    "title":"Mr",
    "firstname":"First Name",
    "lastname":"Last Name",
    "email":"ead177e4-80ba-4cda-8ab1-81482edd4bb31@myntra.com",
    "mobile":"5027827134",
    "captchaValue":"3572029068"
}

2018-05-17 15:39:17 [main] INFO  RequestGenerator:282 - debug:typeofdataresponse=application/json
2018-05-17 15:39:17 [main] INFO  RequestGenerator:283 - debug:typeofdatarequest=null
2018-05-17 15:39:17 [main] INFO  RequestGenerator:286 - this is json path
2018-05-17 15:39:17 [main] INFO  RequestGenerator:289 - posting the json request payload
]]></system-out>
  </testcase>
  <testcase name="testSetandGetATSUserDetailsVerification" classname="com.myntra.apiTests.portalservices.atsService.TestATSAPISV2" time="0.058">
    <failure message="Already connected" type="javax.ws.rs.ProcessingException"><![CDATA[javax.ws.rs.ProcessingException: Already connected
	at sun.net.www.protocol.http.HttpURLConnection.setRequestProperty(HttpURLConnection.java:3071)
	at org.glassfish.jersey.client.HttpUrlConnector.setOutboundHeaders(HttpUrlConnector.java:374)
	at org.glassfish.jersey.client.HttpUrlConnector.access$100(HttpUrlConnector.java:91)
	at org.glassfish.jersey.client.HttpUrlConnector$4.getOutputStream(HttpUrlConnector.java:325)
	at org.glassfish.jersey.message.internal.CommittingOutputStream.commitStream(CommittingOutputStream.java:200)
	at org.glassfish.jersey.message.internal.CommittingOutputStream.commitStream(CommittingOutputStream.java:194)
	at org.glassfish.jersey.message.internal.CommittingOutputStream.commit(CommittingOutputStream.java:262)
	at org.glassfish.jersey.message.internal.OutboundMessageContext.commitStream(OutboundMessageContext.java:816)
	at org.glassfish.jersey.client.ClientRequest.writeEntity(ClientRequest.java:545)
	at org.glassfish.jersey.client.HttpUrlConnector._apply(HttpUrlConnector.java:329)
	at org.glassfish.jersey.client.HttpUrlConnector.apply(HttpUrlConnector.java:242)
	at org.glassfish.jersey.client.ClientRuntime.invoke(ClientRuntime.java:254)
	at org.glassfish.jersey.client.JerseyInvocation$1.call(JerseyInvocation.java:671)
	at org.glassfish.jersey.client.JerseyInvocation$1.call(JerseyInvocation.java:668)
	at org.glassfish.jersey.internal.Errors.process(Errors.java:315)
	at org.glassfish.jersey.internal.Errors.process(Errors.java:297)
	at org.glassfish.jersey.internal.Errors.process(Errors.java:228)
	at org.glassfish.jersey.process.internal.RequestScope.runInScope(RequestScope.java:444)
	at org.glassfish.jersey.client.JerseyInvocation.invoke(JerseyInvocation.java:668)
	at org.glassfish.jersey.client.JerseyInvocation$Builder.method(JerseyInvocation.java:428)
	at org.glassfish.jersey.client.JerseyInvocation$Builder.post(JerseyInvocation.java:334)
	at com.myntra.lordoftherings.gandalf.RequestGenerator.CollectResponse(RequestGenerator.java:290)
	at com.myntra.lordoftherings.gandalf.RequestGenerator.PostResponse(RequestGenerator.java:194)
	at com.myntra.lordoftherings.gandalf.RequestGenerator.<init>(RequestGenerator.java:136)
	at com.myntra.apiTests.portalservices.idpservice.IDPServiceHelper.performSignUpOperation(IDPServiceHelper.java:67)
	at com.myntra.apiTests.portalservices.atsService.ATSHelper.performSignup(ATSHelper.java:156)
	at com.myntra.apiTests.portalservices.atsService.TestATSAPISV2.testSetandGetATSUserDetailsVerification(TestATSAPISV2.java:52)
]]></failure>
    <system-out><![CDATA[2018-05-17 15:39:17 [main] INFO  Payload:179 - ./Data/payloads/JSON/signup
2018-05-17 15:39:17 [main] INFO  Toolbox:74 - Begining reading file './Data/payloads/JSON/signup'

Printing IDPService SignUp API URL : http://idp.mjint.myntra.com/idp/auth/signup
2018-05-17 15:39:17 [main] INFO  IDPServiceHelper:62 - 
Printing IDPService SignUp API URL : http://idp.mjint.myntra.com/idp/auth/signup

Printing IDPService SignUp API Payload : 

{
    "login":"ead177e4-80ba-4cda-8ab1-81482edd4bb31@myntra.com",
    "password":"password123",
    "usertype":"C",
    "gender":"M",
    "title":"Mr",
    "firstname":"First Name",
    "lastname":"Last Name",
    "email":"ead177e4-80ba-4cda-8ab1-81482edd4bb31@myntra.com",
    "mobile":"5027827134",
    "captchaValue":"3572029068"
}

2018-05-17 15:39:17 [main] INFO  IDPServiceHelper:65 - 
Printing IDPService SignUp API Payload : 

{
    "login":"ead177e4-80ba-4cda-8ab1-81482edd4bb31@myntra.com",
    "password":"password123",
    "usertype":"C",
    "gender":"M",
    "title":"Mr",
    "firstname":"First Name",
    "lastname":"Last Name",
    "email":"ead177e4-80ba-4cda-8ab1-81482edd4bb31@myntra.com",
    "mobile":"5027827134",
    "captchaValue":"3572029068"
}

2018-05-17 15:39:17 [main] INFO  RequestGenerator:282 - debug:typeofdataresponse=application/json
2018-05-17 15:39:17 [main] INFO  RequestGenerator:283 - debug:typeofdatarequest=null
2018-05-17 15:39:17 [main] INFO  RequestGenerator:286 - this is json path
2018-05-17 15:39:17 [main] INFO  RequestGenerator:289 - posting the json request payload
]]></system-out>
  </testcase>
  <testcase name="testSetandGetATSUserDetailsVerification" classname="com.myntra.apiTests.portalservices.atsService.TestATSAPISV2" time="0.055">
    <failure message="Already connected" type="javax.ws.rs.ProcessingException"><![CDATA[javax.ws.rs.ProcessingException: Already connected
	at sun.net.www.protocol.http.HttpURLConnection.setRequestProperty(HttpURLConnection.java:3071)
	at org.glassfish.jersey.client.HttpUrlConnector.setOutboundHeaders(HttpUrlConnector.java:374)
	at org.glassfish.jersey.client.HttpUrlConnector.access$100(HttpUrlConnector.java:91)
	at org.glassfish.jersey.client.HttpUrlConnector$4.getOutputStream(HttpUrlConnector.java:325)
	at org.glassfish.jersey.message.internal.CommittingOutputStream.commitStream(CommittingOutputStream.java:200)
	at org.glassfish.jersey.message.internal.CommittingOutputStream.commitStream(CommittingOutputStream.java:194)
	at org.glassfish.jersey.message.internal.CommittingOutputStream.commit(CommittingOutputStream.java:262)
	at org.glassfish.jersey.message.internal.OutboundMessageContext.commitStream(OutboundMessageContext.java:816)
	at org.glassfish.jersey.client.ClientRequest.writeEntity(ClientRequest.java:545)
	at org.glassfish.jersey.client.HttpUrlConnector._apply(HttpUrlConnector.java:329)
	at org.glassfish.jersey.client.HttpUrlConnector.apply(HttpUrlConnector.java:242)
	at org.glassfish.jersey.client.ClientRuntime.invoke(ClientRuntime.java:254)
	at org.glassfish.jersey.client.JerseyInvocation$1.call(JerseyInvocation.java:671)
	at org.glassfish.jersey.client.JerseyInvocation$1.call(JerseyInvocation.java:668)
	at org.glassfish.jersey.internal.Errors.process(Errors.java:315)
	at org.glassfish.jersey.internal.Errors.process(Errors.java:297)
	at org.glassfish.jersey.internal.Errors.process(Errors.java:228)
	at org.glassfish.jersey.process.internal.RequestScope.runInScope(RequestScope.java:444)
	at org.glassfish.jersey.client.JerseyInvocation.invoke(JerseyInvocation.java:668)
	at org.glassfish.jersey.client.JerseyInvocation$Builder.method(JerseyInvocation.java:428)
	at org.glassfish.jersey.client.JerseyInvocation$Builder.post(JerseyInvocation.java:334)
	at com.myntra.lordoftherings.gandalf.RequestGenerator.CollectResponse(RequestGenerator.java:290)
	at com.myntra.lordoftherings.gandalf.RequestGenerator.PostResponse(RequestGenerator.java:194)
	at com.myntra.lordoftherings.gandalf.RequestGenerator.<init>(RequestGenerator.java:136)
	at com.myntra.apiTests.portalservices.idpservice.IDPServiceHelper.performSignUpOperation(IDPServiceHelper.java:67)
	at com.myntra.apiTests.portalservices.atsService.ATSHelper.performSignup(ATSHelper.java:156)
	at com.myntra.apiTests.portalservices.atsService.TestATSAPISV2.testSetandGetATSUserDetailsVerification(TestATSAPISV2.java:52)
]]></failure>
    <system-out><![CDATA[2018-05-17 15:39:17 [main] INFO  Payload:179 - ./Data/payloads/JSON/signup
2018-05-17 15:39:17 [main] INFO  Toolbox:74 - Begining reading file './Data/payloads/JSON/signup'

Printing IDPService SignUp API URL : http://idp.mjint.myntra.com/idp/auth/signup
2018-05-17 15:39:17 [main] INFO  IDPServiceHelper:62 - 
Printing IDPService SignUp API URL : http://idp.mjint.myntra.com/idp/auth/signup

Printing IDPService SignUp API Payload : 

{
    "login":"ead177e4-80ba-4cda-8ab1-81482edd4bb31@myntra.com",
    "password":"password123",
    "usertype":"C",
    "gender":"M",
    "title":"Mr",
    "firstname":"First Name",
    "lastname":"Last Name",
    "email":"ead177e4-80ba-4cda-8ab1-81482edd4bb31@myntra.com",
    "mobile":"5027827134",
    "captchaValue":"3572029068"
}

2018-05-17 15:39:17 [main] INFO  IDPServiceHelper:65 - 
Printing IDPService SignUp API Payload : 

{
    "login":"ead177e4-80ba-4cda-8ab1-81482edd4bb31@myntra.com",
    "password":"password123",
    "usertype":"C",
    "gender":"M",
    "title":"Mr",
    "firstname":"First Name",
    "lastname":"Last Name",
    "email":"ead177e4-80ba-4cda-8ab1-81482edd4bb31@myntra.com",
    "mobile":"5027827134",
    "captchaValue":"3572029068"
}

2018-05-17 15:39:17 [main] INFO  RequestGenerator:282 - debug:typeofdataresponse=application/json
2018-05-17 15:39:17 [main] INFO  RequestGenerator:283 - debug:typeofdatarequest=null
2018-05-17 15:39:17 [main] INFO  RequestGenerator:286 - this is json path
2018-05-17 15:39:17 [main] INFO  RequestGenerator:289 - posting the json request payload
]]></system-out>
  </testcase>
  <testcase name="testSetandGetATSUserDetailsVerification" classname="com.myntra.apiTests.portalservices.atsService.TestATSAPISV2" time="0.068">
    <failure message="Already connected" type="javax.ws.rs.ProcessingException"><![CDATA[javax.ws.rs.ProcessingException: Already connected
	at sun.net.www.protocol.http.HttpURLConnection.setRequestProperty(HttpURLConnection.java:3071)
	at org.glassfish.jersey.client.HttpUrlConnector.setOutboundHeaders(HttpUrlConnector.java:374)
	at org.glassfish.jersey.client.HttpUrlConnector.access$100(HttpUrlConnector.java:91)
	at org.glassfish.jersey.client.HttpUrlConnector$4.getOutputStream(HttpUrlConnector.java:325)
	at org.glassfish.jersey.message.internal.CommittingOutputStream.commitStream(CommittingOutputStream.java:200)
	at org.glassfish.jersey.message.internal.CommittingOutputStream.commitStream(CommittingOutputStream.java:194)
	at org.glassfish.jersey.message.internal.CommittingOutputStream.commit(CommittingOutputStream.java:262)
	at org.glassfish.jersey.message.internal.OutboundMessageContext.commitStream(OutboundMessageContext.java:816)
	at org.glassfish.jersey.client.ClientRequest.writeEntity(ClientRequest.java:545)
	at org.glassfish.jersey.client.HttpUrlConnector._apply(HttpUrlConnector.java:329)
	at org.glassfish.jersey.client.HttpUrlConnector.apply(HttpUrlConnector.java:242)
	at org.glassfish.jersey.client.ClientRuntime.invoke(ClientRuntime.java:254)
	at org.glassfish.jersey.client.JerseyInvocation$1.call(JerseyInvocation.java:671)
	at org.glassfish.jersey.client.JerseyInvocation$1.call(JerseyInvocation.java:668)
	at org.glassfish.jersey.internal.Errors.process(Errors.java:315)
	at org.glassfish.jersey.internal.Errors.process(Errors.java:297)
	at org.glassfish.jersey.internal.Errors.process(Errors.java:228)
	at org.glassfish.jersey.process.internal.RequestScope.runInScope(RequestScope.java:444)
	at org.glassfish.jersey.client.JerseyInvocation.invoke(JerseyInvocation.java:668)
	at org.glassfish.jersey.client.JerseyInvocation$Builder.method(JerseyInvocation.java:428)
	at org.glassfish.jersey.client.JerseyInvocation$Builder.post(JerseyInvocation.java:334)
	at com.myntra.lordoftherings.gandalf.RequestGenerator.CollectResponse(RequestGenerator.java:290)
	at com.myntra.lordoftherings.gandalf.RequestGenerator.PostResponse(RequestGenerator.java:194)
	at com.myntra.lordoftherings.gandalf.RequestGenerator.<init>(RequestGenerator.java:136)
	at com.myntra.apiTests.portalservices.idpservice.IDPServiceHelper.performSignUpOperation(IDPServiceHelper.java:67)
	at com.myntra.apiTests.portalservices.atsService.ATSHelper.performSignup(ATSHelper.java:156)
	at com.myntra.apiTests.portalservices.atsService.TestATSAPISV2.testSetandGetATSUserDetailsVerification(TestATSAPISV2.java:52)
]]></failure>
    <system-out><![CDATA[2018-05-17 15:39:17 [main] INFO  Payload:179 - ./Data/payloads/JSON/signup
2018-05-17 15:39:17 [main] INFO  Toolbox:74 - Begining reading file './Data/payloads/JSON/signup'

Printing IDPService SignUp API URL : http://idp.mjint.myntra.com/idp/auth/signup
2018-05-17 15:39:17 [main] INFO  IDPServiceHelper:62 - 
Printing IDPService SignUp API URL : http://idp.mjint.myntra.com/idp/auth/signup

Printing IDPService SignUp API Payload : 

{
    "login":"ead177e4-80ba-4cda-8ab1-81482edd4bb31@myntra.com",
    "password":"password123",
    "usertype":"C",
    "gender":"M",
    "title":"Mr",
    "firstname":"First Name",
    "lastname":"Last Name",
    "email":"ead177e4-80ba-4cda-8ab1-81482edd4bb31@myntra.com",
    "mobile":"5027827134",
    "captchaValue":"3572029068"
}

2018-05-17 15:39:17 [main] INFO  IDPServiceHelper:65 - 
Printing IDPService SignUp API Payload : 

{
    "login":"ead177e4-80ba-4cda-8ab1-81482edd4bb31@myntra.com",
    "password":"password123",
    "usertype":"C",
    "gender":"M",
    "title":"Mr",
    "firstname":"First Name",
    "lastname":"Last Name",
    "email":"ead177e4-80ba-4cda-8ab1-81482edd4bb31@myntra.com",
    "mobile":"5027827134",
    "captchaValue":"3572029068"
}

2018-05-17 15:39:17 [main] INFO  RequestGenerator:282 - debug:typeofdataresponse=application/json
2018-05-17 15:39:17 [main] INFO  RequestGenerator:283 - debug:typeofdatarequest=null
2018-05-17 15:39:17 [main] INFO  RequestGenerator:286 - this is json path
2018-05-17 15:39:17 [main] INFO  RequestGenerator:289 - posting the json request payload
]]></system-out>
  </testcase>
  <testcase name="testSetandGetATSUserDetailsVerification" classname="com.myntra.apiTests.portalservices.atsService.TestATSAPISV2" time="0.072">
    <failure message="Already connected" type="javax.ws.rs.ProcessingException"><![CDATA[javax.ws.rs.ProcessingException: Already connected
	at sun.net.www.protocol.http.HttpURLConnection.setRequestProperty(HttpURLConnection.java:3071)
	at org.glassfish.jersey.client.HttpUrlConnector.setOutboundHeaders(HttpUrlConnector.java:374)
	at org.glassfish.jersey.client.HttpUrlConnector.access$100(HttpUrlConnector.java:91)
	at org.glassfish.jersey.client.HttpUrlConnector$4.getOutputStream(HttpUrlConnector.java:325)
	at org.glassfish.jersey.message.internal.CommittingOutputStream.commitStream(CommittingOutputStream.java:200)
	at org.glassfish.jersey.message.internal.CommittingOutputStream.commitStream(CommittingOutputStream.java:194)
	at org.glassfish.jersey.message.internal.CommittingOutputStream.commit(CommittingOutputStream.java:262)
	at org.glassfish.jersey.message.internal.OutboundMessageContext.commitStream(OutboundMessageContext.java:816)
	at org.glassfish.jersey.client.ClientRequest.writeEntity(ClientRequest.java:545)
	at org.glassfish.jersey.client.HttpUrlConnector._apply(HttpUrlConnector.java:329)
	at org.glassfish.jersey.client.HttpUrlConnector.apply(HttpUrlConnector.java:242)
	at org.glassfish.jersey.client.ClientRuntime.invoke(ClientRuntime.java:254)
	at org.glassfish.jersey.client.JerseyInvocation$1.call(JerseyInvocation.java:671)
	at org.glassfish.jersey.client.JerseyInvocation$1.call(JerseyInvocation.java:668)
	at org.glassfish.jersey.internal.Errors.process(Errors.java:315)
	at org.glassfish.jersey.internal.Errors.process(Errors.java:297)
	at org.glassfish.jersey.internal.Errors.process(Errors.java:228)
	at org.glassfish.jersey.process.internal.RequestScope.runInScope(RequestScope.java:444)
	at org.glassfish.jersey.client.JerseyInvocation.invoke(JerseyInvocation.java:668)
	at org.glassfish.jersey.client.JerseyInvocation$Builder.method(JerseyInvocation.java:428)
	at org.glassfish.jersey.client.JerseyInvocation$Builder.post(JerseyInvocation.java:334)
	at com.myntra.lordoftherings.gandalf.RequestGenerator.CollectResponse(RequestGenerator.java:290)
	at com.myntra.lordoftherings.gandalf.RequestGenerator.PostResponse(RequestGenerator.java:194)
	at com.myntra.lordoftherings.gandalf.RequestGenerator.<init>(RequestGenerator.java:136)
	at com.myntra.apiTests.portalservices.idpservice.IDPServiceHelper.performSignUpOperation(IDPServiceHelper.java:67)
	at com.myntra.apiTests.portalservices.atsService.ATSHelper.performSignup(ATSHelper.java:156)
	at com.myntra.apiTests.portalservices.atsService.TestATSAPISV2.testSetandGetATSUserDetailsVerification(TestATSAPISV2.java:52)
]]></failure>
    <system-out><![CDATA[2018-05-17 15:39:17 [main] INFO  Payload:179 - ./Data/payloads/JSON/signup
2018-05-17 15:39:17 [main] INFO  Toolbox:74 - Begining reading file './Data/payloads/JSON/signup'

Printing IDPService SignUp API URL : http://idp.mjint.myntra.com/idp/auth/signup
2018-05-17 15:39:17 [main] INFO  IDPServiceHelper:62 - 
Printing IDPService SignUp API URL : http://idp.mjint.myntra.com/idp/auth/signup

Printing IDPService SignUp API Payload : 

{
    "login":"ead177e4-80ba-4cda-8ab1-81482edd4bb31@myntra.com",
    "password":"password123",
    "usertype":"C",
    "gender":"M",
    "title":"Mr",
    "firstname":"First Name",
    "lastname":"Last Name",
    "email":"ead177e4-80ba-4cda-8ab1-81482edd4bb31@myntra.com",
    "mobile":"5027827134",
    "captchaValue":"3572029068"
}

2018-05-17 15:39:17 [main] INFO  IDPServiceHelper:65 - 
Printing IDPService SignUp API Payload : 

{
    "login":"ead177e4-80ba-4cda-8ab1-81482edd4bb31@myntra.com",
    "password":"password123",
    "usertype":"C",
    "gender":"M",
    "title":"Mr",
    "firstname":"First Name",
    "lastname":"Last Name",
    "email":"ead177e4-80ba-4cda-8ab1-81482edd4bb31@myntra.com",
    "mobile":"5027827134",
    "captchaValue":"3572029068"
}

2018-05-17 15:39:17 [main] INFO  RequestGenerator:282 - debug:typeofdataresponse=application/json
2018-05-17 15:39:17 [main] INFO  RequestGenerator:283 - debug:typeofdatarequest=null
2018-05-17 15:39:17 [main] INFO  RequestGenerator:286 - this is json path
2018-05-17 15:39:17 [main] INFO  RequestGenerator:289 - posting the json request payload
]]></system-out>
  </testcase>
  <testcase name="testSetandGetATSUserDetailsVerification" classname="com.myntra.apiTests.portalservices.atsService.TestATSAPISV2" time="0.04">
    <failure message="Already connected" type="javax.ws.rs.ProcessingException"><![CDATA[javax.ws.rs.ProcessingException: Already connected
	at sun.net.www.protocol.http.HttpURLConnection.setRequestProperty(HttpURLConnection.java:3071)
	at org.glassfish.jersey.client.HttpUrlConnector.setOutboundHeaders(HttpUrlConnector.java:374)
	at org.glassfish.jersey.client.HttpUrlConnector.access$100(HttpUrlConnector.java:91)
	at org.glassfish.jersey.client.HttpUrlConnector$4.getOutputStream(HttpUrlConnector.java:325)
	at org.glassfish.jersey.message.internal.CommittingOutputStream.commitStream(CommittingOutputStream.java:200)
	at org.glassfish.jersey.message.internal.CommittingOutputStream.commitStream(CommittingOutputStream.java:194)
	at org.glassfish.jersey.message.internal.CommittingOutputStream.commit(CommittingOutputStream.java:262)
	at org.glassfish.jersey.message.internal.OutboundMessageContext.commitStream(OutboundMessageContext.java:816)
	at org.glassfish.jersey.client.ClientRequest.writeEntity(ClientRequest.java:545)
	at org.glassfish.jersey.client.HttpUrlConnector._apply(HttpUrlConnector.java:329)
	at org.glassfish.jersey.client.HttpUrlConnector.apply(HttpUrlConnector.java:242)
	at org.glassfish.jersey.client.ClientRuntime.invoke(ClientRuntime.java:254)
	at org.glassfish.jersey.client.JerseyInvocation$1.call(JerseyInvocation.java:671)
	at org.glassfish.jersey.client.JerseyInvocation$1.call(JerseyInvocation.java:668)
	at org.glassfish.jersey.internal.Errors.process(Errors.java:315)
	at org.glassfish.jersey.internal.Errors.process(Errors.java:297)
	at org.glassfish.jersey.internal.Errors.process(Errors.java:228)
	at org.glassfish.jersey.process.internal.RequestScope.runInScope(RequestScope.java:444)
	at org.glassfish.jersey.client.JerseyInvocation.invoke(JerseyInvocation.java:668)
	at org.glassfish.jersey.client.JerseyInvocation$Builder.method(JerseyInvocation.java:428)
	at org.glassfish.jersey.client.JerseyInvocation$Builder.post(JerseyInvocation.java:334)
	at com.myntra.lordoftherings.gandalf.RequestGenerator.CollectResponse(RequestGenerator.java:290)
	at com.myntra.lordoftherings.gandalf.RequestGenerator.PostResponse(RequestGenerator.java:194)
	at com.myntra.lordoftherings.gandalf.RequestGenerator.<init>(RequestGenerator.java:136)
	at com.myntra.apiTests.portalservices.idpservice.IDPServiceHelper.performSignUpOperation(IDPServiceHelper.java:67)
	at com.myntra.apiTests.portalservices.atsService.ATSHelper.performSignup(ATSHelper.java:156)
	at com.myntra.apiTests.portalservices.atsService.TestATSAPISV2.testSetandGetATSUserDetailsVerification(TestATSAPISV2.java:52)
]]></failure>
    <system-out><![CDATA[2018-05-17 15:39:17 [main] INFO  Payload:179 - ./Data/payloads/JSON/signup
2018-05-17 15:39:17 [main] INFO  Toolbox:74 - Begining reading file './Data/payloads/JSON/signup'

Printing IDPService SignUp API URL : http://idp.mjint.myntra.com/idp/auth/signup
2018-05-17 15:39:17 [main] INFO  IDPServiceHelper:62 - 
Printing IDPService SignUp API URL : http://idp.mjint.myntra.com/idp/auth/signup

Printing IDPService SignUp API Payload : 

{
    "login":"ead177e4-80ba-4cda-8ab1-81482edd4bb31@myntra.com",
    "password":"password123",
    "usertype":"C",
    "gender":"M",
    "title":"Mr",
    "firstname":"First Name",
    "lastname":"Last Name",
    "email":"ead177e4-80ba-4cda-8ab1-81482edd4bb31@myntra.com",
    "mobile":"5027827134",
    "captchaValue":"3572029068"
}

2018-05-17 15:39:17 [main] INFO  IDPServiceHelper:65 - 
Printing IDPService SignUp API Payload : 

{
    "login":"ead177e4-80ba-4cda-8ab1-81482edd4bb31@myntra.com",
    "password":"password123",
    "usertype":"C",
    "gender":"M",
    "title":"Mr",
    "firstname":"First Name",
    "lastname":"Last Name",
    "email":"ead177e4-80ba-4cda-8ab1-81482edd4bb31@myntra.com",
    "mobile":"5027827134",
    "captchaValue":"3572029068"
}

2018-05-17 15:39:17 [main] INFO  RequestGenerator:282 - debug:typeofdataresponse=application/json
2018-05-17 15:39:17 [main] INFO  RequestGenerator:283 - debug:typeofdatarequest=null
2018-05-17 15:39:17 [main] INFO  RequestGenerator:286 - this is json path
2018-05-17 15:39:17 [main] INFO  RequestGenerator:289 - posting the json request payload
]]></system-out>
  </testcase>
  <testcase name="testSetandGetATSUserDetailsVerification" classname="com.myntra.apiTests.portalservices.atsService.TestATSAPISV2" time="0.038">
    <failure message="Already connected" type="javax.ws.rs.ProcessingException"><![CDATA[javax.ws.rs.ProcessingException: Already connected
	at sun.net.www.protocol.http.HttpURLConnection.setRequestProperty(HttpURLConnection.java:3071)
	at org.glassfish.jersey.client.HttpUrlConnector.setOutboundHeaders(HttpUrlConnector.java:374)
	at org.glassfish.jersey.client.HttpUrlConnector.access$100(HttpUrlConnector.java:91)
	at org.glassfish.jersey.client.HttpUrlConnector$4.getOutputStream(HttpUrlConnector.java:325)
	at org.glassfish.jersey.message.internal.CommittingOutputStream.commitStream(CommittingOutputStream.java:200)
	at org.glassfish.jersey.message.internal.CommittingOutputStream.commitStream(CommittingOutputStream.java:194)
	at org.glassfish.jersey.message.internal.CommittingOutputStream.commit(CommittingOutputStream.java:262)
	at org.glassfish.jersey.message.internal.OutboundMessageContext.commitStream(OutboundMessageContext.java:816)
	at org.glassfish.jersey.client.ClientRequest.writeEntity(ClientRequest.java:545)
	at org.glassfish.jersey.client.HttpUrlConnector._apply(HttpUrlConnector.java:329)
	at org.glassfish.jersey.client.HttpUrlConnector.apply(HttpUrlConnector.java:242)
	at org.glassfish.jersey.client.ClientRuntime.invoke(ClientRuntime.java:254)
	at org.glassfish.jersey.client.JerseyInvocation$1.call(JerseyInvocation.java:671)
	at org.glassfish.jersey.client.JerseyInvocation$1.call(JerseyInvocation.java:668)
	at org.glassfish.jersey.internal.Errors.process(Errors.java:315)
	at org.glassfish.jersey.internal.Errors.process(Errors.java:297)
	at org.glassfish.jersey.internal.Errors.process(Errors.java:228)
	at org.glassfish.jersey.process.internal.RequestScope.runInScope(RequestScope.java:444)
	at org.glassfish.jersey.client.JerseyInvocation.invoke(JerseyInvocation.java:668)
	at org.glassfish.jersey.client.JerseyInvocation$Builder.method(JerseyInvocation.java:428)
	at org.glassfish.jersey.client.JerseyInvocation$Builder.post(JerseyInvocation.java:334)
	at com.myntra.lordoftherings.gandalf.RequestGenerator.CollectResponse(RequestGenerator.java:290)
	at com.myntra.lordoftherings.gandalf.RequestGenerator.PostResponse(RequestGenerator.java:194)
	at com.myntra.lordoftherings.gandalf.RequestGenerator.<init>(RequestGenerator.java:136)
	at com.myntra.apiTests.portalservices.idpservice.IDPServiceHelper.performSignUpOperation(IDPServiceHelper.java:67)
	at com.myntra.apiTests.portalservices.atsService.ATSHelper.performSignup(ATSHelper.java:156)
	at com.myntra.apiTests.portalservices.atsService.TestATSAPISV2.testSetandGetATSUserDetailsVerification(TestATSAPISV2.java:52)
]]></failure>
    <system-out><![CDATA[2018-05-17 15:39:17 [main] INFO  Payload:179 - ./Data/payloads/JSON/signup
2018-05-17 15:39:17 [main] INFO  Toolbox:74 - Begining reading file './Data/payloads/JSON/signup'

Printing IDPService SignUp API URL : http://idp.mjint.myntra.com/idp/auth/signup
2018-05-17 15:39:17 [main] INFO  IDPServiceHelper:62 - 
Printing IDPService SignUp API URL : http://idp.mjint.myntra.com/idp/auth/signup

Printing IDPService SignUp API Payload : 

{
    "login":"ead177e4-80ba-4cda-8ab1-81482edd4bb31@myntra.com",
    "password":"password123",
    "usertype":"C",
    "gender":"M",
    "title":"Mr",
    "firstname":"First Name",
    "lastname":"Last Name",
    "email":"ead177e4-80ba-4cda-8ab1-81482edd4bb31@myntra.com",
    "mobile":"5027827134",
    "captchaValue":"3572029068"
}

2018-05-17 15:39:17 [main] INFO  IDPServiceHelper:65 - 
Printing IDPService SignUp API Payload : 

{
    "login":"ead177e4-80ba-4cda-8ab1-81482edd4bb31@myntra.com",
    "password":"password123",
    "usertype":"C",
    "gender":"M",
    "title":"Mr",
    "firstname":"First Name",
    "lastname":"Last Name",
    "email":"ead177e4-80ba-4cda-8ab1-81482edd4bb31@myntra.com",
    "mobile":"5027827134",
    "captchaValue":"3572029068"
}

2018-05-17 15:39:17 [main] INFO  RequestGenerator:282 - debug:typeofdataresponse=application/json
2018-05-17 15:39:17 [main] INFO  RequestGenerator:283 - debug:typeofdatarequest=null
2018-05-17 15:39:17 [main] INFO  RequestGenerator:286 - this is json path
2018-05-17 15:39:17 [main] INFO  RequestGenerator:289 - posting the json request payload
]]></system-out>
  </testcase>
  <testcase name="testSetandGetATSUserDetailsVerification" classname="com.myntra.apiTests.portalservices.atsService.TestATSAPISV2" time="0.041">
    <failure message="Already connected" type="javax.ws.rs.ProcessingException"><![CDATA[javax.ws.rs.ProcessingException: Already connected
	at sun.net.www.protocol.http.HttpURLConnection.setRequestProperty(HttpURLConnection.java:3071)
	at org.glassfish.jersey.client.HttpUrlConnector.setOutboundHeaders(HttpUrlConnector.java:374)
	at org.glassfish.jersey.client.HttpUrlConnector.access$100(HttpUrlConnector.java:91)
	at org.glassfish.jersey.client.HttpUrlConnector$4.getOutputStream(HttpUrlConnector.java:325)
	at org.glassfish.jersey.message.internal.CommittingOutputStream.commitStream(CommittingOutputStream.java:200)
	at org.glassfish.jersey.message.internal.CommittingOutputStream.commitStream(CommittingOutputStream.java:194)
	at org.glassfish.jersey.message.internal.CommittingOutputStream.commit(CommittingOutputStream.java:262)
	at org.glassfish.jersey.message.internal.OutboundMessageContext.commitStream(OutboundMessageContext.java:816)
	at org.glassfish.jersey.client.ClientRequest.writeEntity(ClientRequest.java:545)
	at org.glassfish.jersey.client.HttpUrlConnector._apply(HttpUrlConnector.java:329)
	at org.glassfish.jersey.client.HttpUrlConnector.apply(HttpUrlConnector.java:242)
	at org.glassfish.jersey.client.ClientRuntime.invoke(ClientRuntime.java:254)
	at org.glassfish.jersey.client.JerseyInvocation$1.call(JerseyInvocation.java:671)
	at org.glassfish.jersey.client.JerseyInvocation$1.call(JerseyInvocation.java:668)
	at org.glassfish.jersey.internal.Errors.process(Errors.java:315)
	at org.glassfish.jersey.internal.Errors.process(Errors.java:297)
	at org.glassfish.jersey.internal.Errors.process(Errors.java:228)
	at org.glassfish.jersey.process.internal.RequestScope.runInScope(RequestScope.java:444)
	at org.glassfish.jersey.client.JerseyInvocation.invoke(JerseyInvocation.java:668)
	at org.glassfish.jersey.client.JerseyInvocation$Builder.method(JerseyInvocation.java:428)
	at org.glassfish.jersey.client.JerseyInvocation$Builder.post(JerseyInvocation.java:334)
	at com.myntra.lordoftherings.gandalf.RequestGenerator.CollectResponse(RequestGenerator.java:290)
	at com.myntra.lordoftherings.gandalf.RequestGenerator.PostResponse(RequestGenerator.java:194)
	at com.myntra.lordoftherings.gandalf.RequestGenerator.<init>(RequestGenerator.java:136)
	at com.myntra.apiTests.portalservices.idpservice.IDPServiceHelper.performSignUpOperation(IDPServiceHelper.java:67)
	at com.myntra.apiTests.portalservices.atsService.ATSHelper.performSignup(ATSHelper.java:156)
	at com.myntra.apiTests.portalservices.atsService.TestATSAPISV2.testSetandGetATSUserDetailsVerification(TestATSAPISV2.java:52)
]]></failure>
    <system-out><![CDATA[2018-05-17 15:39:17 [main] INFO  Payload:179 - ./Data/payloads/JSON/signup
2018-05-17 15:39:17 [main] INFO  Toolbox:74 - Begining reading file './Data/payloads/JSON/signup'

Printing IDPService SignUp API URL : http://idp.mjint.myntra.com/idp/auth/signup
2018-05-17 15:39:17 [main] INFO  IDPServiceHelper:62 - 
Printing IDPService SignUp API URL : http://idp.mjint.myntra.com/idp/auth/signup

Printing IDPService SignUp API Payload : 

{
    "login":"ead177e4-80ba-4cda-8ab1-81482edd4bb31@myntra.com",
    "password":"password123",
    "usertype":"C",
    "gender":"M",
    "title":"Mr",
    "firstname":"First Name",
    "lastname":"Last Name",
    "email":"ead177e4-80ba-4cda-8ab1-81482edd4bb31@myntra.com",
    "mobile":"5027827134",
    "captchaValue":"3572029068"
}

2018-05-17 15:39:17 [main] INFO  IDPServiceHelper:65 - 
Printing IDPService SignUp API Payload : 

{
    "login":"ead177e4-80ba-4cda-8ab1-81482edd4bb31@myntra.com",
    "password":"password123",
    "usertype":"C",
    "gender":"M",
    "title":"Mr",
    "firstname":"First Name",
    "lastname":"Last Name",
    "email":"ead177e4-80ba-4cda-8ab1-81482edd4bb31@myntra.com",
    "mobile":"5027827134",
    "captchaValue":"3572029068"
}

2018-05-17 15:39:17 [main] INFO  RequestGenerator:282 - debug:typeofdataresponse=application/json
2018-05-17 15:39:17 [main] INFO  RequestGenerator:283 - debug:typeofdatarequest=null
2018-05-17 15:39:17 [main] INFO  RequestGenerator:286 - this is json path
2018-05-17 15:39:17 [main] INFO  RequestGenerator:289 - posting the json request payload
]]></system-out>
  </testcase>
  <testcase name="testSetandGetATSUserDetailsVerification" classname="com.myntra.apiTests.portalservices.atsService.TestATSAPISV2" time="0.037">
    <failure message="Already connected" type="javax.ws.rs.ProcessingException"><![CDATA[javax.ws.rs.ProcessingException: Already connected
	at sun.net.www.protocol.http.HttpURLConnection.setRequestProperty(HttpURLConnection.java:3071)
	at org.glassfish.jersey.client.HttpUrlConnector.setOutboundHeaders(HttpUrlConnector.java:374)
	at org.glassfish.jersey.client.HttpUrlConnector.access$100(HttpUrlConnector.java:91)
	at org.glassfish.jersey.client.HttpUrlConnector$4.getOutputStream(HttpUrlConnector.java:325)
	at org.glassfish.jersey.message.internal.CommittingOutputStream.commitStream(CommittingOutputStream.java:200)
	at org.glassfish.jersey.message.internal.CommittingOutputStream.commitStream(CommittingOutputStream.java:194)
	at org.glassfish.jersey.message.internal.CommittingOutputStream.commit(CommittingOutputStream.java:262)
	at org.glassfish.jersey.message.internal.OutboundMessageContext.commitStream(OutboundMessageContext.java:816)
	at org.glassfish.jersey.client.ClientRequest.writeEntity(ClientRequest.java:545)
	at org.glassfish.jersey.client.HttpUrlConnector._apply(HttpUrlConnector.java:329)
	at org.glassfish.jersey.client.HttpUrlConnector.apply(HttpUrlConnector.java:242)
	at org.glassfish.jersey.client.ClientRuntime.invoke(ClientRuntime.java:254)
	at org.glassfish.jersey.client.JerseyInvocation$1.call(JerseyInvocation.java:671)
	at org.glassfish.jersey.client.JerseyInvocation$1.call(JerseyInvocation.java:668)
	at org.glassfish.jersey.internal.Errors.process(Errors.java:315)
	at org.glassfish.jersey.internal.Errors.process(Errors.java:297)
	at org.glassfish.jersey.internal.Errors.process(Errors.java:228)
	at org.glassfish.jersey.process.internal.RequestScope.runInScope(RequestScope.java:444)
	at org.glassfish.jersey.client.JerseyInvocation.invoke(JerseyInvocation.java:668)
	at org.glassfish.jersey.client.JerseyInvocation$Builder.method(JerseyInvocation.java:428)
	at org.glassfish.jersey.client.JerseyInvocation$Builder.post(JerseyInvocation.java:334)
	at com.myntra.lordoftherings.gandalf.RequestGenerator.CollectResponse(RequestGenerator.java:290)
	at com.myntra.lordoftherings.gandalf.RequestGenerator.PostResponse(RequestGenerator.java:194)
	at com.myntra.lordoftherings.gandalf.RequestGenerator.<init>(RequestGenerator.java:136)
	at com.myntra.apiTests.portalservices.idpservice.IDPServiceHelper.performSignUpOperation(IDPServiceHelper.java:67)
	at com.myntra.apiTests.portalservices.atsService.ATSHelper.performSignup(ATSHelper.java:156)
	at com.myntra.apiTests.portalservices.atsService.TestATSAPISV2.testSetandGetATSUserDetailsVerification(TestATSAPISV2.java:52)
]]></failure>
    <system-out><![CDATA[2018-05-17 15:39:17 [main] INFO  Payload:179 - ./Data/payloads/JSON/signup
2018-05-17 15:39:17 [main] INFO  Toolbox:74 - Begining reading file './Data/payloads/JSON/signup'

Printing IDPService SignUp API URL : http://idp.mjint.myntra.com/idp/auth/signup
2018-05-17 15:39:17 [main] INFO  IDPServiceHelper:62 - 
Printing IDPService SignUp API URL : http://idp.mjint.myntra.com/idp/auth/signup

Printing IDPService SignUp API Payload : 

{
    "login":"ead177e4-80ba-4cda-8ab1-81482edd4bb31@myntra.com",
    "password":"password123",
    "usertype":"C",
    "gender":"M",
    "title":"Mr",
    "firstname":"First Name",
    "lastname":"Last Name",
    "email":"ead177e4-80ba-4cda-8ab1-81482edd4bb31@myntra.com",
    "mobile":"5027827134",
    "captchaValue":"3572029068"
}

2018-05-17 15:39:17 [main] INFO  IDPServiceHelper:65 - 
Printing IDPService SignUp API Payload : 

{
    "login":"ead177e4-80ba-4cda-8ab1-81482edd4bb31@myntra.com",
    "password":"password123",
    "usertype":"C",
    "gender":"M",
    "title":"Mr",
    "firstname":"First Name",
    "lastname":"Last Name",
    "email":"ead177e4-80ba-4cda-8ab1-81482edd4bb31@myntra.com",
    "mobile":"5027827134",
    "captchaValue":"3572029068"
}

2018-05-17 15:39:17 [main] INFO  RequestGenerator:282 - debug:typeofdataresponse=application/json
2018-05-17 15:39:17 [main] INFO  RequestGenerator:283 - debug:typeofdatarequest=null
2018-05-17 15:39:17 [main] INFO  RequestGenerator:286 - this is json path
2018-05-17 15:39:17 [main] INFO  RequestGenerator:289 - posting the json request payload
]]></system-out>
  </testcase>
  <testcase name="testSetandGetATSUserDetailsVerification" classname="com.myntra.apiTests.portalservices.atsService.TestATSAPISV2" time="0.035">
    <failure message="Already connected" type="javax.ws.rs.ProcessingException"><![CDATA[javax.ws.rs.ProcessingException: Already connected
	at sun.net.www.protocol.http.HttpURLConnection.setRequestProperty(HttpURLConnection.java:3071)
	at org.glassfish.jersey.client.HttpUrlConnector.setOutboundHeaders(HttpUrlConnector.java:374)
	at org.glassfish.jersey.client.HttpUrlConnector.access$100(HttpUrlConnector.java:91)
	at org.glassfish.jersey.client.HttpUrlConnector$4.getOutputStream(HttpUrlConnector.java:325)
	at org.glassfish.jersey.message.internal.CommittingOutputStream.commitStream(CommittingOutputStream.java:200)
	at org.glassfish.jersey.message.internal.CommittingOutputStream.commitStream(CommittingOutputStream.java:194)
	at org.glassfish.jersey.message.internal.CommittingOutputStream.commit(CommittingOutputStream.java:262)
	at org.glassfish.jersey.message.internal.OutboundMessageContext.commitStream(OutboundMessageContext.java:816)
	at org.glassfish.jersey.client.ClientRequest.writeEntity(ClientRequest.java:545)
	at org.glassfish.jersey.client.HttpUrlConnector._apply(HttpUrlConnector.java:329)
	at org.glassfish.jersey.client.HttpUrlConnector.apply(HttpUrlConnector.java:242)
	at org.glassfish.jersey.client.ClientRuntime.invoke(ClientRuntime.java:254)
	at org.glassfish.jersey.client.JerseyInvocation$1.call(JerseyInvocation.java:671)
	at org.glassfish.jersey.client.JerseyInvocation$1.call(JerseyInvocation.java:668)
	at org.glassfish.jersey.internal.Errors.process(Errors.java:315)
	at org.glassfish.jersey.internal.Errors.process(Errors.java:297)
	at org.glassfish.jersey.internal.Errors.process(Errors.java:228)
	at org.glassfish.jersey.process.internal.RequestScope.runInScope(RequestScope.java:444)
	at org.glassfish.jersey.client.JerseyInvocation.invoke(JerseyInvocation.java:668)
	at org.glassfish.jersey.client.JerseyInvocation$Builder.method(JerseyInvocation.java:428)
	at org.glassfish.jersey.client.JerseyInvocation$Builder.post(JerseyInvocation.java:334)
	at com.myntra.lordoftherings.gandalf.RequestGenerator.CollectResponse(RequestGenerator.java:290)
	at com.myntra.lordoftherings.gandalf.RequestGenerator.PostResponse(RequestGenerator.java:194)
	at com.myntra.lordoftherings.gandalf.RequestGenerator.<init>(RequestGenerator.java:136)
	at com.myntra.apiTests.portalservices.idpservice.IDPServiceHelper.performSignUpOperation(IDPServiceHelper.java:67)
	at com.myntra.apiTests.portalservices.atsService.ATSHelper.performSignup(ATSHelper.java:156)
	at com.myntra.apiTests.portalservices.atsService.TestATSAPISV2.testSetandGetATSUserDetailsVerification(TestATSAPISV2.java:52)
]]></failure>
    <system-out><![CDATA[2018-05-17 15:39:18 [main] INFO  Payload:179 - ./Data/payloads/JSON/signup
2018-05-17 15:39:18 [main] INFO  Toolbox:74 - Begining reading file './Data/payloads/JSON/signup'

Printing IDPService SignUp API URL : http://idp.mjint.myntra.com/idp/auth/signup
2018-05-17 15:39:18 [main] INFO  IDPServiceHelper:62 - 
Printing IDPService SignUp API URL : http://idp.mjint.myntra.com/idp/auth/signup

Printing IDPService SignUp API Payload : 

{
    "login":"ead177e4-80ba-4cda-8ab1-81482edd4bb31@myntra.com",
    "password":"password123",
    "usertype":"C",
    "gender":"M",
    "title":"Mr",
    "firstname":"First Name",
    "lastname":"Last Name",
    "email":"ead177e4-80ba-4cda-8ab1-81482edd4bb31@myntra.com",
    "mobile":"5027827134",
    "captchaValue":"3572029068"
}

2018-05-17 15:39:18 [main] INFO  IDPServiceHelper:65 - 
Printing IDPService SignUp API Payload : 

{
    "login":"ead177e4-80ba-4cda-8ab1-81482edd4bb31@myntra.com",
    "password":"password123",
    "usertype":"C",
    "gender":"M",
    "title":"Mr",
    "firstname":"First Name",
    "lastname":"Last Name",
    "email":"ead177e4-80ba-4cda-8ab1-81482edd4bb31@myntra.com",
    "mobile":"5027827134",
    "captchaValue":"3572029068"
}

2018-05-17 15:39:18 [main] INFO  RequestGenerator:282 - debug:typeofdataresponse=application/json
2018-05-17 15:39:18 [main] INFO  RequestGenerator:283 - debug:typeofdatarequest=null
2018-05-17 15:39:18 [main] INFO  RequestGenerator:286 - this is json path
2018-05-17 15:39:18 [main] INFO  RequestGenerator:289 - posting the json request payload
]]></system-out>
  </testcase>
  <testcase name="testSetandGetATSUserDetailsVerification" classname="com.myntra.apiTests.portalservices.atsService.TestATSAPISV2" time="0.036">
    <failure message="Already connected" type="javax.ws.rs.ProcessingException"><![CDATA[javax.ws.rs.ProcessingException: Already connected
	at sun.net.www.protocol.http.HttpURLConnection.setRequestProperty(HttpURLConnection.java:3071)
	at org.glassfish.jersey.client.HttpUrlConnector.setOutboundHeaders(HttpUrlConnector.java:374)
	at org.glassfish.jersey.client.HttpUrlConnector.access$100(HttpUrlConnector.java:91)
	at org.glassfish.jersey.client.HttpUrlConnector$4.getOutputStream(HttpUrlConnector.java:325)
	at org.glassfish.jersey.message.internal.CommittingOutputStream.commitStream(CommittingOutputStream.java:200)
	at org.glassfish.jersey.message.internal.CommittingOutputStream.commitStream(CommittingOutputStream.java:194)
	at org.glassfish.jersey.message.internal.CommittingOutputStream.commit(CommittingOutputStream.java:262)
	at org.glassfish.jersey.message.internal.OutboundMessageContext.commitStream(OutboundMessageContext.java:816)
	at org.glassfish.jersey.client.ClientRequest.writeEntity(ClientRequest.java:545)
	at org.glassfish.jersey.client.HttpUrlConnector._apply(HttpUrlConnector.java:329)
	at org.glassfish.jersey.client.HttpUrlConnector.apply(HttpUrlConnector.java:242)
	at org.glassfish.jersey.client.ClientRuntime.invoke(ClientRuntime.java:254)
	at org.glassfish.jersey.client.JerseyInvocation$1.call(JerseyInvocation.java:671)
	at org.glassfish.jersey.client.JerseyInvocation$1.call(JerseyInvocation.java:668)
	at org.glassfish.jersey.internal.Errors.process(Errors.java:315)
	at org.glassfish.jersey.internal.Errors.process(Errors.java:297)
	at org.glassfish.jersey.internal.Errors.process(Errors.java:228)
	at org.glassfish.jersey.process.internal.RequestScope.runInScope(RequestScope.java:444)
	at org.glassfish.jersey.client.JerseyInvocation.invoke(JerseyInvocation.java:668)
	at org.glassfish.jersey.client.JerseyInvocation$Builder.method(JerseyInvocation.java:428)
	at org.glassfish.jersey.client.JerseyInvocation$Builder.post(JerseyInvocation.java:334)
	at com.myntra.lordoftherings.gandalf.RequestGenerator.CollectResponse(RequestGenerator.java:290)
	at com.myntra.lordoftherings.gandalf.RequestGenerator.PostResponse(RequestGenerator.java:194)
	at com.myntra.lordoftherings.gandalf.RequestGenerator.<init>(RequestGenerator.java:136)
	at com.myntra.apiTests.portalservices.idpservice.IDPServiceHelper.performSignUpOperation(IDPServiceHelper.java:67)
	at com.myntra.apiTests.portalservices.atsService.ATSHelper.performSignup(ATSHelper.java:156)
	at com.myntra.apiTests.portalservices.atsService.TestATSAPISV2.testSetandGetATSUserDetailsVerification(TestATSAPISV2.java:52)
]]></failure>
    <system-out><![CDATA[2018-05-17 15:39:18 [main] INFO  Payload:179 - ./Data/payloads/JSON/signup
2018-05-17 15:39:18 [main] INFO  Toolbox:74 - Begining reading file './Data/payloads/JSON/signup'

Printing IDPService SignUp API URL : http://idp.mjint.myntra.com/idp/auth/signup
2018-05-17 15:39:18 [main] INFO  IDPServiceHelper:62 - 
Printing IDPService SignUp API URL : http://idp.mjint.myntra.com/idp/auth/signup

Printing IDPService SignUp API Payload : 

{
    "login":"ead177e4-80ba-4cda-8ab1-81482edd4bb31@myntra.com",
    "password":"password123",
    "usertype":"C",
    "gender":"M",
    "title":"Mr",
    "firstname":"First Name",
    "lastname":"Last Name",
    "email":"ead177e4-80ba-4cda-8ab1-81482edd4bb31@myntra.com",
    "mobile":"5027827134",
    "captchaValue":"3572029068"
}

2018-05-17 15:39:18 [main] INFO  IDPServiceHelper:65 - 
Printing IDPService SignUp API Payload : 

{
    "login":"ead177e4-80ba-4cda-8ab1-81482edd4bb31@myntra.com",
    "password":"password123",
    "usertype":"C",
    "gender":"M",
    "title":"Mr",
    "firstname":"First Name",
    "lastname":"Last Name",
    "email":"ead177e4-80ba-4cda-8ab1-81482edd4bb31@myntra.com",
    "mobile":"5027827134",
    "captchaValue":"3572029068"
}

2018-05-17 15:39:18 [main] INFO  RequestGenerator:282 - debug:typeofdataresponse=application/json
2018-05-17 15:39:18 [main] INFO  RequestGenerator:283 - debug:typeofdatarequest=null
2018-05-17 15:39:18 [main] INFO  RequestGenerator:286 - this is json path
2018-05-17 15:39:18 [main] INFO  RequestGenerator:289 - posting the json request payload
]]></system-out>
  </testcase>
  <testcase name="testSetandGetATSUserDetailsVerification" classname="com.myntra.apiTests.portalservices.atsService.TestATSAPISV2" time="0.055">
    <failure message="Already connected" type="javax.ws.rs.ProcessingException"><![CDATA[javax.ws.rs.ProcessingException: Already connected
	at sun.net.www.protocol.http.HttpURLConnection.setRequestProperty(HttpURLConnection.java:3071)
	at org.glassfish.jersey.client.HttpUrlConnector.setOutboundHeaders(HttpUrlConnector.java:374)
	at org.glassfish.jersey.client.HttpUrlConnector.access$100(HttpUrlConnector.java:91)
	at org.glassfish.jersey.client.HttpUrlConnector$4.getOutputStream(HttpUrlConnector.java:325)
	at org.glassfish.jersey.message.internal.CommittingOutputStream.commitStream(CommittingOutputStream.java:200)
	at org.glassfish.jersey.message.internal.CommittingOutputStream.commitStream(CommittingOutputStream.java:194)
	at org.glassfish.jersey.message.internal.CommittingOutputStream.commit(CommittingOutputStream.java:262)
	at org.glassfish.jersey.message.internal.OutboundMessageContext.commitStream(OutboundMessageContext.java:816)
	at org.glassfish.jersey.client.ClientRequest.writeEntity(ClientRequest.java:545)
	at org.glassfish.jersey.client.HttpUrlConnector._apply(HttpUrlConnector.java:329)
	at org.glassfish.jersey.client.HttpUrlConnector.apply(HttpUrlConnector.java:242)
	at org.glassfish.jersey.client.ClientRuntime.invoke(ClientRuntime.java:254)
	at org.glassfish.jersey.client.JerseyInvocation$1.call(JerseyInvocation.java:671)
	at org.glassfish.jersey.client.JerseyInvocation$1.call(JerseyInvocation.java:668)
	at org.glassfish.jersey.internal.Errors.process(Errors.java:315)
	at org.glassfish.jersey.internal.Errors.process(Errors.java:297)
	at org.glassfish.jersey.internal.Errors.process(Errors.java:228)
	at org.glassfish.jersey.process.internal.RequestScope.runInScope(RequestScope.java:444)
	at org.glassfish.jersey.client.JerseyInvocation.invoke(JerseyInvocation.java:668)
	at org.glassfish.jersey.client.JerseyInvocation$Builder.method(JerseyInvocation.java:428)
	at org.glassfish.jersey.client.JerseyInvocation$Builder.post(JerseyInvocation.java:334)
	at com.myntra.lordoftherings.gandalf.RequestGenerator.CollectResponse(RequestGenerator.java:290)
	at com.myntra.lordoftherings.gandalf.RequestGenerator.PostResponse(RequestGenerator.java:194)
	at com.myntra.lordoftherings.gandalf.RequestGenerator.<init>(RequestGenerator.java:136)
	at com.myntra.apiTests.portalservices.idpservice.IDPServiceHelper.performSignUpOperation(IDPServiceHelper.java:67)
	at com.myntra.apiTests.portalservices.atsService.ATSHelper.performSignup(ATSHelper.java:156)
	at com.myntra.apiTests.portalservices.atsService.TestATSAPISV2.testSetandGetATSUserDetailsVerification(TestATSAPISV2.java:52)
]]></failure>
    <system-out><![CDATA[2018-05-17 15:39:18 [main] INFO  Payload:179 - ./Data/payloads/JSON/signup
2018-05-17 15:39:18 [main] INFO  Toolbox:74 - Begining reading file './Data/payloads/JSON/signup'

Printing IDPService SignUp API URL : http://idp.mjint.myntra.com/idp/auth/signup
2018-05-17 15:39:18 [main] INFO  IDPServiceHelper:62 - 
Printing IDPService SignUp API URL : http://idp.mjint.myntra.com/idp/auth/signup

Printing IDPService SignUp API Payload : 

{
    "login":"ead177e4-80ba-4cda-8ab1-81482edd4bb31@myntra.com",
    "password":"password123",
    "usertype":"C",
    "gender":"M",
    "title":"Mr",
    "firstname":"First Name",
    "lastname":"Last Name",
    "email":"ead177e4-80ba-4cda-8ab1-81482edd4bb31@myntra.com",
    "mobile":"5027827134",
    "captchaValue":"3572029068"
}

2018-05-17 15:39:18 [main] INFO  IDPServiceHelper:65 - 
Printing IDPService SignUp API Payload : 

{
    "login":"ead177e4-80ba-4cda-8ab1-81482edd4bb31@myntra.com",
    "password":"password123",
    "usertype":"C",
    "gender":"M",
    "title":"Mr",
    "firstname":"First Name",
    "lastname":"Last Name",
    "email":"ead177e4-80ba-4cda-8ab1-81482edd4bb31@myntra.com",
    "mobile":"5027827134",
    "captchaValue":"3572029068"
}

2018-05-17 15:39:18 [main] INFO  RequestGenerator:282 - debug:typeofdataresponse=application/json
2018-05-17 15:39:18 [main] INFO  RequestGenerator:283 - debug:typeofdatarequest=null
2018-05-17 15:39:18 [main] INFO  RequestGenerator:286 - this is json path
2018-05-17 15:39:18 [main] INFO  RequestGenerator:289 - posting the json request payload
]]></system-out>
  </testcase>
  <testcase name="testSetandGetATSUserDetailsVerification" classname="com.myntra.apiTests.portalservices.atsService.TestATSAPISV2" time="0.035">
    <failure message="Already connected" type="javax.ws.rs.ProcessingException"><![CDATA[javax.ws.rs.ProcessingException: Already connected
	at sun.net.www.protocol.http.HttpURLConnection.setRequestProperty(HttpURLConnection.java:3071)
	at org.glassfish.jersey.client.HttpUrlConnector.setOutboundHeaders(HttpUrlConnector.java:374)
	at org.glassfish.jersey.client.HttpUrlConnector.access$100(HttpUrlConnector.java:91)
	at org.glassfish.jersey.client.HttpUrlConnector$4.getOutputStream(HttpUrlConnector.java:325)
	at org.glassfish.jersey.message.internal.CommittingOutputStream.commitStream(CommittingOutputStream.java:200)
	at org.glassfish.jersey.message.internal.CommittingOutputStream.commitStream(CommittingOutputStream.java:194)
	at org.glassfish.jersey.message.internal.CommittingOutputStream.commit(CommittingOutputStream.java:262)
	at org.glassfish.jersey.message.internal.OutboundMessageContext.commitStream(OutboundMessageContext.java:816)
	at org.glassfish.jersey.client.ClientRequest.writeEntity(ClientRequest.java:545)
	at org.glassfish.jersey.client.HttpUrlConnector._apply(HttpUrlConnector.java:329)
	at org.glassfish.jersey.client.HttpUrlConnector.apply(HttpUrlConnector.java:242)
	at org.glassfish.jersey.client.ClientRuntime.invoke(ClientRuntime.java:254)
	at org.glassfish.jersey.client.JerseyInvocation$1.call(JerseyInvocation.java:671)
	at org.glassfish.jersey.client.JerseyInvocation$1.call(JerseyInvocation.java:668)
	at org.glassfish.jersey.internal.Errors.process(Errors.java:315)
	at org.glassfish.jersey.internal.Errors.process(Errors.java:297)
	at org.glassfish.jersey.internal.Errors.process(Errors.java:228)
	at org.glassfish.jersey.process.internal.RequestScope.runInScope(RequestScope.java:444)
	at org.glassfish.jersey.client.JerseyInvocation.invoke(JerseyInvocation.java:668)
	at org.glassfish.jersey.client.JerseyInvocation$Builder.method(JerseyInvocation.java:428)
	at org.glassfish.jersey.client.JerseyInvocation$Builder.post(JerseyInvocation.java:334)
	at com.myntra.lordoftherings.gandalf.RequestGenerator.CollectResponse(RequestGenerator.java:290)
	at com.myntra.lordoftherings.gandalf.RequestGenerator.PostResponse(RequestGenerator.java:194)
	at com.myntra.lordoftherings.gandalf.RequestGenerator.<init>(RequestGenerator.java:136)
	at com.myntra.apiTests.portalservices.idpservice.IDPServiceHelper.performSignUpOperation(IDPServiceHelper.java:67)
	at com.myntra.apiTests.portalservices.atsService.ATSHelper.performSignup(ATSHelper.java:156)
	at com.myntra.apiTests.portalservices.atsService.TestATSAPISV2.testSetandGetATSUserDetailsVerification(TestATSAPISV2.java:52)
]]></failure>
    <system-out><![CDATA[2018-05-17 15:39:18 [main] INFO  Payload:179 - ./Data/payloads/JSON/signup
2018-05-17 15:39:18 [main] INFO  Toolbox:74 - Begining reading file './Data/payloads/JSON/signup'

Printing IDPService SignUp API URL : http://idp.mjint.myntra.com/idp/auth/signup
2018-05-17 15:39:18 [main] INFO  IDPServiceHelper:62 - 
Printing IDPService SignUp API URL : http://idp.mjint.myntra.com/idp/auth/signup

Printing IDPService SignUp API Payload : 

{
    "login":"ead177e4-80ba-4cda-8ab1-81482edd4bb31@myntra.com",
    "password":"password123",
    "usertype":"C",
    "gender":"M",
    "title":"Mr",
    "firstname":"First Name",
    "lastname":"Last Name",
    "email":"ead177e4-80ba-4cda-8ab1-81482edd4bb31@myntra.com",
    "mobile":"5027827134",
    "captchaValue":"3572029068"
}

2018-05-17 15:39:18 [main] INFO  IDPServiceHelper:65 - 
Printing IDPService SignUp API Payload : 

{
    "login":"ead177e4-80ba-4cda-8ab1-81482edd4bb31@myntra.com",
    "password":"password123",
    "usertype":"C",
    "gender":"M",
    "title":"Mr",
    "firstname":"First Name",
    "lastname":"Last Name",
    "email":"ead177e4-80ba-4cda-8ab1-81482edd4bb31@myntra.com",
    "mobile":"5027827134",
    "captchaValue":"3572029068"
}

2018-05-17 15:39:18 [main] INFO  RequestGenerator:282 - debug:typeofdataresponse=application/json
2018-05-17 15:39:18 [main] INFO  RequestGenerator:283 - debug:typeofdatarequest=null
2018-05-17 15:39:18 [main] INFO  RequestGenerator:286 - this is json path
2018-05-17 15:39:18 [main] INFO  RequestGenerator:289 - posting the json request payload
]]></system-out>
  </testcase>
  <testcase name="testSetandGetATSUserDetailsVerification" classname="com.myntra.apiTests.portalservices.atsService.TestATSAPISV2" time="0.038">
    <failure message="Already connected" type="javax.ws.rs.ProcessingException"><![CDATA[javax.ws.rs.ProcessingException: Already connected
	at sun.net.www.protocol.http.HttpURLConnection.setRequestProperty(HttpURLConnection.java:3071)
	at org.glassfish.jersey.client.HttpUrlConnector.setOutboundHeaders(HttpUrlConnector.java:374)
	at org.glassfish.jersey.client.HttpUrlConnector.access$100(HttpUrlConnector.java:91)
	at org.glassfish.jersey.client.HttpUrlConnector$4.getOutputStream(HttpUrlConnector.java:325)
	at org.glassfish.jersey.message.internal.CommittingOutputStream.commitStream(CommittingOutputStream.java:200)
	at org.glassfish.jersey.message.internal.CommittingOutputStream.commitStream(CommittingOutputStream.java:194)
	at org.glassfish.jersey.message.internal.CommittingOutputStream.commit(CommittingOutputStream.java:262)
	at org.glassfish.jersey.message.internal.OutboundMessageContext.commitStream(OutboundMessageContext.java:816)
	at org.glassfish.jersey.client.ClientRequest.writeEntity(ClientRequest.java:545)
	at org.glassfish.jersey.client.HttpUrlConnector._apply(HttpUrlConnector.java:329)
	at org.glassfish.jersey.client.HttpUrlConnector.apply(HttpUrlConnector.java:242)
	at org.glassfish.jersey.client.ClientRuntime.invoke(ClientRuntime.java:254)
	at org.glassfish.jersey.client.JerseyInvocation$1.call(JerseyInvocation.java:671)
	at org.glassfish.jersey.client.JerseyInvocation$1.call(JerseyInvocation.java:668)
	at org.glassfish.jersey.internal.Errors.process(Errors.java:315)
	at org.glassfish.jersey.internal.Errors.process(Errors.java:297)
	at org.glassfish.jersey.internal.Errors.process(Errors.java:228)
	at org.glassfish.jersey.process.internal.RequestScope.runInScope(RequestScope.java:444)
	at org.glassfish.jersey.client.JerseyInvocation.invoke(JerseyInvocation.java:668)
	at org.glassfish.jersey.client.JerseyInvocation$Builder.method(JerseyInvocation.java:428)
	at org.glassfish.jersey.client.JerseyInvocation$Builder.post(JerseyInvocation.java:334)
	at com.myntra.lordoftherings.gandalf.RequestGenerator.CollectResponse(RequestGenerator.java:290)
	at com.myntra.lordoftherings.gandalf.RequestGenerator.PostResponse(RequestGenerator.java:194)
	at com.myntra.lordoftherings.gandalf.RequestGenerator.<init>(RequestGenerator.java:136)
	at com.myntra.apiTests.portalservices.idpservice.IDPServiceHelper.performSignUpOperation(IDPServiceHelper.java:67)
	at com.myntra.apiTests.portalservices.atsService.ATSHelper.performSignup(ATSHelper.java:156)
	at com.myntra.apiTests.portalservices.atsService.TestATSAPISV2.testSetandGetATSUserDetailsVerification(TestATSAPISV2.java:52)
]]></failure>
    <system-out><![CDATA[2018-05-17 15:39:18 [main] INFO  Payload:179 - ./Data/payloads/JSON/signup
2018-05-17 15:39:18 [main] INFO  Toolbox:74 - Begining reading file './Data/payloads/JSON/signup'

Printing IDPService SignUp API URL : http://idp.mjint.myntra.com/idp/auth/signup
2018-05-17 15:39:18 [main] INFO  IDPServiceHelper:62 - 
Printing IDPService SignUp API URL : http://idp.mjint.myntra.com/idp/auth/signup

Printing IDPService SignUp API Payload : 

{
    "login":"ead177e4-80ba-4cda-8ab1-81482edd4bb31@myntra.com",
    "password":"password123",
    "usertype":"C",
    "gender":"M",
    "title":"Mr",
    "firstname":"First Name",
    "lastname":"Last Name",
    "email":"ead177e4-80ba-4cda-8ab1-81482edd4bb31@myntra.com",
    "mobile":"5027827134",
    "captchaValue":"3572029068"
}

2018-05-17 15:39:18 [main] INFO  IDPServiceHelper:65 - 
Printing IDPService SignUp API Payload : 

{
    "login":"ead177e4-80ba-4cda-8ab1-81482edd4bb31@myntra.com",
    "password":"password123",
    "usertype":"C",
    "gender":"M",
    "title":"Mr",
    "firstname":"First Name",
    "lastname":"Last Name",
    "email":"ead177e4-80ba-4cda-8ab1-81482edd4bb31@myntra.com",
    "mobile":"5027827134",
    "captchaValue":"3572029068"
}

2018-05-17 15:39:18 [main] INFO  RequestGenerator:282 - debug:typeofdataresponse=application/json
2018-05-17 15:39:18 [main] INFO  RequestGenerator:283 - debug:typeofdatarequest=null
2018-05-17 15:39:18 [main] INFO  RequestGenerator:286 - this is json path
2018-05-17 15:39:18 [main] INFO  RequestGenerator:289 - posting the json request payload
]]></system-out>
  </testcase>
  <testcase name="testSetandGetATSUserDetailsVerification" classname="com.myntra.apiTests.portalservices.atsService.TestATSAPISV2" time="0.05">
    <failure message="Already connected" type="javax.ws.rs.ProcessingException"><![CDATA[javax.ws.rs.ProcessingException: Already connected
	at sun.net.www.protocol.http.HttpURLConnection.setRequestProperty(HttpURLConnection.java:3071)
	at org.glassfish.jersey.client.HttpUrlConnector.setOutboundHeaders(HttpUrlConnector.java:374)
	at org.glassfish.jersey.client.HttpUrlConnector.access$100(HttpUrlConnector.java:91)
	at org.glassfish.jersey.client.HttpUrlConnector$4.getOutputStream(HttpUrlConnector.java:325)
	at org.glassfish.jersey.message.internal.CommittingOutputStream.commitStream(CommittingOutputStream.java:200)
	at org.glassfish.jersey.message.internal.CommittingOutputStream.commitStream(CommittingOutputStream.java:194)
	at org.glassfish.jersey.message.internal.CommittingOutputStream.commit(CommittingOutputStream.java:262)
	at org.glassfish.jersey.message.internal.OutboundMessageContext.commitStream(OutboundMessageContext.java:816)
	at org.glassfish.jersey.client.ClientRequest.writeEntity(ClientRequest.java:545)
	at org.glassfish.jersey.client.HttpUrlConnector._apply(HttpUrlConnector.java:329)
	at org.glassfish.jersey.client.HttpUrlConnector.apply(HttpUrlConnector.java:242)
	at org.glassfish.jersey.client.ClientRuntime.invoke(ClientRuntime.java:254)
	at org.glassfish.jersey.client.JerseyInvocation$1.call(JerseyInvocation.java:671)
	at org.glassfish.jersey.client.JerseyInvocation$1.call(JerseyInvocation.java:668)
	at org.glassfish.jersey.internal.Errors.process(Errors.java:315)
	at org.glassfish.jersey.internal.Errors.process(Errors.java:297)
	at org.glassfish.jersey.internal.Errors.process(Errors.java:228)
	at org.glassfish.jersey.process.internal.RequestScope.runInScope(RequestScope.java:444)
	at org.glassfish.jersey.client.JerseyInvocation.invoke(JerseyInvocation.java:668)
	at org.glassfish.jersey.client.JerseyInvocation$Builder.method(JerseyInvocation.java:428)
	at org.glassfish.jersey.client.JerseyInvocation$Builder.post(JerseyInvocation.java:334)
	at com.myntra.lordoftherings.gandalf.RequestGenerator.CollectResponse(RequestGenerator.java:290)
	at com.myntra.lordoftherings.gandalf.RequestGenerator.PostResponse(RequestGenerator.java:194)
	at com.myntra.lordoftherings.gandalf.RequestGenerator.<init>(RequestGenerator.java:136)
	at com.myntra.apiTests.portalservices.idpservice.IDPServiceHelper.performSignUpOperation(IDPServiceHelper.java:67)
	at com.myntra.apiTests.portalservices.atsService.ATSHelper.performSignup(ATSHelper.java:156)
	at com.myntra.apiTests.portalservices.atsService.TestATSAPISV2.testSetandGetATSUserDetailsVerification(TestATSAPISV2.java:52)
]]></failure>
    <system-out><![CDATA[2018-05-17 15:39:18 [main] INFO  Payload:179 - ./Data/payloads/JSON/signup
2018-05-17 15:39:18 [main] INFO  Toolbox:74 - Begining reading file './Data/payloads/JSON/signup'

Printing IDPService SignUp API URL : http://idp.mjint.myntra.com/idp/auth/signup
2018-05-17 15:39:18 [main] INFO  IDPServiceHelper:62 - 
Printing IDPService SignUp API URL : http://idp.mjint.myntra.com/idp/auth/signup

Printing IDPService SignUp API Payload : 

{
    "login":"ead177e4-80ba-4cda-8ab1-81482edd4bb31@myntra.com",
    "password":"password123",
    "usertype":"C",
    "gender":"M",
    "title":"Mr",
    "firstname":"First Name",
    "lastname":"Last Name",
    "email":"ead177e4-80ba-4cda-8ab1-81482edd4bb31@myntra.com",
    "mobile":"5027827134",
    "captchaValue":"3572029068"
}

2018-05-17 15:39:18 [main] INFO  IDPServiceHelper:65 - 
Printing IDPService SignUp API Payload : 

{
    "login":"ead177e4-80ba-4cda-8ab1-81482edd4bb31@myntra.com",
    "password":"password123",
    "usertype":"C",
    "gender":"M",
    "title":"Mr",
    "firstname":"First Name",
    "lastname":"Last Name",
    "email":"ead177e4-80ba-4cda-8ab1-81482edd4bb31@myntra.com",
    "mobile":"5027827134",
    "captchaValue":"3572029068"
}

2018-05-17 15:39:18 [main] INFO  RequestGenerator:282 - debug:typeofdataresponse=application/json
2018-05-17 15:39:18 [main] INFO  RequestGenerator:283 - debug:typeofdatarequest=null
2018-05-17 15:39:18 [main] INFO  RequestGenerator:286 - this is json path
2018-05-17 15:39:18 [main] INFO  RequestGenerator:289 - posting the json request payload
]]></system-out>
  </testcase>
  <testcase name="testSetandGetATSUserDetailsVerification" classname="com.myntra.apiTests.portalservices.atsService.TestATSAPISV2" time="0.204">
    <failure message="Already connected" type="javax.ws.rs.ProcessingException"><![CDATA[javax.ws.rs.ProcessingException: Already connected
	at sun.net.www.protocol.http.HttpURLConnection.setRequestProperty(HttpURLConnection.java:3071)
	at org.glassfish.jersey.client.HttpUrlConnector.setOutboundHeaders(HttpUrlConnector.java:374)
	at org.glassfish.jersey.client.HttpUrlConnector.access$100(HttpUrlConnector.java:91)
	at org.glassfish.jersey.client.HttpUrlConnector$4.getOutputStream(HttpUrlConnector.java:325)
	at org.glassfish.jersey.message.internal.CommittingOutputStream.commitStream(CommittingOutputStream.java:200)
	at org.glassfish.jersey.message.internal.CommittingOutputStream.commitStream(CommittingOutputStream.java:194)
	at org.glassfish.jersey.message.internal.CommittingOutputStream.commit(CommittingOutputStream.java:262)
	at org.glassfish.jersey.message.internal.OutboundMessageContext.commitStream(OutboundMessageContext.java:816)
	at org.glassfish.jersey.client.ClientRequest.writeEntity(ClientRequest.java:545)
	at org.glassfish.jersey.client.HttpUrlConnector._apply(HttpUrlConnector.java:329)
	at org.glassfish.jersey.client.HttpUrlConnector.apply(HttpUrlConnector.java:242)
	at org.glassfish.jersey.client.ClientRuntime.invoke(ClientRuntime.java:254)
	at org.glassfish.jersey.client.JerseyInvocation$1.call(JerseyInvocation.java:671)
	at org.glassfish.jersey.client.JerseyInvocation$1.call(JerseyInvocation.java:668)
	at org.glassfish.jersey.internal.Errors.process(Errors.java:315)
	at org.glassfish.jersey.internal.Errors.process(Errors.java:297)
	at org.glassfish.jersey.internal.Errors.process(Errors.java:228)
	at org.glassfish.jersey.process.internal.RequestScope.runInScope(RequestScope.java:444)
	at org.glassfish.jersey.client.JerseyInvocation.invoke(JerseyInvocation.java:668)
	at org.glassfish.jersey.client.JerseyInvocation$Builder.method(JerseyInvocation.java:428)
	at org.glassfish.jersey.client.JerseyInvocation$Builder.post(JerseyInvocation.java:334)
	at com.myntra.lordoftherings.gandalf.RequestGenerator.CollectResponse(RequestGenerator.java:290)
	at com.myntra.lordoftherings.gandalf.RequestGenerator.PostResponse(RequestGenerator.java:194)
	at com.myntra.lordoftherings.gandalf.RequestGenerator.<init>(RequestGenerator.java:136)
	at com.myntra.apiTests.portalservices.idpservice.IDPServiceHelper.performSignUpOperation(IDPServiceHelper.java:67)
	at com.myntra.apiTests.portalservices.atsService.ATSHelper.performSignup(ATSHelper.java:156)
	at com.myntra.apiTests.portalservices.atsService.TestATSAPISV2.testSetandGetATSUserDetailsVerification(TestATSAPISV2.java:52)
]]></failure>
    <system-out><![CDATA[2018-05-17 15:39:18 [main] INFO  Payload:179 - ./Data/payloads/JSON/signup
2018-05-17 15:39:18 [main] INFO  Toolbox:74 - Begining reading file './Data/payloads/JSON/signup'

Printing IDPService SignUp API URL : http://idp.mjint.myntra.com/idp/auth/signup
2018-05-17 15:39:18 [main] INFO  IDPServiceHelper:62 - 
Printing IDPService SignUp API URL : http://idp.mjint.myntra.com/idp/auth/signup

Printing IDPService SignUp API Payload : 

{
    "login":"ead177e4-80ba-4cda-8ab1-81482edd4bb31@myntra.com",
    "password":"password123",
    "usertype":"C",
    "gender":"M",
    "title":"Mr",
    "firstname":"First Name",
    "lastname":"Last Name",
    "email":"ead177e4-80ba-4cda-8ab1-81482edd4bb31@myntra.com",
    "mobile":"5027827134",
    "captchaValue":"3572029068"
}

2018-05-17 15:39:18 [main] INFO  IDPServiceHelper:65 - 
Printing IDPService SignUp API Payload : 

{
    "login":"ead177e4-80ba-4cda-8ab1-81482edd4bb31@myntra.com",
    "password":"password123",
    "usertype":"C",
    "gender":"M",
    "title":"Mr",
    "firstname":"First Name",
    "lastname":"Last Name",
    "email":"ead177e4-80ba-4cda-8ab1-81482edd4bb31@myntra.com",
    "mobile":"5027827134",
    "captchaValue":"3572029068"
}

2018-05-17 15:39:18 [main] INFO  RequestGenerator:282 - debug:typeofdataresponse=application/json
2018-05-17 15:39:18 [main] INFO  RequestGenerator:283 - debug:typeofdatarequest=null
2018-05-17 15:39:18 [main] INFO  RequestGenerator:286 - this is json path
2018-05-17 15:39:18 [main] INFO  RequestGenerator:289 - posting the json request payload
]]></system-out>
  </testcase>
  <testcase name="testSetandGetATSUserDetailsVerification" classname="com.myntra.apiTests.portalservices.atsService.TestATSAPISV2" time="0.117">
    <failure message="Already connected" type="javax.ws.rs.ProcessingException"><![CDATA[javax.ws.rs.ProcessingException: Already connected
	at sun.net.www.protocol.http.HttpURLConnection.setRequestProperty(HttpURLConnection.java:3071)
	at org.glassfish.jersey.client.HttpUrlConnector.setOutboundHeaders(HttpUrlConnector.java:374)
	at org.glassfish.jersey.client.HttpUrlConnector.access$100(HttpUrlConnector.java:91)
	at org.glassfish.jersey.client.HttpUrlConnector$4.getOutputStream(HttpUrlConnector.java:325)
	at org.glassfish.jersey.message.internal.CommittingOutputStream.commitStream(CommittingOutputStream.java:200)
	at org.glassfish.jersey.message.internal.CommittingOutputStream.commitStream(CommittingOutputStream.java:194)
	at org.glassfish.jersey.message.internal.CommittingOutputStream.commit(CommittingOutputStream.java:262)
	at org.glassfish.jersey.message.internal.OutboundMessageContext.commitStream(OutboundMessageContext.java:816)
	at org.glassfish.jersey.client.ClientRequest.writeEntity(ClientRequest.java:545)
	at org.glassfish.jersey.client.HttpUrlConnector._apply(HttpUrlConnector.java:329)
	at org.glassfish.jersey.client.HttpUrlConnector.apply(HttpUrlConnector.java:242)
	at org.glassfish.jersey.client.ClientRuntime.invoke(ClientRuntime.java:254)
	at org.glassfish.jersey.client.JerseyInvocation$1.call(JerseyInvocation.java:671)
	at org.glassfish.jersey.client.JerseyInvocation$1.call(JerseyInvocation.java:668)
	at org.glassfish.jersey.internal.Errors.process(Errors.java:315)
	at org.glassfish.jersey.internal.Errors.process(Errors.java:297)
	at org.glassfish.jersey.internal.Errors.process(Errors.java:228)
	at org.glassfish.jersey.process.internal.RequestScope.runInScope(RequestScope.java:444)
	at org.glassfish.jersey.client.JerseyInvocation.invoke(JerseyInvocation.java:668)
	at org.glassfish.jersey.client.JerseyInvocation$Builder.method(JerseyInvocation.java:428)
	at org.glassfish.jersey.client.JerseyInvocation$Builder.post(JerseyInvocation.java:334)
	at com.myntra.lordoftherings.gandalf.RequestGenerator.CollectResponse(RequestGenerator.java:290)
	at com.myntra.lordoftherings.gandalf.RequestGenerator.PostResponse(RequestGenerator.java:194)
	at com.myntra.lordoftherings.gandalf.RequestGenerator.<init>(RequestGenerator.java:136)
	at com.myntra.apiTests.portalservices.idpservice.IDPServiceHelper.performSignUpOperation(IDPServiceHelper.java:67)
	at com.myntra.apiTests.portalservices.atsService.ATSHelper.performSignup(ATSHelper.java:156)
	at com.myntra.apiTests.portalservices.atsService.TestATSAPISV2.testSetandGetATSUserDetailsVerification(TestATSAPISV2.java:52)
]]></failure>
    <system-out><![CDATA[2018-05-17 15:39:18 [main] INFO  Payload:179 - ./Data/payloads/JSON/signup
2018-05-17 15:39:18 [main] INFO  Toolbox:74 - Begining reading file './Data/payloads/JSON/signup'

Printing IDPService SignUp API URL : http://idp.mjint.myntra.com/idp/auth/signup
2018-05-17 15:39:18 [main] INFO  IDPServiceHelper:62 - 
Printing IDPService SignUp API URL : http://idp.mjint.myntra.com/idp/auth/signup

Printing IDPService SignUp API Payload : 

{
    "login":"ead177e4-80ba-4cda-8ab1-81482edd4bb31@myntra.com",
    "password":"password123",
    "usertype":"C",
    "gender":"M",
    "title":"Mr",
    "firstname":"First Name",
    "lastname":"Last Name",
    "email":"ead177e4-80ba-4cda-8ab1-81482edd4bb31@myntra.com",
    "mobile":"5027827134",
    "captchaValue":"3572029068"
}

2018-05-17 15:39:18 [main] INFO  IDPServiceHelper:65 - 
Printing IDPService SignUp API Payload : 

{
    "login":"ead177e4-80ba-4cda-8ab1-81482edd4bb31@myntra.com",
    "password":"password123",
    "usertype":"C",
    "gender":"M",
    "title":"Mr",
    "firstname":"First Name",
    "lastname":"Last Name",
    "email":"ead177e4-80ba-4cda-8ab1-81482edd4bb31@myntra.com",
    "mobile":"5027827134",
    "captchaValue":"3572029068"
}

2018-05-17 15:39:18 [main] INFO  RequestGenerator:282 - debug:typeofdataresponse=application/json
2018-05-17 15:39:18 [main] INFO  RequestGenerator:283 - debug:typeofdatarequest=null
2018-05-17 15:39:18 [main] INFO  RequestGenerator:286 - this is json path
2018-05-17 15:39:18 [main] INFO  RequestGenerator:289 - posting the json request payload
]]></system-out>
  </testcase>
  <testcase name="testSetandGetATSUserDetailsVerification" classname="com.myntra.apiTests.portalservices.atsService.TestATSAPISV2" time="0.1">
    <failure message="Already connected" type="javax.ws.rs.ProcessingException"><![CDATA[javax.ws.rs.ProcessingException: Already connected
	at sun.net.www.protocol.http.HttpURLConnection.setRequestProperty(HttpURLConnection.java:3071)
	at org.glassfish.jersey.client.HttpUrlConnector.setOutboundHeaders(HttpUrlConnector.java:374)
	at org.glassfish.jersey.client.HttpUrlConnector.access$100(HttpUrlConnector.java:91)
	at org.glassfish.jersey.client.HttpUrlConnector$4.getOutputStream(HttpUrlConnector.java:325)
	at org.glassfish.jersey.message.internal.CommittingOutputStream.commitStream(CommittingOutputStream.java:200)
	at org.glassfish.jersey.message.internal.CommittingOutputStream.commitStream(CommittingOutputStream.java:194)
	at org.glassfish.jersey.message.internal.CommittingOutputStream.commit(CommittingOutputStream.java:262)
	at org.glassfish.jersey.message.internal.OutboundMessageContext.commitStream(OutboundMessageContext.java:816)
	at org.glassfish.jersey.client.ClientRequest.writeEntity(ClientRequest.java:545)
	at org.glassfish.jersey.client.HttpUrlConnector._apply(HttpUrlConnector.java:329)
	at org.glassfish.jersey.client.HttpUrlConnector.apply(HttpUrlConnector.java:242)
	at org.glassfish.jersey.client.ClientRuntime.invoke(ClientRuntime.java:254)
	at org.glassfish.jersey.client.JerseyInvocation$1.call(JerseyInvocation.java:671)
	at org.glassfish.jersey.client.JerseyInvocation$1.call(JerseyInvocation.java:668)
	at org.glassfish.jersey.internal.Errors.process(Errors.java:315)
	at org.glassfish.jersey.internal.Errors.process(Errors.java:297)
	at org.glassfish.jersey.internal.Errors.process(Errors.java:228)
	at org.glassfish.jersey.process.internal.RequestScope.runInScope(RequestScope.java:444)
	at org.glassfish.jersey.client.JerseyInvocation.invoke(JerseyInvocation.java:668)
	at org.glassfish.jersey.client.JerseyInvocation$Builder.method(JerseyInvocation.java:428)
	at org.glassfish.jersey.client.JerseyInvocation$Builder.post(JerseyInvocation.java:334)
	at com.myntra.lordoftherings.gandalf.RequestGenerator.CollectResponse(RequestGenerator.java:290)
	at com.myntra.lordoftherings.gandalf.RequestGenerator.PostResponse(RequestGenerator.java:194)
	at com.myntra.lordoftherings.gandalf.RequestGenerator.<init>(RequestGenerator.java:136)
	at com.myntra.apiTests.portalservices.idpservice.IDPServiceHelper.performSignUpOperation(IDPServiceHelper.java:67)
	at com.myntra.apiTests.portalservices.atsService.ATSHelper.performSignup(ATSHelper.java:156)
	at com.myntra.apiTests.portalservices.atsService.TestATSAPISV2.testSetandGetATSUserDetailsVerification(TestATSAPISV2.java:52)
]]></failure>
    <system-out><![CDATA[2018-05-17 15:39:18 [main] INFO  Payload:179 - ./Data/payloads/JSON/signup
2018-05-17 15:39:18 [main] INFO  Toolbox:74 - Begining reading file './Data/payloads/JSON/signup'

Printing IDPService SignUp API URL : http://idp.mjint.myntra.com/idp/auth/signup
2018-05-17 15:39:18 [main] INFO  IDPServiceHelper:62 - 
Printing IDPService SignUp API URL : http://idp.mjint.myntra.com/idp/auth/signup

Printing IDPService SignUp API Payload : 

{
    "login":"ead177e4-80ba-4cda-8ab1-81482edd4bb31@myntra.com",
    "password":"password123",
    "usertype":"C",
    "gender":"M",
    "title":"Mr",
    "firstname":"First Name",
    "lastname":"Last Name",
    "email":"ead177e4-80ba-4cda-8ab1-81482edd4bb31@myntra.com",
    "mobile":"5027827134",
    "captchaValue":"3572029068"
}

2018-05-17 15:39:18 [main] INFO  IDPServiceHelper:65 - 
Printing IDPService SignUp API Payload : 

{
    "login":"ead177e4-80ba-4cda-8ab1-81482edd4bb31@myntra.com",
    "password":"password123",
    "usertype":"C",
    "gender":"M",
    "title":"Mr",
    "firstname":"First Name",
    "lastname":"Last Name",
    "email":"ead177e4-80ba-4cda-8ab1-81482edd4bb31@myntra.com",
    "mobile":"5027827134",
    "captchaValue":"3572029068"
}

2018-05-17 15:39:18 [main] INFO  RequestGenerator:282 - debug:typeofdataresponse=application/json
2018-05-17 15:39:18 [main] INFO  RequestGenerator:283 - debug:typeofdatarequest=null
2018-05-17 15:39:18 [main] INFO  RequestGenerator:286 - this is json path
2018-05-17 15:39:18 [main] INFO  RequestGenerator:289 - posting the json request payload
]]></system-out>
  </testcase>
  <testcase name="testSetandGetATSUserDetailsVerification" classname="com.myntra.apiTests.portalservices.atsService.TestATSAPISV2" time="0.084">
    <failure message="Already connected" type="javax.ws.rs.ProcessingException"><![CDATA[javax.ws.rs.ProcessingException: Already connected
	at sun.net.www.protocol.http.HttpURLConnection.setRequestProperty(HttpURLConnection.java:3071)
	at org.glassfish.jersey.client.HttpUrlConnector.setOutboundHeaders(HttpUrlConnector.java:374)
	at org.glassfish.jersey.client.HttpUrlConnector.access$100(HttpUrlConnector.java:91)
	at org.glassfish.jersey.client.HttpUrlConnector$4.getOutputStream(HttpUrlConnector.java:325)
	at org.glassfish.jersey.message.internal.CommittingOutputStream.commitStream(CommittingOutputStream.java:200)
	at org.glassfish.jersey.message.internal.CommittingOutputStream.commitStream(CommittingOutputStream.java:194)
	at org.glassfish.jersey.message.internal.CommittingOutputStream.commit(CommittingOutputStream.java:262)
	at org.glassfish.jersey.message.internal.OutboundMessageContext.commitStream(OutboundMessageContext.java:816)
	at org.glassfish.jersey.client.ClientRequest.writeEntity(ClientRequest.java:545)
	at org.glassfish.jersey.client.HttpUrlConnector._apply(HttpUrlConnector.java:329)
	at org.glassfish.jersey.client.HttpUrlConnector.apply(HttpUrlConnector.java:242)
	at org.glassfish.jersey.client.ClientRuntime.invoke(ClientRuntime.java:254)
	at org.glassfish.jersey.client.JerseyInvocation$1.call(JerseyInvocation.java:671)
	at org.glassfish.jersey.client.JerseyInvocation$1.call(JerseyInvocation.java:668)
	at org.glassfish.jersey.internal.Errors.process(Errors.java:315)
	at org.glassfish.jersey.internal.Errors.process(Errors.java:297)
	at org.glassfish.jersey.internal.Errors.process(Errors.java:228)
	at org.glassfish.jersey.process.internal.RequestScope.runInScope(RequestScope.java:444)
	at org.glassfish.jersey.client.JerseyInvocation.invoke(JerseyInvocation.java:668)
	at org.glassfish.jersey.client.JerseyInvocation$Builder.method(JerseyInvocation.java:428)
	at org.glassfish.jersey.client.JerseyInvocation$Builder.post(JerseyInvocation.java:334)
	at com.myntra.lordoftherings.gandalf.RequestGenerator.CollectResponse(RequestGenerator.java:290)
	at com.myntra.lordoftherings.gandalf.RequestGenerator.PostResponse(RequestGenerator.java:194)
	at com.myntra.lordoftherings.gandalf.RequestGenerator.<init>(RequestGenerator.java:136)
	at com.myntra.apiTests.portalservices.idpservice.IDPServiceHelper.performSignUpOperation(IDPServiceHelper.java:67)
	at com.myntra.apiTests.portalservices.atsService.ATSHelper.performSignup(ATSHelper.java:156)
	at com.myntra.apiTests.portalservices.atsService.TestATSAPISV2.testSetandGetATSUserDetailsVerification(TestATSAPISV2.java:52)
]]></failure>
    <system-out><![CDATA[2018-05-17 15:39:18 [main] INFO  Payload:179 - ./Data/payloads/JSON/signup
2018-05-17 15:39:18 [main] INFO  Toolbox:74 - Begining reading file './Data/payloads/JSON/signup'

Printing IDPService SignUp API URL : http://idp.mjint.myntra.com/idp/auth/signup
2018-05-17 15:39:18 [main] INFO  IDPServiceHelper:62 - 
Printing IDPService SignUp API URL : http://idp.mjint.myntra.com/idp/auth/signup

Printing IDPService SignUp API Payload : 

{
    "login":"ead177e4-80ba-4cda-8ab1-81482edd4bb31@myntra.com",
    "password":"password123",
    "usertype":"C",
    "gender":"M",
    "title":"Mr",
    "firstname":"First Name",
    "lastname":"Last Name",
    "email":"ead177e4-80ba-4cda-8ab1-81482edd4bb31@myntra.com",
    "mobile":"5027827134",
    "captchaValue":"3572029068"
}

2018-05-17 15:39:18 [main] INFO  IDPServiceHelper:65 - 
Printing IDPService SignUp API Payload : 

{
    "login":"ead177e4-80ba-4cda-8ab1-81482edd4bb31@myntra.com",
    "password":"password123",
    "usertype":"C",
    "gender":"M",
    "title":"Mr",
    "firstname":"First Name",
    "lastname":"Last Name",
    "email":"ead177e4-80ba-4cda-8ab1-81482edd4bb31@myntra.com",
    "mobile":"5027827134",
    "captchaValue":"3572029068"
}

2018-05-17 15:39:18 [main] INFO  RequestGenerator:282 - debug:typeofdataresponse=application/json
2018-05-17 15:39:18 [main] INFO  RequestGenerator:283 - debug:typeofdatarequest=null
2018-05-17 15:39:18 [main] INFO  RequestGenerator:286 - this is json path
2018-05-17 15:39:18 [main] INFO  RequestGenerator:289 - posting the json request payload
]]></system-out>
  </testcase>
  <testcase name="testSetandGetATSUserDetailsVerification" classname="com.myntra.apiTests.portalservices.atsService.TestATSAPISV2" time="0.071">
    <failure message="Already connected" type="javax.ws.rs.ProcessingException"><![CDATA[javax.ws.rs.ProcessingException: Already connected
	at sun.net.www.protocol.http.HttpURLConnection.setRequestProperty(HttpURLConnection.java:3071)
	at org.glassfish.jersey.client.HttpUrlConnector.setOutboundHeaders(HttpUrlConnector.java:374)
	at org.glassfish.jersey.client.HttpUrlConnector.access$100(HttpUrlConnector.java:91)
	at org.glassfish.jersey.client.HttpUrlConnector$4.getOutputStream(HttpUrlConnector.java:325)
	at org.glassfish.jersey.message.internal.CommittingOutputStream.commitStream(CommittingOutputStream.java:200)
	at org.glassfish.jersey.message.internal.CommittingOutputStream.commitStream(CommittingOutputStream.java:194)
	at org.glassfish.jersey.message.internal.CommittingOutputStream.commit(CommittingOutputStream.java:262)
	at org.glassfish.jersey.message.internal.OutboundMessageContext.commitStream(OutboundMessageContext.java:816)
	at org.glassfish.jersey.client.ClientRequest.writeEntity(ClientRequest.java:545)
	at org.glassfish.jersey.client.HttpUrlConnector._apply(HttpUrlConnector.java:329)
	at org.glassfish.jersey.client.HttpUrlConnector.apply(HttpUrlConnector.java:242)
	at org.glassfish.jersey.client.ClientRuntime.invoke(ClientRuntime.java:254)
	at org.glassfish.jersey.client.JerseyInvocation$1.call(JerseyInvocation.java:671)
	at org.glassfish.jersey.client.JerseyInvocation$1.call(JerseyInvocation.java:668)
	at org.glassfish.jersey.internal.Errors.process(Errors.java:315)
	at org.glassfish.jersey.internal.Errors.process(Errors.java:297)
	at org.glassfish.jersey.internal.Errors.process(Errors.java:228)
	at org.glassfish.jersey.process.internal.RequestScope.runInScope(RequestScope.java:444)
	at org.glassfish.jersey.client.JerseyInvocation.invoke(JerseyInvocation.java:668)
	at org.glassfish.jersey.client.JerseyInvocation$Builder.method(JerseyInvocation.java:428)
	at org.glassfish.jersey.client.JerseyInvocation$Builder.post(JerseyInvocation.java:334)
	at com.myntra.lordoftherings.gandalf.RequestGenerator.CollectResponse(RequestGenerator.java:290)
	at com.myntra.lordoftherings.gandalf.RequestGenerator.PostResponse(RequestGenerator.java:194)
	at com.myntra.lordoftherings.gandalf.RequestGenerator.<init>(RequestGenerator.java:136)
	at com.myntra.apiTests.portalservices.idpservice.IDPServiceHelper.performSignUpOperation(IDPServiceHelper.java:67)
	at com.myntra.apiTests.portalservices.atsService.ATSHelper.performSignup(ATSHelper.java:156)
	at com.myntra.apiTests.portalservices.atsService.TestATSAPISV2.testSetandGetATSUserDetailsVerification(TestATSAPISV2.java:52)
]]></failure>
    <system-out><![CDATA[2018-05-17 15:39:18 [main] INFO  Payload:179 - ./Data/payloads/JSON/signup
2018-05-17 15:39:18 [main] INFO  Toolbox:74 - Begining reading file './Data/payloads/JSON/signup'

Printing IDPService SignUp API URL : http://idp.mjint.myntra.com/idp/auth/signup
2018-05-17 15:39:18 [main] INFO  IDPServiceHelper:62 - 
Printing IDPService SignUp API URL : http://idp.mjint.myntra.com/idp/auth/signup

Printing IDPService SignUp API Payload : 

{
    "login":"ead177e4-80ba-4cda-8ab1-81482edd4bb31@myntra.com",
    "password":"password123",
    "usertype":"C",
    "gender":"M",
    "title":"Mr",
    "firstname":"First Name",
    "lastname":"Last Name",
    "email":"ead177e4-80ba-4cda-8ab1-81482edd4bb31@myntra.com",
    "mobile":"5027827134",
    "captchaValue":"3572029068"
}

2018-05-17 15:39:18 [main] INFO  IDPServiceHelper:65 - 
Printing IDPService SignUp API Payload : 

{
    "login":"ead177e4-80ba-4cda-8ab1-81482edd4bb31@myntra.com",
    "password":"password123",
    "usertype":"C",
    "gender":"M",
    "title":"Mr",
    "firstname":"First Name",
    "lastname":"Last Name",
    "email":"ead177e4-80ba-4cda-8ab1-81482edd4bb31@myntra.com",
    "mobile":"5027827134",
    "captchaValue":"3572029068"
}

2018-05-17 15:39:18 [main] INFO  RequestGenerator:282 - debug:typeofdataresponse=application/json
2018-05-17 15:39:18 [main] INFO  RequestGenerator:283 - debug:typeofdatarequest=null
2018-05-17 15:39:18 [main] INFO  RequestGenerator:286 - this is json path
2018-05-17 15:39:18 [main] INFO  RequestGenerator:289 - posting the json request payload
]]></system-out>
  </testcase>
  <testcase name="testSetandGetATSUserDetailsVerification" classname="com.myntra.apiTests.portalservices.atsService.TestATSAPISV2" time="0.061">
    <failure message="Already connected" type="javax.ws.rs.ProcessingException"><![CDATA[javax.ws.rs.ProcessingException: Already connected
	at sun.net.www.protocol.http.HttpURLConnection.setRequestProperty(HttpURLConnection.java:3071)
	at org.glassfish.jersey.client.HttpUrlConnector.setOutboundHeaders(HttpUrlConnector.java:374)
	at org.glassfish.jersey.client.HttpUrlConnector.access$100(HttpUrlConnector.java:91)
	at org.glassfish.jersey.client.HttpUrlConnector$4.getOutputStream(HttpUrlConnector.java:325)
	at org.glassfish.jersey.message.internal.CommittingOutputStream.commitStream(CommittingOutputStream.java:200)
	at org.glassfish.jersey.message.internal.CommittingOutputStream.commitStream(CommittingOutputStream.java:194)
	at org.glassfish.jersey.message.internal.CommittingOutputStream.commit(CommittingOutputStream.java:262)
	at org.glassfish.jersey.message.internal.OutboundMessageContext.commitStream(OutboundMessageContext.java:816)
	at org.glassfish.jersey.client.ClientRequest.writeEntity(ClientRequest.java:545)
	at org.glassfish.jersey.client.HttpUrlConnector._apply(HttpUrlConnector.java:329)
	at org.glassfish.jersey.client.HttpUrlConnector.apply(HttpUrlConnector.java:242)
	at org.glassfish.jersey.client.ClientRuntime.invoke(ClientRuntime.java:254)
	at org.glassfish.jersey.client.JerseyInvocation$1.call(JerseyInvocation.java:671)
	at org.glassfish.jersey.client.JerseyInvocation$1.call(JerseyInvocation.java:668)
	at org.glassfish.jersey.internal.Errors.process(Errors.java:315)
	at org.glassfish.jersey.internal.Errors.process(Errors.java:297)
	at org.glassfish.jersey.internal.Errors.process(Errors.java:228)
	at org.glassfish.jersey.process.internal.RequestScope.runInScope(RequestScope.java:444)
	at org.glassfish.jersey.client.JerseyInvocation.invoke(JerseyInvocation.java:668)
	at org.glassfish.jersey.client.JerseyInvocation$Builder.method(JerseyInvocation.java:428)
	at org.glassfish.jersey.client.JerseyInvocation$Builder.post(JerseyInvocation.java:334)
	at com.myntra.lordoftherings.gandalf.RequestGenerator.CollectResponse(RequestGenerator.java:290)
	at com.myntra.lordoftherings.gandalf.RequestGenerator.PostResponse(RequestGenerator.java:194)
	at com.myntra.lordoftherings.gandalf.RequestGenerator.<init>(RequestGenerator.java:136)
	at com.myntra.apiTests.portalservices.idpservice.IDPServiceHelper.performSignUpOperation(IDPServiceHelper.java:67)
	at com.myntra.apiTests.portalservices.atsService.ATSHelper.performSignup(ATSHelper.java:156)
	at com.myntra.apiTests.portalservices.atsService.TestATSAPISV2.testSetandGetATSUserDetailsVerification(TestATSAPISV2.java:52)
]]></failure>
    <system-out><![CDATA[2018-05-17 15:39:18 [main] INFO  Payload:179 - ./Data/payloads/JSON/signup
2018-05-17 15:39:18 [main] INFO  Toolbox:74 - Begining reading file './Data/payloads/JSON/signup'

Printing IDPService SignUp API URL : http://idp.mjint.myntra.com/idp/auth/signup
2018-05-17 15:39:18 [main] INFO  IDPServiceHelper:62 - 
Printing IDPService SignUp API URL : http://idp.mjint.myntra.com/idp/auth/signup

Printing IDPService SignUp API Payload : 

{
    "login":"ead177e4-80ba-4cda-8ab1-81482edd4bb31@myntra.com",
    "password":"password123",
    "usertype":"C",
    "gender":"M",
    "title":"Mr",
    "firstname":"First Name",
    "lastname":"Last Name",
    "email":"ead177e4-80ba-4cda-8ab1-81482edd4bb31@myntra.com",
    "mobile":"5027827134",
    "captchaValue":"3572029068"
}

2018-05-17 15:39:18 [main] INFO  IDPServiceHelper:65 - 
Printing IDPService SignUp API Payload : 

{
    "login":"ead177e4-80ba-4cda-8ab1-81482edd4bb31@myntra.com",
    "password":"password123",
    "usertype":"C",
    "gender":"M",
    "title":"Mr",
    "firstname":"First Name",
    "lastname":"Last Name",
    "email":"ead177e4-80ba-4cda-8ab1-81482edd4bb31@myntra.com",
    "mobile":"5027827134",
    "captchaValue":"3572029068"
}

2018-05-17 15:39:18 [main] INFO  RequestGenerator:282 - debug:typeofdataresponse=application/json
2018-05-17 15:39:18 [main] INFO  RequestGenerator:283 - debug:typeofdatarequest=null
2018-05-17 15:39:18 [main] INFO  RequestGenerator:286 - this is json path
2018-05-17 15:39:18 [main] INFO  RequestGenerator:289 - posting the json request payload
]]></system-out>
  </testcase>
  <testcase name="testSetandGetATSUserDetailsVerification" classname="com.myntra.apiTests.portalservices.atsService.TestATSAPISV2" time="0.088">
    <failure message="Already connected" type="javax.ws.rs.ProcessingException"><![CDATA[javax.ws.rs.ProcessingException: Already connected
	at sun.net.www.protocol.http.HttpURLConnection.setRequestProperty(HttpURLConnection.java:3071)
	at org.glassfish.jersey.client.HttpUrlConnector.setOutboundHeaders(HttpUrlConnector.java:374)
	at org.glassfish.jersey.client.HttpUrlConnector.access$100(HttpUrlConnector.java:91)
	at org.glassfish.jersey.client.HttpUrlConnector$4.getOutputStream(HttpUrlConnector.java:325)
	at org.glassfish.jersey.message.internal.CommittingOutputStream.commitStream(CommittingOutputStream.java:200)
	at org.glassfish.jersey.message.internal.CommittingOutputStream.commitStream(CommittingOutputStream.java:194)
	at org.glassfish.jersey.message.internal.CommittingOutputStream.commit(CommittingOutputStream.java:262)
	at org.glassfish.jersey.message.internal.OutboundMessageContext.commitStream(OutboundMessageContext.java:816)
	at org.glassfish.jersey.client.ClientRequest.writeEntity(ClientRequest.java:545)
	at org.glassfish.jersey.client.HttpUrlConnector._apply(HttpUrlConnector.java:329)
	at org.glassfish.jersey.client.HttpUrlConnector.apply(HttpUrlConnector.java:242)
	at org.glassfish.jersey.client.ClientRuntime.invoke(ClientRuntime.java:254)
	at org.glassfish.jersey.client.JerseyInvocation$1.call(JerseyInvocation.java:671)
	at org.glassfish.jersey.client.JerseyInvocation$1.call(JerseyInvocation.java:668)
	at org.glassfish.jersey.internal.Errors.process(Errors.java:315)
	at org.glassfish.jersey.internal.Errors.process(Errors.java:297)
	at org.glassfish.jersey.internal.Errors.process(Errors.java:228)
	at org.glassfish.jersey.process.internal.RequestScope.runInScope(RequestScope.java:444)
	at org.glassfish.jersey.client.JerseyInvocation.invoke(JerseyInvocation.java:668)
	at org.glassfish.jersey.client.JerseyInvocation$Builder.method(JerseyInvocation.java:428)
	at org.glassfish.jersey.client.JerseyInvocation$Builder.post(JerseyInvocation.java:334)
	at com.myntra.lordoftherings.gandalf.RequestGenerator.CollectResponse(RequestGenerator.java:290)
	at com.myntra.lordoftherings.gandalf.RequestGenerator.PostResponse(RequestGenerator.java:194)
	at com.myntra.lordoftherings.gandalf.RequestGenerator.<init>(RequestGenerator.java:136)
	at com.myntra.apiTests.portalservices.idpservice.IDPServiceHelper.performSignUpOperation(IDPServiceHelper.java:67)
	at com.myntra.apiTests.portalservices.atsService.ATSHelper.performSignup(ATSHelper.java:156)
	at com.myntra.apiTests.portalservices.atsService.TestATSAPISV2.testSetandGetATSUserDetailsVerification(TestATSAPISV2.java:52)
]]></failure>
    <system-out><![CDATA[2018-05-17 15:39:18 [main] INFO  Payload:179 - ./Data/payloads/JSON/signup
2018-05-17 15:39:18 [main] INFO  Toolbox:74 - Begining reading file './Data/payloads/JSON/signup'

Printing IDPService SignUp API URL : http://idp.mjint.myntra.com/idp/auth/signup
2018-05-17 15:39:18 [main] INFO  IDPServiceHelper:62 - 
Printing IDPService SignUp API URL : http://idp.mjint.myntra.com/idp/auth/signup

Printing IDPService SignUp API Payload : 

{
    "login":"ead177e4-80ba-4cda-8ab1-81482edd4bb31@myntra.com",
    "password":"password123",
    "usertype":"C",
    "gender":"M",
    "title":"Mr",
    "firstname":"First Name",
    "lastname":"Last Name",
    "email":"ead177e4-80ba-4cda-8ab1-81482edd4bb31@myntra.com",
    "mobile":"5027827134",
    "captchaValue":"3572029068"
}

2018-05-17 15:39:18 [main] INFO  IDPServiceHelper:65 - 
Printing IDPService SignUp API Payload : 

{
    "login":"ead177e4-80ba-4cda-8ab1-81482edd4bb31@myntra.com",
    "password":"password123",
    "usertype":"C",
    "gender":"M",
    "title":"Mr",
    "firstname":"First Name",
    "lastname":"Last Name",
    "email":"ead177e4-80ba-4cda-8ab1-81482edd4bb31@myntra.com",
    "mobile":"5027827134",
    "captchaValue":"3572029068"
}

2018-05-17 15:39:18 [main] INFO  RequestGenerator:282 - debug:typeofdataresponse=application/json
2018-05-17 15:39:18 [main] INFO  RequestGenerator:283 - debug:typeofdatarequest=null
2018-05-17 15:39:18 [main] INFO  RequestGenerator:286 - this is json path
2018-05-17 15:39:18 [main] INFO  RequestGenerator:289 - posting the json request payload
]]></system-out>
  </testcase>
  <testcase name="testSetandGetATSUserDetailsVerification" classname="com.myntra.apiTests.portalservices.atsService.TestATSAPISV2" time="0.068">
    <failure message="Already connected" type="javax.ws.rs.ProcessingException"><![CDATA[javax.ws.rs.ProcessingException: Already connected
	at sun.net.www.protocol.http.HttpURLConnection.setRequestProperty(HttpURLConnection.java:3071)
	at org.glassfish.jersey.client.HttpUrlConnector.setOutboundHeaders(HttpUrlConnector.java:374)
	at org.glassfish.jersey.client.HttpUrlConnector.access$100(HttpUrlConnector.java:91)
	at org.glassfish.jersey.client.HttpUrlConnector$4.getOutputStream(HttpUrlConnector.java:325)
	at org.glassfish.jersey.message.internal.CommittingOutputStream.commitStream(CommittingOutputStream.java:200)
	at org.glassfish.jersey.message.internal.CommittingOutputStream.commitStream(CommittingOutputStream.java:194)
	at org.glassfish.jersey.message.internal.CommittingOutputStream.commit(CommittingOutputStream.java:262)
	at org.glassfish.jersey.message.internal.OutboundMessageContext.commitStream(OutboundMessageContext.java:816)
	at org.glassfish.jersey.client.ClientRequest.writeEntity(ClientRequest.java:545)
	at org.glassfish.jersey.client.HttpUrlConnector._apply(HttpUrlConnector.java:329)
	at org.glassfish.jersey.client.HttpUrlConnector.apply(HttpUrlConnector.java:242)
	at org.glassfish.jersey.client.ClientRuntime.invoke(ClientRuntime.java:254)
	at org.glassfish.jersey.client.JerseyInvocation$1.call(JerseyInvocation.java:671)
	at org.glassfish.jersey.client.JerseyInvocation$1.call(JerseyInvocation.java:668)
	at org.glassfish.jersey.internal.Errors.process(Errors.java:315)
	at org.glassfish.jersey.internal.Errors.process(Errors.java:297)
	at org.glassfish.jersey.internal.Errors.process(Errors.java:228)
	at org.glassfish.jersey.process.internal.RequestScope.runInScope(RequestScope.java:444)
	at org.glassfish.jersey.client.JerseyInvocation.invoke(JerseyInvocation.java:668)
	at org.glassfish.jersey.client.JerseyInvocation$Builder.method(JerseyInvocation.java:428)
	at org.glassfish.jersey.client.JerseyInvocation$Builder.post(JerseyInvocation.java:334)
	at com.myntra.lordoftherings.gandalf.RequestGenerator.CollectResponse(RequestGenerator.java:290)
	at com.myntra.lordoftherings.gandalf.RequestGenerator.PostResponse(RequestGenerator.java:194)
	at com.myntra.lordoftherings.gandalf.RequestGenerator.<init>(RequestGenerator.java:136)
	at com.myntra.apiTests.portalservices.idpservice.IDPServiceHelper.performSignUpOperation(IDPServiceHelper.java:67)
	at com.myntra.apiTests.portalservices.atsService.ATSHelper.performSignup(ATSHelper.java:156)
	at com.myntra.apiTests.portalservices.atsService.TestATSAPISV2.testSetandGetATSUserDetailsVerification(TestATSAPISV2.java:52)
]]></failure>
    <system-out><![CDATA[2018-05-17 15:39:18 [main] INFO  Payload:179 - ./Data/payloads/JSON/signup
2018-05-17 15:39:18 [main] INFO  Toolbox:74 - Begining reading file './Data/payloads/JSON/signup'

Printing IDPService SignUp API URL : http://idp.mjint.myntra.com/idp/auth/signup
2018-05-17 15:39:18 [main] INFO  IDPServiceHelper:62 - 
Printing IDPService SignUp API URL : http://idp.mjint.myntra.com/idp/auth/signup

Printing IDPService SignUp API Payload : 

{
    "login":"ead177e4-80ba-4cda-8ab1-81482edd4bb31@myntra.com",
    "password":"password123",
    "usertype":"C",
    "gender":"M",
    "title":"Mr",
    "firstname":"First Name",
    "lastname":"Last Name",
    "email":"ead177e4-80ba-4cda-8ab1-81482edd4bb31@myntra.com",
    "mobile":"5027827134",
    "captchaValue":"3572029068"
}

2018-05-17 15:39:18 [main] INFO  IDPServiceHelper:65 - 
Printing IDPService SignUp API Payload : 

{
    "login":"ead177e4-80ba-4cda-8ab1-81482edd4bb31@myntra.com",
    "password":"password123",
    "usertype":"C",
    "gender":"M",
    "title":"Mr",
    "firstname":"First Name",
    "lastname":"Last Name",
    "email":"ead177e4-80ba-4cda-8ab1-81482edd4bb31@myntra.com",
    "mobile":"5027827134",
    "captchaValue":"3572029068"
}

2018-05-17 15:39:18 [main] INFO  RequestGenerator:282 - debug:typeofdataresponse=application/json
2018-05-17 15:39:18 [main] INFO  RequestGenerator:283 - debug:typeofdatarequest=null
2018-05-17 15:39:19 [main] INFO  RequestGenerator:286 - this is json path
2018-05-17 15:39:19 [main] INFO  RequestGenerator:289 - posting the json request payload
]]></system-out>
  </testcase>
  <testcase name="testSetandGetATSUserDetailsVerification" classname="com.myntra.apiTests.portalservices.atsService.TestATSAPISV2" time="0.063">
    <failure message="Already connected" type="javax.ws.rs.ProcessingException"><![CDATA[javax.ws.rs.ProcessingException: Already connected
	at sun.net.www.protocol.http.HttpURLConnection.setRequestProperty(HttpURLConnection.java:3071)
	at org.glassfish.jersey.client.HttpUrlConnector.setOutboundHeaders(HttpUrlConnector.java:374)
	at org.glassfish.jersey.client.HttpUrlConnector.access$100(HttpUrlConnector.java:91)
	at org.glassfish.jersey.client.HttpUrlConnector$4.getOutputStream(HttpUrlConnector.java:325)
	at org.glassfish.jersey.message.internal.CommittingOutputStream.commitStream(CommittingOutputStream.java:200)
	at org.glassfish.jersey.message.internal.CommittingOutputStream.commitStream(CommittingOutputStream.java:194)
	at org.glassfish.jersey.message.internal.CommittingOutputStream.commit(CommittingOutputStream.java:262)
	at org.glassfish.jersey.message.internal.OutboundMessageContext.commitStream(OutboundMessageContext.java:816)
	at org.glassfish.jersey.client.ClientRequest.writeEntity(ClientRequest.java:545)
	at org.glassfish.jersey.client.HttpUrlConnector._apply(HttpUrlConnector.java:329)
	at org.glassfish.jersey.client.HttpUrlConnector.apply(HttpUrlConnector.java:242)
	at org.glassfish.jersey.client.ClientRuntime.invoke(ClientRuntime.java:254)
	at org.glassfish.jersey.client.JerseyInvocation$1.call(JerseyInvocation.java:671)
	at org.glassfish.jersey.client.JerseyInvocation$1.call(JerseyInvocation.java:668)
	at org.glassfish.jersey.internal.Errors.process(Errors.java:315)
	at org.glassfish.jersey.internal.Errors.process(Errors.java:297)
	at org.glassfish.jersey.internal.Errors.process(Errors.java:228)
	at org.glassfish.jersey.process.internal.RequestScope.runInScope(RequestScope.java:444)
	at org.glassfish.jersey.client.JerseyInvocation.invoke(JerseyInvocation.java:668)
	at org.glassfish.jersey.client.JerseyInvocation$Builder.method(JerseyInvocation.java:428)
	at org.glassfish.jersey.client.JerseyInvocation$Builder.post(JerseyInvocation.java:334)
	at com.myntra.lordoftherings.gandalf.RequestGenerator.CollectResponse(RequestGenerator.java:290)
	at com.myntra.lordoftherings.gandalf.RequestGenerator.PostResponse(RequestGenerator.java:194)
	at com.myntra.lordoftherings.gandalf.RequestGenerator.<init>(RequestGenerator.java:136)
	at com.myntra.apiTests.portalservices.idpservice.IDPServiceHelper.performSignUpOperation(IDPServiceHelper.java:67)
	at com.myntra.apiTests.portalservices.atsService.ATSHelper.performSignup(ATSHelper.java:156)
	at com.myntra.apiTests.portalservices.atsService.TestATSAPISV2.testSetandGetATSUserDetailsVerification(TestATSAPISV2.java:52)
]]></failure>
    <system-out><![CDATA[2018-05-17 15:39:19 [main] INFO  Payload:179 - ./Data/payloads/JSON/signup
2018-05-17 15:39:19 [main] INFO  Toolbox:74 - Begining reading file './Data/payloads/JSON/signup'

Printing IDPService SignUp API URL : http://idp.mjint.myntra.com/idp/auth/signup
2018-05-17 15:39:19 [main] INFO  IDPServiceHelper:62 - 
Printing IDPService SignUp API URL : http://idp.mjint.myntra.com/idp/auth/signup

Printing IDPService SignUp API Payload : 

{
    "login":"ead177e4-80ba-4cda-8ab1-81482edd4bb31@myntra.com",
    "password":"password123",
    "usertype":"C",
    "gender":"M",
    "title":"Mr",
    "firstname":"First Name",
    "lastname":"Last Name",
    "email":"ead177e4-80ba-4cda-8ab1-81482edd4bb31@myntra.com",
    "mobile":"5027827134",
    "captchaValue":"3572029068"
}

2018-05-17 15:39:19 [main] INFO  IDPServiceHelper:65 - 
Printing IDPService SignUp API Payload : 

{
    "login":"ead177e4-80ba-4cda-8ab1-81482edd4bb31@myntra.com",
    "password":"password123",
    "usertype":"C",
    "gender":"M",
    "title":"Mr",
    "firstname":"First Name",
    "lastname":"Last Name",
    "email":"ead177e4-80ba-4cda-8ab1-81482edd4bb31@myntra.com",
    "mobile":"5027827134",
    "captchaValue":"3572029068"
}

2018-05-17 15:39:19 [main] INFO  RequestGenerator:282 - debug:typeofdataresponse=application/json
2018-05-17 15:39:19 [main] INFO  RequestGenerator:283 - debug:typeofdatarequest=null
2018-05-17 15:39:19 [main] INFO  RequestGenerator:286 - this is json path
2018-05-17 15:39:19 [main] INFO  RequestGenerator:289 - posting the json request payload
]]></system-out>
  </testcase>
  <testcase name="testSetandGetATSUserDetailsVerification" classname="com.myntra.apiTests.portalservices.atsService.TestATSAPISV2" time="0.054">
    <failure message="Already connected" type="javax.ws.rs.ProcessingException"><![CDATA[javax.ws.rs.ProcessingException: Already connected
	at sun.net.www.protocol.http.HttpURLConnection.setRequestProperty(HttpURLConnection.java:3071)
	at org.glassfish.jersey.client.HttpUrlConnector.setOutboundHeaders(HttpUrlConnector.java:374)
	at org.glassfish.jersey.client.HttpUrlConnector.access$100(HttpUrlConnector.java:91)
	at org.glassfish.jersey.client.HttpUrlConnector$4.getOutputStream(HttpUrlConnector.java:325)
	at org.glassfish.jersey.message.internal.CommittingOutputStream.commitStream(CommittingOutputStream.java:200)
	at org.glassfish.jersey.message.internal.CommittingOutputStream.commitStream(CommittingOutputStream.java:194)
	at org.glassfish.jersey.message.internal.CommittingOutputStream.commit(CommittingOutputStream.java:262)
	at org.glassfish.jersey.message.internal.OutboundMessageContext.commitStream(OutboundMessageContext.java:816)
	at org.glassfish.jersey.client.ClientRequest.writeEntity(ClientRequest.java:545)
	at org.glassfish.jersey.client.HttpUrlConnector._apply(HttpUrlConnector.java:329)
	at org.glassfish.jersey.client.HttpUrlConnector.apply(HttpUrlConnector.java:242)
	at org.glassfish.jersey.client.ClientRuntime.invoke(ClientRuntime.java:254)
	at org.glassfish.jersey.client.JerseyInvocation$1.call(JerseyInvocation.java:671)
	at org.glassfish.jersey.client.JerseyInvocation$1.call(JerseyInvocation.java:668)
	at org.glassfish.jersey.internal.Errors.process(Errors.java:315)
	at org.glassfish.jersey.internal.Errors.process(Errors.java:297)
	at org.glassfish.jersey.internal.Errors.process(Errors.java:228)
	at org.glassfish.jersey.process.internal.RequestScope.runInScope(RequestScope.java:444)
	at org.glassfish.jersey.client.JerseyInvocation.invoke(JerseyInvocation.java:668)
	at org.glassfish.jersey.client.JerseyInvocation$Builder.method(JerseyInvocation.java:428)
	at org.glassfish.jersey.client.JerseyInvocation$Builder.post(JerseyInvocation.java:334)
	at com.myntra.lordoftherings.gandalf.RequestGenerator.CollectResponse(RequestGenerator.java:290)
	at com.myntra.lordoftherings.gandalf.RequestGenerator.PostResponse(RequestGenerator.java:194)
	at com.myntra.lordoftherings.gandalf.RequestGenerator.<init>(RequestGenerator.java:136)
	at com.myntra.apiTests.portalservices.idpservice.IDPServiceHelper.performSignUpOperation(IDPServiceHelper.java:67)
	at com.myntra.apiTests.portalservices.atsService.ATSHelper.performSignup(ATSHelper.java:156)
	at com.myntra.apiTests.portalservices.atsService.TestATSAPISV2.testSetandGetATSUserDetailsVerification(TestATSAPISV2.java:52)
]]></failure>
    <system-out><![CDATA[2018-05-17 15:39:19 [main] INFO  Payload:179 - ./Data/payloads/JSON/signup
2018-05-17 15:39:19 [main] INFO  Toolbox:74 - Begining reading file './Data/payloads/JSON/signup'

Printing IDPService SignUp API URL : http://idp.mjint.myntra.com/idp/auth/signup
2018-05-17 15:39:19 [main] INFO  IDPServiceHelper:62 - 
Printing IDPService SignUp API URL : http://idp.mjint.myntra.com/idp/auth/signup

Printing IDPService SignUp API Payload : 

{
    "login":"ead177e4-80ba-4cda-8ab1-81482edd4bb31@myntra.com",
    "password":"password123",
    "usertype":"C",
    "gender":"M",
    "title":"Mr",
    "firstname":"First Name",
    "lastname":"Last Name",
    "email":"ead177e4-80ba-4cda-8ab1-81482edd4bb31@myntra.com",
    "mobile":"5027827134",
    "captchaValue":"3572029068"
}

2018-05-17 15:39:19 [main] INFO  IDPServiceHelper:65 - 
Printing IDPService SignUp API Payload : 

{
    "login":"ead177e4-80ba-4cda-8ab1-81482edd4bb31@myntra.com",
    "password":"password123",
    "usertype":"C",
    "gender":"M",
    "title":"Mr",
    "firstname":"First Name",
    "lastname":"Last Name",
    "email":"ead177e4-80ba-4cda-8ab1-81482edd4bb31@myntra.com",
    "mobile":"5027827134",
    "captchaValue":"3572029068"
}

2018-05-17 15:39:19 [main] INFO  RequestGenerator:282 - debug:typeofdataresponse=application/json
2018-05-17 15:39:19 [main] INFO  RequestGenerator:283 - debug:typeofdatarequest=null
2018-05-17 15:39:19 [main] INFO  RequestGenerator:286 - this is json path
2018-05-17 15:39:19 [main] INFO  RequestGenerator:289 - posting the json request payload
]]></system-out>
  </testcase>
  <testcase name="testSetandGetATSUserDetailsVerification" classname="com.myntra.apiTests.portalservices.atsService.TestATSAPISV2" time="0.052">
    <failure message="Already connected" type="javax.ws.rs.ProcessingException"><![CDATA[javax.ws.rs.ProcessingException: Already connected
	at sun.net.www.protocol.http.HttpURLConnection.setRequestProperty(HttpURLConnection.java:3071)
	at org.glassfish.jersey.client.HttpUrlConnector.setOutboundHeaders(HttpUrlConnector.java:374)
	at org.glassfish.jersey.client.HttpUrlConnector.access$100(HttpUrlConnector.java:91)
	at org.glassfish.jersey.client.HttpUrlConnector$4.getOutputStream(HttpUrlConnector.java:325)
	at org.glassfish.jersey.message.internal.CommittingOutputStream.commitStream(CommittingOutputStream.java:200)
	at org.glassfish.jersey.message.internal.CommittingOutputStream.commitStream(CommittingOutputStream.java:194)
	at org.glassfish.jersey.message.internal.CommittingOutputStream.commit(CommittingOutputStream.java:262)
	at org.glassfish.jersey.message.internal.OutboundMessageContext.commitStream(OutboundMessageContext.java:816)
	at org.glassfish.jersey.client.ClientRequest.writeEntity(ClientRequest.java:545)
	at org.glassfish.jersey.client.HttpUrlConnector._apply(HttpUrlConnector.java:329)
	at org.glassfish.jersey.client.HttpUrlConnector.apply(HttpUrlConnector.java:242)
	at org.glassfish.jersey.client.ClientRuntime.invoke(ClientRuntime.java:254)
	at org.glassfish.jersey.client.JerseyInvocation$1.call(JerseyInvocation.java:671)
	at org.glassfish.jersey.client.JerseyInvocation$1.call(JerseyInvocation.java:668)
	at org.glassfish.jersey.internal.Errors.process(Errors.java:315)
	at org.glassfish.jersey.internal.Errors.process(Errors.java:297)
	at org.glassfish.jersey.internal.Errors.process(Errors.java:228)
	at org.glassfish.jersey.process.internal.RequestScope.runInScope(RequestScope.java:444)
	at org.glassfish.jersey.client.JerseyInvocation.invoke(JerseyInvocation.java:668)
	at org.glassfish.jersey.client.JerseyInvocation$Builder.method(JerseyInvocation.java:428)
	at org.glassfish.jersey.client.JerseyInvocation$Builder.post(JerseyInvocation.java:334)
	at com.myntra.lordoftherings.gandalf.RequestGenerator.CollectResponse(RequestGenerator.java:290)
	at com.myntra.lordoftherings.gandalf.RequestGenerator.PostResponse(RequestGenerator.java:194)
	at com.myntra.lordoftherings.gandalf.RequestGenerator.<init>(RequestGenerator.java:136)
	at com.myntra.apiTests.portalservices.idpservice.IDPServiceHelper.performSignUpOperation(IDPServiceHelper.java:67)
	at com.myntra.apiTests.portalservices.atsService.ATSHelper.performSignup(ATSHelper.java:156)
	at com.myntra.apiTests.portalservices.atsService.TestATSAPISV2.testSetandGetATSUserDetailsVerification(TestATSAPISV2.java:52)
]]></failure>
    <system-out><![CDATA[2018-05-17 15:39:19 [main] INFO  Payload:179 - ./Data/payloads/JSON/signup
2018-05-17 15:39:19 [main] INFO  Toolbox:74 - Begining reading file './Data/payloads/JSON/signup'

Printing IDPService SignUp API URL : http://idp.mjint.myntra.com/idp/auth/signup
2018-05-17 15:39:19 [main] INFO  IDPServiceHelper:62 - 
Printing IDPService SignUp API URL : http://idp.mjint.myntra.com/idp/auth/signup

Printing IDPService SignUp API Payload : 

{
    "login":"ead177e4-80ba-4cda-8ab1-81482edd4bb31@myntra.com",
    "password":"password123",
    "usertype":"C",
    "gender":"M",
    "title":"Mr",
    "firstname":"First Name",
    "lastname":"Last Name",
    "email":"ead177e4-80ba-4cda-8ab1-81482edd4bb31@myntra.com",
    "mobile":"5027827134",
    "captchaValue":"3572029068"
}

2018-05-17 15:39:19 [main] INFO  IDPServiceHelper:65 - 
Printing IDPService SignUp API Payload : 

{
    "login":"ead177e4-80ba-4cda-8ab1-81482edd4bb31@myntra.com",
    "password":"password123",
    "usertype":"C",
    "gender":"M",
    "title":"Mr",
    "firstname":"First Name",
    "lastname":"Last Name",
    "email":"ead177e4-80ba-4cda-8ab1-81482edd4bb31@myntra.com",
    "mobile":"5027827134",
    "captchaValue":"3572029068"
}

2018-05-17 15:39:19 [main] INFO  RequestGenerator:282 - debug:typeofdataresponse=application/json
2018-05-17 15:39:19 [main] INFO  RequestGenerator:283 - debug:typeofdatarequest=null
2018-05-17 15:39:19 [main] INFO  RequestGenerator:286 - this is json path
2018-05-17 15:39:19 [main] INFO  RequestGenerator:289 - posting the json request payload
]]></system-out>
  </testcase>
  <testcase name="testSetandGetATSUserDetailsVerification" classname="com.myntra.apiTests.portalservices.atsService.TestATSAPISV2" time="0.066">
    <failure message="Already connected" type="javax.ws.rs.ProcessingException"><![CDATA[javax.ws.rs.ProcessingException: Already connected
	at sun.net.www.protocol.http.HttpURLConnection.setRequestProperty(HttpURLConnection.java:3071)
	at org.glassfish.jersey.client.HttpUrlConnector.setOutboundHeaders(HttpUrlConnector.java:374)
	at org.glassfish.jersey.client.HttpUrlConnector.access$100(HttpUrlConnector.java:91)
	at org.glassfish.jersey.client.HttpUrlConnector$4.getOutputStream(HttpUrlConnector.java:325)
	at org.glassfish.jersey.message.internal.CommittingOutputStream.commitStream(CommittingOutputStream.java:200)
	at org.glassfish.jersey.message.internal.CommittingOutputStream.commitStream(CommittingOutputStream.java:194)
	at org.glassfish.jersey.message.internal.CommittingOutputStream.commit(CommittingOutputStream.java:262)
	at org.glassfish.jersey.message.internal.OutboundMessageContext.commitStream(OutboundMessageContext.java:816)
	at org.glassfish.jersey.client.ClientRequest.writeEntity(ClientRequest.java:545)
	at org.glassfish.jersey.client.HttpUrlConnector._apply(HttpUrlConnector.java:329)
	at org.glassfish.jersey.client.HttpUrlConnector.apply(HttpUrlConnector.java:242)
	at org.glassfish.jersey.client.ClientRuntime.invoke(ClientRuntime.java:254)
	at org.glassfish.jersey.client.JerseyInvocation$1.call(JerseyInvocation.java:671)
	at org.glassfish.jersey.client.JerseyInvocation$1.call(JerseyInvocation.java:668)
	at org.glassfish.jersey.internal.Errors.process(Errors.java:315)
	at org.glassfish.jersey.internal.Errors.process(Errors.java:297)
	at org.glassfish.jersey.internal.Errors.process(Errors.java:228)
	at org.glassfish.jersey.process.internal.RequestScope.runInScope(RequestScope.java:444)
	at org.glassfish.jersey.client.JerseyInvocation.invoke(JerseyInvocation.java:668)
	at org.glassfish.jersey.client.JerseyInvocation$Builder.method(JerseyInvocation.java:428)
	at org.glassfish.jersey.client.JerseyInvocation$Builder.post(JerseyInvocation.java:334)
	at com.myntra.lordoftherings.gandalf.RequestGenerator.CollectResponse(RequestGenerator.java:290)
	at com.myntra.lordoftherings.gandalf.RequestGenerator.PostResponse(RequestGenerator.java:194)
	at com.myntra.lordoftherings.gandalf.RequestGenerator.<init>(RequestGenerator.java:136)
	at com.myntra.apiTests.portalservices.idpservice.IDPServiceHelper.performSignUpOperation(IDPServiceHelper.java:67)
	at com.myntra.apiTests.portalservices.atsService.ATSHelper.performSignup(ATSHelper.java:156)
	at com.myntra.apiTests.portalservices.atsService.TestATSAPISV2.testSetandGetATSUserDetailsVerification(TestATSAPISV2.java:52)
]]></failure>
    <system-out><![CDATA[2018-05-17 15:39:19 [main] INFO  Payload:179 - ./Data/payloads/JSON/signup
2018-05-17 15:39:19 [main] INFO  Toolbox:74 - Begining reading file './Data/payloads/JSON/signup'

Printing IDPService SignUp API URL : http://idp.mjint.myntra.com/idp/auth/signup
2018-05-17 15:39:19 [main] INFO  IDPServiceHelper:62 - 
Printing IDPService SignUp API URL : http://idp.mjint.myntra.com/idp/auth/signup

Printing IDPService SignUp API Payload : 

{
    "login":"ead177e4-80ba-4cda-8ab1-81482edd4bb31@myntra.com",
    "password":"password123",
    "usertype":"C",
    "gender":"M",
    "title":"Mr",
    "firstname":"First Name",
    "lastname":"Last Name",
    "email":"ead177e4-80ba-4cda-8ab1-81482edd4bb31@myntra.com",
    "mobile":"5027827134",
    "captchaValue":"3572029068"
}

2018-05-17 15:39:19 [main] INFO  IDPServiceHelper:65 - 
Printing IDPService SignUp API Payload : 

{
    "login":"ead177e4-80ba-4cda-8ab1-81482edd4bb31@myntra.com",
    "password":"password123",
    "usertype":"C",
    "gender":"M",
    "title":"Mr",
    "firstname":"First Name",
    "lastname":"Last Name",
    "email":"ead177e4-80ba-4cda-8ab1-81482edd4bb31@myntra.com",
    "mobile":"5027827134",
    "captchaValue":"3572029068"
}

2018-05-17 15:39:19 [main] INFO  RequestGenerator:282 - debug:typeofdataresponse=application/json
2018-05-17 15:39:19 [main] INFO  RequestGenerator:283 - debug:typeofdatarequest=null
2018-05-17 15:39:19 [main] INFO  RequestGenerator:286 - this is json path
2018-05-17 15:39:19 [main] INFO  RequestGenerator:289 - posting the json request payload
]]></system-out>
  </testcase>
  <testcase name="testSetandGetATSUserDetailsVerification" classname="com.myntra.apiTests.portalservices.atsService.TestATSAPISV2" time="0.083">
    <failure message="Already connected" type="javax.ws.rs.ProcessingException"><![CDATA[javax.ws.rs.ProcessingException: Already connected
	at sun.net.www.protocol.http.HttpURLConnection.setRequestProperty(HttpURLConnection.java:3071)
	at org.glassfish.jersey.client.HttpUrlConnector.setOutboundHeaders(HttpUrlConnector.java:374)
	at org.glassfish.jersey.client.HttpUrlConnector.access$100(HttpUrlConnector.java:91)
	at org.glassfish.jersey.client.HttpUrlConnector$4.getOutputStream(HttpUrlConnector.java:325)
	at org.glassfish.jersey.message.internal.CommittingOutputStream.commitStream(CommittingOutputStream.java:200)
	at org.glassfish.jersey.message.internal.CommittingOutputStream.commitStream(CommittingOutputStream.java:194)
	at org.glassfish.jersey.message.internal.CommittingOutputStream.commit(CommittingOutputStream.java:262)
	at org.glassfish.jersey.message.internal.OutboundMessageContext.commitStream(OutboundMessageContext.java:816)
	at org.glassfish.jersey.client.ClientRequest.writeEntity(ClientRequest.java:545)
	at org.glassfish.jersey.client.HttpUrlConnector._apply(HttpUrlConnector.java:329)
	at org.glassfish.jersey.client.HttpUrlConnector.apply(HttpUrlConnector.java:242)
	at org.glassfish.jersey.client.ClientRuntime.invoke(ClientRuntime.java:254)
	at org.glassfish.jersey.client.JerseyInvocation$1.call(JerseyInvocation.java:671)
	at org.glassfish.jersey.client.JerseyInvocation$1.call(JerseyInvocation.java:668)
	at org.glassfish.jersey.internal.Errors.process(Errors.java:315)
	at org.glassfish.jersey.internal.Errors.process(Errors.java:297)
	at org.glassfish.jersey.internal.Errors.process(Errors.java:228)
	at org.glassfish.jersey.process.internal.RequestScope.runInScope(RequestScope.java:444)
	at org.glassfish.jersey.client.JerseyInvocation.invoke(JerseyInvocation.java:668)
	at org.glassfish.jersey.client.JerseyInvocation$Builder.method(JerseyInvocation.java:428)
	at org.glassfish.jersey.client.JerseyInvocation$Builder.post(JerseyInvocation.java:334)
	at com.myntra.lordoftherings.gandalf.RequestGenerator.CollectResponse(RequestGenerator.java:290)
	at com.myntra.lordoftherings.gandalf.RequestGenerator.PostResponse(RequestGenerator.java:194)
	at com.myntra.lordoftherings.gandalf.RequestGenerator.<init>(RequestGenerator.java:136)
	at com.myntra.apiTests.portalservices.idpservice.IDPServiceHelper.performSignUpOperation(IDPServiceHelper.java:67)
	at com.myntra.apiTests.portalservices.atsService.ATSHelper.performSignup(ATSHelper.java:156)
	at com.myntra.apiTests.portalservices.atsService.TestATSAPISV2.testSetandGetATSUserDetailsVerification(TestATSAPISV2.java:52)
]]></failure>
    <system-out><![CDATA[2018-05-17 15:39:19 [main] INFO  Payload:179 - ./Data/payloads/JSON/signup
2018-05-17 15:39:19 [main] INFO  Toolbox:74 - Begining reading file './Data/payloads/JSON/signup'

Printing IDPService SignUp API URL : http://idp.mjint.myntra.com/idp/auth/signup
2018-05-17 15:39:19 [main] INFO  IDPServiceHelper:62 - 
Printing IDPService SignUp API URL : http://idp.mjint.myntra.com/idp/auth/signup

Printing IDPService SignUp API Payload : 

{
    "login":"ead177e4-80ba-4cda-8ab1-81482edd4bb31@myntra.com",
    "password":"password123",
    "usertype":"C",
    "gender":"M",
    "title":"Mr",
    "firstname":"First Name",
    "lastname":"Last Name",
    "email":"ead177e4-80ba-4cda-8ab1-81482edd4bb31@myntra.com",
    "mobile":"5027827134",
    "captchaValue":"3572029068"
}

2018-05-17 15:39:19 [main] INFO  IDPServiceHelper:65 - 
Printing IDPService SignUp API Payload : 

{
    "login":"ead177e4-80ba-4cda-8ab1-81482edd4bb31@myntra.com",
    "password":"password123",
    "usertype":"C",
    "gender":"M",
    "title":"Mr",
    "firstname":"First Name",
    "lastname":"Last Name",
    "email":"ead177e4-80ba-4cda-8ab1-81482edd4bb31@myntra.com",
    "mobile":"5027827134",
    "captchaValue":"3572029068"
}

2018-05-17 15:39:19 [main] INFO  RequestGenerator:282 - debug:typeofdataresponse=application/json
2018-05-17 15:39:19 [main] INFO  RequestGenerator:283 - debug:typeofdatarequest=null
2018-05-17 15:39:19 [main] INFO  RequestGenerator:286 - this is json path
2018-05-17 15:39:19 [main] INFO  RequestGenerator:289 - posting the json request payload
]]></system-out>
  </testcase>
  <testcase name="testSetandGetATSUserDetailsVerification" classname="com.myntra.apiTests.portalservices.atsService.TestATSAPISV2" time="0.09">
    <failure message="Already connected" type="javax.ws.rs.ProcessingException"><![CDATA[javax.ws.rs.ProcessingException: Already connected
	at sun.net.www.protocol.http.HttpURLConnection.setRequestProperty(HttpURLConnection.java:3071)
	at org.glassfish.jersey.client.HttpUrlConnector.setOutboundHeaders(HttpUrlConnector.java:374)
	at org.glassfish.jersey.client.HttpUrlConnector.access$100(HttpUrlConnector.java:91)
	at org.glassfish.jersey.client.HttpUrlConnector$4.getOutputStream(HttpUrlConnector.java:325)
	at org.glassfish.jersey.message.internal.CommittingOutputStream.commitStream(CommittingOutputStream.java:200)
	at org.glassfish.jersey.message.internal.CommittingOutputStream.commitStream(CommittingOutputStream.java:194)
	at org.glassfish.jersey.message.internal.CommittingOutputStream.commit(CommittingOutputStream.java:262)
	at org.glassfish.jersey.message.internal.OutboundMessageContext.commitStream(OutboundMessageContext.java:816)
	at org.glassfish.jersey.client.ClientRequest.writeEntity(ClientRequest.java:545)
	at org.glassfish.jersey.client.HttpUrlConnector._apply(HttpUrlConnector.java:329)
	at org.glassfish.jersey.client.HttpUrlConnector.apply(HttpUrlConnector.java:242)
	at org.glassfish.jersey.client.ClientRuntime.invoke(ClientRuntime.java:254)
	at org.glassfish.jersey.client.JerseyInvocation$1.call(JerseyInvocation.java:671)
	at org.glassfish.jersey.client.JerseyInvocation$1.call(JerseyInvocation.java:668)
	at org.glassfish.jersey.internal.Errors.process(Errors.java:315)
	at org.glassfish.jersey.internal.Errors.process(Errors.java:297)
	at org.glassfish.jersey.internal.Errors.process(Errors.java:228)
	at org.glassfish.jersey.process.internal.RequestScope.runInScope(RequestScope.java:444)
	at org.glassfish.jersey.client.JerseyInvocation.invoke(JerseyInvocation.java:668)
	at org.glassfish.jersey.client.JerseyInvocation$Builder.method(JerseyInvocation.java:428)
	at org.glassfish.jersey.client.JerseyInvocation$Builder.post(JerseyInvocation.java:334)
	at com.myntra.lordoftherings.gandalf.RequestGenerator.CollectResponse(RequestGenerator.java:290)
	at com.myntra.lordoftherings.gandalf.RequestGenerator.PostResponse(RequestGenerator.java:194)
	at com.myntra.lordoftherings.gandalf.RequestGenerator.<init>(RequestGenerator.java:136)
	at com.myntra.apiTests.portalservices.idpservice.IDPServiceHelper.performSignUpOperation(IDPServiceHelper.java:67)
	at com.myntra.apiTests.portalservices.atsService.ATSHelper.performSignup(ATSHelper.java:156)
	at com.myntra.apiTests.portalservices.atsService.TestATSAPISV2.testSetandGetATSUserDetailsVerification(TestATSAPISV2.java:52)
]]></failure>
    <system-out><![CDATA[2018-05-17 15:39:19 [main] INFO  Payload:179 - ./Data/payloads/JSON/signup
2018-05-17 15:39:19 [main] INFO  Toolbox:74 - Begining reading file './Data/payloads/JSON/signup'

Printing IDPService SignUp API URL : http://idp.mjint.myntra.com/idp/auth/signup
2018-05-17 15:39:19 [main] INFO  IDPServiceHelper:62 - 
Printing IDPService SignUp API URL : http://idp.mjint.myntra.com/idp/auth/signup

Printing IDPService SignUp API Payload : 

{
    "login":"ead177e4-80ba-4cda-8ab1-81482edd4bb31@myntra.com",
    "password":"password123",
    "usertype":"C",
    "gender":"M",
    "title":"Mr",
    "firstname":"First Name",
    "lastname":"Last Name",
    "email":"ead177e4-80ba-4cda-8ab1-81482edd4bb31@myntra.com",
    "mobile":"5027827134",
    "captchaValue":"3572029068"
}

2018-05-17 15:39:19 [main] INFO  IDPServiceHelper:65 - 
Printing IDPService SignUp API Payload : 

{
    "login":"ead177e4-80ba-4cda-8ab1-81482edd4bb31@myntra.com",
    "password":"password123",
    "usertype":"C",
    "gender":"M",
    "title":"Mr",
    "firstname":"First Name",
    "lastname":"Last Name",
    "email":"ead177e4-80ba-4cda-8ab1-81482edd4bb31@myntra.com",
    "mobile":"5027827134",
    "captchaValue":"3572029068"
}

2018-05-17 15:39:19 [main] INFO  RequestGenerator:282 - debug:typeofdataresponse=application/json
2018-05-17 15:39:19 [main] INFO  RequestGenerator:283 - debug:typeofdatarequest=null
2018-05-17 15:39:19 [main] INFO  RequestGenerator:286 - this is json path
2018-05-17 15:39:19 [main] INFO  RequestGenerator:289 - posting the json request payload
]]></system-out>
  </testcase>
  <testcase name="testSetandGetATSUserDetailsVerification" classname="com.myntra.apiTests.portalservices.atsService.TestATSAPISV2" time="0.093">
    <failure message="Already connected" type="javax.ws.rs.ProcessingException"><![CDATA[javax.ws.rs.ProcessingException: Already connected
	at sun.net.www.protocol.http.HttpURLConnection.setRequestProperty(HttpURLConnection.java:3071)
	at org.glassfish.jersey.client.HttpUrlConnector.setOutboundHeaders(HttpUrlConnector.java:374)
	at org.glassfish.jersey.client.HttpUrlConnector.access$100(HttpUrlConnector.java:91)
	at org.glassfish.jersey.client.HttpUrlConnector$4.getOutputStream(HttpUrlConnector.java:325)
	at org.glassfish.jersey.message.internal.CommittingOutputStream.commitStream(CommittingOutputStream.java:200)
	at org.glassfish.jersey.message.internal.CommittingOutputStream.commitStream(CommittingOutputStream.java:194)
	at org.glassfish.jersey.message.internal.CommittingOutputStream.commit(CommittingOutputStream.java:262)
	at org.glassfish.jersey.message.internal.OutboundMessageContext.commitStream(OutboundMessageContext.java:816)
	at org.glassfish.jersey.client.ClientRequest.writeEntity(ClientRequest.java:545)
	at org.glassfish.jersey.client.HttpUrlConnector._apply(HttpUrlConnector.java:329)
	at org.glassfish.jersey.client.HttpUrlConnector.apply(HttpUrlConnector.java:242)
	at org.glassfish.jersey.client.ClientRuntime.invoke(ClientRuntime.java:254)
	at org.glassfish.jersey.client.JerseyInvocation$1.call(JerseyInvocation.java:671)
	at org.glassfish.jersey.client.JerseyInvocation$1.call(JerseyInvocation.java:668)
	at org.glassfish.jersey.internal.Errors.process(Errors.java:315)
	at org.glassfish.jersey.internal.Errors.process(Errors.java:297)
	at org.glassfish.jersey.internal.Errors.process(Errors.java:228)
	at org.glassfish.jersey.process.internal.RequestScope.runInScope(RequestScope.java:444)
	at org.glassfish.jersey.client.JerseyInvocation.invoke(JerseyInvocation.java:668)
	at org.glassfish.jersey.client.JerseyInvocation$Builder.method(JerseyInvocation.java:428)
	at org.glassfish.jersey.client.JerseyInvocation$Builder.post(JerseyInvocation.java:334)
	at com.myntra.lordoftherings.gandalf.RequestGenerator.CollectResponse(RequestGenerator.java:290)
	at com.myntra.lordoftherings.gandalf.RequestGenerator.PostResponse(RequestGenerator.java:194)
	at com.myntra.lordoftherings.gandalf.RequestGenerator.<init>(RequestGenerator.java:136)
	at com.myntra.apiTests.portalservices.idpservice.IDPServiceHelper.performSignUpOperation(IDPServiceHelper.java:67)
	at com.myntra.apiTests.portalservices.atsService.ATSHelper.performSignup(ATSHelper.java:156)
	at com.myntra.apiTests.portalservices.atsService.TestATSAPISV2.testSetandGetATSUserDetailsVerification(TestATSAPISV2.java:52)
]]></failure>
    <system-out><![CDATA[2018-05-17 15:39:19 [main] INFO  Payload:179 - ./Data/payloads/JSON/signup
2018-05-17 15:39:19 [main] INFO  Toolbox:74 - Begining reading file './Data/payloads/JSON/signup'

Printing IDPService SignUp API URL : http://idp.mjint.myntra.com/idp/auth/signup
2018-05-17 15:39:19 [main] INFO  IDPServiceHelper:62 - 
Printing IDPService SignUp API URL : http://idp.mjint.myntra.com/idp/auth/signup

Printing IDPService SignUp API Payload : 

{
    "login":"ead177e4-80ba-4cda-8ab1-81482edd4bb31@myntra.com",
    "password":"password123",
    "usertype":"C",
    "gender":"M",
    "title":"Mr",
    "firstname":"First Name",
    "lastname":"Last Name",
    "email":"ead177e4-80ba-4cda-8ab1-81482edd4bb31@myntra.com",
    "mobile":"5027827134",
    "captchaValue":"3572029068"
}

2018-05-17 15:39:19 [main] INFO  IDPServiceHelper:65 - 
Printing IDPService SignUp API Payload : 

{
    "login":"ead177e4-80ba-4cda-8ab1-81482edd4bb31@myntra.com",
    "password":"password123",
    "usertype":"C",
    "gender":"M",
    "title":"Mr",
    "firstname":"First Name",
    "lastname":"Last Name",
    "email":"ead177e4-80ba-4cda-8ab1-81482edd4bb31@myntra.com",
    "mobile":"5027827134",
    "captchaValue":"3572029068"
}

2018-05-17 15:39:19 [main] INFO  RequestGenerator:282 - debug:typeofdataresponse=application/json
2018-05-17 15:39:19 [main] INFO  RequestGenerator:283 - debug:typeofdatarequest=null
2018-05-17 15:39:19 [main] INFO  RequestGenerator:286 - this is json path
2018-05-17 15:39:19 [main] INFO  RequestGenerator:289 - posting the json request payload
]]></system-out>
  </testcase>
  <testcase name="testSetandGetATSUserDetailsVerification" classname="com.myntra.apiTests.portalservices.atsService.TestATSAPISV2" time="0.088">
    <failure message="Already connected" type="javax.ws.rs.ProcessingException"><![CDATA[javax.ws.rs.ProcessingException: Already connected
	at sun.net.www.protocol.http.HttpURLConnection.setRequestProperty(HttpURLConnection.java:3071)
	at org.glassfish.jersey.client.HttpUrlConnector.setOutboundHeaders(HttpUrlConnector.java:374)
	at org.glassfish.jersey.client.HttpUrlConnector.access$100(HttpUrlConnector.java:91)
	at org.glassfish.jersey.client.HttpUrlConnector$4.getOutputStream(HttpUrlConnector.java:325)
	at org.glassfish.jersey.message.internal.CommittingOutputStream.commitStream(CommittingOutputStream.java:200)
	at org.glassfish.jersey.message.internal.CommittingOutputStream.commitStream(CommittingOutputStream.java:194)
	at org.glassfish.jersey.message.internal.CommittingOutputStream.commit(CommittingOutputStream.java:262)
	at org.glassfish.jersey.message.internal.OutboundMessageContext.commitStream(OutboundMessageContext.java:816)
	at org.glassfish.jersey.client.ClientRequest.writeEntity(ClientRequest.java:545)
	at org.glassfish.jersey.client.HttpUrlConnector._apply(HttpUrlConnector.java:329)
	at org.glassfish.jersey.client.HttpUrlConnector.apply(HttpUrlConnector.java:242)
	at org.glassfish.jersey.client.ClientRuntime.invoke(ClientRuntime.java:254)
	at org.glassfish.jersey.client.JerseyInvocation$1.call(JerseyInvocation.java:671)
	at org.glassfish.jersey.client.JerseyInvocation$1.call(JerseyInvocation.java:668)
	at org.glassfish.jersey.internal.Errors.process(Errors.java:315)
	at org.glassfish.jersey.internal.Errors.process(Errors.java:297)
	at org.glassfish.jersey.internal.Errors.process(Errors.java:228)
	at org.glassfish.jersey.process.internal.RequestScope.runInScope(RequestScope.java:444)
	at org.glassfish.jersey.client.JerseyInvocation.invoke(JerseyInvocation.java:668)
	at org.glassfish.jersey.client.JerseyInvocation$Builder.method(JerseyInvocation.java:428)
	at org.glassfish.jersey.client.JerseyInvocation$Builder.post(JerseyInvocation.java:334)
	at com.myntra.lordoftherings.gandalf.RequestGenerator.CollectResponse(RequestGenerator.java:290)
	at com.myntra.lordoftherings.gandalf.RequestGenerator.PostResponse(RequestGenerator.java:194)
	at com.myntra.lordoftherings.gandalf.RequestGenerator.<init>(RequestGenerator.java:136)
	at com.myntra.apiTests.portalservices.idpservice.IDPServiceHelper.performSignUpOperation(IDPServiceHelper.java:67)
	at com.myntra.apiTests.portalservices.atsService.ATSHelper.performSignup(ATSHelper.java:156)
	at com.myntra.apiTests.portalservices.atsService.TestATSAPISV2.testSetandGetATSUserDetailsVerification(TestATSAPISV2.java:52)
]]></failure>
    <system-out><![CDATA[2018-05-17 15:39:19 [main] INFO  Payload:179 - ./Data/payloads/JSON/signup
2018-05-17 15:39:19 [main] INFO  Toolbox:74 - Begining reading file './Data/payloads/JSON/signup'

Printing IDPService SignUp API URL : http://idp.mjint.myntra.com/idp/auth/signup
2018-05-17 15:39:19 [main] INFO  IDPServiceHelper:62 - 
Printing IDPService SignUp API URL : http://idp.mjint.myntra.com/idp/auth/signup

Printing IDPService SignUp API Payload : 

{
    "login":"ead177e4-80ba-4cda-8ab1-81482edd4bb31@myntra.com",
    "password":"password123",
    "usertype":"C",
    "gender":"M",
    "title":"Mr",
    "firstname":"First Name",
    "lastname":"Last Name",
    "email":"ead177e4-80ba-4cda-8ab1-81482edd4bb31@myntra.com",
    "mobile":"5027827134",
    "captchaValue":"3572029068"
}

2018-05-17 15:39:19 [main] INFO  IDPServiceHelper:65 - 
Printing IDPService SignUp API Payload : 

{
    "login":"ead177e4-80ba-4cda-8ab1-81482edd4bb31@myntra.com",
    "password":"password123",
    "usertype":"C",
    "gender":"M",
    "title":"Mr",
    "firstname":"First Name",
    "lastname":"Last Name",
    "email":"ead177e4-80ba-4cda-8ab1-81482edd4bb31@myntra.com",
    "mobile":"5027827134",
    "captchaValue":"3572029068"
}

2018-05-17 15:39:19 [main] INFO  RequestGenerator:282 - debug:typeofdataresponse=application/json
2018-05-17 15:39:19 [main] INFO  RequestGenerator:283 - debug:typeofdatarequest=null
2018-05-17 15:39:19 [main] INFO  RequestGenerator:286 - this is json path
2018-05-17 15:39:19 [main] INFO  RequestGenerator:289 - posting the json request payload
]]></system-out>
  </testcase>
  <testcase name="testSetandGetATSUserDetailsVerification" classname="com.myntra.apiTests.portalservices.atsService.TestATSAPISV2" time="0.078">
    <failure message="Already connected" type="javax.ws.rs.ProcessingException"><![CDATA[javax.ws.rs.ProcessingException: Already connected
	at sun.net.www.protocol.http.HttpURLConnection.setRequestProperty(HttpURLConnection.java:3071)
	at org.glassfish.jersey.client.HttpUrlConnector.setOutboundHeaders(HttpUrlConnector.java:374)
	at org.glassfish.jersey.client.HttpUrlConnector.access$100(HttpUrlConnector.java:91)
	at org.glassfish.jersey.client.HttpUrlConnector$4.getOutputStream(HttpUrlConnector.java:325)
	at org.glassfish.jersey.message.internal.CommittingOutputStream.commitStream(CommittingOutputStream.java:200)
	at org.glassfish.jersey.message.internal.CommittingOutputStream.commitStream(CommittingOutputStream.java:194)
	at org.glassfish.jersey.message.internal.CommittingOutputStream.commit(CommittingOutputStream.java:262)
	at org.glassfish.jersey.message.internal.OutboundMessageContext.commitStream(OutboundMessageContext.java:816)
	at org.glassfish.jersey.client.ClientRequest.writeEntity(ClientRequest.java:545)
	at org.glassfish.jersey.client.HttpUrlConnector._apply(HttpUrlConnector.java:329)
	at org.glassfish.jersey.client.HttpUrlConnector.apply(HttpUrlConnector.java:242)
	at org.glassfish.jersey.client.ClientRuntime.invoke(ClientRuntime.java:254)
	at org.glassfish.jersey.client.JerseyInvocation$1.call(JerseyInvocation.java:671)
	at org.glassfish.jersey.client.JerseyInvocation$1.call(JerseyInvocation.java:668)
	at org.glassfish.jersey.internal.Errors.process(Errors.java:315)
	at org.glassfish.jersey.internal.Errors.process(Errors.java:297)
	at org.glassfish.jersey.internal.Errors.process(Errors.java:228)
	at org.glassfish.jersey.process.internal.RequestScope.runInScope(RequestScope.java:444)
	at org.glassfish.jersey.client.JerseyInvocation.invoke(JerseyInvocation.java:668)
	at org.glassfish.jersey.client.JerseyInvocation$Builder.method(JerseyInvocation.java:428)
	at org.glassfish.jersey.client.JerseyInvocation$Builder.post(JerseyInvocation.java:334)
	at com.myntra.lordoftherings.gandalf.RequestGenerator.CollectResponse(RequestGenerator.java:290)
	at com.myntra.lordoftherings.gandalf.RequestGenerator.PostResponse(RequestGenerator.java:194)
	at com.myntra.lordoftherings.gandalf.RequestGenerator.<init>(RequestGenerator.java:136)
	at com.myntra.apiTests.portalservices.idpservice.IDPServiceHelper.performSignUpOperation(IDPServiceHelper.java:67)
	at com.myntra.apiTests.portalservices.atsService.ATSHelper.performSignup(ATSHelper.java:156)
	at com.myntra.apiTests.portalservices.atsService.TestATSAPISV2.testSetandGetATSUserDetailsVerification(TestATSAPISV2.java:52)
]]></failure>
    <system-out><![CDATA[2018-05-17 15:39:19 [main] INFO  Payload:179 - ./Data/payloads/JSON/signup
2018-05-17 15:39:19 [main] INFO  Toolbox:74 - Begining reading file './Data/payloads/JSON/signup'

Printing IDPService SignUp API URL : http://idp.mjint.myntra.com/idp/auth/signup
2018-05-17 15:39:19 [main] INFO  IDPServiceHelper:62 - 
Printing IDPService SignUp API URL : http://idp.mjint.myntra.com/idp/auth/signup

Printing IDPService SignUp API Payload : 

{
    "login":"ead177e4-80ba-4cda-8ab1-81482edd4bb31@myntra.com",
    "password":"password123",
    "usertype":"C",
    "gender":"M",
    "title":"Mr",
    "firstname":"First Name",
    "lastname":"Last Name",
    "email":"ead177e4-80ba-4cda-8ab1-81482edd4bb31@myntra.com",
    "mobile":"5027827134",
    "captchaValue":"3572029068"
}

2018-05-17 15:39:19 [main] INFO  IDPServiceHelper:65 - 
Printing IDPService SignUp API Payload : 

{
    "login":"ead177e4-80ba-4cda-8ab1-81482edd4bb31@myntra.com",
    "password":"password123",
    "usertype":"C",
    "gender":"M",
    "title":"Mr",
    "firstname":"First Name",
    "lastname":"Last Name",
    "email":"ead177e4-80ba-4cda-8ab1-81482edd4bb31@myntra.com",
    "mobile":"5027827134",
    "captchaValue":"3572029068"
}

2018-05-17 15:39:19 [main] INFO  RequestGenerator:282 - debug:typeofdataresponse=application/json
2018-05-17 15:39:19 [main] INFO  RequestGenerator:283 - debug:typeofdatarequest=null
2018-05-17 15:39:19 [main] INFO  RequestGenerator:286 - this is json path
2018-05-17 15:39:19 [main] INFO  RequestGenerator:289 - posting the json request payload
]]></system-out>
  </testcase>
  <testcase name="testSetandGetATSUserDetailsVerification" classname="com.myntra.apiTests.portalservices.atsService.TestATSAPISV2" time="0.093">
    <failure message="Already connected" type="javax.ws.rs.ProcessingException"><![CDATA[javax.ws.rs.ProcessingException: Already connected
	at sun.net.www.protocol.http.HttpURLConnection.setRequestProperty(HttpURLConnection.java:3071)
	at org.glassfish.jersey.client.HttpUrlConnector.setOutboundHeaders(HttpUrlConnector.java:374)
	at org.glassfish.jersey.client.HttpUrlConnector.access$100(HttpUrlConnector.java:91)
	at org.glassfish.jersey.client.HttpUrlConnector$4.getOutputStream(HttpUrlConnector.java:325)
	at org.glassfish.jersey.message.internal.CommittingOutputStream.commitStream(CommittingOutputStream.java:200)
	at org.glassfish.jersey.message.internal.CommittingOutputStream.commitStream(CommittingOutputStream.java:194)
	at org.glassfish.jersey.message.internal.CommittingOutputStream.commit(CommittingOutputStream.java:262)
	at org.glassfish.jersey.message.internal.OutboundMessageContext.commitStream(OutboundMessageContext.java:816)
	at org.glassfish.jersey.client.ClientRequest.writeEntity(ClientRequest.java:545)
	at org.glassfish.jersey.client.HttpUrlConnector._apply(HttpUrlConnector.java:329)
	at org.glassfish.jersey.client.HttpUrlConnector.apply(HttpUrlConnector.java:242)
	at org.glassfish.jersey.client.ClientRuntime.invoke(ClientRuntime.java:254)
	at org.glassfish.jersey.client.JerseyInvocation$1.call(JerseyInvocation.java:671)
	at org.glassfish.jersey.client.JerseyInvocation$1.call(JerseyInvocation.java:668)
	at org.glassfish.jersey.internal.Errors.process(Errors.java:315)
	at org.glassfish.jersey.internal.Errors.process(Errors.java:297)
	at org.glassfish.jersey.internal.Errors.process(Errors.java:228)
	at org.glassfish.jersey.process.internal.RequestScope.runInScope(RequestScope.java:444)
	at org.glassfish.jersey.client.JerseyInvocation.invoke(JerseyInvocation.java:668)
	at org.glassfish.jersey.client.JerseyInvocation$Builder.method(JerseyInvocation.java:428)
	at org.glassfish.jersey.client.JerseyInvocation$Builder.post(JerseyInvocation.java:334)
	at com.myntra.lordoftherings.gandalf.RequestGenerator.CollectResponse(RequestGenerator.java:290)
	at com.myntra.lordoftherings.gandalf.RequestGenerator.PostResponse(RequestGenerator.java:194)
	at com.myntra.lordoftherings.gandalf.RequestGenerator.<init>(RequestGenerator.java:136)
	at com.myntra.apiTests.portalservices.idpservice.IDPServiceHelper.performSignUpOperation(IDPServiceHelper.java:67)
	at com.myntra.apiTests.portalservices.atsService.ATSHelper.performSignup(ATSHelper.java:156)
	at com.myntra.apiTests.portalservices.atsService.TestATSAPISV2.testSetandGetATSUserDetailsVerification(TestATSAPISV2.java:52)
]]></failure>
    <system-out><![CDATA[2018-05-17 15:39:19 [main] INFO  Payload:179 - ./Data/payloads/JSON/signup
2018-05-17 15:39:19 [main] INFO  Toolbox:74 - Begining reading file './Data/payloads/JSON/signup'

Printing IDPService SignUp API URL : http://idp.mjint.myntra.com/idp/auth/signup
2018-05-17 15:39:19 [main] INFO  IDPServiceHelper:62 - 
Printing IDPService SignUp API URL : http://idp.mjint.myntra.com/idp/auth/signup

Printing IDPService SignUp API Payload : 

{
    "login":"ead177e4-80ba-4cda-8ab1-81482edd4bb31@myntra.com",
    "password":"password123",
    "usertype":"C",
    "gender":"M",
    "title":"Mr",
    "firstname":"First Name",
    "lastname":"Last Name",
    "email":"ead177e4-80ba-4cda-8ab1-81482edd4bb31@myntra.com",
    "mobile":"5027827134",
    "captchaValue":"3572029068"
}

2018-05-17 15:39:19 [main] INFO  IDPServiceHelper:65 - 
Printing IDPService SignUp API Payload : 

{
    "login":"ead177e4-80ba-4cda-8ab1-81482edd4bb31@myntra.com",
    "password":"password123",
    "usertype":"C",
    "gender":"M",
    "title":"Mr",
    "firstname":"First Name",
    "lastname":"Last Name",
    "email":"ead177e4-80ba-4cda-8ab1-81482edd4bb31@myntra.com",
    "mobile":"5027827134",
    "captchaValue":"3572029068"
}

2018-05-17 15:39:19 [main] INFO  RequestGenerator:282 - debug:typeofdataresponse=application/json
2018-05-17 15:39:19 [main] INFO  RequestGenerator:283 - debug:typeofdatarequest=null
2018-05-17 15:39:19 [main] INFO  RequestGenerator:286 - this is json path
2018-05-17 15:39:19 [main] INFO  RequestGenerator:289 - posting the json request payload
]]></system-out>
  </testcase>
  <testcase name="testSetandGetATSUserDetailsVerification" classname="com.myntra.apiTests.portalservices.atsService.TestATSAPISV2" time="0.092">
    <failure message="Already connected" type="javax.ws.rs.ProcessingException"><![CDATA[javax.ws.rs.ProcessingException: Already connected
	at sun.net.www.protocol.http.HttpURLConnection.setRequestProperty(HttpURLConnection.java:3071)
	at org.glassfish.jersey.client.HttpUrlConnector.setOutboundHeaders(HttpUrlConnector.java:374)
	at org.glassfish.jersey.client.HttpUrlConnector.access$100(HttpUrlConnector.java:91)
	at org.glassfish.jersey.client.HttpUrlConnector$4.getOutputStream(HttpUrlConnector.java:325)
	at org.glassfish.jersey.message.internal.CommittingOutputStream.commitStream(CommittingOutputStream.java:200)
	at org.glassfish.jersey.message.internal.CommittingOutputStream.commitStream(CommittingOutputStream.java:194)
	at org.glassfish.jersey.message.internal.CommittingOutputStream.commit(CommittingOutputStream.java:262)
	at org.glassfish.jersey.message.internal.OutboundMessageContext.commitStream(OutboundMessageContext.java:816)
	at org.glassfish.jersey.client.ClientRequest.writeEntity(ClientRequest.java:545)
	at org.glassfish.jersey.client.HttpUrlConnector._apply(HttpUrlConnector.java:329)
	at org.glassfish.jersey.client.HttpUrlConnector.apply(HttpUrlConnector.java:242)
	at org.glassfish.jersey.client.ClientRuntime.invoke(ClientRuntime.java:254)
	at org.glassfish.jersey.client.JerseyInvocation$1.call(JerseyInvocation.java:671)
	at org.glassfish.jersey.client.JerseyInvocation$1.call(JerseyInvocation.java:668)
	at org.glassfish.jersey.internal.Errors.process(Errors.java:315)
	at org.glassfish.jersey.internal.Errors.process(Errors.java:297)
	at org.glassfish.jersey.internal.Errors.process(Errors.java:228)
	at org.glassfish.jersey.process.internal.RequestScope.runInScope(RequestScope.java:444)
	at org.glassfish.jersey.client.JerseyInvocation.invoke(JerseyInvocation.java:668)
	at org.glassfish.jersey.client.JerseyInvocation$Builder.method(JerseyInvocation.java:428)
	at org.glassfish.jersey.client.JerseyInvocation$Builder.post(JerseyInvocation.java:334)
	at com.myntra.lordoftherings.gandalf.RequestGenerator.CollectResponse(RequestGenerator.java:290)
	at com.myntra.lordoftherings.gandalf.RequestGenerator.PostResponse(RequestGenerator.java:194)
	at com.myntra.lordoftherings.gandalf.RequestGenerator.<init>(RequestGenerator.java:136)
	at com.myntra.apiTests.portalservices.idpservice.IDPServiceHelper.performSignUpOperation(IDPServiceHelper.java:67)
	at com.myntra.apiTests.portalservices.atsService.ATSHelper.performSignup(ATSHelper.java:156)
	at com.myntra.apiTests.portalservices.atsService.TestATSAPISV2.testSetandGetATSUserDetailsVerification(TestATSAPISV2.java:52)
]]></failure>
    <system-out><![CDATA[2018-05-17 15:39:19 [main] INFO  Payload:179 - ./Data/payloads/JSON/signup
2018-05-17 15:39:19 [main] INFO  Toolbox:74 - Begining reading file './Data/payloads/JSON/signup'

Printing IDPService SignUp API URL : http://idp.mjint.myntra.com/idp/auth/signup
2018-05-17 15:39:19 [main] INFO  IDPServiceHelper:62 - 
Printing IDPService SignUp API URL : http://idp.mjint.myntra.com/idp/auth/signup

Printing IDPService SignUp API Payload : 

{
    "login":"ead177e4-80ba-4cda-8ab1-81482edd4bb31@myntra.com",
    "password":"password123",
    "usertype":"C",
    "gender":"M",
    "title":"Mr",
    "firstname":"First Name",
    "lastname":"Last Name",
    "email":"ead177e4-80ba-4cda-8ab1-81482edd4bb31@myntra.com",
    "mobile":"5027827134",
    "captchaValue":"3572029068"
}

2018-05-17 15:39:19 [main] INFO  IDPServiceHelper:65 - 
Printing IDPService SignUp API Payload : 

{
    "login":"ead177e4-80ba-4cda-8ab1-81482edd4bb31@myntra.com",
    "password":"password123",
    "usertype":"C",
    "gender":"M",
    "title":"Mr",
    "firstname":"First Name",
    "lastname":"Last Name",
    "email":"ead177e4-80ba-4cda-8ab1-81482edd4bb31@myntra.com",
    "mobile":"5027827134",
    "captchaValue":"3572029068"
}

2018-05-17 15:39:19 [main] INFO  RequestGenerator:282 - debug:typeofdataresponse=application/json
2018-05-17 15:39:19 [main] INFO  RequestGenerator:283 - debug:typeofdatarequest=null
2018-05-17 15:39:19 [main] INFO  RequestGenerator:286 - this is json path
2018-05-17 15:39:19 [main] INFO  RequestGenerator:289 - posting the json request payload
]]></system-out>
  </testcase>
  <testcase name="testSetandGetATSUserDetailsVerification" classname="com.myntra.apiTests.portalservices.atsService.TestATSAPISV2" time="0.085">
    <failure message="Already connected" type="javax.ws.rs.ProcessingException"><![CDATA[javax.ws.rs.ProcessingException: Already connected
	at sun.net.www.protocol.http.HttpURLConnection.setRequestProperty(HttpURLConnection.java:3071)
	at org.glassfish.jersey.client.HttpUrlConnector.setOutboundHeaders(HttpUrlConnector.java:374)
	at org.glassfish.jersey.client.HttpUrlConnector.access$100(HttpUrlConnector.java:91)
	at org.glassfish.jersey.client.HttpUrlConnector$4.getOutputStream(HttpUrlConnector.java:325)
	at org.glassfish.jersey.message.internal.CommittingOutputStream.commitStream(CommittingOutputStream.java:200)
	at org.glassfish.jersey.message.internal.CommittingOutputStream.commitStream(CommittingOutputStream.java:194)
	at org.glassfish.jersey.message.internal.CommittingOutputStream.commit(CommittingOutputStream.java:262)
	at org.glassfish.jersey.message.internal.OutboundMessageContext.commitStream(OutboundMessageContext.java:816)
	at org.glassfish.jersey.client.ClientRequest.writeEntity(ClientRequest.java:545)
	at org.glassfish.jersey.client.HttpUrlConnector._apply(HttpUrlConnector.java:329)
	at org.glassfish.jersey.client.HttpUrlConnector.apply(HttpUrlConnector.java:242)
	at org.glassfish.jersey.client.ClientRuntime.invoke(ClientRuntime.java:254)
	at org.glassfish.jersey.client.JerseyInvocation$1.call(JerseyInvocation.java:671)
	at org.glassfish.jersey.client.JerseyInvocation$1.call(JerseyInvocation.java:668)
	at org.glassfish.jersey.internal.Errors.process(Errors.java:315)
	at org.glassfish.jersey.internal.Errors.process(Errors.java:297)
	at org.glassfish.jersey.internal.Errors.process(Errors.java:228)
	at org.glassfish.jersey.process.internal.RequestScope.runInScope(RequestScope.java:444)
	at org.glassfish.jersey.client.JerseyInvocation.invoke(JerseyInvocation.java:668)
	at org.glassfish.jersey.client.JerseyInvocation$Builder.method(JerseyInvocation.java:428)
	at org.glassfish.jersey.client.JerseyInvocation$Builder.post(JerseyInvocation.java:334)
	at com.myntra.lordoftherings.gandalf.RequestGenerator.CollectResponse(RequestGenerator.java:290)
	at com.myntra.lordoftherings.gandalf.RequestGenerator.PostResponse(RequestGenerator.java:194)
	at com.myntra.lordoftherings.gandalf.RequestGenerator.<init>(RequestGenerator.java:136)
	at com.myntra.apiTests.portalservices.idpservice.IDPServiceHelper.performSignUpOperation(IDPServiceHelper.java:67)
	at com.myntra.apiTests.portalservices.atsService.ATSHelper.performSignup(ATSHelper.java:156)
	at com.myntra.apiTests.portalservices.atsService.TestATSAPISV2.testSetandGetATSUserDetailsVerification(TestATSAPISV2.java:52)
]]></failure>
    <system-out><![CDATA[2018-05-17 15:39:19 [main] INFO  Payload:179 - ./Data/payloads/JSON/signup
2018-05-17 15:39:19 [main] INFO  Toolbox:74 - Begining reading file './Data/payloads/JSON/signup'

Printing IDPService SignUp API URL : http://idp.mjint.myntra.com/idp/auth/signup
2018-05-17 15:39:19 [main] INFO  IDPServiceHelper:62 - 
Printing IDPService SignUp API URL : http://idp.mjint.myntra.com/idp/auth/signup

Printing IDPService SignUp API Payload : 

{
    "login":"ead177e4-80ba-4cda-8ab1-81482edd4bb31@myntra.com",
    "password":"password123",
    "usertype":"C",
    "gender":"M",
    "title":"Mr",
    "firstname":"First Name",
    "lastname":"Last Name",
    "email":"ead177e4-80ba-4cda-8ab1-81482edd4bb31@myntra.com",
    "mobile":"5027827134",
    "captchaValue":"3572029068"
}

2018-05-17 15:39:19 [main] INFO  IDPServiceHelper:65 - 
Printing IDPService SignUp API Payload : 

{
    "login":"ead177e4-80ba-4cda-8ab1-81482edd4bb31@myntra.com",
    "password":"password123",
    "usertype":"C",
    "gender":"M",
    "title":"Mr",
    "firstname":"First Name",
    "lastname":"Last Name",
    "email":"ead177e4-80ba-4cda-8ab1-81482edd4bb31@myntra.com",
    "mobile":"5027827134",
    "captchaValue":"3572029068"
}

2018-05-17 15:39:19 [main] INFO  RequestGenerator:282 - debug:typeofdataresponse=application/json
2018-05-17 15:39:19 [main] INFO  RequestGenerator:283 - debug:typeofdatarequest=null
2018-05-17 15:39:19 [main] INFO  RequestGenerator:286 - this is json path
2018-05-17 15:39:19 [main] INFO  RequestGenerator:289 - posting the json request payload
]]></system-out>
  </testcase>
  <testcase name="testSetandGetATSUserDetailsVerification" classname="com.myntra.apiTests.portalservices.atsService.TestATSAPISV2" time="0.103">
    <failure message="Already connected" type="javax.ws.rs.ProcessingException"><![CDATA[javax.ws.rs.ProcessingException: Already connected
	at sun.net.www.protocol.http.HttpURLConnection.setRequestProperty(HttpURLConnection.java:3071)
	at org.glassfish.jersey.client.HttpUrlConnector.setOutboundHeaders(HttpUrlConnector.java:374)
	at org.glassfish.jersey.client.HttpUrlConnector.access$100(HttpUrlConnector.java:91)
	at org.glassfish.jersey.client.HttpUrlConnector$4.getOutputStream(HttpUrlConnector.java:325)
	at org.glassfish.jersey.message.internal.CommittingOutputStream.commitStream(CommittingOutputStream.java:200)
	at org.glassfish.jersey.message.internal.CommittingOutputStream.commitStream(CommittingOutputStream.java:194)
	at org.glassfish.jersey.message.internal.CommittingOutputStream.commit(CommittingOutputStream.java:262)
	at org.glassfish.jersey.message.internal.OutboundMessageContext.commitStream(OutboundMessageContext.java:816)
	at org.glassfish.jersey.client.ClientRequest.writeEntity(ClientRequest.java:545)
	at org.glassfish.jersey.client.HttpUrlConnector._apply(HttpUrlConnector.java:329)
	at org.glassfish.jersey.client.HttpUrlConnector.apply(HttpUrlConnector.java:242)
	at org.glassfish.jersey.client.ClientRuntime.invoke(ClientRuntime.java:254)
	at org.glassfish.jersey.client.JerseyInvocation$1.call(JerseyInvocation.java:671)
	at org.glassfish.jersey.client.JerseyInvocation$1.call(JerseyInvocation.java:668)
	at org.glassfish.jersey.internal.Errors.process(Errors.java:315)
	at org.glassfish.jersey.internal.Errors.process(Errors.java:297)
	at org.glassfish.jersey.internal.Errors.process(Errors.java:228)
	at org.glassfish.jersey.process.internal.RequestScope.runInScope(RequestScope.java:444)
	at org.glassfish.jersey.client.JerseyInvocation.invoke(JerseyInvocation.java:668)
	at org.glassfish.jersey.client.JerseyInvocation$Builder.method(JerseyInvocation.java:428)
	at org.glassfish.jersey.client.JerseyInvocation$Builder.post(JerseyInvocation.java:334)
	at com.myntra.lordoftherings.gandalf.RequestGenerator.CollectResponse(RequestGenerator.java:290)
	at com.myntra.lordoftherings.gandalf.RequestGenerator.PostResponse(RequestGenerator.java:194)
	at com.myntra.lordoftherings.gandalf.RequestGenerator.<init>(RequestGenerator.java:136)
	at com.myntra.apiTests.portalservices.idpservice.IDPServiceHelper.performSignUpOperation(IDPServiceHelper.java:67)
	at com.myntra.apiTests.portalservices.atsService.ATSHelper.performSignup(ATSHelper.java:156)
	at com.myntra.apiTests.portalservices.atsService.TestATSAPISV2.testSetandGetATSUserDetailsVerification(TestATSAPISV2.java:52)
]]></failure>
    <system-out><![CDATA[2018-05-17 15:39:20 [main] INFO  Payload:179 - ./Data/payloads/JSON/signup
2018-05-17 15:39:20 [main] INFO  Toolbox:74 - Begining reading file './Data/payloads/JSON/signup'

Printing IDPService SignUp API URL : http://idp.mjint.myntra.com/idp/auth/signup
2018-05-17 15:39:20 [main] INFO  IDPServiceHelper:62 - 
Printing IDPService SignUp API URL : http://idp.mjint.myntra.com/idp/auth/signup

Printing IDPService SignUp API Payload : 

{
    "login":"ead177e4-80ba-4cda-8ab1-81482edd4bb31@myntra.com",
    "password":"password123",
    "usertype":"C",
    "gender":"M",
    "title":"Mr",
    "firstname":"First Name",
    "lastname":"Last Name",
    "email":"ead177e4-80ba-4cda-8ab1-81482edd4bb31@myntra.com",
    "mobile":"5027827134",
    "captchaValue":"3572029068"
}

2018-05-17 15:39:20 [main] INFO  IDPServiceHelper:65 - 
Printing IDPService SignUp API Payload : 

{
    "login":"ead177e4-80ba-4cda-8ab1-81482edd4bb31@myntra.com",
    "password":"password123",
    "usertype":"C",
    "gender":"M",
    "title":"Mr",
    "firstname":"First Name",
    "lastname":"Last Name",
    "email":"ead177e4-80ba-4cda-8ab1-81482edd4bb31@myntra.com",
    "mobile":"5027827134",
    "captchaValue":"3572029068"
}

2018-05-17 15:39:20 [main] INFO  RequestGenerator:282 - debug:typeofdataresponse=application/json
2018-05-17 15:39:20 [main] INFO  RequestGenerator:283 - debug:typeofdatarequest=null
2018-05-17 15:39:20 [main] INFO  RequestGenerator:286 - this is json path
2018-05-17 15:39:20 [main] INFO  RequestGenerator:289 - posting the json request payload
]]></system-out>
  </testcase>
  <testcase name="testSetandGetATSUserDetailsVerification" classname="com.myntra.apiTests.portalservices.atsService.TestATSAPISV2" time="0.106">
    <failure message="Already connected" type="javax.ws.rs.ProcessingException"><![CDATA[javax.ws.rs.ProcessingException: Already connected
	at sun.net.www.protocol.http.HttpURLConnection.setRequestProperty(HttpURLConnection.java:3071)
	at org.glassfish.jersey.client.HttpUrlConnector.setOutboundHeaders(HttpUrlConnector.java:374)
	at org.glassfish.jersey.client.HttpUrlConnector.access$100(HttpUrlConnector.java:91)
	at org.glassfish.jersey.client.HttpUrlConnector$4.getOutputStream(HttpUrlConnector.java:325)
	at org.glassfish.jersey.message.internal.CommittingOutputStream.commitStream(CommittingOutputStream.java:200)
	at org.glassfish.jersey.message.internal.CommittingOutputStream.commitStream(CommittingOutputStream.java:194)
	at org.glassfish.jersey.message.internal.CommittingOutputStream.commit(CommittingOutputStream.java:262)
	at org.glassfish.jersey.message.internal.OutboundMessageContext.commitStream(OutboundMessageContext.java:816)
	at org.glassfish.jersey.client.ClientRequest.writeEntity(ClientRequest.java:545)
	at org.glassfish.jersey.client.HttpUrlConnector._apply(HttpUrlConnector.java:329)
	at org.glassfish.jersey.client.HttpUrlConnector.apply(HttpUrlConnector.java:242)
	at org.glassfish.jersey.client.ClientRuntime.invoke(ClientRuntime.java:254)
	at org.glassfish.jersey.client.JerseyInvocation$1.call(JerseyInvocation.java:671)
	at org.glassfish.jersey.client.JerseyInvocation$1.call(JerseyInvocation.java:668)
	at org.glassfish.jersey.internal.Errors.process(Errors.java:315)
	at org.glassfish.jersey.internal.Errors.process(Errors.java:297)
	at org.glassfish.jersey.internal.Errors.process(Errors.java:228)
	at org.glassfish.jersey.process.internal.RequestScope.runInScope(RequestScope.java:444)
	at org.glassfish.jersey.client.JerseyInvocation.invoke(JerseyInvocation.java:668)
	at org.glassfish.jersey.client.JerseyInvocation$Builder.method(JerseyInvocation.java:428)
	at org.glassfish.jersey.client.JerseyInvocation$Builder.post(JerseyInvocation.java:334)
	at com.myntra.lordoftherings.gandalf.RequestGenerator.CollectResponse(RequestGenerator.java:290)
	at com.myntra.lordoftherings.gandalf.RequestGenerator.PostResponse(RequestGenerator.java:194)
	at com.myntra.lordoftherings.gandalf.RequestGenerator.<init>(RequestGenerator.java:136)
	at com.myntra.apiTests.portalservices.idpservice.IDPServiceHelper.performSignUpOperation(IDPServiceHelper.java:67)
	at com.myntra.apiTests.portalservices.atsService.ATSHelper.performSignup(ATSHelper.java:156)
	at com.myntra.apiTests.portalservices.atsService.TestATSAPISV2.testSetandGetATSUserDetailsVerification(TestATSAPISV2.java:52)
]]></failure>
    <system-out><![CDATA[2018-05-17 15:39:20 [main] INFO  Payload:179 - ./Data/payloads/JSON/signup
2018-05-17 15:39:20 [main] INFO  Toolbox:74 - Begining reading file './Data/payloads/JSON/signup'

Printing IDPService SignUp API URL : http://idp.mjint.myntra.com/idp/auth/signup
2018-05-17 15:39:20 [main] INFO  IDPServiceHelper:62 - 
Printing IDPService SignUp API URL : http://idp.mjint.myntra.com/idp/auth/signup

Printing IDPService SignUp API Payload : 

{
    "login":"ead177e4-80ba-4cda-8ab1-81482edd4bb31@myntra.com",
    "password":"password123",
    "usertype":"C",
    "gender":"M",
    "title":"Mr",
    "firstname":"First Name",
    "lastname":"Last Name",
    "email":"ead177e4-80ba-4cda-8ab1-81482edd4bb31@myntra.com",
    "mobile":"5027827134",
    "captchaValue":"3572029068"
}

2018-05-17 15:39:20 [main] INFO  IDPServiceHelper:65 - 
Printing IDPService SignUp API Payload : 

{
    "login":"ead177e4-80ba-4cda-8ab1-81482edd4bb31@myntra.com",
    "password":"password123",
    "usertype":"C",
    "gender":"M",
    "title":"Mr",
    "firstname":"First Name",
    "lastname":"Last Name",
    "email":"ead177e4-80ba-4cda-8ab1-81482edd4bb31@myntra.com",
    "mobile":"5027827134",
    "captchaValue":"3572029068"
}

2018-05-17 15:39:20 [main] INFO  RequestGenerator:282 - debug:typeofdataresponse=application/json
2018-05-17 15:39:20 [main] INFO  RequestGenerator:283 - debug:typeofdatarequest=null
2018-05-17 15:39:20 [main] INFO  RequestGenerator:286 - this is json path
2018-05-17 15:39:20 [main] INFO  RequestGenerator:289 - posting the json request payload
]]></system-out>
  </testcase>
  <testcase name="testSetandGetATSUserDetailsVerification" classname="com.myntra.apiTests.portalservices.atsService.TestATSAPISV2" time="0.088">
    <failure message="Already connected" type="javax.ws.rs.ProcessingException"><![CDATA[javax.ws.rs.ProcessingException: Already connected
	at sun.net.www.protocol.http.HttpURLConnection.setRequestProperty(HttpURLConnection.java:3071)
	at org.glassfish.jersey.client.HttpUrlConnector.setOutboundHeaders(HttpUrlConnector.java:374)
	at org.glassfish.jersey.client.HttpUrlConnector.access$100(HttpUrlConnector.java:91)
	at org.glassfish.jersey.client.HttpUrlConnector$4.getOutputStream(HttpUrlConnector.java:325)
	at org.glassfish.jersey.message.internal.CommittingOutputStream.commitStream(CommittingOutputStream.java:200)
	at org.glassfish.jersey.message.internal.CommittingOutputStream.commitStream(CommittingOutputStream.java:194)
	at org.glassfish.jersey.message.internal.CommittingOutputStream.commit(CommittingOutputStream.java:262)
	at org.glassfish.jersey.message.internal.OutboundMessageContext.commitStream(OutboundMessageContext.java:816)
	at org.glassfish.jersey.client.ClientRequest.writeEntity(ClientRequest.java:545)
	at org.glassfish.jersey.client.HttpUrlConnector._apply(HttpUrlConnector.java:329)
	at org.glassfish.jersey.client.HttpUrlConnector.apply(HttpUrlConnector.java:242)
	at org.glassfish.jersey.client.ClientRuntime.invoke(ClientRuntime.java:254)
	at org.glassfish.jersey.client.JerseyInvocation$1.call(JerseyInvocation.java:671)
	at org.glassfish.jersey.client.JerseyInvocation$1.call(JerseyInvocation.java:668)
	at org.glassfish.jersey.internal.Errors.process(Errors.java:315)
	at org.glassfish.jersey.internal.Errors.process(Errors.java:297)
	at org.glassfish.jersey.internal.Errors.process(Errors.java:228)
	at org.glassfish.jersey.process.internal.RequestScope.runInScope(RequestScope.java:444)
	at org.glassfish.jersey.client.JerseyInvocation.invoke(JerseyInvocation.java:668)
	at org.glassfish.jersey.client.JerseyInvocation$Builder.method(JerseyInvocation.java:428)
	at org.glassfish.jersey.client.JerseyInvocation$Builder.post(JerseyInvocation.java:334)
	at com.myntra.lordoftherings.gandalf.RequestGenerator.CollectResponse(RequestGenerator.java:290)
	at com.myntra.lordoftherings.gandalf.RequestGenerator.PostResponse(RequestGenerator.java:194)
	at com.myntra.lordoftherings.gandalf.RequestGenerator.<init>(RequestGenerator.java:136)
	at com.myntra.apiTests.portalservices.idpservice.IDPServiceHelper.performSignUpOperation(IDPServiceHelper.java:67)
	at com.myntra.apiTests.portalservices.atsService.ATSHelper.performSignup(ATSHelper.java:156)
	at com.myntra.apiTests.portalservices.atsService.TestATSAPISV2.testSetandGetATSUserDetailsVerification(TestATSAPISV2.java:52)
]]></failure>
    <system-out><![CDATA[2018-05-17 15:39:20 [main] INFO  Payload:179 - ./Data/payloads/JSON/signup
2018-05-17 15:39:20 [main] INFO  Toolbox:74 - Begining reading file './Data/payloads/JSON/signup'

Printing IDPService SignUp API URL : http://idp.mjint.myntra.com/idp/auth/signup
2018-05-17 15:39:20 [main] INFO  IDPServiceHelper:62 - 
Printing IDPService SignUp API URL : http://idp.mjint.myntra.com/idp/auth/signup

Printing IDPService SignUp API Payload : 

{
    "login":"ead177e4-80ba-4cda-8ab1-81482edd4bb31@myntra.com",
    "password":"password123",
    "usertype":"C",
    "gender":"M",
    "title":"Mr",
    "firstname":"First Name",
    "lastname":"Last Name",
    "email":"ead177e4-80ba-4cda-8ab1-81482edd4bb31@myntra.com",
    "mobile":"5027827134",
    "captchaValue":"3572029068"
}

2018-05-17 15:39:20 [main] INFO  IDPServiceHelper:65 - 
Printing IDPService SignUp API Payload : 

{
    "login":"ead177e4-80ba-4cda-8ab1-81482edd4bb31@myntra.com",
    "password":"password123",
    "usertype":"C",
    "gender":"M",
    "title":"Mr",
    "firstname":"First Name",
    "lastname":"Last Name",
    "email":"ead177e4-80ba-4cda-8ab1-81482edd4bb31@myntra.com",
    "mobile":"5027827134",
    "captchaValue":"3572029068"
}

2018-05-17 15:39:20 [main] INFO  RequestGenerator:282 - debug:typeofdataresponse=application/json
2018-05-17 15:39:20 [main] INFO  RequestGenerator:283 - debug:typeofdatarequest=null
2018-05-17 15:39:20 [main] INFO  RequestGenerator:286 - this is json path
2018-05-17 15:39:20 [main] INFO  RequestGenerator:289 - posting the json request payload
]]></system-out>
  </testcase>
  <testcase name="testSetandGetATSUserDetailsVerification" classname="com.myntra.apiTests.portalservices.atsService.TestATSAPISV2" time="0.078">
    <failure message="Already connected" type="javax.ws.rs.ProcessingException"><![CDATA[javax.ws.rs.ProcessingException: Already connected
	at sun.net.www.protocol.http.HttpURLConnection.setRequestProperty(HttpURLConnection.java:3071)
	at org.glassfish.jersey.client.HttpUrlConnector.setOutboundHeaders(HttpUrlConnector.java:374)
	at org.glassfish.jersey.client.HttpUrlConnector.access$100(HttpUrlConnector.java:91)
	at org.glassfish.jersey.client.HttpUrlConnector$4.getOutputStream(HttpUrlConnector.java:325)
	at org.glassfish.jersey.message.internal.CommittingOutputStream.commitStream(CommittingOutputStream.java:200)
	at org.glassfish.jersey.message.internal.CommittingOutputStream.commitStream(CommittingOutputStream.java:194)
	at org.glassfish.jersey.message.internal.CommittingOutputStream.commit(CommittingOutputStream.java:262)
	at org.glassfish.jersey.message.internal.OutboundMessageContext.commitStream(OutboundMessageContext.java:816)
	at org.glassfish.jersey.client.ClientRequest.writeEntity(ClientRequest.java:545)
	at org.glassfish.jersey.client.HttpUrlConnector._apply(HttpUrlConnector.java:329)
	at org.glassfish.jersey.client.HttpUrlConnector.apply(HttpUrlConnector.java:242)
	at org.glassfish.jersey.client.ClientRuntime.invoke(ClientRuntime.java:254)
	at org.glassfish.jersey.client.JerseyInvocation$1.call(JerseyInvocation.java:671)
	at org.glassfish.jersey.client.JerseyInvocation$1.call(JerseyInvocation.java:668)
	at org.glassfish.jersey.internal.Errors.process(Errors.java:315)
	at org.glassfish.jersey.internal.Errors.process(Errors.java:297)
	at org.glassfish.jersey.internal.Errors.process(Errors.java:228)
	at org.glassfish.jersey.process.internal.RequestScope.runInScope(RequestScope.java:444)
	at org.glassfish.jersey.client.JerseyInvocation.invoke(JerseyInvocation.java:668)
	at org.glassfish.jersey.client.JerseyInvocation$Builder.method(JerseyInvocation.java:428)
	at org.glassfish.jersey.client.JerseyInvocation$Builder.post(JerseyInvocation.java:334)
	at com.myntra.lordoftherings.gandalf.RequestGenerator.CollectResponse(RequestGenerator.java:290)
	at com.myntra.lordoftherings.gandalf.RequestGenerator.PostResponse(RequestGenerator.java:194)
	at com.myntra.lordoftherings.gandalf.RequestGenerator.<init>(RequestGenerator.java:136)
	at com.myntra.apiTests.portalservices.idpservice.IDPServiceHelper.performSignUpOperation(IDPServiceHelper.java:67)
	at com.myntra.apiTests.portalservices.atsService.ATSHelper.performSignup(ATSHelper.java:156)
	at com.myntra.apiTests.portalservices.atsService.TestATSAPISV2.testSetandGetATSUserDetailsVerification(TestATSAPISV2.java:52)
]]></failure>
    <system-out><![CDATA[2018-05-17 15:39:20 [main] INFO  Payload:179 - ./Data/payloads/JSON/signup
2018-05-17 15:39:20 [main] INFO  Toolbox:74 - Begining reading file './Data/payloads/JSON/signup'

Printing IDPService SignUp API URL : http://idp.mjint.myntra.com/idp/auth/signup
2018-05-17 15:39:20 [main] INFO  IDPServiceHelper:62 - 
Printing IDPService SignUp API URL : http://idp.mjint.myntra.com/idp/auth/signup

Printing IDPService SignUp API Payload : 

{
    "login":"ead177e4-80ba-4cda-8ab1-81482edd4bb31@myntra.com",
    "password":"password123",
    "usertype":"C",
    "gender":"M",
    "title":"Mr",
    "firstname":"First Name",
    "lastname":"Last Name",
    "email":"ead177e4-80ba-4cda-8ab1-81482edd4bb31@myntra.com",
    "mobile":"5027827134",
    "captchaValue":"3572029068"
}

2018-05-17 15:39:20 [main] INFO  IDPServiceHelper:65 - 
Printing IDPService SignUp API Payload : 

{
    "login":"ead177e4-80ba-4cda-8ab1-81482edd4bb31@myntra.com",
    "password":"password123",
    "usertype":"C",
    "gender":"M",
    "title":"Mr",
    "firstname":"First Name",
    "lastname":"Last Name",
    "email":"ead177e4-80ba-4cda-8ab1-81482edd4bb31@myntra.com",
    "mobile":"5027827134",
    "captchaValue":"3572029068"
}

2018-05-17 15:39:20 [main] INFO  RequestGenerator:282 - debug:typeofdataresponse=application/json
2018-05-17 15:39:20 [main] INFO  RequestGenerator:283 - debug:typeofdatarequest=null
2018-05-17 15:39:20 [main] INFO  RequestGenerator:286 - this is json path
2018-05-17 15:39:20 [main] INFO  RequestGenerator:289 - posting the json request payload
]]></system-out>
  </testcase>
  <testcase name="testSetandGetATSUserDetailsVerification" classname="com.myntra.apiTests.portalservices.atsService.TestATSAPISV2" time="0.076">
    <failure message="Already connected" type="javax.ws.rs.ProcessingException"><![CDATA[javax.ws.rs.ProcessingException: Already connected
	at sun.net.www.protocol.http.HttpURLConnection.setRequestProperty(HttpURLConnection.java:3071)
	at org.glassfish.jersey.client.HttpUrlConnector.setOutboundHeaders(HttpUrlConnector.java:374)
	at org.glassfish.jersey.client.HttpUrlConnector.access$100(HttpUrlConnector.java:91)
	at org.glassfish.jersey.client.HttpUrlConnector$4.getOutputStream(HttpUrlConnector.java:325)
	at org.glassfish.jersey.message.internal.CommittingOutputStream.commitStream(CommittingOutputStream.java:200)
	at org.glassfish.jersey.message.internal.CommittingOutputStream.commitStream(CommittingOutputStream.java:194)
	at org.glassfish.jersey.message.internal.CommittingOutputStream.commit(CommittingOutputStream.java:262)
	at org.glassfish.jersey.message.internal.OutboundMessageContext.commitStream(OutboundMessageContext.java:816)
	at org.glassfish.jersey.client.ClientRequest.writeEntity(ClientRequest.java:545)
	at org.glassfish.jersey.client.HttpUrlConnector._apply(HttpUrlConnector.java:329)
	at org.glassfish.jersey.client.HttpUrlConnector.apply(HttpUrlConnector.java:242)
	at org.glassfish.jersey.client.ClientRuntime.invoke(ClientRuntime.java:254)
	at org.glassfish.jersey.client.JerseyInvocation$1.call(JerseyInvocation.java:671)
	at org.glassfish.jersey.client.JerseyInvocation$1.call(JerseyInvocation.java:668)
	at org.glassfish.jersey.internal.Errors.process(Errors.java:315)
	at org.glassfish.jersey.internal.Errors.process(Errors.java:297)
	at org.glassfish.jersey.internal.Errors.process(Errors.java:228)
	at org.glassfish.jersey.process.internal.RequestScope.runInScope(RequestScope.java:444)
	at org.glassfish.jersey.client.JerseyInvocation.invoke(JerseyInvocation.java:668)
	at org.glassfish.jersey.client.JerseyInvocation$Builder.method(JerseyInvocation.java:428)
	at org.glassfish.jersey.client.JerseyInvocation$Builder.post(JerseyInvocation.java:334)
	at com.myntra.lordoftherings.gandalf.RequestGenerator.CollectResponse(RequestGenerator.java:290)
	at com.myntra.lordoftherings.gandalf.RequestGenerator.PostResponse(RequestGenerator.java:194)
	at com.myntra.lordoftherings.gandalf.RequestGenerator.<init>(RequestGenerator.java:136)
	at com.myntra.apiTests.portalservices.idpservice.IDPServiceHelper.performSignUpOperation(IDPServiceHelper.java:67)
	at com.myntra.apiTests.portalservices.atsService.ATSHelper.performSignup(ATSHelper.java:156)
	at com.myntra.apiTests.portalservices.atsService.TestATSAPISV2.testSetandGetATSUserDetailsVerification(TestATSAPISV2.java:52)
]]></failure>
    <system-out><![CDATA[2018-05-17 15:39:20 [main] INFO  Payload:179 - ./Data/payloads/JSON/signup
2018-05-17 15:39:20 [main] INFO  Toolbox:74 - Begining reading file './Data/payloads/JSON/signup'

Printing IDPService SignUp API URL : http://idp.mjint.myntra.com/idp/auth/signup
2018-05-17 15:39:20 [main] INFO  IDPServiceHelper:62 - 
Printing IDPService SignUp API URL : http://idp.mjint.myntra.com/idp/auth/signup

Printing IDPService SignUp API Payload : 

{
    "login":"ead177e4-80ba-4cda-8ab1-81482edd4bb31@myntra.com",
    "password":"password123",
    "usertype":"C",
    "gender":"M",
    "title":"Mr",
    "firstname":"First Name",
    "lastname":"Last Name",
    "email":"ead177e4-80ba-4cda-8ab1-81482edd4bb31@myntra.com",
    "mobile":"5027827134",
    "captchaValue":"3572029068"
}

2018-05-17 15:39:20 [main] INFO  IDPServiceHelper:65 - 
Printing IDPService SignUp API Payload : 

{
    "login":"ead177e4-80ba-4cda-8ab1-81482edd4bb31@myntra.com",
    "password":"password123",
    "usertype":"C",
    "gender":"M",
    "title":"Mr",
    "firstname":"First Name",
    "lastname":"Last Name",
    "email":"ead177e4-80ba-4cda-8ab1-81482edd4bb31@myntra.com",
    "mobile":"5027827134",
    "captchaValue":"3572029068"
}

2018-05-17 15:39:20 [main] INFO  RequestGenerator:282 - debug:typeofdataresponse=application/json
2018-05-17 15:39:20 [main] INFO  RequestGenerator:283 - debug:typeofdatarequest=null
2018-05-17 15:39:20 [main] INFO  RequestGenerator:286 - this is json path
2018-05-17 15:39:20 [main] INFO  RequestGenerator:289 - posting the json request payload
]]></system-out>
  </testcase>
  <testcase name="testSetandGetATSUserDetailsVerification" classname="com.myntra.apiTests.portalservices.atsService.TestATSAPISV2" time="0.08">
    <failure message="Already connected" type="javax.ws.rs.ProcessingException"><![CDATA[javax.ws.rs.ProcessingException: Already connected
	at sun.net.www.protocol.http.HttpURLConnection.setRequestProperty(HttpURLConnection.java:3071)
	at org.glassfish.jersey.client.HttpUrlConnector.setOutboundHeaders(HttpUrlConnector.java:374)
	at org.glassfish.jersey.client.HttpUrlConnector.access$100(HttpUrlConnector.java:91)
	at org.glassfish.jersey.client.HttpUrlConnector$4.getOutputStream(HttpUrlConnector.java:325)
	at org.glassfish.jersey.message.internal.CommittingOutputStream.commitStream(CommittingOutputStream.java:200)
	at org.glassfish.jersey.message.internal.CommittingOutputStream.commitStream(CommittingOutputStream.java:194)
	at org.glassfish.jersey.message.internal.CommittingOutputStream.commit(CommittingOutputStream.java:262)
	at org.glassfish.jersey.message.internal.OutboundMessageContext.commitStream(OutboundMessageContext.java:816)
	at org.glassfish.jersey.client.ClientRequest.writeEntity(ClientRequest.java:545)
	at org.glassfish.jersey.client.HttpUrlConnector._apply(HttpUrlConnector.java:329)
	at org.glassfish.jersey.client.HttpUrlConnector.apply(HttpUrlConnector.java:242)
	at org.glassfish.jersey.client.ClientRuntime.invoke(ClientRuntime.java:254)
	at org.glassfish.jersey.client.JerseyInvocation$1.call(JerseyInvocation.java:671)
	at org.glassfish.jersey.client.JerseyInvocation$1.call(JerseyInvocation.java:668)
	at org.glassfish.jersey.internal.Errors.process(Errors.java:315)
	at org.glassfish.jersey.internal.Errors.process(Errors.java:297)
	at org.glassfish.jersey.internal.Errors.process(Errors.java:228)
	at org.glassfish.jersey.process.internal.RequestScope.runInScope(RequestScope.java:444)
	at org.glassfish.jersey.client.JerseyInvocation.invoke(JerseyInvocation.java:668)
	at org.glassfish.jersey.client.JerseyInvocation$Builder.method(JerseyInvocation.java:428)
	at org.glassfish.jersey.client.JerseyInvocation$Builder.post(JerseyInvocation.java:334)
	at com.myntra.lordoftherings.gandalf.RequestGenerator.CollectResponse(RequestGenerator.java:290)
	at com.myntra.lordoftherings.gandalf.RequestGenerator.PostResponse(RequestGenerator.java:194)
	at com.myntra.lordoftherings.gandalf.RequestGenerator.<init>(RequestGenerator.java:136)
	at com.myntra.apiTests.portalservices.idpservice.IDPServiceHelper.performSignUpOperation(IDPServiceHelper.java:67)
	at com.myntra.apiTests.portalservices.atsService.ATSHelper.performSignup(ATSHelper.java:156)
	at com.myntra.apiTests.portalservices.atsService.TestATSAPISV2.testSetandGetATSUserDetailsVerification(TestATSAPISV2.java:52)
]]></failure>
    <system-out><![CDATA[2018-05-17 15:39:20 [main] INFO  Payload:179 - ./Data/payloads/JSON/signup
2018-05-17 15:39:20 [main] INFO  Toolbox:74 - Begining reading file './Data/payloads/JSON/signup'

Printing IDPService SignUp API URL : http://idp.mjint.myntra.com/idp/auth/signup
2018-05-17 15:39:20 [main] INFO  IDPServiceHelper:62 - 
Printing IDPService SignUp API URL : http://idp.mjint.myntra.com/idp/auth/signup

Printing IDPService SignUp API Payload : 

{
    "login":"ead177e4-80ba-4cda-8ab1-81482edd4bb31@myntra.com",
    "password":"password123",
    "usertype":"C",
    "gender":"M",
    "title":"Mr",
    "firstname":"First Name",
    "lastname":"Last Name",
    "email":"ead177e4-80ba-4cda-8ab1-81482edd4bb31@myntra.com",
    "mobile":"5027827134",
    "captchaValue":"3572029068"
}

2018-05-17 15:39:20 [main] INFO  IDPServiceHelper:65 - 
Printing IDPService SignUp API Payload : 

{
    "login":"ead177e4-80ba-4cda-8ab1-81482edd4bb31@myntra.com",
    "password":"password123",
    "usertype":"C",
    "gender":"M",
    "title":"Mr",
    "firstname":"First Name",
    "lastname":"Last Name",
    "email":"ead177e4-80ba-4cda-8ab1-81482edd4bb31@myntra.com",
    "mobile":"5027827134",
    "captchaValue":"3572029068"
}

2018-05-17 15:39:20 [main] INFO  RequestGenerator:282 - debug:typeofdataresponse=application/json
2018-05-17 15:39:20 [main] INFO  RequestGenerator:283 - debug:typeofdatarequest=null
2018-05-17 15:39:20 [main] INFO  RequestGenerator:286 - this is json path
2018-05-17 15:39:20 [main] INFO  RequestGenerator:289 - posting the json request payload
]]></system-out>
  </testcase>
  <testcase name="testSetandGetATSUserDetailsVerification" classname="com.myntra.apiTests.portalservices.atsService.TestATSAPISV2" time="0.095">
    <failure message="Already connected" type="javax.ws.rs.ProcessingException"><![CDATA[javax.ws.rs.ProcessingException: Already connected
	at sun.net.www.protocol.http.HttpURLConnection.setRequestProperty(HttpURLConnection.java:3071)
	at org.glassfish.jersey.client.HttpUrlConnector.setOutboundHeaders(HttpUrlConnector.java:374)
	at org.glassfish.jersey.client.HttpUrlConnector.access$100(HttpUrlConnector.java:91)
	at org.glassfish.jersey.client.HttpUrlConnector$4.getOutputStream(HttpUrlConnector.java:325)
	at org.glassfish.jersey.message.internal.CommittingOutputStream.commitStream(CommittingOutputStream.java:200)
	at org.glassfish.jersey.message.internal.CommittingOutputStream.commitStream(CommittingOutputStream.java:194)
	at org.glassfish.jersey.message.internal.CommittingOutputStream.commit(CommittingOutputStream.java:262)
	at org.glassfish.jersey.message.internal.OutboundMessageContext.commitStream(OutboundMessageContext.java:816)
	at org.glassfish.jersey.client.ClientRequest.writeEntity(ClientRequest.java:545)
	at org.glassfish.jersey.client.HttpUrlConnector._apply(HttpUrlConnector.java:329)
	at org.glassfish.jersey.client.HttpUrlConnector.apply(HttpUrlConnector.java:242)
	at org.glassfish.jersey.client.ClientRuntime.invoke(ClientRuntime.java:254)
	at org.glassfish.jersey.client.JerseyInvocation$1.call(JerseyInvocation.java:671)
	at org.glassfish.jersey.client.JerseyInvocation$1.call(JerseyInvocation.java:668)
	at org.glassfish.jersey.internal.Errors.process(Errors.java:315)
	at org.glassfish.jersey.internal.Errors.process(Errors.java:297)
	at org.glassfish.jersey.internal.Errors.process(Errors.java:228)
	at org.glassfish.jersey.process.internal.RequestScope.runInScope(RequestScope.java:444)
	at org.glassfish.jersey.client.JerseyInvocation.invoke(JerseyInvocation.java:668)
	at org.glassfish.jersey.client.JerseyInvocation$Builder.method(JerseyInvocation.java:428)
	at org.glassfish.jersey.client.JerseyInvocation$Builder.post(JerseyInvocation.java:334)
	at com.myntra.lordoftherings.gandalf.RequestGenerator.CollectResponse(RequestGenerator.java:290)
	at com.myntra.lordoftherings.gandalf.RequestGenerator.PostResponse(RequestGenerator.java:194)
	at com.myntra.lordoftherings.gandalf.RequestGenerator.<init>(RequestGenerator.java:136)
	at com.myntra.apiTests.portalservices.idpservice.IDPServiceHelper.performSignUpOperation(IDPServiceHelper.java:67)
	at com.myntra.apiTests.portalservices.atsService.ATSHelper.performSignup(ATSHelper.java:156)
	at com.myntra.apiTests.portalservices.atsService.TestATSAPISV2.testSetandGetATSUserDetailsVerification(TestATSAPISV2.java:52)
]]></failure>
    <system-out><![CDATA[2018-05-17 15:39:20 [main] INFO  Payload:179 - ./Data/payloads/JSON/signup
2018-05-17 15:39:20 [main] INFO  Toolbox:74 - Begining reading file './Data/payloads/JSON/signup'

Printing IDPService SignUp API URL : http://idp.mjint.myntra.com/idp/auth/signup
2018-05-17 15:39:20 [main] INFO  IDPServiceHelper:62 - 
Printing IDPService SignUp API URL : http://idp.mjint.myntra.com/idp/auth/signup

Printing IDPService SignUp API Payload : 

{
    "login":"ead177e4-80ba-4cda-8ab1-81482edd4bb31@myntra.com",
    "password":"password123",
    "usertype":"C",
    "gender":"M",
    "title":"Mr",
    "firstname":"First Name",
    "lastname":"Last Name",
    "email":"ead177e4-80ba-4cda-8ab1-81482edd4bb31@myntra.com",
    "mobile":"5027827134",
    "captchaValue":"3572029068"
}

2018-05-17 15:39:20 [main] INFO  IDPServiceHelper:65 - 
Printing IDPService SignUp API Payload : 

{
    "login":"ead177e4-80ba-4cda-8ab1-81482edd4bb31@myntra.com",
    "password":"password123",
    "usertype":"C",
    "gender":"M",
    "title":"Mr",
    "firstname":"First Name",
    "lastname":"Last Name",
    "email":"ead177e4-80ba-4cda-8ab1-81482edd4bb31@myntra.com",
    "mobile":"5027827134",
    "captchaValue":"3572029068"
}

2018-05-17 15:39:20 [main] INFO  RequestGenerator:282 - debug:typeofdataresponse=application/json
2018-05-17 15:39:20 [main] INFO  RequestGenerator:283 - debug:typeofdatarequest=null
2018-05-17 15:39:20 [main] INFO  RequestGenerator:286 - this is json path
2018-05-17 15:39:20 [main] INFO  RequestGenerator:289 - posting the json request payload
]]></system-out>
  </testcase>
  <testcase name="testSetandGetATSUserDetailsVerification" classname="com.myntra.apiTests.portalservices.atsService.TestATSAPISV2" time="0.084">
    <failure message="Already connected" type="javax.ws.rs.ProcessingException"><![CDATA[javax.ws.rs.ProcessingException: Already connected
	at sun.net.www.protocol.http.HttpURLConnection.setRequestProperty(HttpURLConnection.java:3071)
	at org.glassfish.jersey.client.HttpUrlConnector.setOutboundHeaders(HttpUrlConnector.java:374)
	at org.glassfish.jersey.client.HttpUrlConnector.access$100(HttpUrlConnector.java:91)
	at org.glassfish.jersey.client.HttpUrlConnector$4.getOutputStream(HttpUrlConnector.java:325)
	at org.glassfish.jersey.message.internal.CommittingOutputStream.commitStream(CommittingOutputStream.java:200)
	at org.glassfish.jersey.message.internal.CommittingOutputStream.commitStream(CommittingOutputStream.java:194)
	at org.glassfish.jersey.message.internal.CommittingOutputStream.commit(CommittingOutputStream.java:262)
	at org.glassfish.jersey.message.internal.OutboundMessageContext.commitStream(OutboundMessageContext.java:816)
	at org.glassfish.jersey.client.ClientRequest.writeEntity(ClientRequest.java:545)
	at org.glassfish.jersey.client.HttpUrlConnector._apply(HttpUrlConnector.java:329)
	at org.glassfish.jersey.client.HttpUrlConnector.apply(HttpUrlConnector.java:242)
	at org.glassfish.jersey.client.ClientRuntime.invoke(ClientRuntime.java:254)
	at org.glassfish.jersey.client.JerseyInvocation$1.call(JerseyInvocation.java:671)
	at org.glassfish.jersey.client.JerseyInvocation$1.call(JerseyInvocation.java:668)
	at org.glassfish.jersey.internal.Errors.process(Errors.java:315)
	at org.glassfish.jersey.internal.Errors.process(Errors.java:297)
	at org.glassfish.jersey.internal.Errors.process(Errors.java:228)
	at org.glassfish.jersey.process.internal.RequestScope.runInScope(RequestScope.java:444)
	at org.glassfish.jersey.client.JerseyInvocation.invoke(JerseyInvocation.java:668)
	at org.glassfish.jersey.client.JerseyInvocation$Builder.method(JerseyInvocation.java:428)
	at org.glassfish.jersey.client.JerseyInvocation$Builder.post(JerseyInvocation.java:334)
	at com.myntra.lordoftherings.gandalf.RequestGenerator.CollectResponse(RequestGenerator.java:290)
	at com.myntra.lordoftherings.gandalf.RequestGenerator.PostResponse(RequestGenerator.java:194)
	at com.myntra.lordoftherings.gandalf.RequestGenerator.<init>(RequestGenerator.java:136)
	at com.myntra.apiTests.portalservices.idpservice.IDPServiceHelper.performSignUpOperation(IDPServiceHelper.java:67)
	at com.myntra.apiTests.portalservices.atsService.ATSHelper.performSignup(ATSHelper.java:156)
	at com.myntra.apiTests.portalservices.atsService.TestATSAPISV2.testSetandGetATSUserDetailsVerification(TestATSAPISV2.java:52)
]]></failure>
    <system-out><![CDATA[2018-05-17 15:39:20 [main] INFO  Payload:179 - ./Data/payloads/JSON/signup
2018-05-17 15:39:20 [main] INFO  Toolbox:74 - Begining reading file './Data/payloads/JSON/signup'

Printing IDPService SignUp API URL : http://idp.mjint.myntra.com/idp/auth/signup
2018-05-17 15:39:20 [main] INFO  IDPServiceHelper:62 - 
Printing IDPService SignUp API URL : http://idp.mjint.myntra.com/idp/auth/signup

Printing IDPService SignUp API Payload : 

{
    "login":"ead177e4-80ba-4cda-8ab1-81482edd4bb31@myntra.com",
    "password":"password123",
    "usertype":"C",
    "gender":"M",
    "title":"Mr",
    "firstname":"First Name",
    "lastname":"Last Name",
    "email":"ead177e4-80ba-4cda-8ab1-81482edd4bb31@myntra.com",
    "mobile":"5027827134",
    "captchaValue":"3572029068"
}

2018-05-17 15:39:20 [main] INFO  IDPServiceHelper:65 - 
Printing IDPService SignUp API Payload : 

{
    "login":"ead177e4-80ba-4cda-8ab1-81482edd4bb31@myntra.com",
    "password":"password123",
    "usertype":"C",
    "gender":"M",
    "title":"Mr",
    "firstname":"First Name",
    "lastname":"Last Name",
    "email":"ead177e4-80ba-4cda-8ab1-81482edd4bb31@myntra.com",
    "mobile":"5027827134",
    "captchaValue":"3572029068"
}

2018-05-17 15:39:20 [main] INFO  RequestGenerator:282 - debug:typeofdataresponse=application/json
2018-05-17 15:39:20 [main] INFO  RequestGenerator:283 - debug:typeofdatarequest=null
2018-05-17 15:39:20 [main] INFO  RequestGenerator:286 - this is json path
2018-05-17 15:39:20 [main] INFO  RequestGenerator:289 - posting the json request payload
]]></system-out>
  </testcase>
  <testcase name="testSetandGetATSUserDetailsVerification" classname="com.myntra.apiTests.portalservices.atsService.TestATSAPISV2" time="0.08">
    <failure message="Already connected" type="javax.ws.rs.ProcessingException"><![CDATA[javax.ws.rs.ProcessingException: Already connected
	at sun.net.www.protocol.http.HttpURLConnection.setRequestProperty(HttpURLConnection.java:3071)
	at org.glassfish.jersey.client.HttpUrlConnector.setOutboundHeaders(HttpUrlConnector.java:374)
	at org.glassfish.jersey.client.HttpUrlConnector.access$100(HttpUrlConnector.java:91)
	at org.glassfish.jersey.client.HttpUrlConnector$4.getOutputStream(HttpUrlConnector.java:325)
	at org.glassfish.jersey.message.internal.CommittingOutputStream.commitStream(CommittingOutputStream.java:200)
	at org.glassfish.jersey.message.internal.CommittingOutputStream.commitStream(CommittingOutputStream.java:194)
	at org.glassfish.jersey.message.internal.CommittingOutputStream.commit(CommittingOutputStream.java:262)
	at org.glassfish.jersey.message.internal.OutboundMessageContext.commitStream(OutboundMessageContext.java:816)
	at org.glassfish.jersey.client.ClientRequest.writeEntity(ClientRequest.java:545)
	at org.glassfish.jersey.client.HttpUrlConnector._apply(HttpUrlConnector.java:329)
	at org.glassfish.jersey.client.HttpUrlConnector.apply(HttpUrlConnector.java:242)
	at org.glassfish.jersey.client.ClientRuntime.invoke(ClientRuntime.java:254)
	at org.glassfish.jersey.client.JerseyInvocation$1.call(JerseyInvocation.java:671)
	at org.glassfish.jersey.client.JerseyInvocation$1.call(JerseyInvocation.java:668)
	at org.glassfish.jersey.internal.Errors.process(Errors.java:315)
	at org.glassfish.jersey.internal.Errors.process(Errors.java:297)
	at org.glassfish.jersey.internal.Errors.process(Errors.java:228)
	at org.glassfish.jersey.process.internal.RequestScope.runInScope(RequestScope.java:444)
	at org.glassfish.jersey.client.JerseyInvocation.invoke(JerseyInvocation.java:668)
	at org.glassfish.jersey.client.JerseyInvocation$Builder.method(JerseyInvocation.java:428)
	at org.glassfish.jersey.client.JerseyInvocation$Builder.post(JerseyInvocation.java:334)
	at com.myntra.lordoftherings.gandalf.RequestGenerator.CollectResponse(RequestGenerator.java:290)
	at com.myntra.lordoftherings.gandalf.RequestGenerator.PostResponse(RequestGenerator.java:194)
	at com.myntra.lordoftherings.gandalf.RequestGenerator.<init>(RequestGenerator.java:136)
	at com.myntra.apiTests.portalservices.idpservice.IDPServiceHelper.performSignUpOperation(IDPServiceHelper.java:67)
	at com.myntra.apiTests.portalservices.atsService.ATSHelper.performSignup(ATSHelper.java:156)
	at com.myntra.apiTests.portalservices.atsService.TestATSAPISV2.testSetandGetATSUserDetailsVerification(TestATSAPISV2.java:52)
]]></failure>
    <system-out><![CDATA[2018-05-17 15:39:20 [main] INFO  Payload:179 - ./Data/payloads/JSON/signup
2018-05-17 15:39:20 [main] INFO  Toolbox:74 - Begining reading file './Data/payloads/JSON/signup'

Printing IDPService SignUp API URL : http://idp.mjint.myntra.com/idp/auth/signup
2018-05-17 15:39:20 [main] INFO  IDPServiceHelper:62 - 
Printing IDPService SignUp API URL : http://idp.mjint.myntra.com/idp/auth/signup

Printing IDPService SignUp API Payload : 

{
    "login":"ead177e4-80ba-4cda-8ab1-81482edd4bb31@myntra.com",
    "password":"password123",
    "usertype":"C",
    "gender":"M",
    "title":"Mr",
    "firstname":"First Name",
    "lastname":"Last Name",
    "email":"ead177e4-80ba-4cda-8ab1-81482edd4bb31@myntra.com",
    "mobile":"5027827134",
    "captchaValue":"3572029068"
}

2018-05-17 15:39:20 [main] INFO  IDPServiceHelper:65 - 
Printing IDPService SignUp API Payload : 

{
    "login":"ead177e4-80ba-4cda-8ab1-81482edd4bb31@myntra.com",
    "password":"password123",
    "usertype":"C",
    "gender":"M",
    "title":"Mr",
    "firstname":"First Name",
    "lastname":"Last Name",
    "email":"ead177e4-80ba-4cda-8ab1-81482edd4bb31@myntra.com",
    "mobile":"5027827134",
    "captchaValue":"3572029068"
}

2018-05-17 15:39:20 [main] INFO  RequestGenerator:282 - debug:typeofdataresponse=application/json
2018-05-17 15:39:20 [main] INFO  RequestGenerator:283 - debug:typeofdatarequest=null
2018-05-17 15:39:20 [main] INFO  RequestGenerator:286 - this is json path
2018-05-17 15:39:20 [main] INFO  RequestGenerator:289 - posting the json request payload
]]></system-out>
  </testcase>
  <testcase name="testSetandGetATSUserDetailsVerification" classname="com.myntra.apiTests.portalservices.atsService.TestATSAPISV2" time="0.09">
    <failure message="Already connected" type="javax.ws.rs.ProcessingException"><![CDATA[javax.ws.rs.ProcessingException: Already connected
	at sun.net.www.protocol.http.HttpURLConnection.setRequestProperty(HttpURLConnection.java:3071)
	at org.glassfish.jersey.client.HttpUrlConnector.setOutboundHeaders(HttpUrlConnector.java:374)
	at org.glassfish.jersey.client.HttpUrlConnector.access$100(HttpUrlConnector.java:91)
	at org.glassfish.jersey.client.HttpUrlConnector$4.getOutputStream(HttpUrlConnector.java:325)
	at org.glassfish.jersey.message.internal.CommittingOutputStream.commitStream(CommittingOutputStream.java:200)
	at org.glassfish.jersey.message.internal.CommittingOutputStream.commitStream(CommittingOutputStream.java:194)
	at org.glassfish.jersey.message.internal.CommittingOutputStream.commit(CommittingOutputStream.java:262)
	at org.glassfish.jersey.message.internal.OutboundMessageContext.commitStream(OutboundMessageContext.java:816)
	at org.glassfish.jersey.client.ClientRequest.writeEntity(ClientRequest.java:545)
	at org.glassfish.jersey.client.HttpUrlConnector._apply(HttpUrlConnector.java:329)
	at org.glassfish.jersey.client.HttpUrlConnector.apply(HttpUrlConnector.java:242)
	at org.glassfish.jersey.client.ClientRuntime.invoke(ClientRuntime.java:254)
	at org.glassfish.jersey.client.JerseyInvocation$1.call(JerseyInvocation.java:671)
	at org.glassfish.jersey.client.JerseyInvocation$1.call(JerseyInvocation.java:668)
	at org.glassfish.jersey.internal.Errors.process(Errors.java:315)
	at org.glassfish.jersey.internal.Errors.process(Errors.java:297)
	at org.glassfish.jersey.internal.Errors.process(Errors.java:228)
	at org.glassfish.jersey.process.internal.RequestScope.runInScope(RequestScope.java:444)
	at org.glassfish.jersey.client.JerseyInvocation.invoke(JerseyInvocation.java:668)
	at org.glassfish.jersey.client.JerseyInvocation$Builder.method(JerseyInvocation.java:428)
	at org.glassfish.jersey.client.JerseyInvocation$Builder.post(JerseyInvocation.java:334)
	at com.myntra.lordoftherings.gandalf.RequestGenerator.CollectResponse(RequestGenerator.java:290)
	at com.myntra.lordoftherings.gandalf.RequestGenerator.PostResponse(RequestGenerator.java:194)
	at com.myntra.lordoftherings.gandalf.RequestGenerator.<init>(RequestGenerator.java:136)
	at com.myntra.apiTests.portalservices.idpservice.IDPServiceHelper.performSignUpOperation(IDPServiceHelper.java:67)
	at com.myntra.apiTests.portalservices.atsService.ATSHelper.performSignup(ATSHelper.java:156)
	at com.myntra.apiTests.portalservices.atsService.TestATSAPISV2.testSetandGetATSUserDetailsVerification(TestATSAPISV2.java:52)
]]></failure>
    <system-out><![CDATA[2018-05-17 15:39:20 [main] INFO  Payload:179 - ./Data/payloads/JSON/signup
2018-05-17 15:39:20 [main] INFO  Toolbox:74 - Begining reading file './Data/payloads/JSON/signup'

Printing IDPService SignUp API URL : http://idp.mjint.myntra.com/idp/auth/signup
2018-05-17 15:39:20 [main] INFO  IDPServiceHelper:62 - 
Printing IDPService SignUp API URL : http://idp.mjint.myntra.com/idp/auth/signup

Printing IDPService SignUp API Payload : 

{
    "login":"ead177e4-80ba-4cda-8ab1-81482edd4bb31@myntra.com",
    "password":"password123",
    "usertype":"C",
    "gender":"M",
    "title":"Mr",
    "firstname":"First Name",
    "lastname":"Last Name",
    "email":"ead177e4-80ba-4cda-8ab1-81482edd4bb31@myntra.com",
    "mobile":"5027827134",
    "captchaValue":"3572029068"
}

2018-05-17 15:39:20 [main] INFO  IDPServiceHelper:65 - 
Printing IDPService SignUp API Payload : 

{
    "login":"ead177e4-80ba-4cda-8ab1-81482edd4bb31@myntra.com",
    "password":"password123",
    "usertype":"C",
    "gender":"M",
    "title":"Mr",
    "firstname":"First Name",
    "lastname":"Last Name",
    "email":"ead177e4-80ba-4cda-8ab1-81482edd4bb31@myntra.com",
    "mobile":"5027827134",
    "captchaValue":"3572029068"
}

2018-05-17 15:39:20 [main] INFO  RequestGenerator:282 - debug:typeofdataresponse=application/json
2018-05-17 15:39:20 [main] INFO  RequestGenerator:283 - debug:typeofdatarequest=null
2018-05-17 15:39:20 [main] INFO  RequestGenerator:286 - this is json path
2018-05-17 15:39:20 [main] INFO  RequestGenerator:289 - posting the json request payload
]]></system-out>
  </testcase>
  <testcase name="testSetandGetATSUserDetailsVerification" classname="com.myntra.apiTests.portalservices.atsService.TestATSAPISV2" time="0.084">
    <failure message="Already connected" type="javax.ws.rs.ProcessingException"><![CDATA[javax.ws.rs.ProcessingException: Already connected
	at sun.net.www.protocol.http.HttpURLConnection.setRequestProperty(HttpURLConnection.java:3071)
	at org.glassfish.jersey.client.HttpUrlConnector.setOutboundHeaders(HttpUrlConnector.java:374)
	at org.glassfish.jersey.client.HttpUrlConnector.access$100(HttpUrlConnector.java:91)
	at org.glassfish.jersey.client.HttpUrlConnector$4.getOutputStream(HttpUrlConnector.java:325)
	at org.glassfish.jersey.message.internal.CommittingOutputStream.commitStream(CommittingOutputStream.java:200)
	at org.glassfish.jersey.message.internal.CommittingOutputStream.commitStream(CommittingOutputStream.java:194)
	at org.glassfish.jersey.message.internal.CommittingOutputStream.commit(CommittingOutputStream.java:262)
	at org.glassfish.jersey.message.internal.OutboundMessageContext.commitStream(OutboundMessageContext.java:816)
	at org.glassfish.jersey.client.ClientRequest.writeEntity(ClientRequest.java:545)
	at org.glassfish.jersey.client.HttpUrlConnector._apply(HttpUrlConnector.java:329)
	at org.glassfish.jersey.client.HttpUrlConnector.apply(HttpUrlConnector.java:242)
	at org.glassfish.jersey.client.ClientRuntime.invoke(ClientRuntime.java:254)
	at org.glassfish.jersey.client.JerseyInvocation$1.call(JerseyInvocation.java:671)
	at org.glassfish.jersey.client.JerseyInvocation$1.call(JerseyInvocation.java:668)
	at org.glassfish.jersey.internal.Errors.process(Errors.java:315)
	at org.glassfish.jersey.internal.Errors.process(Errors.java:297)
	at org.glassfish.jersey.internal.Errors.process(Errors.java:228)
	at org.glassfish.jersey.process.internal.RequestScope.runInScope(RequestScope.java:444)
	at org.glassfish.jersey.client.JerseyInvocation.invoke(JerseyInvocation.java:668)
	at org.glassfish.jersey.client.JerseyInvocation$Builder.method(JerseyInvocation.java:428)
	at org.glassfish.jersey.client.JerseyInvocation$Builder.post(JerseyInvocation.java:334)
	at com.myntra.lordoftherings.gandalf.RequestGenerator.CollectResponse(RequestGenerator.java:290)
	at com.myntra.lordoftherings.gandalf.RequestGenerator.PostResponse(RequestGenerator.java:194)
	at com.myntra.lordoftherings.gandalf.RequestGenerator.<init>(RequestGenerator.java:136)
	at com.myntra.apiTests.portalservices.idpservice.IDPServiceHelper.performSignUpOperation(IDPServiceHelper.java:67)
	at com.myntra.apiTests.portalservices.atsService.ATSHelper.performSignup(ATSHelper.java:156)
	at com.myntra.apiTests.portalservices.atsService.TestATSAPISV2.testSetandGetATSUserDetailsVerification(TestATSAPISV2.java:52)
]]></failure>
    <system-out><![CDATA[2018-05-17 15:39:20 [main] INFO  Payload:179 - ./Data/payloads/JSON/signup
2018-05-17 15:39:20 [main] INFO  Toolbox:74 - Begining reading file './Data/payloads/JSON/signup'

Printing IDPService SignUp API URL : http://idp.mjint.myntra.com/idp/auth/signup
2018-05-17 15:39:20 [main] INFO  IDPServiceHelper:62 - 
Printing IDPService SignUp API URL : http://idp.mjint.myntra.com/idp/auth/signup

Printing IDPService SignUp API Payload : 

{
    "login":"ead177e4-80ba-4cda-8ab1-81482edd4bb31@myntra.com",
    "password":"password123",
    "usertype":"C",
    "gender":"M",
    "title":"Mr",
    "firstname":"First Name",
    "lastname":"Last Name",
    "email":"ead177e4-80ba-4cda-8ab1-81482edd4bb31@myntra.com",
    "mobile":"5027827134",
    "captchaValue":"3572029068"
}

2018-05-17 15:39:20 [main] INFO  IDPServiceHelper:65 - 
Printing IDPService SignUp API Payload : 

{
    "login":"ead177e4-80ba-4cda-8ab1-81482edd4bb31@myntra.com",
    "password":"password123",
    "usertype":"C",
    "gender":"M",
    "title":"Mr",
    "firstname":"First Name",
    "lastname":"Last Name",
    "email":"ead177e4-80ba-4cda-8ab1-81482edd4bb31@myntra.com",
    "mobile":"5027827134",
    "captchaValue":"3572029068"
}

2018-05-17 15:39:20 [main] INFO  RequestGenerator:282 - debug:typeofdataresponse=application/json
2018-05-17 15:39:20 [main] INFO  RequestGenerator:283 - debug:typeofdatarequest=null
2018-05-17 15:39:20 [main] INFO  RequestGenerator:286 - this is json path
2018-05-17 15:39:20 [main] INFO  RequestGenerator:289 - posting the json request payload
]]></system-out>
  </testcase>
  <testcase name="testSetandGetATSUserDetailsVerification" classname="com.myntra.apiTests.portalservices.atsService.TestATSAPISV2" time="0.083">
    <failure message="Already connected" type="javax.ws.rs.ProcessingException"><![CDATA[javax.ws.rs.ProcessingException: Already connected
	at sun.net.www.protocol.http.HttpURLConnection.setRequestProperty(HttpURLConnection.java:3071)
	at org.glassfish.jersey.client.HttpUrlConnector.setOutboundHeaders(HttpUrlConnector.java:374)
	at org.glassfish.jersey.client.HttpUrlConnector.access$100(HttpUrlConnector.java:91)
	at org.glassfish.jersey.client.HttpUrlConnector$4.getOutputStream(HttpUrlConnector.java:325)
	at org.glassfish.jersey.message.internal.CommittingOutputStream.commitStream(CommittingOutputStream.java:200)
	at org.glassfish.jersey.message.internal.CommittingOutputStream.commitStream(CommittingOutputStream.java:194)
	at org.glassfish.jersey.message.internal.CommittingOutputStream.commit(CommittingOutputStream.java:262)
	at org.glassfish.jersey.message.internal.OutboundMessageContext.commitStream(OutboundMessageContext.java:816)
	at org.glassfish.jersey.client.ClientRequest.writeEntity(ClientRequest.java:545)
	at org.glassfish.jersey.client.HttpUrlConnector._apply(HttpUrlConnector.java:329)
	at org.glassfish.jersey.client.HttpUrlConnector.apply(HttpUrlConnector.java:242)
	at org.glassfish.jersey.client.ClientRuntime.invoke(ClientRuntime.java:254)
	at org.glassfish.jersey.client.JerseyInvocation$1.call(JerseyInvocation.java:671)
	at org.glassfish.jersey.client.JerseyInvocation$1.call(JerseyInvocation.java:668)
	at org.glassfish.jersey.internal.Errors.process(Errors.java:315)
	at org.glassfish.jersey.internal.Errors.process(Errors.java:297)
	at org.glassfish.jersey.internal.Errors.process(Errors.java:228)
	at org.glassfish.jersey.process.internal.RequestScope.runInScope(RequestScope.java:444)
	at org.glassfish.jersey.client.JerseyInvocation.invoke(JerseyInvocation.java:668)
	at org.glassfish.jersey.client.JerseyInvocation$Builder.method(JerseyInvocation.java:428)
	at org.glassfish.jersey.client.JerseyInvocation$Builder.post(JerseyInvocation.java:334)
	at com.myntra.lordoftherings.gandalf.RequestGenerator.CollectResponse(RequestGenerator.java:290)
	at com.myntra.lordoftherings.gandalf.RequestGenerator.PostResponse(RequestGenerator.java:194)
	at com.myntra.lordoftherings.gandalf.RequestGenerator.<init>(RequestGenerator.java:136)
	at com.myntra.apiTests.portalservices.idpservice.IDPServiceHelper.performSignUpOperation(IDPServiceHelper.java:67)
	at com.myntra.apiTests.portalservices.atsService.ATSHelper.performSignup(ATSHelper.java:156)
	at com.myntra.apiTests.portalservices.atsService.TestATSAPISV2.testSetandGetATSUserDetailsVerification(TestATSAPISV2.java:52)
]]></failure>
    <system-out><![CDATA[2018-05-17 15:39:20 [main] INFO  Payload:179 - ./Data/payloads/JSON/signup
2018-05-17 15:39:20 [main] INFO  Toolbox:74 - Begining reading file './Data/payloads/JSON/signup'

Printing IDPService SignUp API URL : http://idp.mjint.myntra.com/idp/auth/signup
2018-05-17 15:39:20 [main] INFO  IDPServiceHelper:62 - 
Printing IDPService SignUp API URL : http://idp.mjint.myntra.com/idp/auth/signup

Printing IDPService SignUp API Payload : 

{
    "login":"ead177e4-80ba-4cda-8ab1-81482edd4bb31@myntra.com",
    "password":"password123",
    "usertype":"C",
    "gender":"M",
    "title":"Mr",
    "firstname":"First Name",
    "lastname":"Last Name",
    "email":"ead177e4-80ba-4cda-8ab1-81482edd4bb31@myntra.com",
    "mobile":"5027827134",
    "captchaValue":"3572029068"
}

2018-05-17 15:39:20 [main] INFO  IDPServiceHelper:65 - 
Printing IDPService SignUp API Payload : 

{
    "login":"ead177e4-80ba-4cda-8ab1-81482edd4bb31@myntra.com",
    "password":"password123",
    "usertype":"C",
    "gender":"M",
    "title":"Mr",
    "firstname":"First Name",
    "lastname":"Last Name",
    "email":"ead177e4-80ba-4cda-8ab1-81482edd4bb31@myntra.com",
    "mobile":"5027827134",
    "captchaValue":"3572029068"
}

2018-05-17 15:39:20 [main] INFO  RequestGenerator:282 - debug:typeofdataresponse=application/json
2018-05-17 15:39:20 [main] INFO  RequestGenerator:283 - debug:typeofdatarequest=null
2018-05-17 15:39:20 [main] INFO  RequestGenerator:286 - this is json path
2018-05-17 15:39:20 [main] INFO  RequestGenerator:289 - posting the json request payload
]]></system-out>
  </testcase>
  <testcase name="testSetandGetATSUserDetailsVerification" classname="com.myntra.apiTests.portalservices.atsService.TestATSAPISV2" time="0.082">
    <failure message="Already connected" type="javax.ws.rs.ProcessingException"><![CDATA[javax.ws.rs.ProcessingException: Already connected
	at sun.net.www.protocol.http.HttpURLConnection.setRequestProperty(HttpURLConnection.java:3071)
	at org.glassfish.jersey.client.HttpUrlConnector.setOutboundHeaders(HttpUrlConnector.java:374)
	at org.glassfish.jersey.client.HttpUrlConnector.access$100(HttpUrlConnector.java:91)
	at org.glassfish.jersey.client.HttpUrlConnector$4.getOutputStream(HttpUrlConnector.java:325)
	at org.glassfish.jersey.message.internal.CommittingOutputStream.commitStream(CommittingOutputStream.java:200)
	at org.glassfish.jersey.message.internal.CommittingOutputStream.commitStream(CommittingOutputStream.java:194)
	at org.glassfish.jersey.message.internal.CommittingOutputStream.commit(CommittingOutputStream.java:262)
	at org.glassfish.jersey.message.internal.OutboundMessageContext.commitStream(OutboundMessageContext.java:816)
	at org.glassfish.jersey.client.ClientRequest.writeEntity(ClientRequest.java:545)
	at org.glassfish.jersey.client.HttpUrlConnector._apply(HttpUrlConnector.java:329)
	at org.glassfish.jersey.client.HttpUrlConnector.apply(HttpUrlConnector.java:242)
	at org.glassfish.jersey.client.ClientRuntime.invoke(ClientRuntime.java:254)
	at org.glassfish.jersey.client.JerseyInvocation$1.call(JerseyInvocation.java:671)
	at org.glassfish.jersey.client.JerseyInvocation$1.call(JerseyInvocation.java:668)
	at org.glassfish.jersey.internal.Errors.process(Errors.java:315)
	at org.glassfish.jersey.internal.Errors.process(Errors.java:297)
	at org.glassfish.jersey.internal.Errors.process(Errors.java:228)
	at org.glassfish.jersey.process.internal.RequestScope.runInScope(RequestScope.java:444)
	at org.glassfish.jersey.client.JerseyInvocation.invoke(JerseyInvocation.java:668)
	at org.glassfish.jersey.client.JerseyInvocation$Builder.method(JerseyInvocation.java:428)
	at org.glassfish.jersey.client.JerseyInvocation$Builder.post(JerseyInvocation.java:334)
	at com.myntra.lordoftherings.gandalf.RequestGenerator.CollectResponse(RequestGenerator.java:290)
	at com.myntra.lordoftherings.gandalf.RequestGenerator.PostResponse(RequestGenerator.java:194)
	at com.myntra.lordoftherings.gandalf.RequestGenerator.<init>(RequestGenerator.java:136)
	at com.myntra.apiTests.portalservices.idpservice.IDPServiceHelper.performSignUpOperation(IDPServiceHelper.java:67)
	at com.myntra.apiTests.portalservices.atsService.ATSHelper.performSignup(ATSHelper.java:156)
	at com.myntra.apiTests.portalservices.atsService.TestATSAPISV2.testSetandGetATSUserDetailsVerification(TestATSAPISV2.java:52)
]]></failure>
    <system-out><![CDATA[2018-05-17 15:39:21 [main] INFO  Payload:179 - ./Data/payloads/JSON/signup
2018-05-17 15:39:21 [main] INFO  Toolbox:74 - Begining reading file './Data/payloads/JSON/signup'

Printing IDPService SignUp API URL : http://idp.mjint.myntra.com/idp/auth/signup
2018-05-17 15:39:21 [main] INFO  IDPServiceHelper:62 - 
Printing IDPService SignUp API URL : http://idp.mjint.myntra.com/idp/auth/signup

Printing IDPService SignUp API Payload : 

{
    "login":"ead177e4-80ba-4cda-8ab1-81482edd4bb31@myntra.com",
    "password":"password123",
    "usertype":"C",
    "gender":"M",
    "title":"Mr",
    "firstname":"First Name",
    "lastname":"Last Name",
    "email":"ead177e4-80ba-4cda-8ab1-81482edd4bb31@myntra.com",
    "mobile":"5027827134",
    "captchaValue":"3572029068"
}

2018-05-17 15:39:21 [main] INFO  IDPServiceHelper:65 - 
Printing IDPService SignUp API Payload : 

{
    "login":"ead177e4-80ba-4cda-8ab1-81482edd4bb31@myntra.com",
    "password":"password123",
    "usertype":"C",
    "gender":"M",
    "title":"Mr",
    "firstname":"First Name",
    "lastname":"Last Name",
    "email":"ead177e4-80ba-4cda-8ab1-81482edd4bb31@myntra.com",
    "mobile":"5027827134",
    "captchaValue":"3572029068"
}

2018-05-17 15:39:21 [main] INFO  RequestGenerator:282 - debug:typeofdataresponse=application/json
2018-05-17 15:39:21 [main] INFO  RequestGenerator:283 - debug:typeofdatarequest=null
2018-05-17 15:39:21 [main] INFO  RequestGenerator:286 - this is json path
2018-05-17 15:39:21 [main] INFO  RequestGenerator:289 - posting the json request payload
]]></system-out>
  </testcase>
  <testcase name="testSetandGetATSUserDetailsVerification" classname="com.myntra.apiTests.portalservices.atsService.TestATSAPISV2" time="0.075">
    <failure message="Already connected" type="javax.ws.rs.ProcessingException"><![CDATA[javax.ws.rs.ProcessingException: Already connected
	at sun.net.www.protocol.http.HttpURLConnection.setRequestProperty(HttpURLConnection.java:3071)
	at org.glassfish.jersey.client.HttpUrlConnector.setOutboundHeaders(HttpUrlConnector.java:374)
	at org.glassfish.jersey.client.HttpUrlConnector.access$100(HttpUrlConnector.java:91)
	at org.glassfish.jersey.client.HttpUrlConnector$4.getOutputStream(HttpUrlConnector.java:325)
	at org.glassfish.jersey.message.internal.CommittingOutputStream.commitStream(CommittingOutputStream.java:200)
	at org.glassfish.jersey.message.internal.CommittingOutputStream.commitStream(CommittingOutputStream.java:194)
	at org.glassfish.jersey.message.internal.CommittingOutputStream.commit(CommittingOutputStream.java:262)
	at org.glassfish.jersey.message.internal.OutboundMessageContext.commitStream(OutboundMessageContext.java:816)
	at org.glassfish.jersey.client.ClientRequest.writeEntity(ClientRequest.java:545)
	at org.glassfish.jersey.client.HttpUrlConnector._apply(HttpUrlConnector.java:329)
	at org.glassfish.jersey.client.HttpUrlConnector.apply(HttpUrlConnector.java:242)
	at org.glassfish.jersey.client.ClientRuntime.invoke(ClientRuntime.java:254)
	at org.glassfish.jersey.client.JerseyInvocation$1.call(JerseyInvocation.java:671)
	at org.glassfish.jersey.client.JerseyInvocation$1.call(JerseyInvocation.java:668)
	at org.glassfish.jersey.internal.Errors.process(Errors.java:315)
	at org.glassfish.jersey.internal.Errors.process(Errors.java:297)
	at org.glassfish.jersey.internal.Errors.process(Errors.java:228)
	at org.glassfish.jersey.process.internal.RequestScope.runInScope(RequestScope.java:444)
	at org.glassfish.jersey.client.JerseyInvocation.invoke(JerseyInvocation.java:668)
	at org.glassfish.jersey.client.JerseyInvocation$Builder.method(JerseyInvocation.java:428)
	at org.glassfish.jersey.client.JerseyInvocation$Builder.post(JerseyInvocation.java:334)
	at com.myntra.lordoftherings.gandalf.RequestGenerator.CollectResponse(RequestGenerator.java:290)
	at com.myntra.lordoftherings.gandalf.RequestGenerator.PostResponse(RequestGenerator.java:194)
	at com.myntra.lordoftherings.gandalf.RequestGenerator.<init>(RequestGenerator.java:136)
	at com.myntra.apiTests.portalservices.idpservice.IDPServiceHelper.performSignUpOperation(IDPServiceHelper.java:67)
	at com.myntra.apiTests.portalservices.atsService.ATSHelper.performSignup(ATSHelper.java:156)
	at com.myntra.apiTests.portalservices.atsService.TestATSAPISV2.testSetandGetATSUserDetailsVerification(TestATSAPISV2.java:52)
]]></failure>
    <system-out><![CDATA[2018-05-17 15:39:21 [main] INFO  Payload:179 - ./Data/payloads/JSON/signup
2018-05-17 15:39:21 [main] INFO  Toolbox:74 - Begining reading file './Data/payloads/JSON/signup'

Printing IDPService SignUp API URL : http://idp.mjint.myntra.com/idp/auth/signup
2018-05-17 15:39:21 [main] INFO  IDPServiceHelper:62 - 
Printing IDPService SignUp API URL : http://idp.mjint.myntra.com/idp/auth/signup

Printing IDPService SignUp API Payload : 

{
    "login":"ead177e4-80ba-4cda-8ab1-81482edd4bb31@myntra.com",
    "password":"password123",
    "usertype":"C",
    "gender":"M",
    "title":"Mr",
    "firstname":"First Name",
    "lastname":"Last Name",
    "email":"ead177e4-80ba-4cda-8ab1-81482edd4bb31@myntra.com",
    "mobile":"5027827134",
    "captchaValue":"3572029068"
}

2018-05-17 15:39:21 [main] INFO  IDPServiceHelper:65 - 
Printing IDPService SignUp API Payload : 

{
    "login":"ead177e4-80ba-4cda-8ab1-81482edd4bb31@myntra.com",
    "password":"password123",
    "usertype":"C",
    "gender":"M",
    "title":"Mr",
    "firstname":"First Name",
    "lastname":"Last Name",
    "email":"ead177e4-80ba-4cda-8ab1-81482edd4bb31@myntra.com",
    "mobile":"5027827134",
    "captchaValue":"3572029068"
}

2018-05-17 15:39:21 [main] INFO  RequestGenerator:282 - debug:typeofdataresponse=application/json
2018-05-17 15:39:21 [main] INFO  RequestGenerator:283 - debug:typeofdatarequest=null
2018-05-17 15:39:21 [main] INFO  RequestGenerator:286 - this is json path
2018-05-17 15:39:21 [main] INFO  RequestGenerator:289 - posting the json request payload
]]></system-out>
  </testcase>
  <testcase name="testSetandGetATSUserDetailsVerification" classname="com.myntra.apiTests.portalservices.atsService.TestATSAPISV2" time="0.085">
    <failure message="Already connected" type="javax.ws.rs.ProcessingException"><![CDATA[javax.ws.rs.ProcessingException: Already connected
	at sun.net.www.protocol.http.HttpURLConnection.setRequestProperty(HttpURLConnection.java:3071)
	at org.glassfish.jersey.client.HttpUrlConnector.setOutboundHeaders(HttpUrlConnector.java:374)
	at org.glassfish.jersey.client.HttpUrlConnector.access$100(HttpUrlConnector.java:91)
	at org.glassfish.jersey.client.HttpUrlConnector$4.getOutputStream(HttpUrlConnector.java:325)
	at org.glassfish.jersey.message.internal.CommittingOutputStream.commitStream(CommittingOutputStream.java:200)
	at org.glassfish.jersey.message.internal.CommittingOutputStream.commitStream(CommittingOutputStream.java:194)
	at org.glassfish.jersey.message.internal.CommittingOutputStream.commit(CommittingOutputStream.java:262)
	at org.glassfish.jersey.message.internal.OutboundMessageContext.commitStream(OutboundMessageContext.java:816)
	at org.glassfish.jersey.client.ClientRequest.writeEntity(ClientRequest.java:545)
	at org.glassfish.jersey.client.HttpUrlConnector._apply(HttpUrlConnector.java:329)
	at org.glassfish.jersey.client.HttpUrlConnector.apply(HttpUrlConnector.java:242)
	at org.glassfish.jersey.client.ClientRuntime.invoke(ClientRuntime.java:254)
	at org.glassfish.jersey.client.JerseyInvocation$1.call(JerseyInvocation.java:671)
	at org.glassfish.jersey.client.JerseyInvocation$1.call(JerseyInvocation.java:668)
	at org.glassfish.jersey.internal.Errors.process(Errors.java:315)
	at org.glassfish.jersey.internal.Errors.process(Errors.java:297)
	at org.glassfish.jersey.internal.Errors.process(Errors.java:228)
	at org.glassfish.jersey.process.internal.RequestScope.runInScope(RequestScope.java:444)
	at org.glassfish.jersey.client.JerseyInvocation.invoke(JerseyInvocation.java:668)
	at org.glassfish.jersey.client.JerseyInvocation$Builder.method(JerseyInvocation.java:428)
	at org.glassfish.jersey.client.JerseyInvocation$Builder.post(JerseyInvocation.java:334)
	at com.myntra.lordoftherings.gandalf.RequestGenerator.CollectResponse(RequestGenerator.java:290)
	at com.myntra.lordoftherings.gandalf.RequestGenerator.PostResponse(RequestGenerator.java:194)
	at com.myntra.lordoftherings.gandalf.RequestGenerator.<init>(RequestGenerator.java:136)
	at com.myntra.apiTests.portalservices.idpservice.IDPServiceHelper.performSignUpOperation(IDPServiceHelper.java:67)
	at com.myntra.apiTests.portalservices.atsService.ATSHelper.performSignup(ATSHelper.java:156)
	at com.myntra.apiTests.portalservices.atsService.TestATSAPISV2.testSetandGetATSUserDetailsVerification(TestATSAPISV2.java:52)
]]></failure>
    <system-out><![CDATA[2018-05-17 15:39:21 [main] INFO  Payload:179 - ./Data/payloads/JSON/signup
2018-05-17 15:39:21 [main] INFO  Toolbox:74 - Begining reading file './Data/payloads/JSON/signup'

Printing IDPService SignUp API URL : http://idp.mjint.myntra.com/idp/auth/signup
2018-05-17 15:39:21 [main] INFO  IDPServiceHelper:62 - 
Printing IDPService SignUp API URL : http://idp.mjint.myntra.com/idp/auth/signup

Printing IDPService SignUp API Payload : 

{
    "login":"ead177e4-80ba-4cda-8ab1-81482edd4bb31@myntra.com",
    "password":"password123",
    "usertype":"C",
    "gender":"M",
    "title":"Mr",
    "firstname":"First Name",
    "lastname":"Last Name",
    "email":"ead177e4-80ba-4cda-8ab1-81482edd4bb31@myntra.com",
    "mobile":"5027827134",
    "captchaValue":"3572029068"
}

2018-05-17 15:39:21 [main] INFO  IDPServiceHelper:65 - 
Printing IDPService SignUp API Payload : 

{
    "login":"ead177e4-80ba-4cda-8ab1-81482edd4bb31@myntra.com",
    "password":"password123",
    "usertype":"C",
    "gender":"M",
    "title":"Mr",
    "firstname":"First Name",
    "lastname":"Last Name",
    "email":"ead177e4-80ba-4cda-8ab1-81482edd4bb31@myntra.com",
    "mobile":"5027827134",
    "captchaValue":"3572029068"
}

2018-05-17 15:39:21 [main] INFO  RequestGenerator:282 - debug:typeofdataresponse=application/json
2018-05-17 15:39:21 [main] INFO  RequestGenerator:283 - debug:typeofdatarequest=null
2018-05-17 15:39:21 [main] INFO  RequestGenerator:286 - this is json path
2018-05-17 15:39:21 [main] INFO  RequestGenerator:289 - posting the json request payload
]]></system-out>
  </testcase>
  <testcase name="testSetandGetATSUserDetailsVerification" classname="com.myntra.apiTests.portalservices.atsService.TestATSAPISV2" time="0.079">
    <failure message="Already connected" type="javax.ws.rs.ProcessingException"><![CDATA[javax.ws.rs.ProcessingException: Already connected
	at sun.net.www.protocol.http.HttpURLConnection.setRequestProperty(HttpURLConnection.java:3071)
	at org.glassfish.jersey.client.HttpUrlConnector.setOutboundHeaders(HttpUrlConnector.java:374)
	at org.glassfish.jersey.client.HttpUrlConnector.access$100(HttpUrlConnector.java:91)
	at org.glassfish.jersey.client.HttpUrlConnector$4.getOutputStream(HttpUrlConnector.java:325)
	at org.glassfish.jersey.message.internal.CommittingOutputStream.commitStream(CommittingOutputStream.java:200)
	at org.glassfish.jersey.message.internal.CommittingOutputStream.commitStream(CommittingOutputStream.java:194)
	at org.glassfish.jersey.message.internal.CommittingOutputStream.commit(CommittingOutputStream.java:262)
	at org.glassfish.jersey.message.internal.OutboundMessageContext.commitStream(OutboundMessageContext.java:816)
	at org.glassfish.jersey.client.ClientRequest.writeEntity(ClientRequest.java:545)
	at org.glassfish.jersey.client.HttpUrlConnector._apply(HttpUrlConnector.java:329)
	at org.glassfish.jersey.client.HttpUrlConnector.apply(HttpUrlConnector.java:242)
	at org.glassfish.jersey.client.ClientRuntime.invoke(ClientRuntime.java:254)
	at org.glassfish.jersey.client.JerseyInvocation$1.call(JerseyInvocation.java:671)
	at org.glassfish.jersey.client.JerseyInvocation$1.call(JerseyInvocation.java:668)
	at org.glassfish.jersey.internal.Errors.process(Errors.java:315)
	at org.glassfish.jersey.internal.Errors.process(Errors.java:297)
	at org.glassfish.jersey.internal.Errors.process(Errors.java:228)
	at org.glassfish.jersey.process.internal.RequestScope.runInScope(RequestScope.java:444)
	at org.glassfish.jersey.client.JerseyInvocation.invoke(JerseyInvocation.java:668)
	at org.glassfish.jersey.client.JerseyInvocation$Builder.method(JerseyInvocation.java:428)
	at org.glassfish.jersey.client.JerseyInvocation$Builder.post(JerseyInvocation.java:334)
	at com.myntra.lordoftherings.gandalf.RequestGenerator.CollectResponse(RequestGenerator.java:290)
	at com.myntra.lordoftherings.gandalf.RequestGenerator.PostResponse(RequestGenerator.java:194)
	at com.myntra.lordoftherings.gandalf.RequestGenerator.<init>(RequestGenerator.java:136)
	at com.myntra.apiTests.portalservices.idpservice.IDPServiceHelper.performSignUpOperation(IDPServiceHelper.java:67)
	at com.myntra.apiTests.portalservices.atsService.ATSHelper.performSignup(ATSHelper.java:156)
	at com.myntra.apiTests.portalservices.atsService.TestATSAPISV2.testSetandGetATSUserDetailsVerification(TestATSAPISV2.java:52)
]]></failure>
    <system-out><![CDATA[2018-05-17 15:39:21 [main] INFO  Payload:179 - ./Data/payloads/JSON/signup
2018-05-17 15:39:21 [main] INFO  Toolbox:74 - Begining reading file './Data/payloads/JSON/signup'

Printing IDPService SignUp API URL : http://idp.mjint.myntra.com/idp/auth/signup
2018-05-17 15:39:21 [main] INFO  IDPServiceHelper:62 - 
Printing IDPService SignUp API URL : http://idp.mjint.myntra.com/idp/auth/signup

Printing IDPService SignUp API Payload : 

{
    "login":"ead177e4-80ba-4cda-8ab1-81482edd4bb31@myntra.com",
    "password":"password123",
    "usertype":"C",
    "gender":"M",
    "title":"Mr",
    "firstname":"First Name",
    "lastname":"Last Name",
    "email":"ead177e4-80ba-4cda-8ab1-81482edd4bb31@myntra.com",
    "mobile":"5027827134",
    "captchaValue":"3572029068"
}

2018-05-17 15:39:21 [main] INFO  IDPServiceHelper:65 - 
Printing IDPService SignUp API Payload : 

{
    "login":"ead177e4-80ba-4cda-8ab1-81482edd4bb31@myntra.com",
    "password":"password123",
    "usertype":"C",
    "gender":"M",
    "title":"Mr",
    "firstname":"First Name",
    "lastname":"Last Name",
    "email":"ead177e4-80ba-4cda-8ab1-81482edd4bb31@myntra.com",
    "mobile":"5027827134",
    "captchaValue":"3572029068"
}

2018-05-17 15:39:21 [main] INFO  RequestGenerator:282 - debug:typeofdataresponse=application/json
2018-05-17 15:39:21 [main] INFO  RequestGenerator:283 - debug:typeofdatarequest=null
2018-05-17 15:39:21 [main] INFO  RequestGenerator:286 - this is json path
2018-05-17 15:39:21 [main] INFO  RequestGenerator:289 - posting the json request payload
]]></system-out>
  </testcase>
  <testcase name="testSetandGetATSUserDetailsVerification" classname="com.myntra.apiTests.portalservices.atsService.TestATSAPISV2" time="0.085">
    <failure message="Already connected" type="javax.ws.rs.ProcessingException"><![CDATA[javax.ws.rs.ProcessingException: Already connected
	at sun.net.www.protocol.http.HttpURLConnection.setRequestProperty(HttpURLConnection.java:3071)
	at org.glassfish.jersey.client.HttpUrlConnector.setOutboundHeaders(HttpUrlConnector.java:374)
	at org.glassfish.jersey.client.HttpUrlConnector.access$100(HttpUrlConnector.java:91)
	at org.glassfish.jersey.client.HttpUrlConnector$4.getOutputStream(HttpUrlConnector.java:325)
	at org.glassfish.jersey.message.internal.CommittingOutputStream.commitStream(CommittingOutputStream.java:200)
	at org.glassfish.jersey.message.internal.CommittingOutputStream.commitStream(CommittingOutputStream.java:194)
	at org.glassfish.jersey.message.internal.CommittingOutputStream.commit(CommittingOutputStream.java:262)
	at org.glassfish.jersey.message.internal.OutboundMessageContext.commitStream(OutboundMessageContext.java:816)
	at org.glassfish.jersey.client.ClientRequest.writeEntity(ClientRequest.java:545)
	at org.glassfish.jersey.client.HttpUrlConnector._apply(HttpUrlConnector.java:329)
	at org.glassfish.jersey.client.HttpUrlConnector.apply(HttpUrlConnector.java:242)
	at org.glassfish.jersey.client.ClientRuntime.invoke(ClientRuntime.java:254)
	at org.glassfish.jersey.client.JerseyInvocation$1.call(JerseyInvocation.java:671)
	at org.glassfish.jersey.client.JerseyInvocation$1.call(JerseyInvocation.java:668)
	at org.glassfish.jersey.internal.Errors.process(Errors.java:315)
	at org.glassfish.jersey.internal.Errors.process(Errors.java:297)
	at org.glassfish.jersey.internal.Errors.process(Errors.java:228)
	at org.glassfish.jersey.process.internal.RequestScope.runInScope(RequestScope.java:444)
	at org.glassfish.jersey.client.JerseyInvocation.invoke(JerseyInvocation.java:668)
	at org.glassfish.jersey.client.JerseyInvocation$Builder.method(JerseyInvocation.java:428)
	at org.glassfish.jersey.client.JerseyInvocation$Builder.post(JerseyInvocation.java:334)
	at com.myntra.lordoftherings.gandalf.RequestGenerator.CollectResponse(RequestGenerator.java:290)
	at com.myntra.lordoftherings.gandalf.RequestGenerator.PostResponse(RequestGenerator.java:194)
	at com.myntra.lordoftherings.gandalf.RequestGenerator.<init>(RequestGenerator.java:136)
	at com.myntra.apiTests.portalservices.idpservice.IDPServiceHelper.performSignUpOperation(IDPServiceHelper.java:67)
	at com.myntra.apiTests.portalservices.atsService.ATSHelper.performSignup(ATSHelper.java:156)
	at com.myntra.apiTests.portalservices.atsService.TestATSAPISV2.testSetandGetATSUserDetailsVerification(TestATSAPISV2.java:52)
]]></failure>
    <system-out><![CDATA[2018-05-17 15:39:21 [main] INFO  Payload:179 - ./Data/payloads/JSON/signup
2018-05-17 15:39:21 [main] INFO  Toolbox:74 - Begining reading file './Data/payloads/JSON/signup'

Printing IDPService SignUp API URL : http://idp.mjint.myntra.com/idp/auth/signup
2018-05-17 15:39:21 [main] INFO  IDPServiceHelper:62 - 
Printing IDPService SignUp API URL : http://idp.mjint.myntra.com/idp/auth/signup

Printing IDPService SignUp API Payload : 

{
    "login":"ead177e4-80ba-4cda-8ab1-81482edd4bb31@myntra.com",
    "password":"password123",
    "usertype":"C",
    "gender":"M",
    "title":"Mr",
    "firstname":"First Name",
    "lastname":"Last Name",
    "email":"ead177e4-80ba-4cda-8ab1-81482edd4bb31@myntra.com",
    "mobile":"5027827134",
    "captchaValue":"3572029068"
}

2018-05-17 15:39:21 [main] INFO  IDPServiceHelper:65 - 
Printing IDPService SignUp API Payload : 

{
    "login":"ead177e4-80ba-4cda-8ab1-81482edd4bb31@myntra.com",
    "password":"password123",
    "usertype":"C",
    "gender":"M",
    "title":"Mr",
    "firstname":"First Name",
    "lastname":"Last Name",
    "email":"ead177e4-80ba-4cda-8ab1-81482edd4bb31@myntra.com",
    "mobile":"5027827134",
    "captchaValue":"3572029068"
}

2018-05-17 15:39:21 [main] INFO  RequestGenerator:282 - debug:typeofdataresponse=application/json
2018-05-17 15:39:21 [main] INFO  RequestGenerator:283 - debug:typeofdatarequest=null
2018-05-17 15:39:21 [main] INFO  RequestGenerator:286 - this is json path
2018-05-17 15:39:21 [main] INFO  RequestGenerator:289 - posting the json request payload
]]></system-out>
  </testcase>
  <testcase name="testSetandGetATSUserDetailsVerification" classname="com.myntra.apiTests.portalservices.atsService.TestATSAPISV2" time="0.071">
    <failure message="Already connected" type="javax.ws.rs.ProcessingException"><![CDATA[javax.ws.rs.ProcessingException: Already connected
	at sun.net.www.protocol.http.HttpURLConnection.setRequestProperty(HttpURLConnection.java:3071)
	at org.glassfish.jersey.client.HttpUrlConnector.setOutboundHeaders(HttpUrlConnector.java:374)
	at org.glassfish.jersey.client.HttpUrlConnector.access$100(HttpUrlConnector.java:91)
	at org.glassfish.jersey.client.HttpUrlConnector$4.getOutputStream(HttpUrlConnector.java:325)
	at org.glassfish.jersey.message.internal.CommittingOutputStream.commitStream(CommittingOutputStream.java:200)
	at org.glassfish.jersey.message.internal.CommittingOutputStream.commitStream(CommittingOutputStream.java:194)
	at org.glassfish.jersey.message.internal.CommittingOutputStream.commit(CommittingOutputStream.java:262)
	at org.glassfish.jersey.message.internal.OutboundMessageContext.commitStream(OutboundMessageContext.java:816)
	at org.glassfish.jersey.client.ClientRequest.writeEntity(ClientRequest.java:545)
	at org.glassfish.jersey.client.HttpUrlConnector._apply(HttpUrlConnector.java:329)
	at org.glassfish.jersey.client.HttpUrlConnector.apply(HttpUrlConnector.java:242)
	at org.glassfish.jersey.client.ClientRuntime.invoke(ClientRuntime.java:254)
	at org.glassfish.jersey.client.JerseyInvocation$1.call(JerseyInvocation.java:671)
	at org.glassfish.jersey.client.JerseyInvocation$1.call(JerseyInvocation.java:668)
	at org.glassfish.jersey.internal.Errors.process(Errors.java:315)
	at org.glassfish.jersey.internal.Errors.process(Errors.java:297)
	at org.glassfish.jersey.internal.Errors.process(Errors.java:228)
	at org.glassfish.jersey.process.internal.RequestScope.runInScope(RequestScope.java:444)
	at org.glassfish.jersey.client.JerseyInvocation.invoke(JerseyInvocation.java:668)
	at org.glassfish.jersey.client.JerseyInvocation$Builder.method(JerseyInvocation.java:428)
	at org.glassfish.jersey.client.JerseyInvocation$Builder.post(JerseyInvocation.java:334)
	at com.myntra.lordoftherings.gandalf.RequestGenerator.CollectResponse(RequestGenerator.java:290)
	at com.myntra.lordoftherings.gandalf.RequestGenerator.PostResponse(RequestGenerator.java:194)
	at com.myntra.lordoftherings.gandalf.RequestGenerator.<init>(RequestGenerator.java:136)
	at com.myntra.apiTests.portalservices.idpservice.IDPServiceHelper.performSignUpOperation(IDPServiceHelper.java:67)
	at com.myntra.apiTests.portalservices.atsService.ATSHelper.performSignup(ATSHelper.java:156)
	at com.myntra.apiTests.portalservices.atsService.TestATSAPISV2.testSetandGetATSUserDetailsVerification(TestATSAPISV2.java:52)
]]></failure>
    <system-out><![CDATA[2018-05-17 15:39:21 [main] INFO  Payload:179 - ./Data/payloads/JSON/signup
2018-05-17 15:39:21 [main] INFO  Toolbox:74 - Begining reading file './Data/payloads/JSON/signup'

Printing IDPService SignUp API URL : http://idp.mjint.myntra.com/idp/auth/signup
2018-05-17 15:39:21 [main] INFO  IDPServiceHelper:62 - 
Printing IDPService SignUp API URL : http://idp.mjint.myntra.com/idp/auth/signup

Printing IDPService SignUp API Payload : 

{
    "login":"ead177e4-80ba-4cda-8ab1-81482edd4bb31@myntra.com",
    "password":"password123",
    "usertype":"C",
    "gender":"M",
    "title":"Mr",
    "firstname":"First Name",
    "lastname":"Last Name",
    "email":"ead177e4-80ba-4cda-8ab1-81482edd4bb31@myntra.com",
    "mobile":"5027827134",
    "captchaValue":"3572029068"
}

2018-05-17 15:39:21 [main] INFO  IDPServiceHelper:65 - 
Printing IDPService SignUp API Payload : 

{
    "login":"ead177e4-80ba-4cda-8ab1-81482edd4bb31@myntra.com",
    "password":"password123",
    "usertype":"C",
    "gender":"M",
    "title":"Mr",
    "firstname":"First Name",
    "lastname":"Last Name",
    "email":"ead177e4-80ba-4cda-8ab1-81482edd4bb31@myntra.com",
    "mobile":"5027827134",
    "captchaValue":"3572029068"
}

2018-05-17 15:39:21 [main] INFO  RequestGenerator:282 - debug:typeofdataresponse=application/json
2018-05-17 15:39:21 [main] INFO  RequestGenerator:283 - debug:typeofdatarequest=null
2018-05-17 15:39:21 [main] INFO  RequestGenerator:286 - this is json path
2018-05-17 15:39:21 [main] INFO  RequestGenerator:289 - posting the json request payload
]]></system-out>
  </testcase>
  <testcase name="testSetandGetATSUserDetailsVerification" classname="com.myntra.apiTests.portalservices.atsService.TestATSAPISV2" time="0.08">
    <failure message="Already connected" type="javax.ws.rs.ProcessingException"><![CDATA[javax.ws.rs.ProcessingException: Already connected
	at sun.net.www.protocol.http.HttpURLConnection.setRequestProperty(HttpURLConnection.java:3071)
	at org.glassfish.jersey.client.HttpUrlConnector.setOutboundHeaders(HttpUrlConnector.java:374)
	at org.glassfish.jersey.client.HttpUrlConnector.access$100(HttpUrlConnector.java:91)
	at org.glassfish.jersey.client.HttpUrlConnector$4.getOutputStream(HttpUrlConnector.java:325)
	at org.glassfish.jersey.message.internal.CommittingOutputStream.commitStream(CommittingOutputStream.java:200)
	at org.glassfish.jersey.message.internal.CommittingOutputStream.commitStream(CommittingOutputStream.java:194)
	at org.glassfish.jersey.message.internal.CommittingOutputStream.commit(CommittingOutputStream.java:262)
	at org.glassfish.jersey.message.internal.OutboundMessageContext.commitStream(OutboundMessageContext.java:816)
	at org.glassfish.jersey.client.ClientRequest.writeEntity(ClientRequest.java:545)
	at org.glassfish.jersey.client.HttpUrlConnector._apply(HttpUrlConnector.java:329)
	at org.glassfish.jersey.client.HttpUrlConnector.apply(HttpUrlConnector.java:242)
	at org.glassfish.jersey.client.ClientRuntime.invoke(ClientRuntime.java:254)
	at org.glassfish.jersey.client.JerseyInvocation$1.call(JerseyInvocation.java:671)
	at org.glassfish.jersey.client.JerseyInvocation$1.call(JerseyInvocation.java:668)
	at org.glassfish.jersey.internal.Errors.process(Errors.java:315)
	at org.glassfish.jersey.internal.Errors.process(Errors.java:297)
	at org.glassfish.jersey.internal.Errors.process(Errors.java:228)
	at org.glassfish.jersey.process.internal.RequestScope.runInScope(RequestScope.java:444)
	at org.glassfish.jersey.client.JerseyInvocation.invoke(JerseyInvocation.java:668)
	at org.glassfish.jersey.client.JerseyInvocation$Builder.method(JerseyInvocation.java:428)
	at org.glassfish.jersey.client.JerseyInvocation$Builder.post(JerseyInvocation.java:334)
	at com.myntra.lordoftherings.gandalf.RequestGenerator.CollectResponse(RequestGenerator.java:290)
	at com.myntra.lordoftherings.gandalf.RequestGenerator.PostResponse(RequestGenerator.java:194)
	at com.myntra.lordoftherings.gandalf.RequestGenerator.<init>(RequestGenerator.java:136)
	at com.myntra.apiTests.portalservices.idpservice.IDPServiceHelper.performSignUpOperation(IDPServiceHelper.java:67)
	at com.myntra.apiTests.portalservices.atsService.ATSHelper.performSignup(ATSHelper.java:156)
	at com.myntra.apiTests.portalservices.atsService.TestATSAPISV2.testSetandGetATSUserDetailsVerification(TestATSAPISV2.java:52)
]]></failure>
    <system-out><![CDATA[2018-05-17 15:39:21 [main] INFO  Payload:179 - ./Data/payloads/JSON/signup
2018-05-17 15:39:21 [main] INFO  Toolbox:74 - Begining reading file './Data/payloads/JSON/signup'

Printing IDPService SignUp API URL : http://idp.mjint.myntra.com/idp/auth/signup
2018-05-17 15:39:21 [main] INFO  IDPServiceHelper:62 - 
Printing IDPService SignUp API URL : http://idp.mjint.myntra.com/idp/auth/signup

Printing IDPService SignUp API Payload : 

{
    "login":"ead177e4-80ba-4cda-8ab1-81482edd4bb31@myntra.com",
    "password":"password123",
    "usertype":"C",
    "gender":"M",
    "title":"Mr",
    "firstname":"First Name",
    "lastname":"Last Name",
    "email":"ead177e4-80ba-4cda-8ab1-81482edd4bb31@myntra.com",
    "mobile":"5027827134",
    "captchaValue":"3572029068"
}

2018-05-17 15:39:21 [main] INFO  IDPServiceHelper:65 - 
Printing IDPService SignUp API Payload : 

{
    "login":"ead177e4-80ba-4cda-8ab1-81482edd4bb31@myntra.com",
    "password":"password123",
    "usertype":"C",
    "gender":"M",
    "title":"Mr",
    "firstname":"First Name",
    "lastname":"Last Name",
    "email":"ead177e4-80ba-4cda-8ab1-81482edd4bb31@myntra.com",
    "mobile":"5027827134",
    "captchaValue":"3572029068"
}

2018-05-17 15:39:21 [main] INFO  RequestGenerator:282 - debug:typeofdataresponse=application/json
2018-05-17 15:39:21 [main] INFO  RequestGenerator:283 - debug:typeofdatarequest=null
2018-05-17 15:39:21 [main] INFO  RequestGenerator:286 - this is json path
2018-05-17 15:39:21 [main] INFO  RequestGenerator:289 - posting the json request payload
]]></system-out>
  </testcase>
  <testcase name="testSetandGetATSUserDetailsVerification" classname="com.myntra.apiTests.portalservices.atsService.TestATSAPISV2" time="0.095">
    <failure message="Already connected" type="javax.ws.rs.ProcessingException"><![CDATA[javax.ws.rs.ProcessingException: Already connected
	at sun.net.www.protocol.http.HttpURLConnection.setRequestProperty(HttpURLConnection.java:3071)
	at org.glassfish.jersey.client.HttpUrlConnector.setOutboundHeaders(HttpUrlConnector.java:374)
	at org.glassfish.jersey.client.HttpUrlConnector.access$100(HttpUrlConnector.java:91)
	at org.glassfish.jersey.client.HttpUrlConnector$4.getOutputStream(HttpUrlConnector.java:325)
	at org.glassfish.jersey.message.internal.CommittingOutputStream.commitStream(CommittingOutputStream.java:200)
	at org.glassfish.jersey.message.internal.CommittingOutputStream.commitStream(CommittingOutputStream.java:194)
	at org.glassfish.jersey.message.internal.CommittingOutputStream.commit(CommittingOutputStream.java:262)
	at org.glassfish.jersey.message.internal.OutboundMessageContext.commitStream(OutboundMessageContext.java:816)
	at org.glassfish.jersey.client.ClientRequest.writeEntity(ClientRequest.java:545)
	at org.glassfish.jersey.client.HttpUrlConnector._apply(HttpUrlConnector.java:329)
	at org.glassfish.jersey.client.HttpUrlConnector.apply(HttpUrlConnector.java:242)
	at org.glassfish.jersey.client.ClientRuntime.invoke(ClientRuntime.java:254)
	at org.glassfish.jersey.client.JerseyInvocation$1.call(JerseyInvocation.java:671)
	at org.glassfish.jersey.client.JerseyInvocation$1.call(JerseyInvocation.java:668)
	at org.glassfish.jersey.internal.Errors.process(Errors.java:315)
	at org.glassfish.jersey.internal.Errors.process(Errors.java:297)
	at org.glassfish.jersey.internal.Errors.process(Errors.java:228)
	at org.glassfish.jersey.process.internal.RequestScope.runInScope(RequestScope.java:444)
	at org.glassfish.jersey.client.JerseyInvocation.invoke(JerseyInvocation.java:668)
	at org.glassfish.jersey.client.JerseyInvocation$Builder.method(JerseyInvocation.java:428)
	at org.glassfish.jersey.client.JerseyInvocation$Builder.post(JerseyInvocation.java:334)
	at com.myntra.lordoftherings.gandalf.RequestGenerator.CollectResponse(RequestGenerator.java:290)
	at com.myntra.lordoftherings.gandalf.RequestGenerator.PostResponse(RequestGenerator.java:194)
	at com.myntra.lordoftherings.gandalf.RequestGenerator.<init>(RequestGenerator.java:136)
	at com.myntra.apiTests.portalservices.idpservice.IDPServiceHelper.performSignUpOperation(IDPServiceHelper.java:67)
	at com.myntra.apiTests.portalservices.atsService.ATSHelper.performSignup(ATSHelper.java:156)
	at com.myntra.apiTests.portalservices.atsService.TestATSAPISV2.testSetandGetATSUserDetailsVerification(TestATSAPISV2.java:52)
]]></failure>
    <system-out><![CDATA[2018-05-17 15:39:21 [main] INFO  Payload:179 - ./Data/payloads/JSON/signup
2018-05-17 15:39:21 [main] INFO  Toolbox:74 - Begining reading file './Data/payloads/JSON/signup'

Printing IDPService SignUp API URL : http://idp.mjint.myntra.com/idp/auth/signup
2018-05-17 15:39:21 [main] INFO  IDPServiceHelper:62 - 
Printing IDPService SignUp API URL : http://idp.mjint.myntra.com/idp/auth/signup

Printing IDPService SignUp API Payload : 

{
    "login":"ead177e4-80ba-4cda-8ab1-81482edd4bb31@myntra.com",
    "password":"password123",
    "usertype":"C",
    "gender":"M",
    "title":"Mr",
    "firstname":"First Name",
    "lastname":"Last Name",
    "email":"ead177e4-80ba-4cda-8ab1-81482edd4bb31@myntra.com",
    "mobile":"5027827134",
    "captchaValue":"3572029068"
}

2018-05-17 15:39:21 [main] INFO  IDPServiceHelper:65 - 
Printing IDPService SignUp API Payload : 

{
    "login":"ead177e4-80ba-4cda-8ab1-81482edd4bb31@myntra.com",
    "password":"password123",
    "usertype":"C",
    "gender":"M",
    "title":"Mr",
    "firstname":"First Name",
    "lastname":"Last Name",
    "email":"ead177e4-80ba-4cda-8ab1-81482edd4bb31@myntra.com",
    "mobile":"5027827134",
    "captchaValue":"3572029068"
}

2018-05-17 15:39:21 [main] INFO  RequestGenerator:282 - debug:typeofdataresponse=application/json
2018-05-17 15:39:21 [main] INFO  RequestGenerator:283 - debug:typeofdatarequest=null
2018-05-17 15:39:21 [main] INFO  RequestGenerator:286 - this is json path
2018-05-17 15:39:21 [main] INFO  RequestGenerator:289 - posting the json request payload
]]></system-out>
  </testcase>
  <testcase name="testSetandGetATSUserDetailsVerification" classname="com.myntra.apiTests.portalservices.atsService.TestATSAPISV2" time="0.079">
    <failure message="Already connected" type="javax.ws.rs.ProcessingException"><![CDATA[javax.ws.rs.ProcessingException: Already connected
	at sun.net.www.protocol.http.HttpURLConnection.setRequestProperty(HttpURLConnection.java:3071)
	at org.glassfish.jersey.client.HttpUrlConnector.setOutboundHeaders(HttpUrlConnector.java:374)
	at org.glassfish.jersey.client.HttpUrlConnector.access$100(HttpUrlConnector.java:91)
	at org.glassfish.jersey.client.HttpUrlConnector$4.getOutputStream(HttpUrlConnector.java:325)
	at org.glassfish.jersey.message.internal.CommittingOutputStream.commitStream(CommittingOutputStream.java:200)
	at org.glassfish.jersey.message.internal.CommittingOutputStream.commitStream(CommittingOutputStream.java:194)
	at org.glassfish.jersey.message.internal.CommittingOutputStream.commit(CommittingOutputStream.java:262)
	at org.glassfish.jersey.message.internal.OutboundMessageContext.commitStream(OutboundMessageContext.java:816)
	at org.glassfish.jersey.client.ClientRequest.writeEntity(ClientRequest.java:545)
	at org.glassfish.jersey.client.HttpUrlConnector._apply(HttpUrlConnector.java:329)
	at org.glassfish.jersey.client.HttpUrlConnector.apply(HttpUrlConnector.java:242)
	at org.glassfish.jersey.client.ClientRuntime.invoke(ClientRuntime.java:254)
	at org.glassfish.jersey.client.JerseyInvocation$1.call(JerseyInvocation.java:671)
	at org.glassfish.jersey.client.JerseyInvocation$1.call(JerseyInvocation.java:668)
	at org.glassfish.jersey.internal.Errors.process(Errors.java:315)
	at org.glassfish.jersey.internal.Errors.process(Errors.java:297)
	at org.glassfish.jersey.internal.Errors.process(Errors.java:228)
	at org.glassfish.jersey.process.internal.RequestScope.runInScope(RequestScope.java:444)
	at org.glassfish.jersey.client.JerseyInvocation.invoke(JerseyInvocation.java:668)
	at org.glassfish.jersey.client.JerseyInvocation$Builder.method(JerseyInvocation.java:428)
	at org.glassfish.jersey.client.JerseyInvocation$Builder.post(JerseyInvocation.java:334)
	at com.myntra.lordoftherings.gandalf.RequestGenerator.CollectResponse(RequestGenerator.java:290)
	at com.myntra.lordoftherings.gandalf.RequestGenerator.PostResponse(RequestGenerator.java:194)
	at com.myntra.lordoftherings.gandalf.RequestGenerator.<init>(RequestGenerator.java:136)
	at com.myntra.apiTests.portalservices.idpservice.IDPServiceHelper.performSignUpOperation(IDPServiceHelper.java:67)
	at com.myntra.apiTests.portalservices.atsService.ATSHelper.performSignup(ATSHelper.java:156)
	at com.myntra.apiTests.portalservices.atsService.TestATSAPISV2.testSetandGetATSUserDetailsVerification(TestATSAPISV2.java:52)
]]></failure>
    <system-out><![CDATA[2018-05-17 15:39:21 [main] INFO  Payload:179 - ./Data/payloads/JSON/signup
2018-05-17 15:39:21 [main] INFO  Toolbox:74 - Begining reading file './Data/payloads/JSON/signup'

Printing IDPService SignUp API URL : http://idp.mjint.myntra.com/idp/auth/signup
2018-05-17 15:39:21 [main] INFO  IDPServiceHelper:62 - 
Printing IDPService SignUp API URL : http://idp.mjint.myntra.com/idp/auth/signup

Printing IDPService SignUp API Payload : 

{
    "login":"ead177e4-80ba-4cda-8ab1-81482edd4bb31@myntra.com",
    "password":"password123",
    "usertype":"C",
    "gender":"M",
    "title":"Mr",
    "firstname":"First Name",
    "lastname":"Last Name",
    "email":"ead177e4-80ba-4cda-8ab1-81482edd4bb31@myntra.com",
    "mobile":"5027827134",
    "captchaValue":"3572029068"
}

2018-05-17 15:39:21 [main] INFO  IDPServiceHelper:65 - 
Printing IDPService SignUp API Payload : 

{
    "login":"ead177e4-80ba-4cda-8ab1-81482edd4bb31@myntra.com",
    "password":"password123",
    "usertype":"C",
    "gender":"M",
    "title":"Mr",
    "firstname":"First Name",
    "lastname":"Last Name",
    "email":"ead177e4-80ba-4cda-8ab1-81482edd4bb31@myntra.com",
    "mobile":"5027827134",
    "captchaValue":"3572029068"
}

2018-05-17 15:39:21 [main] INFO  RequestGenerator:282 - debug:typeofdataresponse=application/json
2018-05-17 15:39:21 [main] INFO  RequestGenerator:283 - debug:typeofdatarequest=null
2018-05-17 15:39:21 [main] INFO  RequestGenerator:286 - this is json path
2018-05-17 15:39:21 [main] INFO  RequestGenerator:289 - posting the json request payload
]]></system-out>
  </testcase>
  <testcase name="testSetandGetATSUserDetailsVerification" classname="com.myntra.apiTests.portalservices.atsService.TestATSAPISV2" time="0.081">
    <failure message="Already connected" type="javax.ws.rs.ProcessingException"><![CDATA[javax.ws.rs.ProcessingException: Already connected
	at sun.net.www.protocol.http.HttpURLConnection.setRequestProperty(HttpURLConnection.java:3071)
	at org.glassfish.jersey.client.HttpUrlConnector.setOutboundHeaders(HttpUrlConnector.java:374)
	at org.glassfish.jersey.client.HttpUrlConnector.access$100(HttpUrlConnector.java:91)
	at org.glassfish.jersey.client.HttpUrlConnector$4.getOutputStream(HttpUrlConnector.java:325)
	at org.glassfish.jersey.message.internal.CommittingOutputStream.commitStream(CommittingOutputStream.java:200)
	at org.glassfish.jersey.message.internal.CommittingOutputStream.commitStream(CommittingOutputStream.java:194)
	at org.glassfish.jersey.message.internal.CommittingOutputStream.commit(CommittingOutputStream.java:262)
	at org.glassfish.jersey.message.internal.OutboundMessageContext.commitStream(OutboundMessageContext.java:816)
	at org.glassfish.jersey.client.ClientRequest.writeEntity(ClientRequest.java:545)
	at org.glassfish.jersey.client.HttpUrlConnector._apply(HttpUrlConnector.java:329)
	at org.glassfish.jersey.client.HttpUrlConnector.apply(HttpUrlConnector.java:242)
	at org.glassfish.jersey.client.ClientRuntime.invoke(ClientRuntime.java:254)
	at org.glassfish.jersey.client.JerseyInvocation$1.call(JerseyInvocation.java:671)
	at org.glassfish.jersey.client.JerseyInvocation$1.call(JerseyInvocation.java:668)
	at org.glassfish.jersey.internal.Errors.process(Errors.java:315)
	at org.glassfish.jersey.internal.Errors.process(Errors.java:297)
	at org.glassfish.jersey.internal.Errors.process(Errors.java:228)
	at org.glassfish.jersey.process.internal.RequestScope.runInScope(RequestScope.java:444)
	at org.glassfish.jersey.client.JerseyInvocation.invoke(JerseyInvocation.java:668)
	at org.glassfish.jersey.client.JerseyInvocation$Builder.method(JerseyInvocation.java:428)
	at org.glassfish.jersey.client.JerseyInvocation$Builder.post(JerseyInvocation.java:334)
	at com.myntra.lordoftherings.gandalf.RequestGenerator.CollectResponse(RequestGenerator.java:290)
	at com.myntra.lordoftherings.gandalf.RequestGenerator.PostResponse(RequestGenerator.java:194)
	at com.myntra.lordoftherings.gandalf.RequestGenerator.<init>(RequestGenerator.java:136)
	at com.myntra.apiTests.portalservices.idpservice.IDPServiceHelper.performSignUpOperation(IDPServiceHelper.java:67)
	at com.myntra.apiTests.portalservices.atsService.ATSHelper.performSignup(ATSHelper.java:156)
	at com.myntra.apiTests.portalservices.atsService.TestATSAPISV2.testSetandGetATSUserDetailsVerification(TestATSAPISV2.java:52)
]]></failure>
    <system-out><![CDATA[2018-05-17 15:39:21 [main] INFO  Payload:179 - ./Data/payloads/JSON/signup
2018-05-17 15:39:21 [main] INFO  Toolbox:74 - Begining reading file './Data/payloads/JSON/signup'

Printing IDPService SignUp API URL : http://idp.mjint.myntra.com/idp/auth/signup
2018-05-17 15:39:21 [main] INFO  IDPServiceHelper:62 - 
Printing IDPService SignUp API URL : http://idp.mjint.myntra.com/idp/auth/signup

Printing IDPService SignUp API Payload : 

{
    "login":"ead177e4-80ba-4cda-8ab1-81482edd4bb31@myntra.com",
    "password":"password123",
    "usertype":"C",
    "gender":"M",
    "title":"Mr",
    "firstname":"First Name",
    "lastname":"Last Name",
    "email":"ead177e4-80ba-4cda-8ab1-81482edd4bb31@myntra.com",
    "mobile":"5027827134",
    "captchaValue":"3572029068"
}

2018-05-17 15:39:21 [main] INFO  IDPServiceHelper:65 - 
Printing IDPService SignUp API Payload : 

{
    "login":"ead177e4-80ba-4cda-8ab1-81482edd4bb31@myntra.com",
    "password":"password123",
    "usertype":"C",
    "gender":"M",
    "title":"Mr",
    "firstname":"First Name",
    "lastname":"Last Name",
    "email":"ead177e4-80ba-4cda-8ab1-81482edd4bb31@myntra.com",
    "mobile":"5027827134",
    "captchaValue":"3572029068"
}

2018-05-17 15:39:21 [main] INFO  RequestGenerator:282 - debug:typeofdataresponse=application/json
2018-05-17 15:39:21 [main] INFO  RequestGenerator:283 - debug:typeofdatarequest=null
2018-05-17 15:39:21 [main] INFO  RequestGenerator:286 - this is json path
2018-05-17 15:39:21 [main] INFO  RequestGenerator:289 - posting the json request payload
]]></system-out>
  </testcase>
  <testcase name="testSetandGetATSUserDetailsVerification" classname="com.myntra.apiTests.portalservices.atsService.TestATSAPISV2" time="0.071">
    <failure message="Already connected" type="javax.ws.rs.ProcessingException"><![CDATA[javax.ws.rs.ProcessingException: Already connected
	at sun.net.www.protocol.http.HttpURLConnection.setRequestProperty(HttpURLConnection.java:3071)
	at org.glassfish.jersey.client.HttpUrlConnector.setOutboundHeaders(HttpUrlConnector.java:374)
	at org.glassfish.jersey.client.HttpUrlConnector.access$100(HttpUrlConnector.java:91)
	at org.glassfish.jersey.client.HttpUrlConnector$4.getOutputStream(HttpUrlConnector.java:325)
	at org.glassfish.jersey.message.internal.CommittingOutputStream.commitStream(CommittingOutputStream.java:200)
	at org.glassfish.jersey.message.internal.CommittingOutputStream.commitStream(CommittingOutputStream.java:194)
	at org.glassfish.jersey.message.internal.CommittingOutputStream.commit(CommittingOutputStream.java:262)
	at org.glassfish.jersey.message.internal.OutboundMessageContext.commitStream(OutboundMessageContext.java:816)
	at org.glassfish.jersey.client.ClientRequest.writeEntity(ClientRequest.java:545)
	at org.glassfish.jersey.client.HttpUrlConnector._apply(HttpUrlConnector.java:329)
	at org.glassfish.jersey.client.HttpUrlConnector.apply(HttpUrlConnector.java:242)
	at org.glassfish.jersey.client.ClientRuntime.invoke(ClientRuntime.java:254)
	at org.glassfish.jersey.client.JerseyInvocation$1.call(JerseyInvocation.java:671)
	at org.glassfish.jersey.client.JerseyInvocation$1.call(JerseyInvocation.java:668)
	at org.glassfish.jersey.internal.Errors.process(Errors.java:315)
	at org.glassfish.jersey.internal.Errors.process(Errors.java:297)
	at org.glassfish.jersey.internal.Errors.process(Errors.java:228)
	at org.glassfish.jersey.process.internal.RequestScope.runInScope(RequestScope.java:444)
	at org.glassfish.jersey.client.JerseyInvocation.invoke(JerseyInvocation.java:668)
	at org.glassfish.jersey.client.JerseyInvocation$Builder.method(JerseyInvocation.java:428)
	at org.glassfish.jersey.client.JerseyInvocation$Builder.post(JerseyInvocation.java:334)
	at com.myntra.lordoftherings.gandalf.RequestGenerator.CollectResponse(RequestGenerator.java:290)
	at com.myntra.lordoftherings.gandalf.RequestGenerator.PostResponse(RequestGenerator.java:194)
	at com.myntra.lordoftherings.gandalf.RequestGenerator.<init>(RequestGenerator.java:136)
	at com.myntra.apiTests.portalservices.idpservice.IDPServiceHelper.performSignUpOperation(IDPServiceHelper.java:67)
	at com.myntra.apiTests.portalservices.atsService.ATSHelper.performSignup(ATSHelper.java:156)
	at com.myntra.apiTests.portalservices.atsService.TestATSAPISV2.testSetandGetATSUserDetailsVerification(TestATSAPISV2.java:52)
]]></failure>
    <system-out><![CDATA[2018-05-17 15:39:21 [main] INFO  Payload:179 - ./Data/payloads/JSON/signup
2018-05-17 15:39:21 [main] INFO  Toolbox:74 - Begining reading file './Data/payloads/JSON/signup'

Printing IDPService SignUp API URL : http://idp.mjint.myntra.com/idp/auth/signup
2018-05-17 15:39:21 [main] INFO  IDPServiceHelper:62 - 
Printing IDPService SignUp API URL : http://idp.mjint.myntra.com/idp/auth/signup

Printing IDPService SignUp API Payload : 

{
    "login":"ead177e4-80ba-4cda-8ab1-81482edd4bb31@myntra.com",
    "password":"password123",
    "usertype":"C",
    "gender":"M",
    "title":"Mr",
    "firstname":"First Name",
    "lastname":"Last Name",
    "email":"ead177e4-80ba-4cda-8ab1-81482edd4bb31@myntra.com",
    "mobile":"5027827134",
    "captchaValue":"3572029068"
}

2018-05-17 15:39:21 [main] INFO  IDPServiceHelper:65 - 
Printing IDPService SignUp API Payload : 

{
    "login":"ead177e4-80ba-4cda-8ab1-81482edd4bb31@myntra.com",
    "password":"password123",
    "usertype":"C",
    "gender":"M",
    "title":"Mr",
    "firstname":"First Name",
    "lastname":"Last Name",
    "email":"ead177e4-80ba-4cda-8ab1-81482edd4bb31@myntra.com",
    "mobile":"5027827134",
    "captchaValue":"3572029068"
}

2018-05-17 15:39:21 [main] INFO  RequestGenerator:282 - debug:typeofdataresponse=application/json
2018-05-17 15:39:21 [main] INFO  RequestGenerator:283 - debug:typeofdatarequest=null
2018-05-17 15:39:21 [main] INFO  RequestGenerator:286 - this is json path
2018-05-17 15:39:21 [main] INFO  RequestGenerator:289 - posting the json request payload
]]></system-out>
  </testcase>
  <testcase name="testSetandGetATSUserDetailsVerification" classname="com.myntra.apiTests.portalservices.atsService.TestATSAPISV2" time="0.073">
    <failure message="Already connected" type="javax.ws.rs.ProcessingException"><![CDATA[javax.ws.rs.ProcessingException: Already connected
	at sun.net.www.protocol.http.HttpURLConnection.setRequestProperty(HttpURLConnection.java:3071)
	at org.glassfish.jersey.client.HttpUrlConnector.setOutboundHeaders(HttpUrlConnector.java:374)
	at org.glassfish.jersey.client.HttpUrlConnector.access$100(HttpUrlConnector.java:91)
	at org.glassfish.jersey.client.HttpUrlConnector$4.getOutputStream(HttpUrlConnector.java:325)
	at org.glassfish.jersey.message.internal.CommittingOutputStream.commitStream(CommittingOutputStream.java:200)
	at org.glassfish.jersey.message.internal.CommittingOutputStream.commitStream(CommittingOutputStream.java:194)
	at org.glassfish.jersey.message.internal.CommittingOutputStream.commit(CommittingOutputStream.java:262)
	at org.glassfish.jersey.message.internal.OutboundMessageContext.commitStream(OutboundMessageContext.java:816)
	at org.glassfish.jersey.client.ClientRequest.writeEntity(ClientRequest.java:545)
	at org.glassfish.jersey.client.HttpUrlConnector._apply(HttpUrlConnector.java:329)
	at org.glassfish.jersey.client.HttpUrlConnector.apply(HttpUrlConnector.java:242)
	at org.glassfish.jersey.client.ClientRuntime.invoke(ClientRuntime.java:254)
	at org.glassfish.jersey.client.JerseyInvocation$1.call(JerseyInvocation.java:671)
	at org.glassfish.jersey.client.JerseyInvocation$1.call(JerseyInvocation.java:668)
	at org.glassfish.jersey.internal.Errors.process(Errors.java:315)
	at org.glassfish.jersey.internal.Errors.process(Errors.java:297)
	at org.glassfish.jersey.internal.Errors.process(Errors.java:228)
	at org.glassfish.jersey.process.internal.RequestScope.runInScope(RequestScope.java:444)
	at org.glassfish.jersey.client.JerseyInvocation.invoke(JerseyInvocation.java:668)
	at org.glassfish.jersey.client.JerseyInvocation$Builder.method(JerseyInvocation.java:428)
	at org.glassfish.jersey.client.JerseyInvocation$Builder.post(JerseyInvocation.java:334)
	at com.myntra.lordoftherings.gandalf.RequestGenerator.CollectResponse(RequestGenerator.java:290)
	at com.myntra.lordoftherings.gandalf.RequestGenerator.PostResponse(RequestGenerator.java:194)
	at com.myntra.lordoftherings.gandalf.RequestGenerator.<init>(RequestGenerator.java:136)
	at com.myntra.apiTests.portalservices.idpservice.IDPServiceHelper.performSignUpOperation(IDPServiceHelper.java:67)
	at com.myntra.apiTests.portalservices.atsService.ATSHelper.performSignup(ATSHelper.java:156)
	at com.myntra.apiTests.portalservices.atsService.TestATSAPISV2.testSetandGetATSUserDetailsVerification(TestATSAPISV2.java:52)
]]></failure>
    <system-out><![CDATA[2018-05-17 15:39:21 [main] INFO  Payload:179 - ./Data/payloads/JSON/signup
2018-05-17 15:39:21 [main] INFO  Toolbox:74 - Begining reading file './Data/payloads/JSON/signup'

Printing IDPService SignUp API URL : http://idp.mjint.myntra.com/idp/auth/signup
2018-05-17 15:39:21 [main] INFO  IDPServiceHelper:62 - 
Printing IDPService SignUp API URL : http://idp.mjint.myntra.com/idp/auth/signup

Printing IDPService SignUp API Payload : 

{
    "login":"ead177e4-80ba-4cda-8ab1-81482edd4bb31@myntra.com",
    "password":"password123",
    "usertype":"C",
    "gender":"M",
    "title":"Mr",
    "firstname":"First Name",
    "lastname":"Last Name",
    "email":"ead177e4-80ba-4cda-8ab1-81482edd4bb31@myntra.com",
    "mobile":"5027827134",
    "captchaValue":"3572029068"
}

2018-05-17 15:39:21 [main] INFO  IDPServiceHelper:65 - 
Printing IDPService SignUp API Payload : 

{
    "login":"ead177e4-80ba-4cda-8ab1-81482edd4bb31@myntra.com",
    "password":"password123",
    "usertype":"C",
    "gender":"M",
    "title":"Mr",
    "firstname":"First Name",
    "lastname":"Last Name",
    "email":"ead177e4-80ba-4cda-8ab1-81482edd4bb31@myntra.com",
    "mobile":"5027827134",
    "captchaValue":"3572029068"
}

2018-05-17 15:39:21 [main] INFO  RequestGenerator:282 - debug:typeofdataresponse=application/json
2018-05-17 15:39:21 [main] INFO  RequestGenerator:283 - debug:typeofdatarequest=null
2018-05-17 15:39:21 [main] INFO  RequestGenerator:286 - this is json path
2018-05-17 15:39:21 [main] INFO  RequestGenerator:289 - posting the json request payload
]]></system-out>
  </testcase>
</testsuite>